2016-8-23 下午 3:35:18 [Info] Server started at ws://192.168.16.250:8484 (actual port 8484) 
[20160823 15:36:31.029][17][Normal][KGameServer.ServerInst+<>c__DisplayClass4.<Init>b__1]	OnOpen

[20160823 15:36:31.032][10][Normal][KGameServer.ServerInst.SocketConnected]	Entered SocketConnected

[20160823 15:36:31.034][10][Normal][KGameServer.ServerInst.SocketConnected]	Connected

[20160823 15:36:31.037][10][Normal][KGameServer.ServerInst.ProcessPreReceievedMessage]	为连接:[192.168.16.250:51231][0:] 处理没有来源的消息

[20160823 15:36:31.037][10][Normal][KGameServer.ServerInst.ProcessPreReceievedMessage]	noResourceMessageDict中，无来源的消息共有0 个来源

[20160823 15:36:31.045][16][Normal][KGameServer.ServerInst+<>c__DisplayClass4.<Init>b__3]	OnMessage:message=A||

[20160823 15:36:31.047][10][Normal][KGameServer.PlayerConnectionMap.GetPlayerConnection]	playerConnectionDict key count=1

[20160823 15:36:31.273][10][Normal][KGameServer.PlayerConnection.ProcessUserQuickLogin]	快速登录成功:B|c199u#958657|

[20160823 15:36:31.284][18][Normal][KGameServer.ServerInst+<>c__DisplayClass4.<Init>b__3]	OnMessage:message=0|c199u#958657#null|

[20160823 15:36:31.284][10][Normal][KGameServer.PlayerConnectionMap.GetPlayerConnection]	playerConnectionDict key count=1

[20160823 15:36:31.286][10][Normal][KGameServer.PlayerConnection.ProcessUserLogin]	用户登录,用户名:c199u 密码:958657 来源:null

[20160823 15:36:31.287][10][Normal][KGameServer.DBManager.ValidateUser]	ValidateUser username=c199u password=958657 source=null

[20160823 15:36:31.295][10][Normal][KGameServer.DBManager.ValidateUserFromSource_Self]	sql:SELECT id FROM kgame.tbl_user where UserName=?UserName and PWD=?Password and ISNULL(SOURCE)

[20160823 15:36:31.297][10][Normal][KGameServer.DBManager.ValidateUserFromSource_Self]	userid=158

[20160823 15:36:31.298][10][Normal][KGameServer.PlayerConnection.ProcessUserLogin]	useridRet=158

[20160823 15:36:31.299][10][Normal][KGameServer.PlayerConnection.ProcessUserLogin]	发送信息:1|c199u|

[20160823 15:36:31.305][17][Normal][KGameServer.ServerInst+<>c__DisplayClass4.<Init>b__3]	OnMessage:message=3|0|

[20160823 15:36:31.305][10][Normal][KGameServer.PlayerConnectionMap.GetPlayerConnection]	playerConnectionDict key count=1

[20160823 15:36:31.307][10][Normal][KGameServer.MatchMaker.BeginNewMatchForSinglePlayer]	准备开始一场单人游戏:[192.168.16.250:51231][158:c199u]

[20160823 15:36:31.311][10][Normal][KGameServer.Match.Start]	1人局开始: [158:] 

[20160823 15:36:31.312][10][Normal][KGameServer.HisDataMng.RequestHistoryData]	RequestHistoryData 请求

[20160823 15:36:31.313][10][Normal][KGameServer.HisDataMng.RequestHistoryData]	入队结束

[20160823 15:36:31.313][12][Normal][KGameServer.HisDataMng.MainProcessThread]	hisDataRequestList 出队，hisDataRequestList中个数为:1

[20160823 15:36:31.365][12][Normal][KGameServer.HisDataMng.MainProcessThread]	数据库已经打开

[20160823 15:36:31.367][12][Normal][KGameServer.HisDataMng.RefreshCodeInfoList]	mutexForCodeInfoDict Passed

[20160823 15:36:31.375][12][Normal][KGameServer.HisDataMng.RefreshCodeInfoList]	mutexForCodeInfoDict Released

[20160823 15:36:31.375][12][Normal][KGameServer.HisDataMng.MainProcessThread]	RefreshCodeInfoList 已经完成

[20160823 15:36:31.382][12][Normal][KGameServer.HisDataMng.ProcessHisDataRequest]	ProcessHisDataRequest hisDataRequest matchID

[20160823 15:36:31.416][12][Normal][KGameServer.HisDataMng.ProcessHisDataRequest]	获得到了历史数据，开始调用回调函数

[20160823 15:36:31.471][12][Normal][KGameServer.DBManager.AddNewMatchInfo]	New Match added to database match id=142

[20160823 15:36:31.474][12][Normal][KGameServer.HisDataMng.MainProcessThread]	ProcessHisDataRequest 已经结束

[20160823 15:36:31.474][12][Normal][KGameServer.HisDataMng.MainProcessThread]	数据库已经关闭

[20160823 15:36:40.243][16][Normal][KGameServer.ServerInst+<>c__DisplayClass4.<Init>b__3]	OnMessage:message=6|13|

[20160823 15:36:40.244][10][Normal][KGameServer.PlayerConnectionMap.GetPlayerConnection]	playerConnectionDict key count=1

[20160823 15:36:40.338][10][Normal][KGameServer.Util.LogException]	Table 'kgame.tbl_traderecrod' doesn't exist

[20160823 15:36:40.368][10][Normal][KGameServer.Util.LogException]	   在 MySql.Data.MySqlClient.MySqlStream.OpenPacket()
   在 MySql.Data.MySqlClient.NativeDriver.ReadResult(UInt64& affectedRows, Int64& lastInsertId)
   在 MySql.Data.MySqlClient.MySqlDataReader.GetResultSet()
   在 MySql.Data.MySqlClient.MySqlDataReader.NextResult()
   在 MySql.Data.MySqlClient.MySqlCommand.ExecuteReader(CommandBehavior behavior)
   在 MySql.Data.MySqlClient.MySqlCommand.ExecuteReader()
   在 MySql.Data.MySqlClient.MySqlCommand.ExecuteScalar()
   在 KGameServer.DBManager.AddNewTraderecordInfo(PlayerConnection playerConnection, Int32 matchID, Int32 index, Boolean isBuy, Double price) 位置 C:\MyWork-master\MyWork-maste\KGameServer\KGameServer\DBManager.cs:行号 615

[20160823 15:36:40.369][10][Normal][KGameServer.Match.ProcessUserOperation]	由于未能添加用户买卖的信息数据库中，此次对局无法成功启动，返回。。。。。。

[20160823 15:36:41.847][16][Normal][KGameServer.ServerInst+<>c__DisplayClass4.<Init>b__3]	OnMessage:message=7|26|

[20160823 15:36:41.848][10][Normal][KGameServer.PlayerConnectionMap.GetPlayerConnection]	playerConnectionDict key count=1

[20160823 15:36:41.971][10][Normal][KGameServer.Util.LogException]	Table 'kgame.tbl_traderecrod' doesn't exist

[20160823 15:36:41.972][10][Normal][KGameServer.Util.LogException]	   在 MySql.Data.MySqlClient.MySqlStream.OpenPacket()
   在 MySql.Data.MySqlClient.NativeDriver.ReadResult(UInt64& affectedRows, Int64& lastInsertId)
   在 MySql.Data.MySqlClient.MySqlDataReader.GetResultSet()
   在 MySql.Data.MySqlClient.MySqlDataReader.NextResult()
   在 MySql.Data.MySqlClient.MySqlCommand.ExecuteReader(CommandBehavior behavior)
   在 MySql.Data.MySqlClient.MySqlCommand.ExecuteReader()
   在 MySql.Data.MySqlClient.MySqlCommand.ExecuteScalar()
   在 KGameServer.DBManager.AddNewTraderecordInfo(PlayerConnection playerConnection, Int32 matchID, Int32 index, Boolean isBuy, Double price) 位置 C:\MyWork-master\MyWork-maste\KGameServer\KGameServer\DBManager.cs:行号 615

[20160823 15:36:41.972][10][Normal][KGameServer.Match.ProcessUserOperation]	由于未能添加用户买卖的信息数据库中，此次对局无法成功启动，返回。。。。。。

[20160823 15:36:44.234][16][Normal][KGameServer.ServerInst+<>c__DisplayClass4.<Init>b__3]	OnMessage:message=6|44|

[20160823 15:36:44.235][10][Normal][KGameServer.PlayerConnectionMap.GetPlayerConnection]	playerConnectionDict key count=1

[20160823 15:36:44.344][10][Normal][KGameServer.Util.LogException]	Table 'kgame.tbl_traderecrod' doesn't exist

[20160823 15:36:44.344][10][Normal][KGameServer.Util.LogException]	   在 MySql.Data.MySqlClient.MySqlStream.OpenPacket()
   在 MySql.Data.MySqlClient.NativeDriver.ReadResult(UInt64& affectedRows, Int64& lastInsertId)
   在 MySql.Data.MySqlClient.MySqlDataReader.GetResultSet()
   在 MySql.Data.MySqlClient.MySqlDataReader.NextResult()
   在 MySql.Data.MySqlClient.MySqlCommand.ExecuteReader(CommandBehavior behavior)
   在 MySql.Data.MySqlClient.MySqlCommand.ExecuteReader()
   在 MySql.Data.MySqlClient.MySqlCommand.ExecuteScalar()
   在 KGameServer.DBManager.AddNewTraderecordInfo(PlayerConnection playerConnection, Int32 matchID, Int32 index, Boolean isBuy, Double price) 位置 C:\MyWork-master\MyWork-maste\KGameServer\KGameServer\DBManager.cs:行号 615

[20160823 15:36:44.345][10][Normal][KGameServer.Match.ProcessUserOperation]	由于未能添加用户买卖的信息数据库中，此次对局无法成功启动，返回。。。。。。

[20160823 15:36:45.652][16][Normal][KGameServer.ServerInst+<>c__DisplayClass4.<Init>b__3]	OnMessage:message=7|51|

[20160823 15:36:45.653][10][Normal][KGameServer.PlayerConnectionMap.GetPlayerConnection]	playerConnectionDict key count=1

[20160823 15:36:45.767][10][Normal][KGameServer.Util.LogException]	Table 'kgame.tbl_traderecrod' doesn't exist

[20160823 15:36:45.771][10][Normal][KGameServer.Util.LogException]	   在 MySql.Data.MySqlClient.MySqlStream.OpenPacket()
   在 MySql.Data.MySqlClient.NativeDriver.ReadResult(UInt64& affectedRows, Int64& lastInsertId)
   在 MySql.Data.MySqlClient.MySqlDataReader.GetResultSet()
   在 MySql.Data.MySqlClient.MySqlDataReader.NextResult()
   在 MySql.Data.MySqlClient.MySqlCommand.ExecuteReader(CommandBehavior behavior)
   在 MySql.Data.MySqlClient.MySqlCommand.ExecuteReader()
   在 MySql.Data.MySqlClient.MySqlCommand.ExecuteScalar()
   在 KGameServer.DBManager.AddNewTraderecordInfo(PlayerConnection playerConnection, Int32 matchID, Int32 index, Boolean isBuy, Double price) 位置 C:\MyWork-master\MyWork-maste\KGameServer\KGameServer\DBManager.cs:行号 615

[20160823 15:36:45.772][10][Normal][KGameServer.Match.ProcessUserOperation]	由于未能添加用户买卖的信息数据库中，此次对局无法成功启动，返回。。。。。。

[20160823 15:36:47.749][16][Normal][KGameServer.ServerInst+<>c__DisplayClass4.<Init>b__3]	OnMessage:message=7|65|

[20160823 15:36:47.755][10][Normal][KGameServer.PlayerConnectionMap.GetPlayerConnection]	playerConnectionDict key count=1

[20160823 15:36:47.956][10][Normal][KGameServer.Util.LogException]	Table 'kgame.tbl_traderecrod' doesn't exist

[20160823 15:36:47.957][10][Normal][KGameServer.Util.LogException]	   在 MySql.Data.MySqlClient.MySqlStream.OpenPacket()
   在 MySql.Data.MySqlClient.NativeDriver.ReadResult(UInt64& affectedRows, Int64& lastInsertId)
   在 MySql.Data.MySqlClient.MySqlDataReader.GetResultSet()
   在 MySql.Data.MySqlClient.MySqlDataReader.NextResult()
   在 MySql.Data.MySqlClient.MySqlCommand.ExecuteReader(CommandBehavior behavior)
   在 MySql.Data.MySqlClient.MySqlCommand.ExecuteReader()
   在 MySql.Data.MySqlClient.MySqlCommand.ExecuteScalar()
   在 KGameServer.DBManager.AddNewTraderecordInfo(PlayerConnection playerConnection, Int32 matchID, Int32 index, Boolean isBuy, Double price) 位置 C:\MyWork-master\MyWork-maste\KGameServer\KGameServer\DBManager.cs:行号 615

[20160823 15:36:47.957][10][Normal][KGameServer.Match.ProcessUserOperation]	由于未能添加用户买卖的信息数据库中，此次对局无法成功启动，返回。。。。。。

[20160823 15:36:52.391][16][Normal][KGameServer.ServerInst+<>c__DisplayClass4.<Init>b__3]	OnMessage:message=6|92|

[20160823 15:36:52.391][10][Normal][KGameServer.PlayerConnectionMap.GetPlayerConnection]	playerConnectionDict key count=1

[20160823 15:36:52.496][10][Normal][KGameServer.Util.LogException]	Table 'kgame.tbl_traderecrod' doesn't exist

[20160823 15:36:52.497][10][Normal][KGameServer.Util.LogException]	   在 MySql.Data.MySqlClient.MySqlStream.OpenPacket()
   在 MySql.Data.MySqlClient.NativeDriver.ReadResult(UInt64& affectedRows, Int64& lastInsertId)
   在 MySql.Data.MySqlClient.MySqlDataReader.GetResultSet()
   在 MySql.Data.MySqlClient.MySqlDataReader.NextResult()
   在 MySql.Data.MySqlClient.MySqlCommand.ExecuteReader(CommandBehavior behavior)
   在 MySql.Data.MySqlClient.MySqlCommand.ExecuteReader()
   在 MySql.Data.MySqlClient.MySqlCommand.ExecuteScalar()
   在 KGameServer.DBManager.AddNewTraderecordInfo(PlayerConnection playerConnection, Int32 matchID, Int32 index, Boolean isBuy, Double price) 位置 C:\MyWork-master\MyWork-maste\KGameServer\KGameServer\DBManager.cs:行号 615

[20160823 15:36:52.497][10][Normal][KGameServer.Match.ProcessUserOperation]	由于未能添加用户买卖的信息数据库中，此次对局无法成功启动，返回。。。。。。

[20160823 15:36:57.768][16][Normal][KGameServer.ServerInst+<>c__DisplayClass4.<Init>b__3]	OnMessage:message=E||

[20160823 15:36:57.769][10][Normal][KGameServer.PlayerConnectionMap.GetPlayerConnection]	playerConnectionDict key count=1

[20160823 15:36:57.776][10][Normal][KGameServer.PlayerConnection.SendMatchEndString]	发送结束对局信息到:c199u，信息内容为:F|1#c199u#8.89#0#沪银指数(上期所)#2015-3-4#2015-8-21|

[20160823 15:37:06.695][10][Normal][KGameServer.PlayerConnectionMap.GetPlayerConnection]	playerConnectionDict key count=1

[20160823 15:37:06.695][10][Normal][KGameServer.ServerInst.ClosePlayerConnection]	ClosePlayerConnection Call

[20160823 15:37:06.698][10][Normal][KGameServer.PlayerConnection.SendMatchEndString]	发送结束对局信息到:c199u，信息内容为:F|1#c199u#8.89#0#沪银指数(上期所)#2015-3-4#2015-8-21|

2016-8-23 下午 3:37:06 [Warn] Data sent while closing or after close. Ignoring. 
[20160823 15:37:06.702][10][Normal][KGameServer.ServerInst.ClosePlayerConnection]	Closed

[20160823 15:37:10.550][23][Normal][KGameServer.ServerInst+<>c__DisplayClass4.<Init>b__1]	OnOpen

[20160823 15:37:10.558][10][Normal][KGameServer.ServerInst.SocketConnected]	Entered SocketConnected

[20160823 15:37:10.558][10][Normal][KGameServer.ServerInst.SocketConnected]	Connected

[20160823 15:37:10.558][10][Normal][KGameServer.ServerInst.ProcessPreReceievedMessage]	为连接:[192.168.16.250:51273][0:] 处理没有来源的消息

[20160823 15:37:10.558][10][Normal][KGameServer.ServerInst.ProcessPreReceievedMessage]	noResourceMessageDict中，无来源的消息共有0 个来源

[20160823 15:37:10.570][24][Normal][KGameServer.ServerInst+<>c__DisplayClass4.<Init>b__3]	OnMessage:message=A||

[20160823 15:37:10.571][10][Normal][KGameServer.PlayerConnectionMap.GetPlayerConnection]	playerConnectionDict key count=1

[20160823 15:37:10.602][10][Normal][KGameServer.PlayerConnection.ProcessUserQuickLogin]	快速登录成功:B|r200e#171076|

[20160823 15:37:10.606][16][Normal][KGameServer.ServerInst+<>c__DisplayClass4.<Init>b__3]	OnMessage:message=0|r200e#171076#null|

[20160823 15:37:10.606][10][Normal][KGameServer.PlayerConnectionMap.GetPlayerConnection]	playerConnectionDict key count=1

[20160823 15:37:10.606][10][Normal][KGameServer.PlayerConnection.ProcessUserLogin]	用户登录,用户名:r200e 密码:171076 来源:null

[20160823 15:37:10.606][10][Normal][KGameServer.DBManager.ValidateUser]	ValidateUser username=r200e password=171076 source=null

[20160823 15:37:10.613][10][Normal][KGameServer.DBManager.ValidateUserFromSource_Self]	sql:SELECT id FROM kgame.tbl_user where UserName=?UserName and PWD=?Password and ISNULL(SOURCE)

[20160823 15:37:10.614][10][Normal][KGameServer.DBManager.ValidateUserFromSource_Self]	userid=159

[20160823 15:37:10.614][10][Normal][KGameServer.PlayerConnection.ProcessUserLogin]	useridRet=159

[20160823 15:37:10.614][10][Normal][KGameServer.PlayerConnection.ProcessUserLogin]	发送信息:1|r200e|

[20160823 15:37:10.618][24][Normal][KGameServer.ServerInst+<>c__DisplayClass4.<Init>b__3]	OnMessage:message=3|0|

[20160823 15:37:10.618][10][Normal][KGameServer.PlayerConnectionMap.GetPlayerConnection]	playerConnectionDict key count=1

[20160823 15:37:10.619][10][Normal][KGameServer.MatchMaker.BeginNewMatchForSinglePlayer]	准备开始一场单人游戏:[192.168.16.250:51273][159:r200e]

[20160823 15:37:10.619][10][Normal][KGameServer.Match.Start]	1人局开始: [159:] 

[20160823 15:37:10.619][10][Normal][KGameServer.HisDataMng.RequestHistoryData]	RequestHistoryData 请求

[20160823 15:37:10.619][12][Normal][KGameServer.HisDataMng.MainProcessThread]	hisDataRequestList 出队，hisDataRequestList中个数为:1

[20160823 15:37:10.619][10][Normal][KGameServer.HisDataMng.RequestHistoryData]	入队结束

[20160823 15:37:10.626][12][Normal][KGameServer.HisDataMng.MainProcessThread]	数据库已经打开

[20160823 15:37:10.626][12][Normal][KGameServer.HisDataMng.RefreshCodeInfoList]	mutexForCodeInfoDict Passed

[20160823 15:37:10.636][12][Normal][KGameServer.HisDataMng.RefreshCodeInfoList]	mutexForCodeInfoDict Released

[20160823 15:37:10.636][12][Normal][KGameServer.HisDataMng.MainProcessThread]	RefreshCodeInfoList 已经完成

[20160823 15:37:10.636][12][Normal][KGameServer.HisDataMng.ProcessHisDataRequest]	ProcessHisDataRequest hisDataRequest matchID

[20160823 15:37:10.651][12][Normal][KGameServer.HisDataMng.ProcessHisDataRequest]	获得到了历史数据，开始调用回调函数

[20160823 15:37:10.695][12][Normal][KGameServer.DBManager.AddNewMatchInfo]	New Match added to database match id=143

[20160823 15:37:10.696][12][Normal][KGameServer.HisDataMng.MainProcessThread]	ProcessHisDataRequest 已经结束

[20160823 15:37:10.696][12][Normal][KGameServer.HisDataMng.MainProcessThread]	数据库已经关闭

[20160823 15:37:19.195][16][Normal][KGameServer.ServerInst+<>c__DisplayClass4.<Init>b__3]	OnMessage:message=6|11|

[20160823 15:37:19.197][10][Normal][KGameServer.PlayerConnectionMap.GetPlayerConnection]	playerConnectionDict key count=1

[20160823 15:37:19.298][10][Normal][KGameServer.Util.LogException]	Table 'kgame.tbl_traderecrod' doesn't exist

[20160823 15:37:19.298][10][Normal][KGameServer.Util.LogException]	   在 MySql.Data.MySqlClient.MySqlStream.OpenPacket()
   在 MySql.Data.MySqlClient.NativeDriver.ReadResult(UInt64& affectedRows, Int64& lastInsertId)
   在 MySql.Data.MySqlClient.MySqlDataReader.GetResultSet()
   在 MySql.Data.MySqlClient.MySqlDataReader.NextResult()
   在 MySql.Data.MySqlClient.MySqlCommand.ExecuteReader(CommandBehavior behavior)
   在 MySql.Data.MySqlClient.MySqlCommand.ExecuteReader()
   在 MySql.Data.MySqlClient.MySqlCommand.ExecuteScalar()
   在 KGameServer.DBManager.AddNewTraderecordInfo(PlayerConnection playerConnection, Int32 matchID, Int32 index, Boolean isBuy, Double price) 位置 C:\MyWork-master\MyWork-maste\KGameServer\KGameServer\DBManager.cs:行号 615

[20160823 15:37:19.298][10][Normal][KGameServer.Match.ProcessUserOperation]	由于未能添加用户买卖的信息数据库中，此次对局无法成功启动，返回。。。。。。

[20160823 15:37:20.425][16][Normal][KGameServer.ServerInst+<>c__DisplayClass4.<Init>b__3]	OnMessage:message=7|21|

[20160823 15:37:20.426][10][Normal][KGameServer.PlayerConnectionMap.GetPlayerConnection]	playerConnectionDict key count=1

[20160823 15:37:20.520][10][Normal][KGameServer.Util.LogException]	Table 'kgame.tbl_traderecrod' doesn't exist

[20160823 15:37:20.520][10][Normal][KGameServer.Util.LogException]	   在 MySql.Data.MySqlClient.MySqlStream.OpenPacket()
   在 MySql.Data.MySqlClient.NativeDriver.ReadResult(UInt64& affectedRows, Int64& lastInsertId)
   在 MySql.Data.MySqlClient.MySqlDataReader.GetResultSet()
   在 MySql.Data.MySqlClient.MySqlDataReader.NextResult()
   在 MySql.Data.MySqlClient.MySqlCommand.ExecuteReader(CommandBehavior behavior)
   在 MySql.Data.MySqlClient.MySqlCommand.ExecuteReader()
   在 MySql.Data.MySqlClient.MySqlCommand.ExecuteScalar()
   在 KGameServer.DBManager.AddNewTraderecordInfo(PlayerConnection playerConnection, Int32 matchID, Int32 index, Boolean isBuy, Double price) 位置 C:\MyWork-master\MyWork-maste\KGameServer\KGameServer\DBManager.cs:行号 615

[20160823 15:37:20.520][10][Normal][KGameServer.Match.ProcessUserOperation]	由于未能添加用户买卖的信息数据库中，此次对局无法成功启动，返回。。。。。。

[20160823 15:37:23.416][16][Normal][KGameServer.ServerInst+<>c__DisplayClass4.<Init>b__3]	OnMessage:message=7|45|

[20160823 15:37:23.417][10][Normal][KGameServer.PlayerConnectionMap.GetPlayerConnection]	playerConnectionDict key count=1

[20160823 15:37:23.537][10][Normal][KGameServer.Util.LogException]	Table 'kgame.tbl_traderecrod' doesn't exist

[20160823 15:37:23.538][10][Normal][KGameServer.Util.LogException]	   在 MySql.Data.MySqlClient.MySqlStream.OpenPacket()
   在 MySql.Data.MySqlClient.NativeDriver.ReadResult(UInt64& affectedRows, Int64& lastInsertId)
   在 MySql.Data.MySqlClient.MySqlDataReader.GetResultSet()
   在 MySql.Data.MySqlClient.MySqlDataReader.NextResult()
   在 MySql.Data.MySqlClient.MySqlCommand.ExecuteReader(CommandBehavior behavior)
   在 MySql.Data.MySqlClient.MySqlCommand.ExecuteReader()
   在 MySql.Data.MySqlClient.MySqlCommand.ExecuteScalar()
   在 KGameServer.DBManager.AddNewTraderecordInfo(PlayerConnection playerConnection, Int32 matchID, Int32 index, Boolean isBuy, Double price) 位置 C:\MyWork-master\MyWork-maste\KGameServer\KGameServer\DBManager.cs:行号 615

[20160823 15:37:23.538][10][Normal][KGameServer.Match.ProcessUserOperation]	由于未能添加用户买卖的信息数据库中，此次对局无法成功启动，返回。。。。。。

[20160823 15:37:25.213][16][Normal][KGameServer.ServerInst+<>c__DisplayClass4.<Init>b__3]	OnMessage:message=6|54|

[20160823 15:37:25.214][10][Normal][KGameServer.PlayerConnectionMap.GetPlayerConnection]	playerConnectionDict key count=1

[20160823 15:37:25.305][10][Normal][KGameServer.Util.LogException]	Table 'kgame.tbl_traderecrod' doesn't exist

[20160823 15:37:25.305][10][Normal][KGameServer.Util.LogException]	   在 MySql.Data.MySqlClient.MySqlStream.OpenPacket()
   在 MySql.Data.MySqlClient.NativeDriver.ReadResult(UInt64& affectedRows, Int64& lastInsertId)
   在 MySql.Data.MySqlClient.MySqlDataReader.GetResultSet()
   在 MySql.Data.MySqlClient.MySqlDataReader.NextResult()
   在 MySql.Data.MySqlClient.MySqlCommand.ExecuteReader(CommandBehavior behavior)
   在 MySql.Data.MySqlClient.MySqlCommand.ExecuteReader()
   在 MySql.Data.MySqlClient.MySqlCommand.ExecuteScalar()
   在 KGameServer.DBManager.AddNewTraderecordInfo(PlayerConnection playerConnection, Int32 matchID, Int32 index, Boolean isBuy, Double price) 位置 C:\MyWork-master\MyWork-maste\KGameServer\KGameServer\DBManager.cs:行号 615

[20160823 15:37:25.305][10][Normal][KGameServer.Match.ProcessUserOperation]	由于未能添加用户买卖的信息数据库中，此次对局无法成功启动，返回。。。。。。

[20160823 15:37:27.492][16][Normal][KGameServer.ServerInst+<>c__DisplayClass4.<Init>b__3]	OnMessage:message=7|69|

[20160823 15:37:27.492][10][Normal][KGameServer.PlayerConnectionMap.GetPlayerConnection]	playerConnectionDict key count=1

[20160823 15:37:27.622][10][Normal][KGameServer.Util.LogException]	Table 'kgame.tbl_traderecrod' doesn't exist

[20160823 15:37:27.622][10][Normal][KGameServer.Util.LogException]	   在 MySql.Data.MySqlClient.MySqlStream.OpenPacket()
   在 MySql.Data.MySqlClient.NativeDriver.ReadResult(UInt64& affectedRows, Int64& lastInsertId)
   在 MySql.Data.MySqlClient.MySqlDataReader.GetResultSet()
   在 MySql.Data.MySqlClient.MySqlDataReader.NextResult()
   在 MySql.Data.MySqlClient.MySqlCommand.ExecuteReader(CommandBehavior behavior)
   在 MySql.Data.MySqlClient.MySqlCommand.ExecuteReader()
   在 MySql.Data.MySqlClient.MySqlCommand.ExecuteScalar()
   在 KGameServer.DBManager.AddNewTraderecordInfo(PlayerConnection playerConnection, Int32 matchID, Int32 index, Boolean isBuy, Double price) 位置 C:\MyWork-master\MyWork-maste\KGameServer\KGameServer\DBManager.cs:行号 615

[20160823 15:37:27.622][10][Normal][KGameServer.Match.ProcessUserOperation]	由于未能添加用户买卖的信息数据库中，此次对局无法成功启动，返回。。。。。。

[20160823 15:37:31.557][16][Normal][KGameServer.ServerInst+<>c__DisplayClass4.<Init>b__3]	OnMessage:message=6|93|

[20160823 15:37:31.557][10][Normal][KGameServer.PlayerConnectionMap.GetPlayerConnection]	playerConnectionDict key count=1

[20160823 15:37:31.670][10][Normal][KGameServer.Util.LogException]	Table 'kgame.tbl_traderecrod' doesn't exist

[20160823 15:37:31.671][10][Normal][KGameServer.Util.LogException]	   在 MySql.Data.MySqlClient.MySqlStream.OpenPacket()
   在 MySql.Data.MySqlClient.NativeDriver.ReadResult(UInt64& affectedRows, Int64& lastInsertId)
   在 MySql.Data.MySqlClient.MySqlDataReader.GetResultSet()
   在 MySql.Data.MySqlClient.MySqlDataReader.NextResult()
   在 MySql.Data.MySqlClient.MySqlCommand.ExecuteReader(CommandBehavior behavior)
   在 MySql.Data.MySqlClient.MySqlCommand.ExecuteReader()
   在 MySql.Data.MySqlClient.MySqlCommand.ExecuteScalar()
   在 KGameServer.DBManager.AddNewTraderecordInfo(PlayerConnection playerConnection, Int32 matchID, Int32 index, Boolean isBuy, Double price) 位置 C:\MyWork-master\MyWork-maste\KGameServer\KGameServer\DBManager.cs:行号 615

[20160823 15:37:31.671][10][Normal][KGameServer.Match.ProcessUserOperation]	由于未能添加用户买卖的信息数据库中，此次对局无法成功启动，返回。。。。。。

[20160823 15:37:36.037][16][Normal][KGameServer.ServerInst+<>c__DisplayClass4.<Init>b__3]	OnMessage:message=7|116|

[20160823 15:37:36.037][10][Normal][KGameServer.PlayerConnectionMap.GetPlayerConnection]	playerConnectionDict key count=1

[20160823 15:37:36.121][10][Normal][KGameServer.Util.LogException]	Table 'kgame.tbl_traderecrod' doesn't exist

[20160823 15:37:36.121][10][Normal][KGameServer.Util.LogException]	   在 MySql.Data.MySqlClient.MySqlStream.OpenPacket()
   在 MySql.Data.MySqlClient.NativeDriver.ReadResult(UInt64& affectedRows, Int64& lastInsertId)
   在 MySql.Data.MySqlClient.MySqlDataReader.GetResultSet()
   在 MySql.Data.MySqlClient.MySqlDataReader.NextResult()
   在 MySql.Data.MySqlClient.MySqlCommand.ExecuteReader(CommandBehavior behavior)
   在 MySql.Data.MySqlClient.MySqlCommand.ExecuteReader()
   在 MySql.Data.MySqlClient.MySqlCommand.ExecuteScalar()
   在 KGameServer.DBManager.AddNewTraderecordInfo(PlayerConnection playerConnection, Int32 matchID, Int32 index, Boolean isBuy, Double price) 位置 C:\MyWork-master\MyWork-maste\KGameServer\KGameServer\DBManager.cs:行号 615

[20160823 15:37:36.121][10][Normal][KGameServer.Match.ProcessUserOperation]	由于未能添加用户买卖的信息数据库中，此次对局无法成功启动，返回。。。。。。

[20160823 15:37:36.629][16][Normal][KGameServer.ServerInst+<>c__DisplayClass4.<Init>b__3]	OnMessage:message=E||

[20160823 15:37:36.630][10][Normal][KGameServer.PlayerConnectionMap.GetPlayerConnection]	playerConnectionDict key count=1

[20160823 15:37:36.631][10][Normal][KGameServer.PlayerConnection.SendMatchEndString]	发送结束对局信息到:r200e，信息内容为:F|1#r200e#6.47#0#沪银指数(上期所)#2015-3-4#2015-8-21|

[20160823 15:37:41.753][16][Normal][KGameServer.ServerInst+<>c__DisplayClass4.<Init>b__3]	OnMessage:message=S||

[20160823 15:37:41.753][10][Normal][KGameServer.PlayerConnectionMap.GetPlayerConnection]	playerConnectionDict key count=1

[20160823 15:38:07.648][10][Normal][KGameServer.Util.LogException]	You have an error in your SQL syntax; check the manual that corresponds to your MySQL server version for the right syntax to use near 'MATCH_ID =143' at line 1

[20160823 15:38:07.651][10][Normal][KGameServer.Util.LogException]	   在 MySql.Data.MySqlClient.MySqlStream.OpenPacket()
   在 MySql.Data.MySqlClient.NativeDriver.ReadResult(UInt64& affectedRows, Int64& lastInsertId)
   在 MySql.Data.MySqlClient.MySqlDataReader.GetResultSet()
   在 MySql.Data.MySqlClient.MySqlDataReader.NextResult()
   在 MySql.Data.MySqlClient.MySqlCommand.ExecuteReader(CommandBehavior behavior)
   在 MySql.Data.MySqlClient.MySqlCommand.ExecuteDbDataReader(CommandBehavior behavior)
   在 System.Data.Common.DbDataAdapter.FillInternal(DataSet dataset, DataTable[] datatables, Int32 startRecord, Int32 maxRecords, String srcTable, IDbCommand command, CommandBehavior behavior)
   在 System.Data.Common.DbDataAdapter.Fill(DataSet dataSet, Int32 startRecord, Int32 maxRecords, String srcTable, IDbCommand command, CommandBehavior behavior)
   在 System.Data.Common.DbDataAdapter.Fill(DataSet dataSet)
   在 KGameServer.DBManager.GetBusinessData(Int32 userID, Int32 matchID) 位置 C:\MyWork-master\MyWork-maste\KGameServer\KGameServer\DBManager.cs:行号 657

