2016/7/20 星期三 下午 2:30:49 [Info] Server started at ws://192.168.16.250:8484 (actual port 8484) 
[20160720 14:31:02.133][16][Normal][KGameServer.ServerInst+<>c__DisplayClass4.<Init>b__1]	OnOpen

[20160720 14:31:02.135][10][Normal][KGameServer.ServerInst.SocketConnected]	Entered SocketConnected

[20160720 14:31:02.136][10][Normal][KGameServer.ServerInst.SocketConnected]	Connected

[20160720 14:31:02.140][10][Normal][KGameServer.ServerInst.ProcessPreReceievedMessage]	为连接:[192.168.16.250:55386][0:] 处理没有来源的消息

[20160720 14:31:02.140][10][Normal][KGameServer.ServerInst.ProcessPreReceievedMessage]	noResourceMessageDict中，无来源的消息共有0 个来源

[20160720 14:31:02.145][17][Normal][KGameServer.ServerInst+<>c__DisplayClass4.<Init>b__3]	OnMessage:message=A||

[20160720 14:31:02.146][10][Normal][KGameServer.PlayerConnectionMap.GetPlayerConnection]	playerConnectionDict key count=1

[20160720 14:31:02.430][10][Normal][KGameServer.PlayerConnection.ProcessUserQuickLogin]	快速登录成功:B|s101e#314747|

[20160720 14:31:02.435][17][Normal][KGameServer.ServerInst+<>c__DisplayClass4.<Init>b__3]	OnMessage:message=0|s101e#314747#null|

[20160720 14:31:02.436][10][Normal][KGameServer.PlayerConnectionMap.GetPlayerConnection]	playerConnectionDict key count=1

[20160720 14:31:02.437][10][Normal][KGameServer.PlayerConnection.ProcessUserLogin]	用户登录,用户名:s101e 密码:314747 来源:null

[20160720 14:31:02.438][10][Normal][KGameServer.DBManager.ValidateUser]	ValidateUser username=s101e password=314747 source=null

[20160720 14:31:02.446][10][Normal][KGameServer.DBManager.ValidateUserFromSource_Self]	sql:SELECT id FROM kgame.tbl_user where UserName=?UserName and PWD=?Password and ISNULL(SOURCE)

[20160720 14:31:02.448][10][Normal][KGameServer.DBManager.ValidateUserFromSource_Self]	userid=2

[20160720 14:31:02.448][10][Normal][KGameServer.PlayerConnection.ProcessUserLogin]	useridRet=2

[20160720 14:31:02.450][10][Normal][KGameServer.PlayerConnection.ProcessUserLogin]	发送信息:1|s101e|

[20160720 14:31:02.455][18][Normal][KGameServer.ServerInst+<>c__DisplayClass4.<Init>b__3]	OnMessage:message=3|0|

[20160720 14:31:02.455][10][Normal][KGameServer.PlayerConnectionMap.GetPlayerConnection]	playerConnectionDict key count=1

[20160720 14:31:02.457][10][Normal][KGameServer.MatchMaker.BeginNewMatchForSinglePlayer]	准备开始一场单人游戏:[192.168.16.250:55386][2:s101e]

[20160720 14:31:02.461][10][Normal][KGameServer.Match.Start]	1人局开始: [2:] 

[20160720 14:31:02.461][10][Normal][KGameServer.HisDataMng.RequestHistoryData]	RequestHistoryData 请求

[20160720 14:31:02.462][10][Normal][KGameServer.HisDataMng.RequestHistoryData]	入队结束

[20160720 14:31:02.462][12][Normal][KGameServer.HisDataMng.MainProcessThread]	hisDataRequestList 出队，hisDataRequestList中个数为:1

[20160720 14:31:02.503][12][Normal][KGameServer.HisDataMng.MainProcessThread]	数据库已经打开

[20160720 14:31:02.505][12][Normal][KGameServer.HisDataMng.RefreshCodeInfoList]	mutexForCodeInfoDict Passed

[20160720 14:31:02.517][12][Normal][KGameServer.HisDataMng.RefreshCodeInfoList]	mutexForCodeInfoDict Released

[20160720 14:31:02.518][12][Normal][KGameServer.HisDataMng.MainProcessThread]	RefreshCodeInfoList 已经完成

[20160720 14:31:02.525][12][Normal][KGameServer.HisDataMng.ProcessHisDataRequest]	ProcessHisDataRequest hisDataRequest

[20160720 14:31:02.525][12][Normal][KGameServer.HisDataMng.ProcessHisDataRequest]	codeInfoDict.Keys.Count=91

[20160720 14:31:02.525][12][Normal][KGameServer.HisDataMng.ProcessHisDataRequest]	codeInfoIndex=33

[20160720 14:31:02.526][12][Normal][KGameServer.HisDataMng.ProcessHisDataRequest]	totalCandleCount=360

[20160720 14:31:02.536][12][Normal][KGameServer.HisDataMng.ProcessHisDataRequest]	codeInfo=豆一指数 XDCE

[20160720 14:31:02.537][12][Normal][KGameServer.HisDataMng.ProcessHisDataRequest]	随机数据，codeInfo=豆一指数 XDCE ,startIndex=210

[20160720 14:31:02.573][12][Normal][KGameServer.HisDataMng.ProcessHisDataRequest]	获得到了历史数据，开始调用回调函数

[20160720 14:31:02.639][12][Normal][KGameServer.DBManager.AddNewMatchInfo]	New Match added to database match id=2

[20160720 14:31:02.642][12][Normal][KGameServer.HisDataMng.MainProcessThread]	ProcessHisDataRequest 已经结束

[20160720 14:31:02.642][12][Normal][KGameServer.HisDataMng.MainProcessThread]	数据库已经关闭

[20160720 14:31:13.658][6][Normal][KGameServer.ServerInst+<>c__DisplayClass4.<Init>b__3]	OnMessage:message=6|34|

[20160720 14:31:13.658][10][Normal][KGameServer.PlayerConnectionMap.GetPlayerConnection]	playerConnectionDict key count=1

[20160720 14:31:15.365][6][Normal][KGameServer.ServerInst+<>c__DisplayClass4.<Init>b__3]	OnMessage:message=7|45|

[20160720 14:31:15.365][10][Normal][KGameServer.PlayerConnectionMap.GetPlayerConnection]	playerConnectionDict key count=1

[20160720 14:31:19.558][6][Normal][KGameServer.ServerInst+<>c__DisplayClass4.<Init>b__3]	OnMessage:message=6|66|

[20160720 14:31:19.561][10][Normal][KGameServer.PlayerConnectionMap.GetPlayerConnection]	playerConnectionDict key count=1

[20160720 14:31:22.350][6][Normal][KGameServer.ServerInst+<>c__DisplayClass4.<Init>b__3]	OnMessage:message=7|85|

[20160720 14:31:22.350][10][Normal][KGameServer.PlayerConnectionMap.GetPlayerConnection]	playerConnectionDict key count=1

[20160720 14:31:26.694][6][Normal][KGameServer.ServerInst+<>c__DisplayClass4.<Init>b__3]	OnMessage:message=7|114|

[20160720 14:31:26.695][10][Normal][KGameServer.PlayerConnectionMap.GetPlayerConnection]	playerConnectionDict key count=1

[20160720 14:31:27.614][16][Normal][KGameServer.ServerInst+<>c__DisplayClass4.<Init>b__3]	OnMessage:message=E||

[20160720 14:31:27.614][10][Normal][KGameServer.PlayerConnectionMap.GetPlayerConnection]	playerConnectionDict key count=1

[20160720 14:31:27.622][10][Normal][KGameServer.PlayerConnection.SendMatchEndString]	发送结束对局信息到:s101e，信息内容为:F|1#s101e#4.20#0#豆一指数(大商所)#2015/1/14 星期三#2015/7/10 星期五|

[20160720 15:41:07.150][10][Normal][KGameServer.PlayerConnectionMap.GetPlayerConnection]	playerConnectionDict key count=1

[20160720 15:41:07.151][10][Normal][KGameServer.ServerInst.ClosePlayerConnection]	ClosePlayerConnection Call

[20160720 15:41:07.153][10][Normal][KGameServer.PlayerConnection.SendMatchEndString]	发送结束对局信息到:s101e，信息内容为:F|1#s101e#4.20#0#豆一指数(大商所)#2015/1/14 星期三#2015/7/10 星期五|

2016/7/20 星期三 下午 3:41:07 [Warn] Data sent while closing or after close. Ignoring. 
[20160720 15:41:07.154][10][Normal][KGameServer.ServerInst.ClosePlayerConnection]	Closed

[20160720 15:41:10.218][23][Normal][KGameServer.ServerInst+<>c__DisplayClass4.<Init>b__1]	OnOpen

[20160720 15:41:10.221][10][Normal][KGameServer.ServerInst.SocketConnected]	Entered SocketConnected

[20160720 15:41:10.221][10][Normal][KGameServer.ServerInst.SocketConnected]	Connected

[20160720 15:41:10.221][10][Normal][KGameServer.ServerInst.ProcessPreReceievedMessage]	为连接:[192.168.16.250:56771][0:] 处理没有来源的消息

[20160720 15:41:10.222][10][Normal][KGameServer.ServerInst.ProcessPreReceievedMessage]	noResourceMessageDict中，无来源的消息共有0 个来源

[20160720 15:41:10.239][22][Normal][KGameServer.ServerInst+<>c__DisplayClass4.<Init>b__3]	OnMessage:message=A||

[20160720 15:41:10.239][10][Normal][KGameServer.PlayerConnectionMap.GetPlayerConnection]	playerConnectionDict key count=1

[20160720 15:41:10.286][10][Normal][KGameServer.PlayerConnection.ProcessUserQuickLogin]	快速登录成功:B|t102e#672242|

[20160720 15:41:10.289][22][Normal][KGameServer.ServerInst+<>c__DisplayClass4.<Init>b__3]	OnMessage:message=0|t102e#672242#null|

[20160720 15:41:10.289][10][Normal][KGameServer.PlayerConnectionMap.GetPlayerConnection]	playerConnectionDict key count=1

[20160720 15:41:10.289][10][Normal][KGameServer.PlayerConnection.ProcessUserLogin]	用户登录,用户名:t102e 密码:672242 来源:null

[20160720 15:41:10.290][10][Normal][KGameServer.DBManager.ValidateUser]	ValidateUser username=t102e password=672242 source=null

[20160720 15:41:10.296][10][Normal][KGameServer.DBManager.ValidateUserFromSource_Self]	sql:SELECT id FROM kgame.tbl_user where UserName=?UserName and PWD=?Password and ISNULL(SOURCE)

[20160720 15:41:10.296][10][Normal][KGameServer.DBManager.ValidateUserFromSource_Self]	userid=3

[20160720 15:41:10.297][10][Normal][KGameServer.PlayerConnection.ProcessUserLogin]	useridRet=3

[20160720 15:41:10.297][10][Normal][KGameServer.PlayerConnection.ProcessUserLogin]	发送信息:1|t102e|

[20160720 15:41:10.301][25][Normal][KGameServer.ServerInst+<>c__DisplayClass4.<Init>b__3]	OnMessage:message=3|0|

[20160720 15:41:10.302][10][Normal][KGameServer.PlayerConnectionMap.GetPlayerConnection]	playerConnectionDict key count=1

[20160720 15:41:10.302][10][Normal][KGameServer.MatchMaker.BeginNewMatchForSinglePlayer]	准备开始一场单人游戏:[192.168.16.250:56771][3:t102e]

[20160720 15:41:10.302][10][Normal][KGameServer.Match.Start]	1人局开始: [3:] 

[20160720 15:41:10.302][10][Normal][KGameServer.HisDataMng.RequestHistoryData]	RequestHistoryData 请求

[20160720 15:41:10.303][12][Normal][KGameServer.HisDataMng.MainProcessThread]	hisDataRequestList 出队，hisDataRequestList中个数为:1

[20160720 15:41:10.303][10][Normal][KGameServer.HisDataMng.RequestHistoryData]	入队结束

[20160720 15:41:10.309][12][Normal][KGameServer.HisDataMng.MainProcessThread]	数据库已经打开

[20160720 15:41:10.309][12][Normal][KGameServer.HisDataMng.RefreshCodeInfoList]	mutexForCodeInfoDict Passed

[20160720 15:41:10.318][12][Normal][KGameServer.HisDataMng.RefreshCodeInfoList]	mutexForCodeInfoDict Released

[20160720 15:41:10.318][12][Normal][KGameServer.HisDataMng.MainProcessThread]	RefreshCodeInfoList 已经完成

[20160720 15:41:10.318][12][Normal][KGameServer.HisDataMng.ProcessHisDataRequest]	ProcessHisDataRequest hisDataRequest

[20160720 15:41:10.318][12][Normal][KGameServer.HisDataMng.ProcessHisDataRequest]	codeInfoDict.Keys.Count=91

[20160720 15:41:10.318][12][Normal][KGameServer.HisDataMng.ProcessHisDataRequest]	codeInfoIndex=73

[20160720 15:41:10.319][12][Normal][KGameServer.HisDataMng.ProcessHisDataRequest]	totalCandleCount=360

[20160720 15:41:10.319][12][Normal][KGameServer.HisDataMng.ProcessHisDataRequest]	codeInfo=硅铁主连 XZCE

[20160720 15:41:10.319][12][Normal][KGameServer.HisDataMng.ProcessHisDataRequest]	随机数据，codeInfo=硅铁主连 XZCE ,startIndex=26

[20160720 15:41:10.329][12][Normal][KGameServer.HisDataMng.ProcessHisDataRequest]	获得到了历史数据，开始调用回调函数

[20160720 15:41:10.374][12][Normal][KGameServer.DBManager.AddNewMatchInfo]	New Match added to database match id=3

[20160720 15:41:10.376][12][Normal][KGameServer.HisDataMng.MainProcessThread]	ProcessHisDataRequest 已经结束

[20160720 15:41:10.376][12][Normal][KGameServer.HisDataMng.MainProcessThread]	数据库已经关闭

[20160720 15:41:33.101][27][Normal][KGameServer.ServerInst+<>c__DisplayClass4.<Init>b__3]	OnMessage:message=E||

[20160720 15:41:33.122][10][Normal][KGameServer.PlayerConnectionMap.GetPlayerConnection]	playerConnectionDict key count=1

[20160720 15:41:33.122][10][Normal][KGameServer.PlayerConnection.SendMatchEndString]	发送结束对局信息到:t102e，信息内容为:F|1#t102e#0.00#0#硅铁主连(郑商所)#2015/10/20 星期二#2016/4/13 星期三|

