2016-7-26 上午 9:24:54 [Info] Server started at ws://192.168.16.250:8484 (actual port 8484) 
[20160726 09:25:06.579][17][Normal][KGameServer.ServerInst+<>c__DisplayClass4.<Init>b__1]	OnOpen

[20160726 09:25:06.581][11][Normal][KGameServer.ServerInst.SocketConnected]	Entered SocketConnected

[20160726 09:25:06.582][11][Normal][KGameServer.ServerInst.SocketConnected]	Connected

[20160726 09:25:06.585][11][Normal][KGameServer.ServerInst.ProcessPreReceievedMessage]	为连接:[192.168.16.250:51396][0:] 处理没有来源的消息

[20160726 09:25:06.585][11][Normal][KGameServer.ServerInst.ProcessPreReceievedMessage]	noResourceMessageDict中，无来源的消息共有0 个来源

[20160726 09:25:06.588][18][Normal][KGameServer.ServerInst+<>c__DisplayClass4.<Init>b__3]	OnMessage:message=A||

[20160726 09:25:06.589][11][Normal][KGameServer.PlayerConnectionMap.GetPlayerConnection]	playerConnectionDict key count=1

[20160726 09:25:06.915][11][Normal][KGameServer.PlayerConnection.ProcessUserQuickLogin]	快速登录成功:B|c125a#579445|

[20160726 09:25:06.921][3][Normal][KGameServer.ServerInst+<>c__DisplayClass4.<Init>b__3]	OnMessage:message=0|c125a#579445#null|

[20160726 09:25:06.921][11][Normal][KGameServer.PlayerConnectionMap.GetPlayerConnection]	playerConnectionDict key count=1

[20160726 09:25:06.923][11][Normal][KGameServer.PlayerConnection.ProcessUserLogin]	用户登录,用户名:c125a 密码:579445 来源:null

[20160726 09:25:06.924][11][Normal][KGameServer.DBManager.ValidateUser]	ValidateUser username=c125a password=579445 source=null

[20160726 09:25:06.931][11][Normal][KGameServer.DBManager.ValidateUserFromSource_Self]	sql:SELECT id FROM kgame.tbl_user where UserName=?UserName and PWD=?Password and ISNULL(SOURCE)

[20160726 09:25:06.934][11][Normal][KGameServer.DBManager.ValidateUserFromSource_Self]	userid=26

[20160726 09:25:06.934][11][Normal][KGameServer.PlayerConnection.ProcessUserLogin]	useridRet=26

[20160726 09:25:12.409][11][Normal][KGameServer.PlayerConnection.ProcessUserLogin]	发送信息:1|c125a|

[20160726 09:25:12.415][3][Normal][KGameServer.ServerInst+<>c__DisplayClass4.<Init>b__3]	OnMessage:message=3|0|

[20160726 09:25:12.416][11][Normal][KGameServer.PlayerConnectionMap.GetPlayerConnection]	playerConnectionDict key count=1

[20160726 09:25:12.418][11][Normal][KGameServer.MatchMaker.BeginNewMatchForSinglePlayer]	准备开始一场单人游戏:[192.168.16.250:51396][26:c125a]

[20160726 09:25:12.423][11][Normal][KGameServer.Match.Start]	1人局开始: [26:] 

[20160726 09:25:12.424][11][Normal][KGameServer.HisDataMng.RequestHistoryData]	RequestHistoryData 请求

[20160726 09:25:12.424][11][Normal][KGameServer.HisDataMng.RequestHistoryData]	入队结束

[20160726 09:25:12.424][13][Normal][KGameServer.HisDataMng.MainProcessThread]	hisDataRequestList 出队，hisDataRequestList中个数为:1

[20160726 09:25:12.452][13][Normal][KGameServer.HisDataMng.MainProcessThread]	数据库已经打开

[20160726 09:25:12.455][13][Normal][KGameServer.HisDataMng.RefreshCodeInfoList]	mutexForCodeInfoDict Passed

[20160726 09:25:12.468][13][Normal][KGameServer.HisDataMng.RefreshCodeInfoList]	mutexForCodeInfoDict Released

[20160726 09:25:12.469][13][Normal][KGameServer.HisDataMng.MainProcessThread]	RefreshCodeInfoList 已经完成

[20160726 09:25:12.476][13][Normal][KGameServer.HisDataMng.ProcessHisDataRequest]	ProcessHisDataRequest hisDataRequest

[20160726 09:25:12.476][13][Normal][KGameServer.HisDataMng.ProcessHisDataRequest]	codeInfoDict.Keys.Count=91

[20160726 09:25:12.476][13][Normal][KGameServer.HisDataMng.ProcessHisDataRequest]	codeInfoIndex=56

[20160726 09:25:12.476][13][Normal][KGameServer.HisDataMng.ProcessHisDataRequest]	totalCandleCount=360

[20160726 09:25:12.476][13][Normal][KGameServer.HisDataMng.ProcessHisDataRequest]	codeInfo=沪胶主连 XSGE

[20160726 09:25:12.477][13][Normal][KGameServer.HisDataMng.ProcessHisDataRequest]	随机数据，codeInfo=沪胶主连 XSGE ,startIndex=3126

[20160726 09:25:12.676][13][Normal][KGameServer.HisDataMng.ProcessHisDataRequest]	获得到了历史数据，开始调用回调函数

[20160726 09:25:12.762][13][Normal][KGameServer.DBManager.AddNewMatchInfo]	New Match added to database match id=29

[20160726 09:25:12.765][13][Normal][KGameServer.HisDataMng.MainProcessThread]	ProcessHisDataRequest 已经结束

[20160726 09:25:12.765][13][Normal][KGameServer.HisDataMng.MainProcessThread]	数据库已经关闭

[20160726 09:25:33.952][21][Normal][KGameServer.ServerInst+<>c__DisplayClass4.<Init>b__3]	OnMessage:message=E||

[20160726 09:25:33.953][11][Normal][KGameServer.PlayerConnectionMap.GetPlayerConnection]	playerConnectionDict key count=1

[20160726 09:25:33.958][11][Normal][KGameServer.PlayerConnection.SendMatchEndString]	发送结束对局信息到:c125a，信息内容为:F|1#c125a#0.00#0#沪胶主连(上期所)#2003-1-7#2003-7-11|

[20160726 09:25:36.776][11][Normal][KGameServer.PlayerConnectionMap.GetPlayerConnection]	playerConnectionDict key count=1

[20160726 09:25:36.776][11][Normal][KGameServer.ServerInst.ClosePlayerConnection]	ClosePlayerConnection Call

[20160726 09:25:36.779][11][Normal][KGameServer.PlayerConnection.SendMatchEndString]	发送结束对局信息到:c125a，信息内容为:F|1#c125a#0.00#0#沪胶主连(上期所)#2003-1-7#2003-7-11|

2016-7-26 上午 9:25:36 [Warn] Data sent while closing or after close. Ignoring. 
[20160726 09:25:36.786][11][Normal][KGameServer.ServerInst.ClosePlayerConnection]	Closed

[20160726 09:25:39.631][21][Normal][KGameServer.ServerInst+<>c__DisplayClass4.<Init>b__1]	OnOpen

[20160726 09:25:39.631][11][Normal][KGameServer.ServerInst.SocketConnected]	Entered SocketConnected

[20160726 09:25:39.631][11][Normal][KGameServer.ServerInst.SocketConnected]	Connected

[20160726 09:25:39.632][11][Normal][KGameServer.ServerInst.ProcessPreReceievedMessage]	为连接:[192.168.16.250:51447][0:] 处理没有来源的消息

[20160726 09:25:39.632][11][Normal][KGameServer.ServerInst.ProcessPreReceievedMessage]	noResourceMessageDict中，无来源的消息共有0 个来源

[20160726 09:25:39.651][23][Normal][KGameServer.ServerInst+<>c__DisplayClass4.<Init>b__3]	OnMessage:message=A||

[20160726 09:25:39.651][11][Normal][KGameServer.PlayerConnectionMap.GetPlayerConnection]	playerConnectionDict key count=1

[20160726 09:25:39.679][11][Normal][KGameServer.PlayerConnection.ProcessUserQuickLogin]	快速登录成功:B|s126u#276636|

[20160726 09:25:39.681][23][Normal][KGameServer.ServerInst+<>c__DisplayClass4.<Init>b__3]	OnMessage:message=0|s126u#276636#null|

[20160726 09:25:39.682][11][Normal][KGameServer.PlayerConnectionMap.GetPlayerConnection]	playerConnectionDict key count=1

[20160726 09:25:39.682][11][Normal][KGameServer.PlayerConnection.ProcessUserLogin]	用户登录,用户名:s126u 密码:276636 来源:null

[20160726 09:25:39.682][11][Normal][KGameServer.DBManager.ValidateUser]	ValidateUser username=s126u password=276636 source=null

[20160726 09:25:39.688][11][Normal][KGameServer.DBManager.ValidateUserFromSource_Self]	sql:SELECT id FROM kgame.tbl_user where UserName=?UserName and PWD=?Password and ISNULL(SOURCE)

[20160726 09:25:39.689][11][Normal][KGameServer.DBManager.ValidateUserFromSource_Self]	userid=27

[20160726 09:25:39.689][11][Normal][KGameServer.PlayerConnection.ProcessUserLogin]	useridRet=27

[20160726 09:25:41.214][11][Normal][KGameServer.PlayerConnection.ProcessUserLogin]	发送信息:1|s126u|

[20160726 09:25:41.219][23][Normal][KGameServer.ServerInst+<>c__DisplayClass4.<Init>b__3]	OnMessage:message=3|0|

[20160726 09:25:41.219][11][Normal][KGameServer.PlayerConnectionMap.GetPlayerConnection]	playerConnectionDict key count=1

[20160726 09:25:41.219][11][Normal][KGameServer.MatchMaker.BeginNewMatchForSinglePlayer]	准备开始一场单人游戏:[192.168.16.250:51447][27:s126u]

[20160726 09:25:41.220][11][Normal][KGameServer.Match.Start]	1人局开始: [27:] 

[20160726 09:25:41.220][11][Normal][KGameServer.HisDataMng.RequestHistoryData]	RequestHistoryData 请求

[20160726 09:25:41.220][13][Normal][KGameServer.HisDataMng.MainProcessThread]	hisDataRequestList 出队，hisDataRequestList中个数为:1

[20160726 09:25:41.220][11][Normal][KGameServer.HisDataMng.RequestHistoryData]	入队结束

[20160726 09:25:41.228][13][Normal][KGameServer.HisDataMng.MainProcessThread]	数据库已经打开

[20160726 09:25:41.228][13][Normal][KGameServer.HisDataMng.RefreshCodeInfoList]	mutexForCodeInfoDict Passed

[20160726 09:25:41.237][13][Normal][KGameServer.HisDataMng.RefreshCodeInfoList]	mutexForCodeInfoDict Released

[20160726 09:25:41.237][13][Normal][KGameServer.HisDataMng.MainProcessThread]	RefreshCodeInfoList 已经完成

[20160726 09:25:41.237][13][Normal][KGameServer.HisDataMng.ProcessHisDataRequest]	ProcessHisDataRequest hisDataRequest

[20160726 09:25:41.238][13][Normal][KGameServer.HisDataMng.ProcessHisDataRequest]	codeInfoDict.Keys.Count=91

[20160726 09:25:41.238][13][Normal][KGameServer.HisDataMng.ProcessHisDataRequest]	codeInfoIndex=54

[20160726 09:25:41.238][13][Normal][KGameServer.HisDataMng.ProcessHisDataRequest]	totalCandleCount=360

[20160726 09:25:41.238][13][Normal][KGameServer.HisDataMng.ProcessHisDataRequest]	codeInfo=棕榈主连 XDCE

[20160726 09:25:41.238][13][Normal][KGameServer.HisDataMng.ProcessHisDataRequest]	随机数据，codeInfo=棕榈主连 XDCE ,startIndex=252

[20160726 09:25:41.301][13][Normal][KGameServer.HisDataMng.ProcessHisDataRequest]	获得到了历史数据，开始调用回调函数

[20160726 09:25:41.353][13][Normal][KGameServer.DBManager.AddNewMatchInfo]	New Match added to database match id=30

[20160726 09:25:41.353][13][Normal][KGameServer.HisDataMng.MainProcessThread]	ProcessHisDataRequest 已经结束

[20160726 09:25:41.353][13][Normal][KGameServer.HisDataMng.MainProcessThread]	数据库已经关闭

[20160726 09:26:02.401][25][Normal][KGameServer.ServerInst+<>c__DisplayClass4.<Init>b__3]	OnMessage:message=E||

[20160726 09:26:02.401][11][Normal][KGameServer.PlayerConnectionMap.GetPlayerConnection]	playerConnectionDict key count=1

[20160726 09:26:02.401][11][Normal][KGameServer.PlayerConnection.SendMatchEndString]	发送结束对局信息到:s126u，信息内容为:F|1#s126u#0.00#0#棕榈主连(大商所)#2014-11-14#2015-5-13|

[20160726 10:41:33.618][11][Normal][KGameServer.PlayerConnectionMap.GetPlayerConnection]	playerConnectionDict key count=1

[20160726 10:41:33.619][11][Normal][KGameServer.ServerInst.ClosePlayerConnection]	ClosePlayerConnection Call

[20160726 10:41:33.619][11][Normal][KGameServer.PlayerConnection.SendMatchEndString]	发送结束对局信息到:s126u，信息内容为:F|1#s126u#0.00#0#棕榈主连(大商所)#2014-11-14#2015-5-13|

2016-7-26 上午 10:41:33 [Warn] Data sent while closing or after close. Ignoring. 
[20160726 10:41:33.619][11][Normal][KGameServer.ServerInst.ClosePlayerConnection]	Closed

[20160726 10:42:06.910][28][Normal][KGameServer.ServerInst+<>c__DisplayClass4.<Init>b__1]	OnOpen

[20160726 10:42:06.910][11][Normal][KGameServer.ServerInst.SocketConnected]	Entered SocketConnected

[20160726 10:42:06.910][11][Normal][KGameServer.ServerInst.SocketConnected]	Connected

[20160726 10:42:06.911][11][Normal][KGameServer.ServerInst.ProcessPreReceievedMessage]	为连接:[192.168.16.250:50827][0:] 处理没有来源的消息

[20160726 10:42:06.911][11][Normal][KGameServer.ServerInst.ProcessPreReceievedMessage]	noResourceMessageDict中，无来源的消息共有0 个来源

[20160726 10:42:06.951][30][Normal][KGameServer.ServerInst+<>c__DisplayClass4.<Init>b__3]	OnMessage:message=A||

[20160726 10:42:06.952][11][Normal][KGameServer.PlayerConnectionMap.GetPlayerConnection]	playerConnectionDict key count=1

[20160726 10:42:07.017][11][Normal][KGameServer.PlayerConnection.ProcessUserQuickLogin]	快速登录成功:B|t127e#499062|

[20160726 10:42:07.021][30][Normal][KGameServer.ServerInst+<>c__DisplayClass4.<Init>b__3]	OnMessage:message=0|t127e#499062#null|

[20160726 10:42:07.021][11][Normal][KGameServer.PlayerConnectionMap.GetPlayerConnection]	playerConnectionDict key count=1

[20160726 10:42:07.022][11][Normal][KGameServer.PlayerConnection.ProcessUserLogin]	用户登录,用户名:t127e 密码:499062 来源:null

[20160726 10:42:07.022][11][Normal][KGameServer.DBManager.ValidateUser]	ValidateUser username=t127e password=499062 source=null

[20160726 10:42:07.028][11][Normal][KGameServer.DBManager.ValidateUserFromSource_Self]	sql:SELECT id FROM kgame.tbl_user where UserName=?UserName and PWD=?Password and ISNULL(SOURCE)

[20160726 10:42:07.029][11][Normal][KGameServer.DBManager.ValidateUserFromSource_Self]	userid=28

[20160726 10:42:07.029][11][Normal][KGameServer.PlayerConnection.ProcessUserLogin]	useridRet=28

[20160726 10:42:11.320][11][Normal][KGameServer.PlayerConnection.ProcessUserLogin]	发送信息:1|t127e|

[20160726 10:42:11.324][30][Normal][KGameServer.ServerInst+<>c__DisplayClass4.<Init>b__3]	OnMessage:message=3|0|

[20160726 10:42:11.324][11][Normal][KGameServer.PlayerConnectionMap.GetPlayerConnection]	playerConnectionDict key count=1

[20160726 10:42:11.325][11][Normal][KGameServer.MatchMaker.BeginNewMatchForSinglePlayer]	准备开始一场单人游戏:[192.168.16.250:50827][28:t127e]

[20160726 10:42:11.325][11][Normal][KGameServer.Match.Start]	1人局开始: [28:] 

[20160726 10:42:11.325][11][Normal][KGameServer.HisDataMng.RequestHistoryData]	RequestHistoryData 请求

[20160726 10:42:11.325][13][Normal][KGameServer.HisDataMng.MainProcessThread]	hisDataRequestList 出队，hisDataRequestList中个数为:1

[20160726 10:42:11.325][11][Normal][KGameServer.HisDataMng.RequestHistoryData]	入队结束

[20160726 10:42:11.332][13][Normal][KGameServer.HisDataMng.MainProcessThread]	数据库已经打开

[20160726 10:42:11.332][13][Normal][KGameServer.HisDataMng.RefreshCodeInfoList]	mutexForCodeInfoDict Passed

[20160726 10:42:11.338][13][Normal][KGameServer.HisDataMng.RefreshCodeInfoList]	mutexForCodeInfoDict Released

[20160726 10:42:11.338][13][Normal][KGameServer.HisDataMng.MainProcessThread]	RefreshCodeInfoList 已经完成

[20160726 10:42:11.338][13][Normal][KGameServer.HisDataMng.ProcessHisDataRequest]	ProcessHisDataRequest hisDataRequest

[20160726 10:42:11.338][13][Normal][KGameServer.HisDataMng.ProcessHisDataRequest]	codeInfoDict.Keys.Count=2833

[20160726 10:42:11.338][13][Normal][KGameServer.HisDataMng.ProcessHisDataRequest]	codeInfoIndex=2179

[20160726 10:42:11.338][13][Normal][KGameServer.HisDataMng.ProcessHisDataRequest]	totalCandleCount=360

[20160726 10:42:11.338][13][Normal][KGameServer.HisDataMng.ProcessHisDataRequest]	codeInfo=600528 XSHG

[20160726 10:42:11.339][13][Normal][KGameServer.HisDataMng.ProcessHisDataRequest]	随机数据，codeInfo=600528 XSHG ,startIndex=99

[20160726 10:42:11.818][13][Normal][KGameServer.HisDataMng.ProcessHisDataRequest]	获得到了历史数据，开始调用回调函数

[20160726 10:42:11.878][13][Normal][KGameServer.DBManager.AddNewMatchInfo]	New Match added to database match id=31

[20160726 10:42:11.878][13][Normal][KGameServer.HisDataMng.MainProcessThread]	ProcessHisDataRequest 已经结束

[20160726 10:42:11.879][13][Normal][KGameServer.HisDataMng.MainProcessThread]	数据库已经关闭

[20160726 10:42:16.303][11][Normal][KGameServer.PlayerConnectionMap.GetPlayerConnection]	playerConnectionDict key count=1

[20160726 10:42:16.303][11][Normal][KGameServer.ServerInst.ClosePlayerConnection]	ClosePlayerConnection Call

[20160726 10:42:16.304][11][Normal][KGameServer.PlayerConnection.SendMatchEndString]	发送结束对局信息到:t127e，信息内容为:F|1#t127e#0.00#0#600528(上证)#2015-3-13#2015-9-1|

2016-7-26 上午 10:42:16 [Warn] Data sent while closing or after close. Ignoring. 
[20160726 10:42:16.304][11][Normal][KGameServer.ServerInst.ClosePlayerConnection]	Closed

[20160726 10:42:19.325][28][Normal][KGameServer.ServerInst+<>c__DisplayClass4.<Init>b__1]	OnOpen

[20160726 10:42:19.328][11][Normal][KGameServer.ServerInst.SocketConnected]	Entered SocketConnected

[20160726 10:42:19.329][11][Normal][KGameServer.ServerInst.SocketConnected]	Connected

[20160726 10:42:19.329][11][Normal][KGameServer.ServerInst.ProcessPreReceievedMessage]	为连接:[192.168.16.250:50832][0:] 处理没有来源的消息

[20160726 10:42:19.329][11][Normal][KGameServer.ServerInst.ProcessPreReceievedMessage]	noResourceMessageDict中，无来源的消息共有0 个来源

[20160726 10:42:19.344][29][Normal][KGameServer.ServerInst+<>c__DisplayClass4.<Init>b__3]	OnMessage:message=A||

[20160726 10:42:19.345][11][Normal][KGameServer.PlayerConnectionMap.GetPlayerConnection]	playerConnectionDict key count=1

[20160726 10:42:19.388][11][Normal][KGameServer.PlayerConnection.ProcessUserQuickLogin]	快速登录成功:B|r128u#878744|

[20160726 10:42:19.391][30][Normal][KGameServer.ServerInst+<>c__DisplayClass4.<Init>b__3]	OnMessage:message=0|r128u#878744#null|

[20160726 10:42:19.391][11][Normal][KGameServer.PlayerConnectionMap.GetPlayerConnection]	playerConnectionDict key count=1

[20160726 10:42:19.391][11][Normal][KGameServer.PlayerConnection.ProcessUserLogin]	用户登录,用户名:r128u 密码:878744 来源:null

[20160726 10:42:19.392][11][Normal][KGameServer.DBManager.ValidateUser]	ValidateUser username=r128u password=878744 source=null

[20160726 10:42:19.398][11][Normal][KGameServer.DBManager.ValidateUserFromSource_Self]	sql:SELECT id FROM kgame.tbl_user where UserName=?UserName and PWD=?Password and ISNULL(SOURCE)

[20160726 10:42:19.399][11][Normal][KGameServer.DBManager.ValidateUserFromSource_Self]	userid=29

[20160726 10:42:19.399][11][Normal][KGameServer.PlayerConnection.ProcessUserLogin]	useridRet=29

[20160726 10:42:21.506][11][Normal][KGameServer.PlayerConnection.ProcessUserLogin]	发送信息:1|r128u|

[20160726 10:42:21.509][30][Normal][KGameServer.ServerInst+<>c__DisplayClass4.<Init>b__3]	OnMessage:message=3|0|

[20160726 10:42:21.510][11][Normal][KGameServer.PlayerConnectionMap.GetPlayerConnection]	playerConnectionDict key count=1

[20160726 10:42:21.510][11][Normal][KGameServer.MatchMaker.BeginNewMatchForSinglePlayer]	准备开始一场单人游戏:[192.168.16.250:50832][29:r128u]

[20160726 10:42:21.510][11][Normal][KGameServer.Match.Start]	1人局开始: [29:] 

[20160726 10:42:21.510][11][Normal][KGameServer.HisDataMng.RequestHistoryData]	RequestHistoryData 请求

[20160726 10:42:21.510][13][Normal][KGameServer.HisDataMng.MainProcessThread]	hisDataRequestList 出队，hisDataRequestList中个数为:1

[20160726 10:42:21.510][11][Normal][KGameServer.HisDataMng.RequestHistoryData]	入队结束

[20160726 10:42:21.520][13][Normal][KGameServer.HisDataMng.MainProcessThread]	数据库已经打开

[20160726 10:42:21.520][13][Normal][KGameServer.HisDataMng.RefreshCodeInfoList]	mutexForCodeInfoDict Passed

[20160726 10:42:21.526][13][Normal][KGameServer.HisDataMng.RefreshCodeInfoList]	mutexForCodeInfoDict Released

[20160726 10:42:21.526][13][Normal][KGameServer.HisDataMng.MainProcessThread]	RefreshCodeInfoList 已经完成

[20160726 10:42:21.526][13][Normal][KGameServer.HisDataMng.ProcessHisDataRequest]	ProcessHisDataRequest hisDataRequest

[20160726 10:42:21.526][13][Normal][KGameServer.HisDataMng.ProcessHisDataRequest]	codeInfoDict.Keys.Count=91

[20160726 10:42:21.526][13][Normal][KGameServer.HisDataMng.ProcessHisDataRequest]	codeInfoIndex=16

[20160726 10:42:21.526][13][Normal][KGameServer.HisDataMng.ProcessHisDataRequest]	totalCandleCount=360

[20160726 10:42:21.526][13][Normal][KGameServer.HisDataMng.ProcessHisDataRequest]	codeInfo=沪镍指数 XSGE

[20160726 10:42:21.526][13][Normal][KGameServer.HisDataMng.ProcessHisDataRequest]	总个数不够count=283，重新取

[20160726 10:42:21.527][13][Normal][KGameServer.HisDataMng.ProcessHisDataRequest]	codeInfoDict.Keys.Count=91

[20160726 10:42:21.527][13][Normal][KGameServer.HisDataMng.ProcessHisDataRequest]	codeInfoIndex=67

[20160726 10:42:21.527][13][Normal][KGameServer.HisDataMng.ProcessHisDataRequest]	totalCandleCount=360

[20160726 10:42:21.527][13][Normal][KGameServer.HisDataMng.ProcessHisDataRequest]	codeInfo=焦炭主连 XDCE

[20160726 10:42:21.527][13][Normal][KGameServer.HisDataMng.ProcessHisDataRequest]	随机数据，codeInfo=焦炭主连 XDCE ,startIndex=721

[20160726 10:42:21.550][13][Normal][KGameServer.HisDataMng.ProcessHisDataRequest]	获得到了历史数据，开始调用回调函数

[20160726 10:42:21.615][13][Normal][KGameServer.DBManager.AddNewMatchInfo]	New Match added to database match id=32

[20160726 10:42:21.615][13][Normal][KGameServer.HisDataMng.MainProcessThread]	ProcessHisDataRequest 已经结束

[20160726 10:42:21.615][13][Normal][KGameServer.HisDataMng.MainProcessThread]	数据库已经关闭

[20160726 10:42:46.985][28][Normal][KGameServer.ServerInst+<>c__DisplayClass4.<Init>b__3]	OnMessage:message=E||

[20160726 10:42:46.986][11][Normal][KGameServer.PlayerConnectionMap.GetPlayerConnection]	playerConnectionDict key count=1

[20160726 10:42:46.986][11][Normal][KGameServer.PlayerConnection.SendMatchEndString]	发送结束对局信息到:r128u，信息内容为:F|1#r128u#0.00#0#焦炭主连(大商所)#2012-12-4#2013-6-6|

