2016-8-5 上午 8:54:29 [Info] Server started at ws://192.168.16.250:8484 (actual port 8484) 
[20160805 08:54:38.611][15][Normal][KGameServer.ServerInst+<>c__DisplayClass4.<Init>b__1]	OnOpen

[20160805 08:54:38.614][9][Normal][KGameServer.ServerInst.SocketConnected]	Entered SocketConnected

[20160805 08:54:38.615][9][Normal][KGameServer.ServerInst.SocketConnected]	Connected

[20160805 08:54:38.619][9][Normal][KGameServer.ServerInst.ProcessPreReceievedMessage]	为连接:[192.168.16.250:51643][0:] 处理没有来源的消息

[20160805 08:54:38.620][9][Normal][KGameServer.ServerInst.ProcessPreReceievedMessage]	noResourceMessageDict中，无来源的消息共有0 个来源

[20160805 08:54:38.629][18][Normal][KGameServer.ServerInst+<>c__DisplayClass4.<Init>b__3]	OnMessage:message=A||

[20160805 08:54:38.631][9][Normal][KGameServer.PlayerConnectionMap.GetPlayerConnection]	playerConnectionDict key count=1

[20160805 08:54:39.342][9][Normal][KGameServer.PlayerConnection.ProcessUserQuickLogin]	快速登录成功:B|v143a#773135|

[20160805 08:54:39.349][17][Normal][KGameServer.ServerInst+<>c__DisplayClass4.<Init>b__3]	OnMessage:message=0|v143a#773135#null|

[20160805 08:54:39.350][9][Normal][KGameServer.PlayerConnectionMap.GetPlayerConnection]	playerConnectionDict key count=1

[20160805 08:54:39.352][9][Normal][KGameServer.PlayerConnection.ProcessUserLogin]	用户登录,用户名:v143a 密码:773135 来源:null

[20160805 08:54:39.353][9][Normal][KGameServer.DBManager.ValidateUser]	ValidateUser username=v143a password=773135 source=null

[20160805 08:54:39.363][9][Normal][KGameServer.DBManager.ValidateUserFromSource_Self]	sql:SELECT id FROM kgame.tbl_user where UserName=?UserName and PWD=?Password and ISNULL(SOURCE)

[20160805 08:54:39.372][9][Normal][KGameServer.DBManager.ValidateUserFromSource_Self]	userid=44

[20160805 08:54:39.373][9][Normal][KGameServer.PlayerConnection.ProcessUserLogin]	useridRet=44

[20160805 08:54:57.471][9][Normal][KGameServer.PlayerConnection.ProcessUserLogin]	发送信息:1|v143a|

[20160805 08:54:57.503][16][Normal][KGameServer.ServerInst+<>c__DisplayClass4.<Init>b__1]	OnOpen

[20160805 08:54:57.503][9][Normal][KGameServer.ServerInst.SocketConnected]	Entered SocketConnected

[20160805 08:54:57.503][9][Normal][KGameServer.ServerInst.SocketConnected]	Connected

[20160805 08:54:57.503][9][Normal][KGameServer.ServerInst.ProcessPreReceievedMessage]	为连接:[192.168.16.250:51677][0:] 处理没有来源的消息

[20160805 08:54:57.505][9][Normal][KGameServer.ServerInst.ProcessPreReceievedMessage]	noResourceMessageDict中，无来源的消息共有0 个来源

[20160805 08:54:57.506][18][Normal][KGameServer.ServerInst+<>c__DisplayClass4.<Init>b__3]	OnMessage:message=A||

[20160805 08:54:57.506][9][Normal][KGameServer.PlayerConnectionMap.GetPlayerConnection]	playerConnectionDict key count=2

[20160805 08:54:57.548][9][Normal][KGameServer.PlayerConnection.ProcessUserQuickLogin]	快速登录成功:B|t144u#972433|

[20160805 08:54:57.549][18][Normal][KGameServer.ServerInst+<>c__DisplayClass4.<Init>b__3]	OnMessage:message=0|t144u#972433#null|

[20160805 08:54:57.550][9][Normal][KGameServer.PlayerConnectionMap.GetPlayerConnection]	playerConnectionDict key count=2

[20160805 08:54:57.550][9][Normal][KGameServer.PlayerConnection.ProcessUserLogin]	用户登录,用户名:t144u 密码:972433 来源:null

[20160805 08:54:57.550][9][Normal][KGameServer.DBManager.ValidateUser]	ValidateUser username=t144u password=972433 source=null

[20160805 08:54:57.557][9][Normal][KGameServer.DBManager.ValidateUserFromSource_Self]	sql:SELECT id FROM kgame.tbl_user where UserName=?UserName and PWD=?Password and ISNULL(SOURCE)

[20160805 08:54:57.558][9][Normal][KGameServer.DBManager.ValidateUserFromSource_Self]	userid=45

[20160805 08:54:57.558][9][Normal][KGameServer.PlayerConnection.ProcessUserLogin]	useridRet=45

[20160805 08:55:02.622][9][Normal][KGameServer.PlayerConnection.ProcessUserLogin]	发送信息:1|t144u|

[20160805 08:55:02.625][18][Normal][KGameServer.ServerInst+<>c__DisplayClass4.<Init>b__3]	OnMessage:message=3|0|

[20160805 08:55:02.626][9][Normal][KGameServer.PlayerConnectionMap.GetPlayerConnection]	playerConnectionDict key count=2

[20160805 08:55:02.628][9][Normal][KGameServer.MatchMaker.BeginNewMatchForSinglePlayer]	准备开始一场单人游戏:[192.168.16.250:51677][45:t144u]

[20160805 08:55:02.633][9][Normal][KGameServer.Match.Start]	1人局开始: [45:] 

[20160805 08:55:02.633][9][Normal][KGameServer.HisDataMng.RequestHistoryData]	RequestHistoryData 请求

[20160805 08:55:02.633][9][Normal][KGameServer.HisDataMng.RequestHistoryData]	入队结束

[20160805 08:55:02.633][11][Normal][KGameServer.HisDataMng.MainProcessThread]	hisDataRequestList 出队，hisDataRequestList中个数为:1

[20160805 08:55:02.635][9][Normal][KGameServer.PlayerConnectionMap.GetPlayerConnection]	playerConnectionDict key count=2

[20160805 08:55:02.635][9][Normal][KGameServer.ServerInst.ClosePlayerConnection]	ClosePlayerConnection Call

[20160805 08:55:02.638][9][Normal][KGameServer.ServerInst.ClosePlayerConnection]	Closed

[20160805 08:55:02.668][11][Normal][KGameServer.HisDataMng.MainProcessThread]	数据库已经打开

[20160805 08:55:02.671][11][Normal][KGameServer.HisDataMng.RefreshCodeInfoList]	mutexForCodeInfoDict Passed

[20160805 08:55:02.707][11][Normal][KGameServer.HisDataMng.RefreshCodeInfoList]	mutexForCodeInfoDict Released

[20160805 08:55:02.707][11][Normal][KGameServer.HisDataMng.MainProcessThread]	RefreshCodeInfoList 已经完成

[20160805 08:55:02.797][11][Normal][KGameServer.HisDataMng.ProcessHisDataRequest]	ProcessHisDataRequest hisDataRequest

[20160805 08:55:02.802][11][Normal][KGameServer.HisDataMng.ProcessHisDataRequest]	codeInfoDict.Keys.Count=2833

[20160805 08:55:02.802][11][Normal][KGameServer.HisDataMng.ProcessHisDataRequest]	codeInfoIndex=1664

[20160805 08:55:02.802][11][Normal][KGameServer.HisDataMng.ProcessHisDataRequest]	totalCandleCount=360

[20160805 08:55:02.813][11][Normal][KGameServer.HisDataMng.ProcessHisDataRequest]	codeInfo=300418 XSHE

[20160805 08:55:02.813][11][Normal][KGameServer.HisDataMng.ProcessHisDataRequest]	总个数不够count=219，重新取

[20160805 08:55:02.813][11][Normal][KGameServer.HisDataMng.ProcessHisDataRequest]	codeInfoDict.Keys.Count=2833

[20160805 08:55:02.814][11][Normal][KGameServer.HisDataMng.ProcessHisDataRequest]	codeInfoIndex=2321

[20160805 08:55:02.814][11][Normal][KGameServer.HisDataMng.ProcessHisDataRequest]	totalCandleCount=360

[20160805 08:55:02.814][11][Normal][KGameServer.HisDataMng.ProcessHisDataRequest]	codeInfo=600689 XSHG

[20160805 08:55:02.814][11][Normal][KGameServer.HisDataMng.ProcessHisDataRequest]	随机数据，codeInfo=600689 XSHG ,startIndex=3103

[20160805 08:55:03.075][11][Normal][KGameServer.HisDataMng.ProcessHisDataRequest]	获得到了历史数据，开始调用回调函数

[20160805 08:55:03.193][11][Normal][KGameServer.DBManager.AddNewMatchInfo]	New Match added to database match id=48

[20160805 08:55:03.195][11][Normal][KGameServer.HisDataMng.MainProcessThread]	ProcessHisDataRequest 已经结束

[20160805 08:55:03.195][11][Normal][KGameServer.HisDataMng.MainProcessThread]	数据库已经关闭

[20160805 08:55:23.881][15][Normal][KGameServer.ServerInst+<>c__DisplayClass4.<Init>b__3]	OnMessage:message=E||

[20160805 08:55:23.881][9][Normal][KGameServer.PlayerConnectionMap.GetPlayerConnection]	playerConnectionDict key count=1

[20160805 08:55:23.888][9][Normal][KGameServer.PlayerConnection.SendMatchEndString]	发送结束对局信息到:t144u，信息内容为:F|1#t144u#0.00#0#600689(上证)#2002-1-29#2002-8-6|

[20160805 15:00:38.211][9][Normal][KGameServer.PlayerConnectionMap.GetPlayerConnection]	playerConnectionDict key count=1

[20160805 15:00:38.212][9][Normal][KGameServer.ServerInst.ClosePlayerConnection]	ClosePlayerConnection Call

[20160805 15:00:38.215][9][Normal][KGameServer.PlayerConnection.SendMatchEndString]	发送结束对局信息到:t144u，信息内容为:F|1#t144u#0.00#0#600689(上证)#2002-1-29#2002-8-6|

2016-8-5 下午 3:00:38 [Warn] Data sent while closing or after close. Ignoring. 
[20160805 15:00:38.217][9][Normal][KGameServer.ServerInst.ClosePlayerConnection]	Closed

[20160805 15:00:41.684][24][Normal][KGameServer.ServerInst+<>c__DisplayClass4.<Init>b__1]	OnOpen

[20160805 15:00:41.700][9][Normal][KGameServer.ServerInst.SocketConnected]	Entered SocketConnected

[20160805 15:00:41.700][9][Normal][KGameServer.ServerInst.SocketConnected]	Connected

[20160805 15:00:41.700][9][Normal][KGameServer.ServerInst.ProcessPreReceievedMessage]	为连接:[192.168.16.250:59501][0:] 处理没有来源的消息

[20160805 15:00:41.700][9][Normal][KGameServer.ServerInst.ProcessPreReceievedMessage]	noResourceMessageDict中，无来源的消息共有0 个来源

[20160805 15:00:41.712][23][Normal][KGameServer.ServerInst+<>c__DisplayClass4.<Init>b__3]	OnMessage:message=A||

[20160805 15:00:41.712][9][Normal][KGameServer.PlayerConnectionMap.GetPlayerConnection]	playerConnectionDict key count=1

[20160805 15:00:41.745][9][Normal][KGameServer.PlayerConnection.ProcessUserQuickLogin]	快速登录成功:B|t145u#461934|

[20160805 15:00:41.749][25][Normal][KGameServer.ServerInst+<>c__DisplayClass4.<Init>b__3]	OnMessage:message=0|t145u#461934#null|

[20160805 15:00:41.749][9][Normal][KGameServer.PlayerConnectionMap.GetPlayerConnection]	playerConnectionDict key count=1

[20160805 15:00:41.749][9][Normal][KGameServer.PlayerConnection.ProcessUserLogin]	用户登录,用户名:t145u 密码:461934 来源:null

[20160805 15:00:41.750][9][Normal][KGameServer.DBManager.ValidateUser]	ValidateUser username=t145u password=461934 source=null

[20160805 15:00:41.758][9][Normal][KGameServer.DBManager.ValidateUserFromSource_Self]	sql:SELECT id FROM kgame.tbl_user where UserName=?UserName and PWD=?Password and ISNULL(SOURCE)

[20160805 15:00:41.758][9][Normal][KGameServer.DBManager.ValidateUserFromSource_Self]	userid=46

[20160805 15:00:41.759][9][Normal][KGameServer.PlayerConnection.ProcessUserLogin]	useridRet=46

[20160805 15:00:43.872][9][Normal][KGameServer.PlayerConnection.ProcessUserLogin]	发送信息:1|t145u|

[20160805 15:00:43.878][25][Normal][KGameServer.ServerInst+<>c__DisplayClass4.<Init>b__3]	OnMessage:message=3|0|

[20160805 15:00:43.878][9][Normal][KGameServer.PlayerConnectionMap.GetPlayerConnection]	playerConnectionDict key count=1

[20160805 15:00:43.878][9][Normal][KGameServer.MatchMaker.BeginNewMatchForSinglePlayer]	准备开始一场单人游戏:[192.168.16.250:59501][46:t145u]

[20160805 15:00:43.879][9][Normal][KGameServer.Match.Start]	1人局开始: [46:] 

[20160805 15:00:43.879][9][Normal][KGameServer.HisDataMng.RequestHistoryData]	RequestHistoryData 请求

[20160805 15:00:43.879][11][Normal][KGameServer.HisDataMng.MainProcessThread]	hisDataRequestList 出队，hisDataRequestList中个数为:1

[20160805 15:00:43.879][9][Normal][KGameServer.HisDataMng.RequestHistoryData]	入队结束

[20160805 15:00:43.890][11][Normal][KGameServer.HisDataMng.MainProcessThread]	数据库已经打开

[20160805 15:00:43.890][11][Normal][KGameServer.HisDataMng.RefreshCodeInfoList]	mutexForCodeInfoDict Passed

[20160805 15:00:43.900][11][Normal][KGameServer.HisDataMng.RefreshCodeInfoList]	mutexForCodeInfoDict Released

[20160805 15:00:43.901][11][Normal][KGameServer.HisDataMng.MainProcessThread]	RefreshCodeInfoList 已经完成

[20160805 15:00:43.901][11][Normal][KGameServer.HisDataMng.ProcessHisDataRequest]	ProcessHisDataRequest hisDataRequest

[20160805 15:00:43.901][11][Normal][KGameServer.HisDataMng.ProcessHisDataRequest]	codeInfoDict.Keys.Count=91

[20160805 15:00:43.901][11][Normal][KGameServer.HisDataMng.ProcessHisDataRequest]	codeInfoIndex=45

[20160805 15:00:43.901][11][Normal][KGameServer.HisDataMng.ProcessHisDataRequest]	totalCandleCount=360

[20160805 15:00:43.901][11][Normal][KGameServer.HisDataMng.ProcessHisDataRequest]	codeInfo=IC主连 CCFX

[20160805 15:00:43.901][11][Normal][KGameServer.HisDataMng.ProcessHisDataRequest]	总个数不够count=271，重新取

[20160805 15:00:43.902][11][Normal][KGameServer.HisDataMng.ProcessHisDataRequest]	codeInfoDict.Keys.Count=91

[20160805 15:00:43.902][11][Normal][KGameServer.HisDataMng.ProcessHisDataRequest]	codeInfoIndex=20

[20160805 15:00:43.902][11][Normal][KGameServer.HisDataMng.ProcessHisDataRequest]	totalCandleCount=360

[20160805 15:00:43.902][11][Normal][KGameServer.HisDataMng.ProcessHisDataRequest]	codeInfo=焦煤指数 XDCE

[20160805 15:00:43.902][11][Normal][KGameServer.HisDataMng.ProcessHisDataRequest]	随机数据，codeInfo=焦煤指数 XDCE ,startIndex=388

[20160805 15:00:43.946][11][Normal][KGameServer.HisDataMng.ProcessHisDataRequest]	获得到了历史数据，开始调用回调函数

[20160805 15:00:43.989][11][Normal][KGameServer.DBManager.AddNewMatchInfo]	New Match added to database match id=49

[20160805 15:00:43.991][11][Normal][KGameServer.HisDataMng.MainProcessThread]	ProcessHisDataRequest 已经结束

[20160805 15:00:43.991][11][Normal][KGameServer.HisDataMng.MainProcessThread]	数据库已经关闭

[20160805 15:00:51.743][23][Normal][KGameServer.ServerInst+<>c__DisplayClass4.<Init>b__3]	OnMessage:message=6|11|

[20160805 15:00:51.743][9][Normal][KGameServer.PlayerConnectionMap.GetPlayerConnection]	playerConnectionDict key count=1

[20160805 15:00:53.148][25][Normal][KGameServer.ServerInst+<>c__DisplayClass4.<Init>b__3]	OnMessage:message=7|23|

[20160805 15:00:53.148][9][Normal][KGameServer.PlayerConnectionMap.GetPlayerConnection]	playerConnectionDict key count=1

[20160805 15:00:54.919][23][Normal][KGameServer.ServerInst+<>c__DisplayClass4.<Init>b__3]	OnMessage:message=6|38|

[20160805 15:00:54.919][9][Normal][KGameServer.PlayerConnectionMap.GetPlayerConnection]	playerConnectionDict key count=1

[20160805 15:00:56.470][23][Normal][KGameServer.ServerInst+<>c__DisplayClass4.<Init>b__3]	OnMessage:message=7|49|

[20160805 15:00:56.470][9][Normal][KGameServer.PlayerConnectionMap.GetPlayerConnection]	playerConnectionDict key count=1

[20160805 15:00:57.935][25][Normal][KGameServer.ServerInst+<>c__DisplayClass4.<Init>b__3]	OnMessage:message=6|58|

[20160805 15:00:57.935][9][Normal][KGameServer.PlayerConnectionMap.GetPlayerConnection]	playerConnectionDict key count=1

[20160805 15:00:59.714][23][Normal][KGameServer.ServerInst+<>c__DisplayClass4.<Init>b__3]	OnMessage:message=7|71|

[20160805 15:00:59.715][9][Normal][KGameServer.PlayerConnectionMap.GetPlayerConnection]	playerConnectionDict key count=1

[20160805 15:01:01.952][23][Normal][KGameServer.ServerInst+<>c__DisplayClass4.<Init>b__3]	OnMessage:message=6|87|

[20160805 15:01:01.953][9][Normal][KGameServer.PlayerConnectionMap.GetPlayerConnection]	playerConnectionDict key count=1

[20160805 15:01:03.923][23][Normal][KGameServer.ServerInst+<>c__DisplayClass4.<Init>b__3]	OnMessage:message=7|101|

[20160805 15:01:03.924][9][Normal][KGameServer.PlayerConnectionMap.GetPlayerConnection]	playerConnectionDict key count=1

[20160805 15:01:04.925][25][Normal][KGameServer.ServerInst+<>c__DisplayClass4.<Init>b__3]	OnMessage:message=7|106|

[20160805 15:01:04.926][9][Normal][KGameServer.PlayerConnectionMap.GetPlayerConnection]	playerConnectionDict key count=1

[20160805 15:01:06.302][23][Normal][KGameServer.ServerInst+<>c__DisplayClass4.<Init>b__3]	OnMessage:message=6|115|

[20160805 15:01:06.302][9][Normal][KGameServer.PlayerConnectionMap.GetPlayerConnection]	playerConnectionDict key count=1

[20160805 15:01:06.966][25][Normal][KGameServer.ServerInst+<>c__DisplayClass4.<Init>b__3]	OnMessage:message=E||

[20160805 15:01:06.968][9][Normal][KGameServer.PlayerConnectionMap.GetPlayerConnection]	playerConnectionDict key count=1

[20160805 15:01:06.968][9][Normal][KGameServer.PlayerConnection.SendMatchEndString]	发送结束对局信息到:t145u，信息内容为:F|1#t145u#-6.87#0#焦煤指数(大商所)#2014-4-24#2014-10-21|

[20160805 16:27:06.057][29][Normal][KGameServer.ServerInst+<>c__DisplayClass4.<Init>b__1]	OnOpen

[20160805 16:27:06.057][9][Normal][KGameServer.ServerInst.SocketConnected]	Entered SocketConnected

[20160805 16:27:06.058][9][Normal][KGameServer.ServerInst.SocketConnected]	Connected

[20160805 16:27:06.058][9][Normal][KGameServer.ServerInst.ProcessPreReceievedMessage]	为连接:[192.168.16.250:63905][0:] 处理没有来源的消息

[20160805 16:27:06.058][9][Normal][KGameServer.ServerInst.ProcessPreReceievedMessage]	noResourceMessageDict中，无来源的消息共有0 个来源

[20160805 16:27:06.072][31][Normal][KGameServer.ServerInst+<>c__DisplayClass4.<Init>b__3]	OnMessage:message=A||

[20160805 16:27:06.072][9][Normal][KGameServer.PlayerConnectionMap.GetPlayerConnection]	playerConnectionDict key count=2

[20160805 16:27:06.100][9][Normal][KGameServer.PlayerConnection.ProcessUserQuickLogin]	快速登录成功:B|t146u#408113|

[20160805 16:27:06.106][29][Normal][KGameServer.ServerInst+<>c__DisplayClass4.<Init>b__3]	OnMessage:message=0|t146u#408113#null|

[20160805 16:27:06.107][9][Normal][KGameServer.PlayerConnectionMap.GetPlayerConnection]	playerConnectionDict key count=2

[20160805 16:27:06.107][9][Normal][KGameServer.PlayerConnection.ProcessUserLogin]	用户登录,用户名:t146u 密码:408113 来源:null

[20160805 16:27:06.107][9][Normal][KGameServer.DBManager.ValidateUser]	ValidateUser username=t146u password=408113 source=null

[20160805 16:27:06.114][9][Normal][KGameServer.DBManager.ValidateUserFromSource_Self]	sql:SELECT id FROM kgame.tbl_user where UserName=?UserName and PWD=?Password and ISNULL(SOURCE)

[20160805 16:27:06.115][9][Normal][KGameServer.DBManager.ValidateUserFromSource_Self]	userid=47

[20160805 16:27:06.115][9][Normal][KGameServer.PlayerConnection.ProcessUserLogin]	useridRet=47

[20160805 16:27:08.009][9][Normal][KGameServer.PlayerConnection.ProcessUserLogin]	发送信息:1|t146u|

[20160805 16:27:08.017][30][Normal][KGameServer.ServerInst+<>c__DisplayClass4.<Init>b__3]	OnMessage:message=3|0|

[20160805 16:27:08.018][9][Normal][KGameServer.PlayerConnectionMap.GetPlayerConnection]	playerConnectionDict key count=2

[20160805 16:27:08.018][9][Normal][KGameServer.MatchMaker.BeginNewMatchForSinglePlayer]	准备开始一场单人游戏:[192.168.16.250:63905][47:t146u]

[20160805 16:27:08.018][9][Normal][KGameServer.Match.Start]	1人局开始: [47:] 

[20160805 16:27:08.018][9][Normal][KGameServer.HisDataMng.RequestHistoryData]	RequestHistoryData 请求

[20160805 16:27:08.018][11][Normal][KGameServer.HisDataMng.MainProcessThread]	hisDataRequestList 出队，hisDataRequestList中个数为:1

[20160805 16:27:08.018][9][Normal][KGameServer.HisDataMng.RequestHistoryData]	入队结束

[20160805 16:27:08.025][11][Normal][KGameServer.HisDataMng.MainProcessThread]	数据库已经打开

[20160805 16:27:08.025][11][Normal][KGameServer.HisDataMng.RefreshCodeInfoList]	mutexForCodeInfoDict Passed

[20160805 16:27:08.035][11][Normal][KGameServer.HisDataMng.RefreshCodeInfoList]	mutexForCodeInfoDict Released

[20160805 16:27:08.035][11][Normal][KGameServer.HisDataMng.MainProcessThread]	RefreshCodeInfoList 已经完成

[20160805 16:27:08.035][11][Normal][KGameServer.HisDataMng.ProcessHisDataRequest]	ProcessHisDataRequest hisDataRequest

[20160805 16:27:08.035][11][Normal][KGameServer.HisDataMng.ProcessHisDataRequest]	codeInfoDict.Keys.Count=91

[20160805 16:27:08.035][11][Normal][KGameServer.HisDataMng.ProcessHisDataRequest]	codeInfoIndex=53

[20160805 16:27:08.035][11][Normal][KGameServer.HisDataMng.ProcessHisDataRequest]	totalCandleCount=360

[20160805 16:27:08.035][11][Normal][KGameServer.HisDataMng.ProcessHisDataRequest]	codeInfo=晚稻主连 XZCE

[20160805 16:27:08.036][11][Normal][KGameServer.HisDataMng.ProcessHisDataRequest]	总个数不够count=194，重新取

[20160805 16:27:08.036][11][Normal][KGameServer.HisDataMng.ProcessHisDataRequest]	codeInfoDict.Keys.Count=91

[20160805 16:27:08.036][11][Normal][KGameServer.HisDataMng.ProcessHisDataRequest]	codeInfoIndex=51

[20160805 16:27:08.036][11][Normal][KGameServer.HisDataMng.ProcessHisDataRequest]	totalCandleCount=360

[20160805 16:27:08.036][11][Normal][KGameServer.HisDataMng.ProcessHisDataRequest]	codeInfo=塑料主连 XDCE

[20160805 16:27:08.036][11][Normal][KGameServer.HisDataMng.ProcessHisDataRequest]	随机数据，codeInfo=塑料主连 XDCE ,startIndex=1037

[20160805 16:27:08.075][11][Normal][KGameServer.HisDataMng.ProcessHisDataRequest]	获得到了历史数据，开始调用回调函数

[20160805 16:27:08.117][11][Normal][KGameServer.DBManager.AddNewMatchInfo]	New Match added to database match id=50

[20160805 16:27:08.117][11][Normal][KGameServer.HisDataMng.MainProcessThread]	ProcessHisDataRequest 已经结束

[20160805 16:27:08.118][11][Normal][KGameServer.HisDataMng.MainProcessThread]	数据库已经关闭

[20160805 16:27:31.542][33][Normal][KGameServer.ServerInst+<>c__DisplayClass4.<Init>b__3]	OnMessage:message=E||

[20160805 16:27:31.542][9][Normal][KGameServer.PlayerConnectionMap.GetPlayerConnection]	playerConnectionDict key count=2

[20160805 16:27:31.543][9][Normal][KGameServer.PlayerConnection.SendMatchEndString]	发送结束对局信息到:t146u，信息内容为:F|1#t146u#0.00#0#塑料主连(大商所)#2011-8-16#2012-2-16|

[20160805 16:27:39.117][9][Normal][KGameServer.PlayerConnectionMap.GetPlayerConnection]	playerConnectionDict key count=2

[20160805 16:27:39.118][9][Normal][KGameServer.ServerInst.ClosePlayerConnection]	ClosePlayerConnection Call

[20160805 16:27:39.118][9][Normal][KGameServer.PlayerConnection.SendMatchEndString]	发送结束对局信息到:t146u，信息内容为:F|1#t146u#0.00#0#塑料主连(大商所)#2011-8-16#2012-2-16|

2016-8-5 下午 4:27:39 [Warn] Data sent while closing or after close. Ignoring. 
[20160805 16:27:39.118][9][Normal][KGameServer.ServerInst.ClosePlayerConnection]	Closed

