2016-8-19 上午 9:09:02 [Info] Server started at ws://192.168.16.250:8484 (actual port 8484) 
[20160819 09:09:10.538][16][Normal][KGameServer.ServerInst+<>c__DisplayClass4.<Init>b__1]	OnOpen

[20160819 09:09:10.540][10][Normal][KGameServer.ServerInst.SocketConnected]	Entered SocketConnected

[20160819 09:09:10.541][10][Normal][KGameServer.ServerInst.SocketConnected]	Connected

[20160819 09:09:10.545][10][Normal][KGameServer.ServerInst.ProcessPreReceievedMessage]	为连接:[192.168.16.250:55162][0:] 处理没有来源的消息

[20160819 09:09:10.545][10][Normal][KGameServer.ServerInst.ProcessPreReceievedMessage]	noResourceMessageDict中，无来源的消息共有0 个来源

[20160819 09:09:10.548][18][Normal][KGameServer.ServerInst+<>c__DisplayClass4.<Init>b__3]	OnMessage:message=A||

[20160819 09:09:10.550][10][Normal][KGameServer.PlayerConnectionMap.GetPlayerConnection]	playerConnectionDict key count=1

[20160819 09:09:10.892][10][Normal][KGameServer.PlayerConnection.ProcessUserQuickLogin]	快速登录成功:B|c153e#525896|

[20160819 09:09:10.901][17][Normal][KGameServer.ServerInst+<>c__DisplayClass4.<Init>b__3]	OnMessage:message=0|c153e#525896#null|

[20160819 09:09:10.901][10][Normal][KGameServer.PlayerConnectionMap.GetPlayerConnection]	playerConnectionDict key count=1

[20160819 09:09:10.903][10][Normal][KGameServer.PlayerConnection.ProcessUserLogin]	用户登录,用户名:c153e 密码:525896 来源:null

[20160819 09:09:10.904][10][Normal][KGameServer.DBManager.ValidateUser]	ValidateUser username=c153e password=525896 source=null

[20160819 09:09:10.912][10][Normal][KGameServer.DBManager.ValidateUserFromSource_Self]	sql:SELECT id FROM kgame.tbl_user where UserName=?UserName and PWD=?Password and ISNULL(SOURCE)

[20160819 09:09:10.914][10][Normal][KGameServer.DBManager.ValidateUserFromSource_Self]	userid=112

[20160819 09:09:10.915][10][Normal][KGameServer.PlayerConnection.ProcessUserLogin]	useridRet=112

[20160819 09:09:15.344][10][Normal][KGameServer.PlayerConnection.ProcessUserLogin]	发送信息:1|c153e|

[20160819 09:09:15.357][16][Normal][KGameServer.ServerInst+<>c__DisplayClass4.<Init>b__3]	OnMessage:message=3|0|

[20160819 09:09:15.357][10][Normal][KGameServer.PlayerConnectionMap.GetPlayerConnection]	playerConnectionDict key count=1

[20160819 09:09:16.117][10][Normal][KGameServer.MatchMaker.BeginNewMatchForSinglePlayer]	准备开始一场单人游戏:[192.168.16.250:55162][112:c153e]

[20160819 09:09:16.121][10][Normal][KGameServer.Match.Start]	1人局开始: [112:] 

[20160819 09:09:17.257][10][Normal][KGameServer.HisDataMng.RequestHistoryData]	RequestHistoryData 请求

[20160819 09:09:17.258][10][Normal][KGameServer.HisDataMng.RequestHistoryData]	入队结束

[20160819 09:09:17.258][12][Normal][KGameServer.HisDataMng.MainProcessThread]	hisDataRequestList 出队，hisDataRequestList中个数为:1

[20160819 09:09:17.288][12][Normal][KGameServer.HisDataMng.MainProcessThread]	数据库已经打开

[20160819 09:09:19.475][12][Normal][KGameServer.HisDataMng.RefreshCodeInfoList]	mutexForCodeInfoDict Passed

[20160819 09:09:19.493][12][Normal][KGameServer.HisDataMng.RefreshCodeInfoList]	mutexForCodeInfoDict Released

[20160819 09:09:19.493][12][Normal][KGameServer.HisDataMng.MainProcessThread]	RefreshCodeInfoList 已经完成

[20160819 09:09:20.506][12][Normal][KGameServer.HisDataMng.ProcessHisDataRequest]	ProcessHisDataRequest hisDataRequest matchID

