2016-8-9 上午 9:49:32 [Info] Server started at ws://192.168.16.250:8484 (actual port 8484) 
[20160809 09:49:39.328][17][Normal][KGameServer.ServerInst+<>c__DisplayClass4.<Init>b__1]	OnOpen

[20160809 09:49:39.330][10][Normal][KGameServer.ServerInst.SocketConnected]	Entered SocketConnected

[20160809 09:49:39.331][10][Normal][KGameServer.ServerInst.SocketConnected]	Connected

[20160809 09:49:39.335][10][Normal][KGameServer.ServerInst.ProcessPreReceievedMessage]	为连接:[192.168.16.250:51488][0:] 处理没有来源的消息

[20160809 09:49:39.335][10][Normal][KGameServer.ServerInst.ProcessPreReceievedMessage]	noResourceMessageDict中，无来源的消息共有0 个来源

[20160809 09:49:39.337][16][Normal][KGameServer.ServerInst+<>c__DisplayClass4.<Init>b__3]	OnMessage:message=A||

[20160809 09:49:39.338][10][Normal][KGameServer.PlayerConnectionMap.GetPlayerConnection]	playerConnectionDict key count=1

[20160809 09:49:39.541][10][Normal][KGameServer.PlayerConnection.ProcessUserQuickLogin]	快速登录成功:B|c102a#517901|

[20160809 09:49:39.552][18][Normal][KGameServer.ServerInst+<>c__DisplayClass4.<Init>b__3]	OnMessage:message=0|c102a#517901#null|

[20160809 09:49:39.552][10][Normal][KGameServer.PlayerConnectionMap.GetPlayerConnection]	playerConnectionDict key count=1

[20160809 09:49:39.554][10][Normal][KGameServer.PlayerConnection.ProcessUserLogin]	用户登录,用户名:c102a 密码:517901 来源:null

[20160809 09:49:39.555][10][Normal][KGameServer.DBManager.ValidateUser]	ValidateUser username=c102a password=517901 source=null

[20160809 09:49:43.686][10][Normal][KGameServer.DBManager.ValidateUserFromSource_Self]	sql:SELECT id FROM kgame.tbl_user where UserName=?UserName and PWD=?Password and ISNULL(SOURCE)

[20160809 09:49:43.689][10][Normal][KGameServer.DBManager.ValidateUserFromSource_Self]	userid=61

[20160809 09:49:43.689][10][Normal][KGameServer.PlayerConnection.ProcessUserLogin]	useridRet=61

[20160809 09:49:45.080][10][Normal][KGameServer.PlayerConnection.ProcessUserLogin]	发送信息:1|c102a|

[20160809 09:49:45.084][18][Normal][KGameServer.ServerInst+<>c__DisplayClass4.<Init>b__3]	OnMessage:message=3|0|

[20160809 09:49:45.084][10][Normal][KGameServer.PlayerConnectionMap.GetPlayerConnection]	playerConnectionDict key count=1

[20160809 09:49:45.086][10][Normal][KGameServer.MatchMaker.BeginNewMatchForSinglePlayer]	准备开始一场单人游戏:[192.168.16.250:51488][61:c102a]

[20160809 09:49:45.091][10][Normal][KGameServer.Match.Start]	1人局开始: [61:] 

[20160809 09:49:45.092][10][Normal][KGameServer.HisDataMng.RequestHistoryData]	RequestHistoryData 请求

[20160809 09:49:45.092][10][Normal][KGameServer.HisDataMng.RequestHistoryData]	入队结束

[20160809 09:49:45.092][12][Normal][KGameServer.HisDataMng.MainProcessThread]	hisDataRequestList 出队，hisDataRequestList中个数为:1

[20160809 09:49:45.123][12][Normal][KGameServer.HisDataMng.MainProcessThread]	数据库已经打开

[20160809 09:49:45.126][12][Normal][KGameServer.HisDataMng.RefreshCodeInfoList]	mutexForCodeInfoDict Passed

[20160809 09:49:45.138][12][Normal][KGameServer.HisDataMng.RefreshCodeInfoList]	mutexForCodeInfoDict Released

[20160809 09:49:45.138][12][Normal][KGameServer.HisDataMng.MainProcessThread]	RefreshCodeInfoList 已经完成

[20160809 09:49:45.145][12][Normal][KGameServer.HisDataMng.ProcessHisDataRequest]	ProcessHisDataRequest hisDataRequest

[20160809 09:49:45.145][12][Normal][KGameServer.HisDataMng.ProcessHisDataRequest]	codeInfoDict.Keys.Count=2833

[20160809 09:49:45.145][12][Normal][KGameServer.HisDataMng.ProcessHisDataRequest]	codeInfoIndex=1933

[20160809 09:49:45.146][12][Normal][KGameServer.HisDataMng.ProcessHisDataRequest]	totalCandleCount=360

[20160809 09:49:45.146][12][Normal][KGameServer.HisDataMng.ProcessHisDataRequest]	codeInfo=600220 XSHG

[20160809 09:49:45.146][12][Normal][KGameServer.HisDataMng.ProcessHisDataRequest]	随机数据，codeInfo=600220 XSHG ,startIndex=228

[20160809 09:49:45.356][12][Normal][KGameServer.HisDataMng.ProcessHisDataRequest]	获得到了历史数据，开始调用回调函数

[20160809 09:49:45.408][12][Normal][KGameServer.DBManager.AddNewMatchInfo]	New Match added to database match id=68

[20160809 09:49:45.411][12][Normal][KGameServer.HisDataMng.MainProcessThread]	ProcessHisDataRequest 已经结束

[20160809 09:49:45.411][12][Normal][KGameServer.HisDataMng.MainProcessThread]	数据库已经关闭

[20160809 09:49:52.527][16][Normal][KGameServer.ServerInst+<>c__DisplayClass4.<Init>b__3]	OnMessage:message=6|13|

[20160809 09:49:52.527][10][Normal][KGameServer.PlayerConnectionMap.GetPlayerConnection]	playerConnectionDict key count=1

[20160809 09:50:00.244][16][Normal][KGameServer.ServerInst+<>c__DisplayClass4.<Init>b__3]	OnMessage:message=7|78|

[20160809 09:50:00.245][10][Normal][KGameServer.PlayerConnectionMap.GetPlayerConnection]	playerConnectionDict key count=1

[20160809 09:50:56.100][16][Normal][KGameServer.ServerInst+<>c__DisplayClass4.<Init>b__3]	OnMessage:message=E||

[20160809 09:50:56.100][10][Normal][KGameServer.PlayerConnectionMap.GetPlayerConnection]	playerConnectionDict key count=1

[20160809 09:50:56.107][10][Normal][KGameServer.PlayerConnection.SendMatchEndString]	发送结束对局信息到:c102a，信息内容为:F|1#c102a#20.76#0#600220(上证)#2014-11-25#2015-5-22|

