2016/5/27 13:10:19 [Info] Server started at ws://192.168.16.250:8484 (actual port 8484) 
[20160527 13:10:26.689][17][Normal][KGameServer.ServerInst+<>c__DisplayClass4.<Init>b__1]	OnOpen

[20160527 13:10:26.691][11][Normal][KGameServer.ServerInst.SocketConnected]	Entered SocketConnected

[20160527 13:10:26.691][11][Normal][KGameServer.ServerInst.SocketConnected]	Connected

[20160527 13:10:26.694][11][Normal][KGameServer.ServerInst.ProcessPreReceievedMessage]	为连接:[192.168.16.250:46383][0:] 处理没有来源的消息

[20160527 13:10:26.694][11][Normal][KGameServer.ServerInst.ProcessPreReceievedMessage]	noResourceMessageDict中，无来源的消息共有0 个来源

[20160527 13:10:26.698][20][Normal][KGameServer.ServerInst+<>c__DisplayClass4.<Init>b__3]	OnMessage:message=0|v100a#303120#null|

[20160527 13:10:26.698][11][Normal][KGameServer.PlayerConnectionMap.GetPlayerConnection]	playerConnectionDict key count=1

[20160527 13:10:26.702][11][Normal][KGameServer.PlayerConnection.ProcessUserLogin]	用户登录,用户名:v100a 密码:303120 来源:null

[20160527 13:10:26.703][11][Normal][KGameServer.DBManager.ValidateUser]	ValidateUser username=v100a password=303120 source=null

[20160527 13:10:26.815][11][Normal][KGameServer.DBManager.ValidateUserFromSource_Self]	sql:SELECT id FROM kgame.tbl_user where UserName=?UserName and PWD=?Password and ISNULL(SOURCE)

[20160527 13:10:26.819][11][Normal][KGameServer.DBManager.ValidateUserFromSource_Self]	userid=1

[20160527 13:10:26.821][11][Normal][KGameServer.PlayerConnection.ProcessUserLogin]	useridRet=1

[20160527 13:10:26.822][11][Normal][KGameServer.PlayerConnection.ProcessUserLogin]	发送信息:1|v100a|

[20160527 13:10:26.826][17][Normal][KGameServer.ServerInst+<>c__DisplayClass4.<Init>b__3]	OnMessage:message=3|0|

[20160527 13:10:26.826][11][Normal][KGameServer.PlayerConnectionMap.GetPlayerConnection]	playerConnectionDict key count=1

[20160527 13:10:26.827][11][Normal][KGameServer.MatchMaker.BeginNewMatchForSinglePlayer]	准备开始一场单人游戏:[192.168.16.250:46383][1:v100a]

[20160527 13:10:26.829][11][Normal][KGameServer.Match.Start]	1人局开始: [1:] 

[20160527 13:10:26.829][11][Normal][KGameServer.HisDataMng.RequestHistoryData]	RequestHistoryData 请求

[20160527 13:10:26.830][11][Normal][KGameServer.HisDataMng.RequestHistoryData]	入队结束

[20160527 13:10:26.830][13][Normal][KGameServer.HisDataMng.MainProcessThread]	hisDataRequestList 出队，hisDataRequestList中个数为:1

[20160527 13:10:26.839][13][Normal][KGameServer.HisDataMng.MainProcessThread]	数据库已经打开

[20160527 13:10:26.842][13][Normal][KGameServer.HisDataMng.RefreshCodeInfoList]	mutexForCodeInfoDict Passed

