2016-8-12 下午 3:16:56 [Info] Server started at ws://192.168.16.250:8484 (actual port 8484) 
[20160812 15:17:06.943][16][Normal][KGameServer.ServerInst+<>c__DisplayClass4.<Init>b__1]	OnOpen

[20160812 15:17:06.945][10][Normal][KGameServer.ServerInst.SocketConnected]	Entered SocketConnected

[20160812 15:17:06.946][10][Normal][KGameServer.ServerInst.SocketConnected]	Connected

[20160812 15:17:06.949][10][Normal][KGameServer.ServerInst.ProcessPreReceievedMessage]	为连接:[192.168.16.250:53386][0:] 处理没有来源的消息

[20160812 15:17:06.950][10][Normal][KGameServer.ServerInst.ProcessPreReceievedMessage]	noResourceMessageDict中，无来源的消息共有0 个来源

[20160812 15:17:06.952][6][Normal][KGameServer.ServerInst+<>c__DisplayClass4.<Init>b__3]	OnMessage:message=A||

[20160812 15:17:06.954][10][Normal][KGameServer.PlayerConnectionMap.GetPlayerConnection]	playerConnectionDict key count=1

[20160812 15:17:07.168][10][Normal][KGameServer.PlayerConnection.ProcessUserQuickLogin]	快速登录成功:B|v109a#909671|

[20160812 15:17:07.178][17][Normal][KGameServer.ServerInst+<>c__DisplayClass4.<Init>b__3]	OnMessage:message=0|v109a#909671#null|

[20160812 15:17:07.178][10][Normal][KGameServer.PlayerConnectionMap.GetPlayerConnection]	playerConnectionDict key count=1

[20160812 15:17:07.179][10][Normal][KGameServer.PlayerConnection.ProcessUserLogin]	用户登录,用户名:v109a 密码:909671 来源:null

[20160812 15:17:07.180][10][Normal][KGameServer.DBManager.ValidateUser]	ValidateUser username=v109a password=909671 source=null

[20160812 15:17:07.188][10][Normal][KGameServer.DBManager.ValidateUserFromSource_Self]	sql:SELECT id FROM kgame.tbl_user where UserName=?UserName and PWD=?Password and ISNULL(SOURCE)

[20160812 15:17:07.190][10][Normal][KGameServer.DBManager.ValidateUserFromSource_Self]	userid=68

[20160812 15:17:07.190][10][Normal][KGameServer.PlayerConnection.ProcessUserLogin]	useridRet=68

[20160812 15:17:08.542][10][Normal][KGameServer.PlayerConnection.ProcessUserLogin]	发送信息:1|v109a|

[20160812 15:17:08.548][17][Normal][KGameServer.ServerInst+<>c__DisplayClass4.<Init>b__3]	OnMessage:message=3|0|

[20160812 15:17:08.548][10][Normal][KGameServer.PlayerConnectionMap.GetPlayerConnection]	playerConnectionDict key count=1

[20160812 15:17:08.550][10][Normal][KGameServer.MatchMaker.BeginNewMatchForSinglePlayer]	准备开始一场单人游戏:[192.168.16.250:53386][68:v109a]

[20160812 15:17:08.556][10][Normal][KGameServer.Match.Start]	1人局开始: [68:] 

[20160812 15:17:08.556][10][Normal][KGameServer.HisDataMng.RequestHistoryData]	RequestHistoryData 请求

[20160812 15:17:08.557][10][Normal][KGameServer.HisDataMng.RequestHistoryData]	入队结束

[20160812 15:17:08.559][12][Normal][KGameServer.HisDataMng.MainProcessThread]	hisDataRequestList 出队，hisDataRequestList中个数为:1

[20160812 15:17:08.604][12][Normal][KGameServer.HisDataMng.MainProcessThread]	数据库已经打开

[20160812 15:17:08.606][12][Normal][KGameServer.HisDataMng.RefreshCodeInfoList]	mutexForCodeInfoDict Passed

[20160812 15:17:08.619][12][Normal][KGameServer.HisDataMng.RefreshCodeInfoList]	mutexForCodeInfoDict Released

[20160812 15:17:08.619][12][Normal][KGameServer.HisDataMng.MainProcessThread]	RefreshCodeInfoList 已经完成

[20160812 15:17:08.626][12][Normal][KGameServer.HisDataMng.ProcessHisDataRequest]	ProcessHisDataRequest hisDataRequest

[20160812 15:17:08.626][12][Normal][KGameServer.HisDataMng.ProcessHisDataRequest]	codeInfoDict.Keys.Count=2833

[20160812 15:17:08.626][12][Normal][KGameServer.HisDataMng.ProcessHisDataRequest]	codeInfoIndex=2363

[20160812 15:17:08.626][12][Normal][KGameServer.HisDataMng.ProcessHisDataRequest]	totalCandleCount=360

[20160812 15:17:08.627][12][Normal][KGameServer.HisDataMng.ProcessHisDataRequest]	codeInfo=600733 XSHG

[20160812 15:17:08.627][12][Normal][KGameServer.HisDataMng.ProcessHisDataRequest]	随机数据，codeInfo=600733 XSHG ,startIndex=2154

[20160812 15:17:08.768][12][Normal][KGameServer.HisDataMng.ProcessHisDataRequest]	获得到了历史数据，开始调用回调函数

[20160812 15:17:08.824][12][Normal][KGameServer.DBManager.AddNewMatchInfo]	New Match added to database match id=77

[20160812 15:17:08.827][12][Normal][KGameServer.HisDataMng.MainProcessThread]	ProcessHisDataRequest 已经结束

[20160812 15:17:08.827][12][Normal][KGameServer.HisDataMng.MainProcessThread]	数据库已经关闭

[20160812 15:17:16.466][6][Normal][KGameServer.ServerInst+<>c__DisplayClass4.<Init>b__3]	OnMessage:message=6|10|

[20160812 15:17:16.467][10][Normal][KGameServer.PlayerConnectionMap.GetPlayerConnection]	playerConnectionDict key count=1

[20160812 15:17:17.407][10][Normal][KGameServer.Util.LogException]	You have an error in your SQL syntax; check the manual that corresponds to your MySQL server version for the right syntax to use near '',10',True',0)' at line 1

[20160812 15:17:17.419][10][Normal][KGameServer.Util.LogException]	   在 MySql.Data.MySqlClient.MySqlStream.OpenPacket()
   在 MySql.Data.MySqlClient.NativeDriver.ReadResult(UInt64& affectedRows, Int64& lastInsertId)
   在 MySql.Data.MySqlClient.MySqlDataReader.GetResultSet()
   在 MySql.Data.MySqlClient.MySqlDataReader.NextResult()
   在 MySql.Data.MySqlClient.MySqlCommand.ExecuteReader(CommandBehavior behavior)
   在 MySql.Data.MySqlClient.MySqlCommand.ExecuteReader()
   在 MySql.Data.MySqlClient.MySqlCommand.ExecuteScalar()
   在 KGameServer.DBManager.AddNewTraderecordInfo(PlayerConnection playerConnection, Int32 matchID, Int32 index, Boolean isBuy) 位置 C:\KGameServer\KGameServer\DBManager.cs:行号 489

[20160812 15:17:17.419][10][Normal][KGameServer.Match.ProcessUserOperation]	由于未能添加用户买卖的信息数据库中，此次对局无法成功启动，返回。。。。。。

[20160812 15:17:17.424][10][Normal][KGameServer.PlayerConnection.SendMatchEndString]	发送结束对局信息到:v109a，信息内容为:F|1#v109a#0.00#0#600733(上证)#2006-9-4#2007-5-25|

[20160812 15:17:40.729][6][Normal][KGameServer.ServerInst+<>c__DisplayClass4.<Init>b__3]	OnMessage:message=E||

[20160812 15:17:40.730][10][Normal][KGameServer.PlayerConnectionMap.GetPlayerConnection]	playerConnectionDict key count=1

[20160812 15:17:40.733][10][Normal][KGameServer.PlayerConnection.SendMatchEndString]	发送结束对局信息到:v109a，信息内容为:F|1#v109a#0.00#0#600733(上证)#2006-9-4#2007-5-25|

