2016/5/13 11:09:17 [Info] Server started at ws://192.168.16.250:8484 (actual port 8484) 
[20160513 11:09:43.462][10][Normal][KGameServer.ServerInst+<>c__DisplayClass4.<Init>b__1]	OnOpen

[20160513 11:09:43.463][9][Normal][KGameServer.ServerInst+<>c__DisplayClass4.<Init>b__3]	OnMessage:message=0|v100a#303120#null|

[20160513 11:09:43.464][3][Normal][KGameServer.ServerInst.SocketConnected]	Entered SocketConnected

[20160513 11:09:43.465][3][Normal][KGameServer.ServerInst.SocketConnected]	Connected

[20160513 11:09:43.468][3][Normal][KGameServer.ServerInst.ProcessPreReceievedMessage]	为连接:[192.168.16.250:11721][0:] 处理没有来源的消息

[20160513 11:09:43.468][3][Normal][KGameServer.ServerInst.ProcessPreReceievedMessage]	noResourceMessageDict中，无来源的消息共有0 个来源

[20160513 11:09:43.469][3][Normal][KGameServer.PlayerConnectionMap.GetPlayerConnection]	playerConnectionDict key count=1

[20160513 11:09:43.475][3][Normal][KGameServer.PlayerConnection.ProcessUserLogin]	用户登录,用户名:v100a 密码:303120 来源:null

[20160513 11:09:43.476][3][Normal][KGameServer.DBManager.ValidateUser]	ValidateUser username=v100a password=303120 source=null

[20160513 11:09:43.729][3][Normal][KGameServer.DBManager.ValidateUserFromSource_Self]	sql:SELECT id FROM kgame.tbl_user where UserName=?UserName and PWD=?Password and ISNULL(SOURCE)

[20160513 11:09:43.797][3][Normal][KGameServer.DBManager.ValidateUserFromSource_Self]	userid=1

[20160513 11:09:43.803][3][Normal][KGameServer.PlayerConnection.ProcessUserLogin]	useridRet=1

[20160513 11:09:43.805][3][Normal][KGameServer.PlayerConnectionMap.AddLoginedPlayer]	错误:用户ID为空

[20160513 11:09:43.805][3][Normal][KGameServer.PlayerConnection.ProcessUserLogin]	发送信息:1|v100a|

[20160513 11:09:43.809][10][Normal][KGameServer.ServerInst+<>c__DisplayClass4.<Init>b__3]	OnMessage:message=3|0|

[20160513 11:09:43.809][3][Normal][KGameServer.PlayerConnectionMap.GetPlayerConnection]	playerConnectionDict key count=1

[20160513 11:09:43.810][3][Normal][KGameServer.MatchMaker.BeginNewMatchForSinglePlayer]	准备开始一场单人游戏:[192.168.16.250:11721][1:v100a]

[20160513 11:09:43.812][3][Normal][KGameServer.Match.Start]	1人局开始: [1:] 

[20160513 11:09:43.861][5][Normal][KGameServer.HisDataMng.ProcessHisDataRequest]	codeInfoDict.Keys.Count=2833

[20160513 11:09:43.861][5][Normal][KGameServer.HisDataMng.ProcessHisDataRequest]	codeInfoIndex=818

[20160513 11:09:43.861][5][Normal][KGameServer.HisDataMng.ProcessHisDataRequest]	totalCandleCount=360

[20160513 11:09:43.862][5][Normal][KGameServer.HisDataMng.ProcessHisDataRequest]	codeInfo=002351 XSHE

[20160513 11:09:43.862][5][Normal][KGameServer.HisDataMng.ProcessHisDataRequest]	随机数据，codeInfo=002351 XSHE ,startIndex=845

[20160513 11:09:44.094][5][Normal][KGameServer.DBManager.AddNewMatchInfo]	New Match added to database match id=19

[20160513 11:09:57.916][9][Normal][KGameServer.ServerInst+<>c__DisplayClass4.<Init>b__3]	OnMessage:message=6|8|

[20160513 11:09:57.916][3][Normal][KGameServer.PlayerConnectionMap.GetPlayerConnection]	playerConnectionDict key count=1

[20160513 11:10:08.181][10][Normal][KGameServer.ServerInst+<>c__DisplayClass4.<Init>b__3]	OnMessage:message=7|18|

[20160513 11:10:08.181][3][Normal][KGameServer.PlayerConnectionMap.GetPlayerConnection]	playerConnectionDict key count=1

[20160513 11:10:14.858][10][Normal][KGameServer.ServerInst+<>c__DisplayClass4.<Init>b__3]	OnMessage:message=6|25|

[20160513 11:10:14.858][3][Normal][KGameServer.PlayerConnectionMap.GetPlayerConnection]	playerConnectionDict key count=1

[20160513 11:10:24.930][9][Normal][KGameServer.ServerInst+<>c__DisplayClass4.<Init>b__3]	OnMessage:message=7|35|

[20160513 11:10:24.930][3][Normal][KGameServer.PlayerConnectionMap.GetPlayerConnection]	playerConnectionDict key count=1

[20160513 11:12:39.024][14][Normal][KGameServer.ServerInst+<>c__DisplayClass4.<Init>b__3]	OnMessage:message=E||

[20160513 11:12:39.025][3][Normal][KGameServer.PlayerConnectionMap.GetPlayerConnection]	playerConnectionDict key count=1

[20160513 11:12:39.036][3][Normal][KGameServer.PlayerConnection.SendMatchEndString]	发送结束对局信息到:v100a，信息内容为:F|v100a#4.56#0#002351(深证)#2012/4/13#2012/10/9|

[20160513 11:12:45.418][3][Normal][KGameServer.PlayerConnectionMap.GetPlayerConnection]	playerConnectionDict key count=1

[20160513 11:12:45.418][3][Normal][KGameServer.ServerInst.ClosePlayerConnection]	ClosePlayerConnection Call

[20160513 11:12:45.420][3][Normal][KGameServer.PlayerConnection.SendMatchEndString]	发送结束对局信息到:v100a，信息内容为:F|v100a#4.56#0#002351(深证)#2012/4/13#2012/10/9|

2016/5/13 11:12:45 [Warn] Data sent while closing or after close. Ignoring. 
[20160513 11:12:45.423][3][Normal][KGameServer.ServerInst.ClosePlayerConnection]	Closed

