[20160812 14:29:16.432][23][Normal][KGameServer.ServerInst+<>c__DisplayClass4.<Init>b__3]	OnMessage:message=3|0|

[20160812 14:29:16.434][11][Normal][KGameServer.PlayerConnectionMap.GetPlayerConnection]	playerConnectionDict key count=1

[20160812 14:29:16.435][11][Normal][KGameServer.MatchMaker.BeginNewMatchForSinglePlayer]	准备开始一场单人游戏:[192.168.16.250:60150][64:r105e]

[20160812 14:29:16.436][11][Normal][KGameServer.Match.Start]	1人局开始: [64:] 

[20160812 14:29:16.436][11][Normal][KGameServer.HisDataMng.RequestHistoryData]	RequestHistoryData 请求

[20160812 14:29:16.436][11][Normal][KGameServer.HisDataMng.RequestHistoryData]	入队结束

[20160812 14:29:16.437][13][Normal][KGameServer.HisDataMng.MainProcessThread]	hisDataRequestList 出队，hisDataRequestList中个数为:1

[20160812 14:29:16.597][13][Normal][KGameServer.HisDataMng.MainProcessThread]	数据库已经打开

[20160812 14:29:16.597][13][Normal][KGameServer.HisDataMng.RefreshCodeInfoList]	mutexForCodeInfoDict Passed

[20160812 14:29:16.608][13][Normal][KGameServer.HisDataMng.RefreshCodeInfoList]	mutexForCodeInfoDict Released

[20160812 14:29:16.608][13][Normal][KGameServer.HisDataMng.MainProcessThread]	RefreshCodeInfoList 已经完成

[20160812 14:29:16.608][13][Normal][KGameServer.HisDataMng.ProcessHisDataRequest]	ProcessHisDataRequest hisDataRequest

[20160812 14:29:16.609][13][Normal][KGameServer.HisDataMng.ProcessHisDataRequest]	codeInfoDict.Keys.Count=91

[20160812 14:29:16.609][13][Normal][KGameServer.HisDataMng.ProcessHisDataRequest]	codeInfoIndex=22

[20160812 14:29:16.609][13][Normal][KGameServer.HisDataMng.ProcessHisDataRequest]	totalCandleCount=360

[20160812 14:29:16.609][13][Normal][KGameServer.HisDataMng.ProcessHisDataRequest]	codeInfo=玉米指数 XDCE

[20160812 14:29:16.609][13][Normal][KGameServer.HisDataMng.ProcessHisDataRequest]	随机数据，codeInfo=玉米指数 XDCE ,startIndex=1041

[20160812 14:29:16.645][13][Normal][KGameServer.HisDataMng.ProcessHisDataRequest]	获得到了历史数据，开始调用回调函数

[20160812 14:29:16.770][13][Normal][KGameServer.DBManager.AddNewMatchInfo]	New Match added to database match id=73

[20160812 14:29:16.770][13][Normal][KGameServer.HisDataMng.MainProcessThread]	ProcessHisDataRequest 已经结束

[20160812 14:29:16.774][13][Normal][KGameServer.HisDataMng.MainProcessThread]	数据库已经关闭

[20160812 14:29:29.419][23][Normal][KGameServer.ServerInst+<>c__DisplayClass4.<Init>b__3]	OnMessage:message=6|25|

[20160812 14:29:29.420][11][Normal][KGameServer.PlayerConnectionMap.GetPlayerConnection]	playerConnectionDict key count=1

[20160812 14:29:31.209][23][Normal][KGameServer.ServerInst+<>c__DisplayClass4.<Init>b__3]	OnMessage:message=7|36|

[20160812 14:29:31.210][11][Normal][KGameServer.PlayerConnectionMap.GetPlayerConnection]	playerConnectionDict key count=1

[20160812 14:29:32.643][23][Normal][KGameServer.ServerInst+<>c__DisplayClass4.<Init>b__3]	OnMessage:message=6|45|

[20160812 14:29:32.643][11][Normal][KGameServer.PlayerConnectionMap.GetPlayerConnection]	playerConnectionDict key count=1

[20160812 14:29:33.984][23][Normal][KGameServer.ServerInst+<>c__DisplayClass4.<Init>b__3]	OnMessage:message=7|54|

[20160812 14:29:33.984][11][Normal][KGameServer.PlayerConnectionMap.GetPlayerConnection]	playerConnectionDict key count=1

[20160812 14:29:35.814][23][Normal][KGameServer.ServerInst+<>c__DisplayClass4.<Init>b__3]	OnMessage:message=6|63|

[20160812 14:29:35.814][11][Normal][KGameServer.PlayerConnectionMap.GetPlayerConnection]	playerConnectionDict key count=1

[20160812 14:29:37.337][23][Normal][KGameServer.ServerInst+<>c__DisplayClass4.<Init>b__3]	OnMessage:message=7|69|

[20160812 14:29:37.339][11][Normal][KGameServer.PlayerConnectionMap.GetPlayerConnection]	playerConnectionDict key count=1

[20160812 14:29:46.992][24][Normal][KGameServer.ServerInst+<>c__DisplayClass4.<Init>b__3]	OnMessage:message=E||

[20160812 14:29:46.992][11][Normal][KGameServer.PlayerConnectionMap.GetPlayerConnection]	playerConnectionDict key count=1

[20160812 14:29:46.992][11][Normal][KGameServer.PlayerConnection.SendMatchEndString]	发送结束对局信息到:r105e，信息内容为:F|1#r105e#-6.74#0#玉米指数(大商所)#2011-8-9#2012-2-9|

