2016/7/25 星期一 下午 4:32:34 [Info] Server started at ws://192.168.16.250:8484 (actual port 8484) 
[20160725 16:32:42.410][16][Normal][KGameServer.ServerInst+<>c__DisplayClass4.<Init>b__1]	OnOpen

[20160725 16:32:42.413][10][Normal][KGameServer.ServerInst.SocketConnected]	Entered SocketConnected

[20160725 16:32:42.414][10][Normal][KGameServer.ServerInst.SocketConnected]	Connected

[20160725 16:32:42.417][10][Normal][KGameServer.ServerInst.ProcessPreReceievedMessage]	为连接:[192.168.16.250:58410][0:] 处理没有来源的消息

[20160725 16:32:42.417][10][Normal][KGameServer.ServerInst.ProcessPreReceievedMessage]	noResourceMessageDict中，无来源的消息共有0 个来源

[20160725 16:32:42.421][6][Normal][KGameServer.ServerInst+<>c__DisplayClass4.<Init>b__3]	OnMessage:message=A||

[20160725 16:32:42.422][10][Normal][KGameServer.PlayerConnectionMap.GetPlayerConnection]	playerConnectionDict key count=1

[20160725 16:32:42.643][10][Normal][KGameServer.PlayerConnection.ProcessUserQuickLogin]	快速登录成功:B|r120u#775345|

[20160725 16:32:42.648][17][Normal][KGameServer.ServerInst+<>c__DisplayClass4.<Init>b__3]	OnMessage:message=0|r120u#775345#null|

[20160725 16:32:42.649][10][Normal][KGameServer.PlayerConnectionMap.GetPlayerConnection]	playerConnectionDict key count=1

[20160725 16:32:42.650][10][Normal][KGameServer.PlayerConnection.ProcessUserLogin]	用户登录,用户名:r120u 密码:775345 来源:null

[20160725 16:32:42.651][10][Normal][KGameServer.DBManager.ValidateUser]	ValidateUser username=r120u password=775345 source=null

[20160725 16:32:42.659][10][Normal][KGameServer.DBManager.ValidateUserFromSource_Self]	sql:SELECT id FROM kgame.tbl_user where UserName=?UserName and PWD=?Password and ISNULL(SOURCE)

[20160725 16:32:42.661][10][Normal][KGameServer.DBManager.ValidateUserFromSource_Self]	userid=21

[20160725 16:32:42.662][10][Normal][KGameServer.PlayerConnection.ProcessUserLogin]	useridRet=21

[20160725 16:32:42.664][10][Normal][KGameServer.PlayerConnection.ProcessUserLogin]	发送信息:1|r120u|

[20160725 16:32:42.669][17][Normal][KGameServer.ServerInst+<>c__DisplayClass4.<Init>b__3]	OnMessage:message=3|0|

[20160725 16:32:42.669][10][Normal][KGameServer.PlayerConnectionMap.GetPlayerConnection]	playerConnectionDict key count=1

[20160725 16:32:42.670][10][Normal][KGameServer.MatchMaker.BeginNewMatchForSinglePlayer]	准备开始一场单人游戏:[192.168.16.250:58410][21:r120u]

[20160725 16:32:42.674][10][Normal][KGameServer.Match.Start]	1人局开始: [21:] 

[20160725 16:32:42.674][10][Normal][KGameServer.HisDataMng.RequestHistoryData]	RequestHistoryData 请求

[20160725 16:32:42.675][10][Normal][KGameServer.HisDataMng.RequestHistoryData]	入队结束

[20160725 16:32:42.675][12][Normal][KGameServer.HisDataMng.MainProcessThread]	hisDataRequestList 出队，hisDataRequestList中个数为:1

[20160725 16:32:42.707][12][Normal][KGameServer.HisDataMng.MainProcessThread]	数据库已经打开

[20160725 16:32:42.710][12][Normal][KGameServer.HisDataMng.RefreshCodeInfoList]	mutexForCodeInfoDict Passed

[20160725 16:32:42.717][12][Normal][KGameServer.HisDataMng.RefreshCodeInfoList]	mutexForCodeInfoDict Released

[20160725 16:32:42.717][12][Normal][KGameServer.HisDataMng.MainProcessThread]	RefreshCodeInfoList 已经完成

[20160725 16:32:42.724][12][Normal][KGameServer.HisDataMng.ProcessHisDataRequest]	ProcessHisDataRequest hisDataRequest

[20160725 16:32:42.724][12][Normal][KGameServer.HisDataMng.ProcessHisDataRequest]	codeInfoDict.Keys.Count=91

[20160725 16:32:42.724][12][Normal][KGameServer.HisDataMng.ProcessHisDataRequest]	codeInfoIndex=28

[20160725 16:32:42.724][12][Normal][KGameServer.HisDataMng.ProcessHisDataRequest]	totalCandleCount=360

[20160725 16:32:42.725][12][Normal][KGameServer.HisDataMng.ProcessHisDataRequest]	codeInfo=线材指数 XSGE

[20160725 16:32:42.725][12][Normal][KGameServer.HisDataMng.ProcessHisDataRequest]	随机数据，codeInfo=线材指数 XSGE ,startIndex=351

[20160725 16:32:42.774][12][Normal][KGameServer.HisDataMng.ProcessHisDataRequest]	获得到了历史数据，开始调用回调函数

[20160725 16:32:57.714][12][Normal][KGameServer.DBManager.AddNewMatchInfo]	New Match added to database match id=24

[20160725 16:32:57.717][12][Normal][KGameServer.HisDataMng.MainProcessThread]	ProcessHisDataRequest 已经结束

[20160725 16:32:57.717][12][Normal][KGameServer.HisDataMng.MainProcessThread]	数据库已经关闭

[20160725 16:33:20.206][6][Normal][KGameServer.ServerInst+<>c__DisplayClass4.<Init>b__3]	OnMessage:message=E||

[20160725 16:33:20.206][10][Normal][KGameServer.PlayerConnectionMap.GetPlayerConnection]	playerConnectionDict key count=1

[20160725 16:34:00.854][10][Normal][KGameServer.PlayerConnection.SendMatchEndString]	发送结束对局信息到:r120u，信息内容为:F|1#r120u#0.00#0#线材指数(上期所)#2010/9/7 星期二#2011/5/11 星期三|

