2016/5/23 15:59:49 [Info] Server started at ws://192.168.16.250:8484 (actual port 8484) 
[20160523 03:59:53.230][17][Normal][KGameServer.ServerInst+<>c__DisplayClass4.<Init>b__1]	OnOpen

[20160523 03:59:53.231][11][Normal][KGameServer.ServerInst.SocketConnected]	Entered SocketConnected

[20160523 03:59:53.232][11][Normal][KGameServer.ServerInst.SocketConnected]	Connected

[20160523 03:59:53.235][11][Normal][KGameServer.ServerInst.ProcessPreReceievedMessage]	为连接:[192.168.16.250:42120][0:] 处理没有来源的消息

[20160523 03:59:53.235][11][Normal][KGameServer.ServerInst.ProcessPreReceievedMessage]	noResourceMessageDict中，无来源的消息共有0 个来源

[20160523 03:59:53.237][18][Normal][KGameServer.ServerInst+<>c__DisplayClass4.<Init>b__3]	OnMessage:message=0|v100a#303120#null|

[20160523 03:59:53.239][11][Normal][KGameServer.PlayerConnectionMap.GetPlayerConnection]	playerConnectionDict key count=1

[20160523 03:59:53.242][11][Normal][KGameServer.PlayerConnection.ProcessUserLogin]	用户登录,用户名:v100a 密码:303120 来源:null

[20160523 03:59:53.243][11][Normal][KGameServer.DBManager.ValidateUser]	ValidateUser username=v100a password=303120 source=null

[20160523 03:59:53.348][11][Normal][KGameServer.DBManager.ValidateUserFromSource_Self]	sql:SELECT id FROM kgame.tbl_user where UserName=?UserName and PWD=?Password and ISNULL(SOURCE)

[20160523 03:59:53.352][11][Normal][KGameServer.DBManager.ValidateUserFromSource_Self]	userid=1

[20160523 03:59:53.354][11][Normal][KGameServer.PlayerConnection.ProcessUserLogin]	useridRet=1

[20160523 03:59:53.356][11][Normal][KGameServer.PlayerConnectionMap.AddLoginedPlayer]	错误:用户ID为空

[20160523 03:59:53.356][11][Normal][KGameServer.PlayerConnection.ProcessUserLogin]	发送信息:1|v100a|

[20160523 03:59:53.360][18][Normal][KGameServer.ServerInst+<>c__DisplayClass4.<Init>b__3]	OnMessage:message=3|0|

[20160523 03:59:53.360][11][Normal][KGameServer.PlayerConnectionMap.GetPlayerConnection]	playerConnectionDict key count=1

[20160523 03:59:53.366][11][Normal][KGameServer.MatchMaker.BeginNewMatchForSinglePlayer]	准备开始一场单人游戏:[192.168.16.250:42120][1:v100a]

[20160523 03:59:53.368][11][Normal][KGameServer.Match.Start]	1人局开始: [1:] 

[20160523 03:59:53.388][13][Normal][KGameServer.HisDataMng.ProcessHisDataRequest]	codeInfoDict.Keys.Count=2833

[20160523 03:59:53.388][13][Normal][KGameServer.HisDataMng.ProcessHisDataRequest]	codeInfoIndex=741

[20160523 03:59:53.388][13][Normal][KGameServer.HisDataMng.ProcessHisDataRequest]	totalCandleCount=360

[20160523 03:59:53.388][13][Normal][KGameServer.HisDataMng.ProcessHisDataRequest]	codeInfo=002274 XSHE

[20160523 03:59:53.388][13][Normal][KGameServer.HisDataMng.ProcessHisDataRequest]	随机数据，codeInfo=002274 XSHE ,startIndex=775

[20160523 03:59:53.493][13][Normal][KGameServer.DBManager.AddNewMatchInfo]	New Match added to database match id=53

[20160523 04:00:05.512][19][Normal][KGameServer.ServerInst+<>c__DisplayClass4.<Init>b__3]	OnMessage:message=E||

[20160523 04:00:05.513][11][Normal][KGameServer.PlayerConnectionMap.GetPlayerConnection]	playerConnectionDict key count=1

