2016/5/23 15:56:17 [Info] Server started at ws://192.168.16.250:8484 (actual port 8484) 
[20160523 03:56:21.184][17][Normal][KGameServer.ServerInst+<>c__DisplayClass4.<Init>b__1]	OnOpen

[20160523 03:56:21.186][11][Normal][KGameServer.ServerInst.SocketConnected]	Entered SocketConnected

[20160523 03:56:21.187][11][Normal][KGameServer.ServerInst.SocketConnected]	Connected

[20160523 03:56:21.189][11][Normal][KGameServer.ServerInst.ProcessPreReceievedMessage]	为连接:[192.168.16.250:41811][0:] 处理没有来源的消息

[20160523 03:56:21.189][11][Normal][KGameServer.ServerInst.ProcessPreReceievedMessage]	noResourceMessageDict中，无来源的消息共有0 个来源

[20160523 03:56:21.191][6][Normal][KGameServer.ServerInst+<>c__DisplayClass4.<Init>b__3]	OnMessage:message=0|v100a#303120#null|

[20160523 03:56:21.192][11][Normal][KGameServer.PlayerConnectionMap.GetPlayerConnection]	playerConnectionDict key count=1

[20160523 03:56:21.195][11][Normal][KGameServer.PlayerConnection.ProcessUserLogin]	用户登录,用户名:v100a 密码:303120 来源:null

[20160523 03:56:21.196][11][Normal][KGameServer.DBManager.ValidateUser]	ValidateUser username=v100a password=303120 source=null

[20160523 03:56:21.300][11][Normal][KGameServer.DBManager.ValidateUserFromSource_Self]	sql:SELECT id FROM kgame.tbl_user where UserName=?UserName and PWD=?Password and ISNULL(SOURCE)

[20160523 03:56:21.305][11][Normal][KGameServer.DBManager.ValidateUserFromSource_Self]	userid=1

[20160523 03:56:21.307][11][Normal][KGameServer.PlayerConnection.ProcessUserLogin]	useridRet=1

[20160523 03:56:21.308][11][Normal][KGameServer.PlayerConnectionMap.AddLoginedPlayer]	错误:用户ID为空

[20160523 03:56:21.308][11][Normal][KGameServer.PlayerConnection.ProcessUserLogin]	发送信息:1|v100a|

[20160523 03:56:21.314][19][Normal][KGameServer.ServerInst+<>c__DisplayClass4.<Init>b__3]	OnMessage:message=3|0|

[20160523 03:56:21.314][11][Normal][KGameServer.PlayerConnectionMap.GetPlayerConnection]	playerConnectionDict key count=1

[20160523 03:56:21.320][11][Normal][KGameServer.MatchMaker.BeginNewMatchForSinglePlayer]	准备开始一场单人游戏:[192.168.16.250:41811][1:v100a]

[20160523 03:56:21.322][11][Normal][KGameServer.Match.Start]	1人局开始: [1:] 

[20160523 03:56:21.342][13][Normal][KGameServer.HisDataMng.ProcessHisDataRequest]	codeInfoDict.Keys.Count=2833

[20160523 03:56:21.342][13][Normal][KGameServer.HisDataMng.ProcessHisDataRequest]	codeInfoIndex=1878

[20160523 03:56:21.342][13][Normal][KGameServer.HisDataMng.ProcessHisDataRequest]	totalCandleCount=360

[20160523 03:56:21.343][13][Normal][KGameServer.HisDataMng.ProcessHisDataRequest]	codeInfo=600158 XSHG

[20160523 03:56:21.343][13][Normal][KGameServer.HisDataMng.ProcessHisDataRequest]	随机数据，codeInfo=600158 XSHG ,startIndex=2974

[20160523 03:56:21.458][13][Normal][KGameServer.DBManager.AddNewMatchInfo]	New Match added to database match id=51

[20160523 03:56:32.201][18][Normal][KGameServer.ServerInst+<>c__DisplayClass4.<Init>b__3]	OnMessage:message=6|103|

[20160523 03:56:32.201][11][Normal][KGameServer.PlayerConnectionMap.GetPlayerConnection]	playerConnectionDict key count=1

[20160523 03:56:35.689][6][Normal][KGameServer.ServerInst+<>c__DisplayClass4.<Init>b__3]	OnMessage:message=E||

[20160523 03:56:43.887][11][Normal][KGameServer.PlayerConnectionMap.GetPlayerConnection]	playerConnectionDict key count=1

