2016-8-17 下午 4:48:13 [Info] Server started at ws://192.168.16.250:8484 (actual port 8484) 
[20160817 16:48:39.005][16][Normal][KGameServer.ServerInst+<>c__DisplayClass4.<Init>b__1]	OnOpen

[20160817 16:48:39.007][11][Normal][KGameServer.ServerInst.SocketConnected]	Entered SocketConnected

[20160817 16:48:39.009][11][Normal][KGameServer.ServerInst.SocketConnected]	Connected

[20160817 16:48:39.012][11][Normal][KGameServer.ServerInst.ProcessPreReceievedMessage]	为连接:[192.168.16.250:65048][0:] 处理没有来源的消息

[20160817 16:48:39.013][11][Normal][KGameServer.ServerInst.ProcessPreReceievedMessage]	noResourceMessageDict中，无来源的消息共有0 个来源

[20160817 16:48:39.016][17][Normal][KGameServer.ServerInst+<>c__DisplayClass4.<Init>b__3]	OnMessage:message=A||

[20160817 16:48:39.017][11][Normal][KGameServer.PlayerConnectionMap.GetPlayerConnection]	playerConnectionDict key count=1

[20160817 16:48:39.239][11][Normal][KGameServer.PlayerConnection.ProcessUserQuickLogin]	快速登录成功:B|c127a#567232|

[20160817 16:48:39.245][18][Normal][KGameServer.ServerInst+<>c__DisplayClass4.<Init>b__3]	OnMessage:message=0|c127a#567232#null|

[20160817 16:48:39.245][11][Normal][KGameServer.PlayerConnectionMap.GetPlayerConnection]	playerConnectionDict key count=1

[20160817 16:48:39.247][11][Normal][KGameServer.PlayerConnection.ProcessUserLogin]	用户登录,用户名:c127a 密码:567232 来源:null

[20160817 16:48:39.248][11][Normal][KGameServer.DBManager.ValidateUser]	ValidateUser username=c127a password=567232 source=null

[20160817 16:48:39.255][11][Normal][KGameServer.DBManager.ValidateUserFromSource_Self]	sql:SELECT id FROM kgame.tbl_user where UserName=?UserName and PWD=?Password and ISNULL(SOURCE)

[20160817 16:48:39.257][11][Normal][KGameServer.DBManager.ValidateUserFromSource_Self]	userid=86

[20160817 16:48:39.257][11][Normal][KGameServer.PlayerConnection.ProcessUserLogin]	useridRet=86

[20160817 16:48:42.624][11][Normal][KGameServer.PlayerConnection.ProcessUserLogin]	发送信息:1|c127a|

[20160817 16:48:42.632][18][Normal][KGameServer.ServerInst+<>c__DisplayClass4.<Init>b__3]	OnMessage:message=3|0|

[20160817 16:48:42.632][11][Normal][KGameServer.PlayerConnectionMap.GetPlayerConnection]	playerConnectionDict key count=1

[20160817 16:48:44.952][11][Normal][KGameServer.MatchMaker.BeginNewMatchForSinglePlayer]	准备开始一场单人游戏:[192.168.16.250:65048][86:c127a]

[20160817 16:48:44.957][11][Normal][KGameServer.Match.Start]	1人局开始: [86:] 

[20160817 16:48:44.958][11][Normal][KGameServer.HisDataMng.RequestHistoryData]	RequestHistoryData 请求

[20160817 16:48:44.958][11][Normal][KGameServer.HisDataMng.RequestHistoryData]	入队结束

[20160817 16:48:44.959][13][Normal][KGameServer.HisDataMng.MainProcessThread]	hisDataRequestList 出队，hisDataRequestList中个数为:1

[20160817 16:49:05.305][13][Normal][KGameServer.HisDataMng.MainProcessThread]	数据库已经打开

[20160817 16:49:06.706][13][Normal][KGameServer.HisDataMng.RefreshCodeInfoList]	mutexForCodeInfoDict Passed

[20160817 16:49:06.723][13][Normal][KGameServer.HisDataMng.RefreshCodeInfoList]	mutexForCodeInfoDict Released

[20160817 16:49:08.571][13][Normal][KGameServer.HisDataMng.MainProcessThread]	RefreshCodeInfoList 已经完成

[20160817 16:49:12.461][13][Normal][KGameServer.HisDataMng.ProcessHisDataRequest]	ProcessHisDataRequest hisDataRequest

[20160817 16:49:12.462][13][Normal][KGameServer.HisDataMng.ProcessHisDataRequest]	codeInfoDict.Keys.Count=91

[20160817 16:49:12.462][13][Normal][KGameServer.HisDataMng.ProcessHisDataRequest]	codeInfoIndex=25

[20160817 16:49:12.462][13][Normal][KGameServer.HisDataMng.ProcessHisDataRequest]	totalCandleCount=360

[20160817 16:49:12.462][13][Normal][KGameServer.HisDataMng.ProcessHisDataRequest]	codeInfo=硅铁指数 XZCE

[20160817 16:49:12.463][13][Normal][KGameServer.HisDataMng.ProcessHisDataRequest]	随机数据，codeInfo=硅铁指数 XZCE ,startIndex=12

[20160817 16:49:12.504][13][Normal][KGameServer.HisDataMng.ProcessHisDataRequest]	获得到了历史数据，开始调用回调函数

[20160817 16:49:12.562][13][Normal][KGameServer.DBManager.AddNewMatchInfo]	New Match added to database match id=99

[20160817 16:49:14.733][13][Normal][KGameServer.HisDataMng.MainProcessThread]	ProcessHisDataRequest 已经结束

[20160817 16:49:18.362][13][Normal][KGameServer.HisDataMng.MainProcessThread]	数据库已经关闭

[20160817 16:49:27.844][18][Normal][KGameServer.ServerInst+<>c__DisplayClass4.<Init>b__3]	OnMessage:message=6|71|

[20160817 16:49:27.846][11][Normal][KGameServer.PlayerConnectionMap.GetPlayerConnection]	playerConnectionDict key count=1

[20160817 16:49:27.950][11][Normal][KGameServer.Util.LogException]	Table 'kgame.tbl_traderecrod' doesn't exist

[20160817 16:49:27.968][11][Normal][KGameServer.Util.LogException]	   在 MySql.Data.MySqlClient.MySqlStream.OpenPacket()
   在 MySql.Data.MySqlClient.NativeDriver.ReadResult(UInt64& affectedRows, Int64& lastInsertId)
   在 MySql.Data.MySqlClient.MySqlDataReader.GetResultSet()
   在 MySql.Data.MySqlClient.MySqlDataReader.NextResult()
   在 MySql.Data.MySqlClient.MySqlCommand.ExecuteReader(CommandBehavior behavior)
   在 MySql.Data.MySqlClient.MySqlCommand.ExecuteReader()
   在 MySql.Data.MySqlClient.MySqlCommand.ExecuteScalar()
   在 KGameServer.DBManager.AddNewTraderecordInfo(PlayerConnection playerConnection, Int32 matchID, Int32 index, Boolean isBuy, Double price) 位置 C:\KGameServer\KGameServer\DBManager.cs:行号 493

[20160817 16:49:27.968][11][Normal][KGameServer.Match.ProcessUserOperation]	由于未能添加用户买卖的信息数据库中，此次对局无法成功启动，返回。。。。。。

[20160817 16:49:29.103][18][Normal][KGameServer.ServerInst+<>c__DisplayClass4.<Init>b__3]	OnMessage:message=7|78|

[20160817 16:49:29.103][11][Normal][KGameServer.PlayerConnectionMap.GetPlayerConnection]	playerConnectionDict key count=1

[20160817 16:49:29.200][11][Normal][KGameServer.Util.LogException]	Table 'kgame.tbl_traderecrod' doesn't exist

[20160817 16:49:29.201][11][Normal][KGameServer.Util.LogException]	   在 MySql.Data.MySqlClient.MySqlStream.OpenPacket()
   在 MySql.Data.MySqlClient.NativeDriver.ReadResult(UInt64& affectedRows, Int64& lastInsertId)
   在 MySql.Data.MySqlClient.MySqlDataReader.GetResultSet()
   在 MySql.Data.MySqlClient.MySqlDataReader.NextResult()
   在 MySql.Data.MySqlClient.MySqlCommand.ExecuteReader(CommandBehavior behavior)
   在 MySql.Data.MySqlClient.MySqlCommand.ExecuteReader()
   在 MySql.Data.MySqlClient.MySqlCommand.ExecuteScalar()
   在 KGameServer.DBManager.AddNewTraderecordInfo(PlayerConnection playerConnection, Int32 matchID, Int32 index, Boolean isBuy, Double price) 位置 C:\KGameServer\KGameServer\DBManager.cs:行号 493

[20160817 16:49:29.201][11][Normal][KGameServer.Match.ProcessUserOperation]	由于未能添加用户买卖的信息数据库中，此次对局无法成功启动，返回。。。。。。

[20160817 16:49:30.628][18][Normal][KGameServer.ServerInst+<>c__DisplayClass4.<Init>b__3]	OnMessage:message=6|86|

[20160817 16:49:30.629][11][Normal][KGameServer.PlayerConnectionMap.GetPlayerConnection]	playerConnectionDict key count=1

[20160817 16:49:30.710][11][Normal][KGameServer.Util.LogException]	Table 'kgame.tbl_traderecrod' doesn't exist

[20160817 16:49:30.711][11][Normal][KGameServer.Util.LogException]	   在 MySql.Data.MySqlClient.MySqlStream.OpenPacket()
   在 MySql.Data.MySqlClient.NativeDriver.ReadResult(UInt64& affectedRows, Int64& lastInsertId)
   在 MySql.Data.MySqlClient.MySqlDataReader.GetResultSet()
   在 MySql.Data.MySqlClient.MySqlDataReader.NextResult()
   在 MySql.Data.MySqlClient.MySqlCommand.ExecuteReader(CommandBehavior behavior)
   在 MySql.Data.MySqlClient.MySqlCommand.ExecuteReader()
   在 MySql.Data.MySqlClient.MySqlCommand.ExecuteScalar()
   在 KGameServer.DBManager.AddNewTraderecordInfo(PlayerConnection playerConnection, Int32 matchID, Int32 index, Boolean isBuy, Double price) 位置 C:\KGameServer\KGameServer\DBManager.cs:行号 493

[20160817 16:49:30.711][11][Normal][KGameServer.Match.ProcessUserOperation]	由于未能添加用户买卖的信息数据库中，此次对局无法成功启动，返回。。。。。。

[20160817 16:49:32.025][18][Normal][KGameServer.ServerInst+<>c__DisplayClass4.<Init>b__3]	OnMessage:message=7|97|

[20160817 16:49:32.025][11][Normal][KGameServer.PlayerConnectionMap.GetPlayerConnection]	playerConnectionDict key count=1

[20160817 16:49:32.103][11][Normal][KGameServer.Util.LogException]	Table 'kgame.tbl_traderecrod' doesn't exist

[20160817 16:49:32.104][11][Normal][KGameServer.Util.LogException]	   在 MySql.Data.MySqlClient.MySqlStream.OpenPacket()
   在 MySql.Data.MySqlClient.NativeDriver.ReadResult(UInt64& affectedRows, Int64& lastInsertId)
   在 MySql.Data.MySqlClient.MySqlDataReader.GetResultSet()
   在 MySql.Data.MySqlClient.MySqlDataReader.NextResult()
   在 MySql.Data.MySqlClient.MySqlCommand.ExecuteReader(CommandBehavior behavior)
   在 MySql.Data.MySqlClient.MySqlCommand.ExecuteReader()
   在 MySql.Data.MySqlClient.MySqlCommand.ExecuteScalar()
   在 KGameServer.DBManager.AddNewTraderecordInfo(PlayerConnection playerConnection, Int32 matchID, Int32 index, Boolean isBuy, Double price) 位置 C:\KGameServer\KGameServer\DBManager.cs:行号 493

[20160817 16:49:32.104][11][Normal][KGameServer.Match.ProcessUserOperation]	由于未能添加用户买卖的信息数据库中，此次对局无法成功启动，返回。。。。。。

[20160817 16:49:35.408][18][Normal][KGameServer.ServerInst+<>c__DisplayClass4.<Init>b__3]	OnMessage:message=E||

[20160817 16:49:35.409][11][Normal][KGameServer.PlayerConnectionMap.GetPlayerConnection]	playerConnectionDict key count=1

[20160817 16:49:38.776][11][Normal][KGameServer.PlayerConnection.SendMatchEndString]	发送结束对局信息到:c127a，信息内容为:F|1#c127a#2.84#0#硅铁指数(郑商所)#2015-11-6#2016-5-4|

