2016-8-8 下午 3:50:02 [Info] Server started at ws://192.168.16.250:8484 (actual port 8484) 
[20160808 15:50:14.634][15][Normal][KGameServer.ServerInst+<>c__DisplayClass4.<Init>b__1]	OnOpen

[20160808 15:50:14.636][9][Normal][KGameServer.ServerInst.SocketConnected]	Entered SocketConnected

[20160808 15:50:14.637][9][Normal][KGameServer.ServerInst.SocketConnected]	Connected

[20160808 15:50:14.641][9][Normal][KGameServer.ServerInst.ProcessPreReceievedMessage]	为连接:[192.168.16.250:57580][0:] 处理没有来源的消息

[20160808 15:50:14.641][9][Normal][KGameServer.ServerInst.ProcessPreReceievedMessage]	noResourceMessageDict中，无来源的消息共有0 个来源

[20160808 15:50:14.643][16][Normal][KGameServer.ServerInst+<>c__DisplayClass4.<Init>b__3]	OnMessage:message=A||

[20160808 15:50:14.644][9][Normal][KGameServer.PlayerConnectionMap.GetPlayerConnection]	playerConnectionDict key count=1

[20160808 15:50:14.847][9][Normal][KGameServer.PlayerConnection.ProcessUserQuickLogin]	快速登录成功:B|v103e#578615|

[20160808 15:50:14.853][17][Normal][KGameServer.ServerInst+<>c__DisplayClass4.<Init>b__3]	OnMessage:message=0|v103e#578615#null|

[20160808 15:50:14.853][9][Normal][KGameServer.PlayerConnectionMap.GetPlayerConnection]	playerConnectionDict key count=1

[20160808 15:50:14.855][9][Normal][KGameServer.PlayerConnection.ProcessUserLogin]	用户登录,用户名:v103e 密码:578615 来源:null

[20160808 15:50:14.856][9][Normal][KGameServer.DBManager.ValidateUser]	ValidateUser username=v103e password=578615 source=null

[20160808 15:50:14.864][9][Normal][KGameServer.DBManager.ValidateUserFromSource_Self]	sql:SELECT id FROM kgame.tbl_user where UserName=?UserName and PWD=?Password and ISNULL(SOURCE)

[20160808 15:50:14.865][9][Normal][KGameServer.DBManager.ValidateUserFromSource_Self]	userid=57

[20160808 15:50:14.865][9][Normal][KGameServer.PlayerConnection.ProcessUserLogin]	useridRet=57

[20160808 15:50:14.868][9][Normal][KGameServer.PlayerConnection.ProcessUserLogin]	发送信息:1|v103e|

[20160808 15:50:14.871][17][Normal][KGameServer.ServerInst+<>c__DisplayClass4.<Init>b__3]	OnMessage:message=3|0|

[20160808 15:50:14.872][9][Normal][KGameServer.PlayerConnectionMap.GetPlayerConnection]	playerConnectionDict key count=1

[20160808 15:50:14.873][9][Normal][KGameServer.MatchMaker.BeginNewMatchForSinglePlayer]	准备开始一场单人游戏:[192.168.16.250:57580][57:v103e]

[20160808 15:50:14.877][9][Normal][KGameServer.Match.Start]	1人局开始: [57:] 

[20160808 15:50:14.877][9][Normal][KGameServer.HisDataMng.RequestHistoryData]	RequestHistoryData 请求

[20160808 15:50:14.878][9][Normal][KGameServer.HisDataMng.RequestHistoryData]	入队结束

[20160808 15:50:14.878][11][Normal][KGameServer.HisDataMng.MainProcessThread]	hisDataRequestList 出队，hisDataRequestList中个数为:1

[20160808 15:50:14.904][11][Normal][KGameServer.HisDataMng.MainProcessThread]	数据库已经打开

[20160808 15:50:14.906][11][Normal][KGameServer.HisDataMng.RefreshCodeInfoList]	mutexForCodeInfoDict Passed

[20160808 15:50:14.914][11][Normal][KGameServer.HisDataMng.RefreshCodeInfoList]	mutexForCodeInfoDict Released

[20160808 15:50:14.914][11][Normal][KGameServer.HisDataMng.MainProcessThread]	RefreshCodeInfoList 已经完成

[20160808 15:50:14.921][11][Normal][KGameServer.HisDataMng.ProcessHisDataRequest]	ProcessHisDataRequest hisDataRequest

[20160808 15:50:14.921][11][Normal][KGameServer.HisDataMng.ProcessHisDataRequest]	codeInfoDict.Keys.Count=91

[20160808 15:50:14.922][11][Normal][KGameServer.HisDataMng.ProcessHisDataRequest]	codeInfoIndex=64

[20160808 15:50:14.922][11][Normal][KGameServer.HisDataMng.ProcessHisDataRequest]	totalCandleCount=360

[20160808 15:50:14.922][11][Normal][KGameServer.HisDataMng.ProcessHisDataRequest]	codeInfo=沪镍主连 XSGE

[20160808 15:50:14.923][11][Normal][KGameServer.HisDataMng.ProcessHisDataRequest]	总个数不够count=284，重新取

[20160808 15:50:14.923][11][Normal][KGameServer.HisDataMng.ProcessHisDataRequest]	codeInfoDict.Keys.Count=91

[20160808 15:50:14.923][11][Normal][KGameServer.HisDataMng.ProcessHisDataRequest]	codeInfoIndex=8

[20160808 15:50:14.923][11][Normal][KGameServer.HisDataMng.ProcessHisDataRequest]	totalCandleCount=360

[20160808 15:50:14.923][11][Normal][KGameServer.HisDataMng.ProcessHisDataRequest]	codeInfo=沪胶指数 XSGE

[20160808 15:50:14.923][11][Normal][KGameServer.HisDataMng.ProcessHisDataRequest]	随机数据，codeInfo=沪胶指数 XSGE ,startIndex=293

[20160808 15:50:14.970][11][Normal][KGameServer.HisDataMng.ProcessHisDataRequest]	获得到了历史数据，开始调用回调函数

[20160808 15:50:15.028][11][Normal][KGameServer.DBManager.AddNewMatchInfo]	New Match added to database match id=64

[20160808 15:50:15.031][11][Normal][KGameServer.HisDataMng.MainProcessThread]	ProcessHisDataRequest 已经结束

[20160808 15:50:15.031][11][Normal][KGameServer.HisDataMng.MainProcessThread]	数据库已经关闭

[20160808 15:50:22.367][15][Normal][KGameServer.ServerInst+<>c__DisplayClass4.<Init>b__3]	OnMessage:message=6|14|

[20160808 15:50:22.368][9][Normal][KGameServer.PlayerConnectionMap.GetPlayerConnection]	playerConnectionDict key count=1

[20160808 15:50:23.440][17][Normal][KGameServer.ServerInst+<>c__DisplayClass4.<Init>b__3]	OnMessage:message=7|24|

[20160808 15:50:23.440][9][Normal][KGameServer.PlayerConnectionMap.GetPlayerConnection]	playerConnectionDict key count=1

[20160808 15:50:25.032][15][Normal][KGameServer.ServerInst+<>c__DisplayClass4.<Init>b__3]	OnMessage:message=6|38|

[20160808 15:50:25.033][9][Normal][KGameServer.PlayerConnectionMap.GetPlayerConnection]	playerConnectionDict key count=1

[20160808 15:50:26.341][17][Normal][KGameServer.ServerInst+<>c__DisplayClass4.<Init>b__3]	OnMessage:message=7|47|

[20160808 15:50:26.341][9][Normal][KGameServer.PlayerConnectionMap.GetPlayerConnection]	playerConnectionDict key count=1

[20160808 15:50:27.646][15][Normal][KGameServer.ServerInst+<>c__DisplayClass4.<Init>b__3]	OnMessage:message=6|57|

[20160808 15:50:27.647][9][Normal][KGameServer.PlayerConnectionMap.GetPlayerConnection]	playerConnectionDict key count=1

[20160808 15:50:29.177][15][Normal][KGameServer.ServerInst+<>c__DisplayClass4.<Init>b__3]	OnMessage:message=7|67|

[20160808 15:50:29.177][9][Normal][KGameServer.PlayerConnectionMap.GetPlayerConnection]	playerConnectionDict key count=1

[20160808 15:50:30.467][15][Normal][KGameServer.ServerInst+<>c__DisplayClass4.<Init>b__3]	OnMessage:message=7|76|

[20160808 15:50:30.468][9][Normal][KGameServer.PlayerConnectionMap.GetPlayerConnection]	playerConnectionDict key count=1

[20160808 15:50:31.927][15][Normal][KGameServer.ServerInst+<>c__DisplayClass4.<Init>b__3]	OnMessage:message=6|87|

[20160808 15:50:31.927][9][Normal][KGameServer.PlayerConnectionMap.GetPlayerConnection]	playerConnectionDict key count=1

[20160808 15:50:34.020][15][Normal][KGameServer.ServerInst+<>c__DisplayClass4.<Init>b__3]	OnMessage:message=7|102|

[20160808 15:50:34.020][9][Normal][KGameServer.PlayerConnectionMap.GetPlayerConnection]	playerConnectionDict key count=1

[20160808 15:50:35.445][17][Normal][KGameServer.ServerInst+<>c__DisplayClass4.<Init>b__3]	OnMessage:message=6|111|

[20160808 15:50:35.446][9][Normal][KGameServer.PlayerConnectionMap.GetPlayerConnection]	playerConnectionDict key count=1

[20160808 15:50:36.754][15][Normal][KGameServer.ServerInst+<>c__DisplayClass4.<Init>b__3]	OnMessage:message=E||

[20160808 15:50:36.756][9][Normal][KGameServer.PlayerConnectionMap.GetPlayerConnection]	playerConnectionDict key count=1

