2016/7/25 星期一 下午 4:57:38 [Info] Server started at ws://192.168.16.250:8484 (actual port 8484) 
[20160725 16:57:46.411][16][Normal][KGameServer.ServerInst+<>c__DisplayClass4.<Init>b__1]	OnOpen

[20160725 16:57:46.413][10][Normal][KGameServer.ServerInst.SocketConnected]	Entered SocketConnected

[20160725 16:57:46.415][10][Normal][KGameServer.ServerInst.SocketConnected]	Connected

[20160725 16:57:46.418][10][Normal][KGameServer.ServerInst.ProcessPreReceievedMessage]	为连接:[192.168.16.250:57800][0:] 处理没有来源的消息

[20160725 16:57:46.418][10][Normal][KGameServer.ServerInst.ProcessPreReceievedMessage]	noResourceMessageDict中，无来源的消息共有0 个来源

[20160725 16:57:46.423][15][Normal][KGameServer.ServerInst+<>c__DisplayClass4.<Init>b__3]	OnMessage:message=A||

[20160725 16:57:46.424][10][Normal][KGameServer.PlayerConnectionMap.GetPlayerConnection]	playerConnectionDict key count=1

[20160725 16:57:46.635][10][Normal][KGameServer.PlayerConnection.ProcessUserQuickLogin]	快速登录成功:B|v122e#833157|

[20160725 16:57:46.644][17][Normal][KGameServer.ServerInst+<>c__DisplayClass4.<Init>b__3]	OnMessage:message=0|v122e#833157#null|

[20160725 16:57:46.644][10][Normal][KGameServer.PlayerConnectionMap.GetPlayerConnection]	playerConnectionDict key count=1

[20160725 16:57:46.645][10][Normal][KGameServer.PlayerConnection.ProcessUserLogin]	用户登录,用户名:v122e 密码:833157 来源:null

[20160725 16:57:46.646][10][Normal][KGameServer.DBManager.ValidateUser]	ValidateUser username=v122e password=833157 source=null

[20160725 16:57:46.655][10][Normal][KGameServer.DBManager.ValidateUserFromSource_Self]	sql:SELECT id FROM kgame.tbl_user where UserName=?UserName and PWD=?Password and ISNULL(SOURCE)

[20160725 16:57:46.657][10][Normal][KGameServer.DBManager.ValidateUserFromSource_Self]	userid=23

[20160725 16:57:46.657][10][Normal][KGameServer.PlayerConnection.ProcessUserLogin]	useridRet=23

[20160725 16:57:46.659][10][Normal][KGameServer.PlayerConnection.ProcessUserLogin]	发送信息:1|v122e|

[20160725 16:57:46.664][18][Normal][KGameServer.ServerInst+<>c__DisplayClass4.<Init>b__3]	OnMessage:message=3|0|

[20160725 16:57:46.664][10][Normal][KGameServer.PlayerConnectionMap.GetPlayerConnection]	playerConnectionDict key count=1

[20160725 16:57:46.666][10][Normal][KGameServer.MatchMaker.BeginNewMatchForSinglePlayer]	准备开始一场单人游戏:[192.168.16.250:57800][23:v122e]

[20160725 16:57:46.670][10][Normal][KGameServer.Match.Start]	1人局开始: [23:] 

[20160725 16:57:46.670][10][Normal][KGameServer.HisDataMng.RequestHistoryData]	RequestHistoryData 请求

[20160725 16:57:46.671][10][Normal][KGameServer.HisDataMng.RequestHistoryData]	入队结束

[20160725 16:57:46.671][12][Normal][KGameServer.HisDataMng.MainProcessThread]	hisDataRequestList 出队，hisDataRequestList中个数为:1

[20160725 16:57:46.700][12][Normal][KGameServer.HisDataMng.MainProcessThread]	数据库已经打开

[20160725 16:57:46.702][12][Normal][KGameServer.HisDataMng.RefreshCodeInfoList]	mutexForCodeInfoDict Passed

[20160725 16:57:46.709][12][Normal][KGameServer.HisDataMng.RefreshCodeInfoList]	mutexForCodeInfoDict Released

[20160725 16:57:46.710][12][Normal][KGameServer.HisDataMng.MainProcessThread]	RefreshCodeInfoList 已经完成

[20160725 16:57:46.717][12][Normal][KGameServer.HisDataMng.ProcessHisDataRequest]	ProcessHisDataRequest hisDataRequest

[20160725 16:57:46.717][12][Normal][KGameServer.HisDataMng.ProcessHisDataRequest]	codeInfoDict.Keys.Count=2833

[20160725 16:57:46.717][12][Normal][KGameServer.HisDataMng.ProcessHisDataRequest]	codeInfoIndex=2413

[20160725 16:57:46.717][12][Normal][KGameServer.HisDataMng.ProcessHisDataRequest]	totalCandleCount=360

[20160725 16:57:46.718][12][Normal][KGameServer.HisDataMng.ProcessHisDataRequest]	codeInfo=600787 XSHG

[20160725 16:57:46.718][12][Normal][KGameServer.HisDataMng.ProcessHisDataRequest]	随机数据，codeInfo=600787 XSHG ,startIndex=4057

[20160725 16:57:46.885][12][Normal][KGameServer.HisDataMng.ProcessHisDataRequest]	获得到了历史数据，开始调用回调函数

[20160725 16:57:46.941][12][Normal][KGameServer.DBManager.AddNewMatchInfo]	New Match added to database match id=26

[20160725 16:57:46.943][12][Normal][KGameServer.HisDataMng.MainProcessThread]	ProcessHisDataRequest 已经结束

[20160725 16:57:46.944][12][Normal][KGameServer.HisDataMng.MainProcessThread]	数据库已经关闭

[20160725 16:58:09.586][21][Normal][KGameServer.ServerInst+<>c__DisplayClass4.<Init>b__3]	OnMessage:message=E||

[20160725 16:58:09.587][10][Normal][KGameServer.PlayerConnectionMap.GetPlayerConnection]	playerConnectionDict key count=1

[20160725 16:58:46.223][10][Normal][KGameServer.PlayerConnection.SendMatchEndString]	发送结束对局信息到:v122e，信息内容为:F|1#v122e#0.00#0#600787(上证)#1998/9/3 星期四#1999/3/15 星期一|

