2016-8-23 下午 2:25:51 [Info] Server started at ws://192.168.16.250:8484 (actual port 8484) 
[20160823 14:26:04.773][17][Normal][KGameServer.ServerInst+<>c__DisplayClass4.<Init>b__1]	OnOpen

[20160823 14:26:04.775][10][Normal][KGameServer.ServerInst.SocketConnected]	Entered SocketConnected

[20160823 14:26:04.777][10][Normal][KGameServer.ServerInst.SocketConnected]	Connected

[20160823 14:26:04.780][10][Normal][KGameServer.ServerInst.ProcessPreReceievedMessage]	为连接:[192.168.16.250:50538][0:] 处理没有来源的消息

[20160823 14:26:04.780][10][Normal][KGameServer.ServerInst.ProcessPreReceievedMessage]	noResourceMessageDict中，无来源的消息共有0 个来源

[20160823 14:26:04.782][16][Normal][KGameServer.ServerInst+<>c__DisplayClass4.<Init>b__3]	OnMessage:message=A||

[20160823 14:26:04.784][10][Normal][KGameServer.PlayerConnectionMap.GetPlayerConnection]	playerConnectionDict key count=1

[20160823 14:26:05.022][10][Normal][KGameServer.PlayerConnection.ProcessUserQuickLogin]	快速登录成功:B|v195e#546378|

[20160823 14:26:05.028][17][Normal][KGameServer.ServerInst+<>c__DisplayClass4.<Init>b__3]	OnMessage:message=0|v195e#546378#null|

[20160823 14:26:05.028][10][Normal][KGameServer.PlayerConnectionMap.GetPlayerConnection]	playerConnectionDict key count=1

[20160823 14:26:05.030][10][Normal][KGameServer.PlayerConnection.ProcessUserLogin]	用户登录,用户名:v195e 密码:546378 来源:null

[20160823 14:26:05.031][10][Normal][KGameServer.DBManager.ValidateUser]	ValidateUser username=v195e password=546378 source=null

[20160823 14:26:05.039][10][Normal][KGameServer.DBManager.ValidateUserFromSource_Self]	sql:SELECT id FROM kgame.tbl_user where UserName=?UserName and PWD=?Password and ISNULL(SOURCE)

[20160823 14:26:05.041][10][Normal][KGameServer.DBManager.ValidateUserFromSource_Self]	userid=154

[20160823 14:26:05.041][10][Normal][KGameServer.PlayerConnection.ProcessUserLogin]	useridRet=154

[20160823 14:26:05.043][10][Normal][KGameServer.PlayerConnection.ProcessUserLogin]	发送信息:1|v195e|

[20160823 14:26:05.049][16][Normal][KGameServer.ServerInst+<>c__DisplayClass4.<Init>b__3]	OnMessage:message=3|0|

[20160823 14:26:05.049][10][Normal][KGameServer.PlayerConnectionMap.GetPlayerConnection]	playerConnectionDict key count=1

[20160823 14:26:05.051][10][Normal][KGameServer.MatchMaker.BeginNewMatchForSinglePlayer]	准备开始一场单人游戏:[192.168.16.250:50538][154:v195e]

[20160823 14:26:41.710][10][Normal][KGameServer.Match.Start]	1人局开始: [154:] 

[20160823 14:26:41.718][10][Normal][KGameServer.HisDataMng.RequestHistoryData]	RequestHistoryData 请求

[20160823 14:26:41.724][10][Normal][KGameServer.HisDataMng.RequestHistoryData]	入队结束

[20160823 14:26:41.724][12][Normal][KGameServer.HisDataMng.MainProcessThread]	hisDataRequestList 出队，hisDataRequestList中个数为:1

[20160823 14:26:41.775][12][Normal][KGameServer.HisDataMng.MainProcessThread]	数据库已经打开

[20160823 14:26:41.777][12][Normal][KGameServer.HisDataMng.RefreshCodeInfoList]	mutexForCodeInfoDict Passed

[20160823 14:26:41.790][12][Normal][KGameServer.HisDataMng.RefreshCodeInfoList]	mutexForCodeInfoDict Released

[20160823 14:26:41.790][12][Normal][KGameServer.HisDataMng.MainProcessThread]	RefreshCodeInfoList 已经完成

[20160823 14:26:41.796][12][Normal][KGameServer.HisDataMng.ProcessHisDataRequest]	ProcessHisDataRequest hisDataRequest matchID

[20160823 14:26:41.831][12][Normal][KGameServer.HisDataMng.ProcessHisDataRequest]	获得到了历史数据，开始调用回调函数

[20160823 14:26:41.886][12][Normal][KGameServer.DBManager.AddNewMatchInfo]	New Match added to database match id=138

[20160823 14:26:41.889][12][Normal][KGameServer.HisDataMng.MainProcessThread]	ProcessHisDataRequest 已经结束

[20160823 14:26:41.889][12][Normal][KGameServer.HisDataMng.MainProcessThread]	数据库已经关闭

[20160823 14:26:53.395][21][Normal][KGameServer.ServerInst+<>c__DisplayClass4.<Init>b__3]	OnMessage:message=7|45|

[20160823 14:26:53.396][10][Normal][KGameServer.PlayerConnectionMap.GetPlayerConnection]	playerConnectionDict key count=1

[20160823 14:26:53.521][10][Normal][KGameServer.Util.LogException]	Table 'kgame.tbl_traderecrod' doesn't exist

[20160823 14:26:53.550][10][Normal][KGameServer.Util.LogException]	   在 MySql.Data.MySqlClient.MySqlStream.OpenPacket()
   在 MySql.Data.MySqlClient.NativeDriver.ReadResult(UInt64& affectedRows, Int64& lastInsertId)
   在 MySql.Data.MySqlClient.MySqlDataReader.GetResultSet()
   在 MySql.Data.MySqlClient.MySqlDataReader.NextResult()
   在 MySql.Data.MySqlClient.MySqlCommand.ExecuteReader(CommandBehavior behavior)
   在 MySql.Data.MySqlClient.MySqlCommand.ExecuteReader()
   在 MySql.Data.MySqlClient.MySqlCommand.ExecuteScalar()
   在 KGameServer.DBManager.AddNewTraderecordInfo(PlayerConnection playerConnection, Int32 matchID, Int32 index, Boolean isBuy, Double price) 位置 C:\MyWork-master\MyWork-maste\KGameServer\KGameServer\DBManager.cs:行号 615

[20160823 14:26:53.550][10][Normal][KGameServer.Match.ProcessUserOperation]	由于未能添加用户买卖的信息数据库中，此次对局无法成功启动，返回。。。。。。

[20160823 14:26:56.443][21][Normal][KGameServer.ServerInst+<>c__DisplayClass4.<Init>b__3]	OnMessage:message=6|72|

[20160823 14:26:56.443][10][Normal][KGameServer.PlayerConnectionMap.GetPlayerConnection]	playerConnectionDict key count=1

[20160823 14:26:56.573][10][Normal][KGameServer.Util.LogException]	Table 'kgame.tbl_traderecrod' doesn't exist

[20160823 14:26:56.574][10][Normal][KGameServer.Util.LogException]	   在 MySql.Data.MySqlClient.MySqlStream.OpenPacket()
   在 MySql.Data.MySqlClient.NativeDriver.ReadResult(UInt64& affectedRows, Int64& lastInsertId)
   在 MySql.Data.MySqlClient.MySqlDataReader.GetResultSet()
   在 MySql.Data.MySqlClient.MySqlDataReader.NextResult()
   在 MySql.Data.MySqlClient.MySqlCommand.ExecuteReader(CommandBehavior behavior)
   在 MySql.Data.MySqlClient.MySqlCommand.ExecuteReader()
   在 MySql.Data.MySqlClient.MySqlCommand.ExecuteScalar()
   在 KGameServer.DBManager.AddNewTraderecordInfo(PlayerConnection playerConnection, Int32 matchID, Int32 index, Boolean isBuy, Double price) 位置 C:\MyWork-master\MyWork-maste\KGameServer\KGameServer\DBManager.cs:行号 615

[20160823 14:26:56.574][10][Normal][KGameServer.Match.ProcessUserOperation]	由于未能添加用户买卖的信息数据库中，此次对局无法成功启动，返回。。。。。。

[20160823 14:26:58.477][21][Normal][KGameServer.ServerInst+<>c__DisplayClass4.<Init>b__3]	OnMessage:message=7|87|

[20160823 14:26:58.477][10][Normal][KGameServer.PlayerConnectionMap.GetPlayerConnection]	playerConnectionDict key count=1

[20160823 14:26:58.571][10][Normal][KGameServer.Util.LogException]	Table 'kgame.tbl_traderecrod' doesn't exist

[20160823 14:26:58.571][10][Normal][KGameServer.Util.LogException]	   在 MySql.Data.MySqlClient.MySqlStream.OpenPacket()
   在 MySql.Data.MySqlClient.NativeDriver.ReadResult(UInt64& affectedRows, Int64& lastInsertId)
   在 MySql.Data.MySqlClient.MySqlDataReader.GetResultSet()
   在 MySql.Data.MySqlClient.MySqlDataReader.NextResult()
   在 MySql.Data.MySqlClient.MySqlCommand.ExecuteReader(CommandBehavior behavior)
   在 MySql.Data.MySqlClient.MySqlCommand.ExecuteReader()
   在 MySql.Data.MySqlClient.MySqlCommand.ExecuteScalar()
   在 KGameServer.DBManager.AddNewTraderecordInfo(PlayerConnection playerConnection, Int32 matchID, Int32 index, Boolean isBuy, Double price) 位置 C:\MyWork-master\MyWork-maste\KGameServer\KGameServer\DBManager.cs:行号 615

[20160823 14:26:58.572][10][Normal][KGameServer.Match.ProcessUserOperation]	由于未能添加用户买卖的信息数据库中，此次对局无法成功启动，返回。。。。。。

[20160823 14:27:01.092][21][Normal][KGameServer.ServerInst+<>c__DisplayClass4.<Init>b__3]	OnMessage:message=6|100|

[20160823 14:27:01.092][10][Normal][KGameServer.PlayerConnectionMap.GetPlayerConnection]	playerConnectionDict key count=1

[20160823 14:27:01.194][10][Normal][KGameServer.Util.LogException]	Table 'kgame.tbl_traderecrod' doesn't exist

[20160823 14:27:01.194][10][Normal][KGameServer.Util.LogException]	   在 MySql.Data.MySqlClient.MySqlStream.OpenPacket()
   在 MySql.Data.MySqlClient.NativeDriver.ReadResult(UInt64& affectedRows, Int64& lastInsertId)
   在 MySql.Data.MySqlClient.MySqlDataReader.GetResultSet()
   在 MySql.Data.MySqlClient.MySqlDataReader.NextResult()
   在 MySql.Data.MySqlClient.MySqlCommand.ExecuteReader(CommandBehavior behavior)
   在 MySql.Data.MySqlClient.MySqlCommand.ExecuteReader()
   在 MySql.Data.MySqlClient.MySqlCommand.ExecuteScalar()
   在 KGameServer.DBManager.AddNewTraderecordInfo(PlayerConnection playerConnection, Int32 matchID, Int32 index, Boolean isBuy, Double price) 位置 C:\MyWork-master\MyWork-maste\KGameServer\KGameServer\DBManager.cs:行号 615

[20160823 14:27:01.194][10][Normal][KGameServer.Match.ProcessUserOperation]	由于未能添加用户买卖的信息数据库中，此次对局无法成功启动，返回。。。。。。

[20160823 14:27:02.641][21][Normal][KGameServer.ServerInst+<>c__DisplayClass4.<Init>b__3]	OnMessage:message=6|113|

[20160823 14:27:02.641][10][Normal][KGameServer.PlayerConnectionMap.GetPlayerConnection]	playerConnectionDict key count=1

[20160823 14:27:02.726][10][Normal][KGameServer.Util.LogException]	Table 'kgame.tbl_traderecrod' doesn't exist

[20160823 14:27:02.726][10][Normal][KGameServer.Util.LogException]	   在 MySql.Data.MySqlClient.MySqlStream.OpenPacket()
   在 MySql.Data.MySqlClient.NativeDriver.ReadResult(UInt64& affectedRows, Int64& lastInsertId)
   在 MySql.Data.MySqlClient.MySqlDataReader.GetResultSet()
   在 MySql.Data.MySqlClient.MySqlDataReader.NextResult()
   在 MySql.Data.MySqlClient.MySqlCommand.ExecuteReader(CommandBehavior behavior)
   在 MySql.Data.MySqlClient.MySqlCommand.ExecuteReader()
   在 MySql.Data.MySqlClient.MySqlCommand.ExecuteScalar()
   在 KGameServer.DBManager.AddNewTraderecordInfo(PlayerConnection playerConnection, Int32 matchID, Int32 index, Boolean isBuy, Double price) 位置 C:\MyWork-master\MyWork-maste\KGameServer\KGameServer\DBManager.cs:行号 615

[20160823 14:27:02.726][10][Normal][KGameServer.Match.ProcessUserOperation]	由于未能添加用户买卖的信息数据库中，此次对局无法成功启动，返回。。。。。。

[20160823 14:27:03.502][21][Normal][KGameServer.ServerInst+<>c__DisplayClass4.<Init>b__3]	OnMessage:message=E||

[20160823 14:27:03.503][10][Normal][KGameServer.PlayerConnectionMap.GetPlayerConnection]	playerConnectionDict key count=1

[20160823 14:27:03.508][10][Normal][KGameServer.PlayerConnection.SendMatchEndString]	发送结束对局信息到:v195e，信息内容为:F|1#v195e#0.28#0#沪银指数(上期所)#2015-3-4#2015-8-21|

[20160823 14:27:08.165][21][Normal][KGameServer.ServerInst+<>c__DisplayClass4.<Init>b__3]	OnMessage:message=S||

[20160823 14:27:08.167][10][Normal][KGameServer.PlayerConnectionMap.GetPlayerConnection]	playerConnectionDict key count=1

[20160823 14:27:10.408][10][Normal][KGameServer.PlayerConnection.SendShareString]	发送分享对局信息到:v195e，信息内容为:S|154#138|

[20160823 14:27:10.434][19][Normal][KGameServer.ServerInst+<>c__DisplayClass4.<Init>b__3]	OnMessage:message=G|154#138|

[20160823 14:27:10.434][10][Normal][KGameServer.PlayerConnectionMap.GetPlayerConnection]	playerConnectionDict key count=1

[20160823 14:27:11.160][10][Normal][KGameServer.ServerInst.ThreadProc]	消息处理时发生错误...

[20160823 14:27:11.160][10][Normal][KGameServer.Util.LogException]	索引超出了数组界限。

[20160823 14:27:11.161][10][Normal][KGameServer.Util.LogException]	   在 KGameServer.PlayerConnection.ProcessOperationShare(String content) 位置 C:\MyWork-master\MyWork-maste\KGameServer\KGameServer\PlayerConnection.cs:行号 191
   在 KGameServer.PlayerConnection.ProcessPacket(Packet p) 位置 C:\MyWork-master\MyWork-maste\KGameServer\KGameServer\PlayerConnection.cs:行号 153
   在 KGameServer.PlayerConnection.ProcessMessage(String msg) 位置 C:\MyWork-master\MyWork-maste\KGameServer\KGameServer\PlayerConnection.cs:行号 116
   在 KGameServer.ServerInst.SocketReceievedMsg(IWebSocketConnection clientConnection, String msg) 位置 C:\MyWork-master\MyWork-maste\KGameServer\KGameServer\ServerInst.cs:行号 241
   在 KGameServer.ServerInst.ThreadProc() 位置 C:\MyWork-master\MyWork-maste\KGameServer\KGameServer\ServerInst.cs:行号 126

[20160823 14:36:32.811][16][Normal][KGameServer.ServerInst+<>c__DisplayClass4.<Init>b__3]	OnMessage:message=S||

[20160823 14:36:32.811][10][Normal][KGameServer.PlayerConnectionMap.GetPlayerConnection]	playerConnectionDict key count=1

