2016-8-19 上午 8:51:44 [Info] Server started at ws://192.168.16.250:8484 (actual port 8484) 
[20160819 08:51:51.255][16][Normal][KGameServer.ServerInst+<>c__DisplayClass4.<Init>b__1]	OnOpen

[20160819 08:51:51.258][9][Normal][KGameServer.ServerInst.SocketConnected]	Entered SocketConnected

[20160819 08:51:51.258][9][Normal][KGameServer.ServerInst.SocketConnected]	Connected

[20160819 08:51:51.262][9][Normal][KGameServer.ServerInst.ProcessPreReceievedMessage]	为连接:[192.168.16.250:54437][0:] 处理没有来源的消息

[20160819 08:51:51.262][9][Normal][KGameServer.ServerInst.ProcessPreReceievedMessage]	noResourceMessageDict中，无来源的消息共有0 个来源
[20160819 08:51:51.265][17][Normal][KGameServer.ServerInst+<>c__DisplayClass4.<Init>b__3]	OnMessage:message=A||


[20160819 08:51:51.272][9][Normal][KGameServer.PlayerConnectionMap.GetPlayerConnection]	playerConnectionDict key count=1

[20160819 08:51:51.484][9][Normal][KGameServer.PlayerConnection.ProcessUserQuickLogin]	快速登录成功:B|r148u#913294|

[20160819 08:51:51.493][17][Normal][KGameServer.ServerInst+<>c__DisplayClass4.<Init>b__3]	OnMessage:message=0|r148u#913294#null|

[20160819 08:51:51.493][9][Normal][KGameServer.PlayerConnectionMap.GetPlayerConnection]	playerConnectionDict key count=1

[20160819 08:51:51.494][9][Normal][KGameServer.PlayerConnection.ProcessUserLogin]	用户登录,用户名:r148u 密码:913294 来源:null

[20160819 08:51:51.495][9][Normal][KGameServer.DBManager.ValidateUser]	ValidateUser username=r148u password=913294 source=null

[20160819 08:51:51.503][9][Normal][KGameServer.DBManager.ValidateUserFromSource_Self]	sql:SELECT id FROM kgame.tbl_user where UserName=?UserName and PWD=?Password and ISNULL(SOURCE)

[20160819 08:51:51.505][9][Normal][KGameServer.DBManager.ValidateUserFromSource_Self]	userid=107

[20160819 08:51:51.505][9][Normal][KGameServer.PlayerConnection.ProcessUserLogin]	useridRet=107

[20160819 08:51:53.673][9][Normal][KGameServer.PlayerConnection.ProcessUserLogin]	发送信息:1|r148u|

[20160819 08:51:53.679][17][Normal][KGameServer.ServerInst+<>c__DisplayClass4.<Init>b__3]	OnMessage:message=3|0|

[20160819 08:51:53.679][9][Normal][KGameServer.PlayerConnectionMap.GetPlayerConnection]	playerConnectionDict key count=1

[20160819 08:51:54.337][9][Normal][KGameServer.MatchMaker.BeginNewMatchForSinglePlayer]	准备开始一场单人游戏:[192.168.16.250:54437][107:r148u]

[20160819 08:51:54.342][9][Normal][KGameServer.Match.Start]	1人局开始: [107:] 

[20160819 08:51:55.055][9][Normal][KGameServer.HisDataMng.RequestHistoryData]	RequestHistoryData 请求

[20160819 08:51:55.056][9][Normal][KGameServer.HisDataMng.RequestHistoryData]	入队结束

[20160819 08:51:55.056][11][Normal][KGameServer.HisDataMng.MainProcessThread]	hisDataRequestList 出队，hisDataRequestList中个数为:1

[20160819 08:51:55.083][11][Normal][KGameServer.HisDataMng.MainProcessThread]	数据库已经打开

[20160819 08:51:56.017][11][Normal][KGameServer.HisDataMng.RefreshCodeInfoList]	mutexForCodeInfoDict Passed

[20160819 08:51:56.031][11][Normal][KGameServer.HisDataMng.RefreshCodeInfoList]	mutexForCodeInfoDict Released

[20160819 08:51:56.031][11][Normal][KGameServer.HisDataMng.MainProcessThread]	RefreshCodeInfoList 已经完成

[20160819 08:51:56.757][11][Normal][KGameServer.HisDataMng.ProcessHisDataRequest]	ProcessHisDataRequest hisDataRequest matchID

