2016-8-22 下午 2:34:15 [Info] Server started at ws://192.168.16.250:8484 (actual port 8484) 
[20160822 14:34:28.850][17][Normal][KGameServer.ServerInst+<>c__DisplayClass4.<Init>b__1]	OnOpen

[20160822 14:34:28.852][10][Normal][KGameServer.ServerInst.SocketConnected]	Entered SocketConnected

[20160822 14:34:28.853][10][Normal][KGameServer.ServerInst.SocketConnected]	Connected

[20160822 14:34:28.856][10][Normal][KGameServer.ServerInst.ProcessPreReceievedMessage]	为连接:[192.168.16.250:55432][0:] 处理没有来源的消息

[20160822 14:34:28.856][10][Normal][KGameServer.ServerInst.ProcessPreReceievedMessage]	noResourceMessageDict中，无来源的消息共有0 个来源

[20160822 14:34:28.867][16][Normal][KGameServer.ServerInst+<>c__DisplayClass4.<Init>b__3]	OnMessage:message=A||

[20160822 14:34:28.869][10][Normal][KGameServer.PlayerConnectionMap.GetPlayerConnection]	playerConnectionDict key count=1

[20160822 14:34:29.088][10][Normal][KGameServer.PlayerConnection.ProcessUserQuickLogin]	快速登录成功:B|s182u#367979|

[20160822 14:34:29.096][4][Normal][KGameServer.ServerInst+<>c__DisplayClass4.<Init>b__3]	OnMessage:message=0|s182u#367979#null|

[20160822 14:34:29.096][10][Normal][KGameServer.PlayerConnectionMap.GetPlayerConnection]	playerConnectionDict key count=1

[20160822 14:34:29.097][10][Normal][KGameServer.PlayerConnection.ProcessUserLogin]	用户登录,用户名:s182u 密码:367979 来源:null

[20160822 14:34:29.098][10][Normal][KGameServer.DBManager.ValidateUser]	ValidateUser username=s182u password=367979 source=null

[20160822 14:34:29.106][10][Normal][KGameServer.DBManager.ValidateUserFromSource_Self]	sql:SELECT id FROM kgame.tbl_user where UserName=?UserName and PWD=?Password and ISNULL(SOURCE)

[20160822 14:34:29.109][10][Normal][KGameServer.DBManager.ValidateUserFromSource_Self]	userid=141

[20160822 14:34:29.109][10][Normal][KGameServer.PlayerConnection.ProcessUserLogin]	useridRet=141

[20160822 14:34:29.111][10][Normal][KGameServer.PlayerConnection.ProcessUserLogin]	发送信息:1|s182u|

[20160822 14:34:29.115][18][Normal][KGameServer.ServerInst+<>c__DisplayClass4.<Init>b__3]	OnMessage:message=3|0|

[20160822 14:34:29.115][10][Normal][KGameServer.PlayerConnectionMap.GetPlayerConnection]	playerConnectionDict key count=1

[20160822 14:34:29.116][10][Normal][KGameServer.MatchMaker.BeginNewMatchForSinglePlayer]	准备开始一场单人游戏:[192.168.16.250:55432][141:s182u]

[20160822 14:34:31.950][10][Normal][KGameServer.Match.Start]	1人局开始: [141:] 

[20160822 14:34:31.950][10][Normal][KGameServer.HisDataMng.RequestHistoryData]	RequestHistoryData 请求

[20160822 14:34:31.951][12][Normal][KGameServer.HisDataMng.MainProcessThread]	hisDataRequestList 出队，hisDataRequestList中个数为:1

[20160822 14:34:31.954][10][Normal][KGameServer.HisDataMng.RequestHistoryData]	入队结束

[20160822 14:34:31.986][12][Normal][KGameServer.HisDataMng.MainProcessThread]	数据库已经打开

[20160822 14:34:31.989][12][Normal][KGameServer.HisDataMng.RefreshCodeInfoList]	mutexForCodeInfoDict Passed

[20160822 14:34:32.001][12][Normal][KGameServer.HisDataMng.RefreshCodeInfoList]	mutexForCodeInfoDict Released

[20160822 14:34:32.001][12][Normal][KGameServer.HisDataMng.MainProcessThread]	RefreshCodeInfoList 已经完成

[20160822 14:34:32.009][12][Normal][KGameServer.HisDataMng.ProcessHisDataRequest]	ProcessHisDataRequest hisDataRequest

[20160822 14:34:32.009][12][Normal][KGameServer.HisDataMng.ProcessHisDataRequest]	codeInfoDict.Keys.Count=91

[20160822 14:34:32.009][12][Normal][KGameServer.HisDataMng.ProcessHisDataRequest]	codeInfoIndex=54

[20160822 14:34:32.009][12][Normal][KGameServer.HisDataMng.ProcessHisDataRequest]	totalCandleCount=360

[20160822 14:34:32.010][12][Normal][KGameServer.HisDataMng.ProcessHisDataRequest]	codeInfo=棕榈主连 XDCE

[20160822 14:34:32.010][12][Normal][KGameServer.HisDataMng.ProcessHisDataRequest]	随机数据，codeInfo=棕榈主连 XDCE ,startIndex=880

[20160822 14:34:32.093][12][Normal][KGameServer.HisDataMng.ProcessHisDataRequest]	获得到了历史数据，开始调用回调函数

[20160822 14:34:32.153][12][Normal][KGameServer.DBManager.AddNewMatchInfo]	New Match added to database match id=126

[20160822 14:34:32.155][12][Normal][KGameServer.HisDataMng.MainProcessThread]	ProcessHisDataRequest 已经结束

[20160822 14:34:32.156][12][Normal][KGameServer.HisDataMng.MainProcessThread]	数据库已经关闭

