2016-8-19 上午 10:23:45 [Info] Server started at ws://192.168.16.250:8484 (actual port 8484) 
[20160819 10:24:02.771][15][Normal][KGameServer.ServerInst+<>c__DisplayClass4.<Init>b__3]	OnMessage:message=A||

[20160819 10:24:02.771][16][Normal][KGameServer.ServerInst+<>c__DisplayClass4.<Init>b__1]	OnOpen

[20160819 10:24:02.774][9][Normal][KGameServer.PlayerConnectionMap.GetPlayerConnection]	playerConnectionDict key count=0

[20160819 10:24:02.774][9][Normal][KGameServer.ServerInst.SocketReceievedMsg]	未知来源的消息:A||

[20160819 10:24:02.776][9][Normal][KGameServer.ServerInst.ProcessNoSourceMessages]	开始处理未知来源的消息

[20160819 10:24:02.776][9][Normal][KGameServer.ServerInst.ProcessNoSourceMessages]	共有 0 个未知的来源

[20160819 10:24:02.777][9][Normal][KGameServer.ServerInst.SocketConnected]	Entered SocketConnected

[20160819 10:24:02.778][9][Normal][KGameServer.ServerInst.SocketConnected]	Connected

[20160819 10:24:02.781][9][Normal][KGameServer.ServerInst.ProcessPreReceievedMessage]	为连接:[192.168.16.250:57579][0:] 处理没有来源的消息

[20160819 10:24:02.781][9][Normal][KGameServer.ServerInst.ProcessPreReceievedMessage]	noResourceMessageDict中，无来源的消息共有1 个来源

[20160819 10:24:02.781][9][Normal][KGameServer.ServerInst.ProcessPreReceievedMessage]	开始处理没有来源的消息，该消息的来源已经被发现了

[20160819 10:24:02.781][9][Normal][KGameServer.ServerInst.ProcessPreReceievedMessage]	共有1条没有来源的消息可以处理

[20160819 10:24:02.782][9][Normal][KGameServer.ServerInst.ProcessPreReceievedMessage]	内容为:A||

[20160819 10:24:03.033][9][Normal][KGameServer.PlayerConnection.ProcessUserQuickLogin]	快速登录成功:B|c165e#115150|

[20160819 10:24:03.041][18][Normal][KGameServer.ServerInst+<>c__DisplayClass4.<Init>b__3]	OnMessage:message=0|c165e#115150#null|

[20160819 10:24:03.041][9][Normal][KGameServer.PlayerConnectionMap.GetPlayerConnection]	playerConnectionDict key count=1

[20160819 10:24:03.043][9][Normal][KGameServer.PlayerConnection.ProcessUserLogin]	用户登录,用户名:c165e 密码:115150 来源:null

[20160819 10:24:03.044][9][Normal][KGameServer.DBManager.ValidateUser]	ValidateUser username=c165e password=115150 source=null

[20160819 10:24:03.051][9][Normal][KGameServer.DBManager.ValidateUserFromSource_Self]	sql:SELECT id FROM kgame.tbl_user where UserName=?UserName and PWD=?Password and ISNULL(SOURCE)

[20160819 10:24:03.054][9][Normal][KGameServer.DBManager.ValidateUserFromSource_Self]	userid=124

[20160819 10:24:03.054][9][Normal][KGameServer.PlayerConnection.ProcessUserLogin]	useridRet=124

[20160819 10:24:14.660][9][Normal][KGameServer.PlayerConnection.ProcessUserLogin]	发送信息:1|c165e|

[20160819 10:24:14.666][9][Normal][KGameServer.PlayerConnectionMap.GetPlayerConnection]	playerConnectionDict key count=1

[20160819 10:24:14.666][9][Normal][KGameServer.ServerInst.ClosePlayerConnection]	ClosePlayerConnection Call

[20160819 10:24:14.669][16][Normal][KGameServer.ServerInst+<>c__DisplayClass4.<Init>b__3]	OnMessage:message=A||

[20160819 10:24:14.669][9][Normal][KGameServer.ServerInst.ClosePlayerConnection]	Closed

[20160819 10:24:14.670][9][Normal][KGameServer.PlayerConnectionMap.GetPlayerConnection]	playerConnectionDict key count=0

[20160819 10:24:14.670][9][Normal][KGameServer.ServerInst.SocketReceievedMsg]	未知来源的消息:A||

[20160819 10:24:14.671][9][Normal][KGameServer.ServerInst.ProcessNoSourceMessages]	开始处理未知来源的消息

[20160819 10:24:14.674][9][Normal][KGameServer.ServerInst.ProcessNoSourceMessages]	共有 0 个未知的来源

[20160819 10:24:14.674][18][Normal][KGameServer.ServerInst+<>c__DisplayClass4.<Init>b__1]	OnOpen

[20160819 10:24:14.674][9][Normal][KGameServer.ServerInst.SocketConnected]	Entered SocketConnected

[20160819 10:24:14.675][9][Normal][KGameServer.ServerInst.SocketConnected]	Connected

[20160819 10:24:14.675][9][Normal][KGameServer.ServerInst.ProcessPreReceievedMessage]	为连接:[192.168.16.250:57607][0:] 处理没有来源的消息

[20160819 10:24:14.675][9][Normal][KGameServer.ServerInst.ProcessPreReceievedMessage]	noResourceMessageDict中，无来源的消息共有1 个来源

[20160819 10:24:14.675][9][Normal][KGameServer.ServerInst.ProcessPreReceievedMessage]	开始处理没有来源的消息，该消息的来源已经被发现了

[20160819 10:24:14.675][9][Normal][KGameServer.ServerInst.ProcessPreReceievedMessage]	共有1条没有来源的消息可以处理

[20160819 10:24:14.675][9][Normal][KGameServer.ServerInst.ProcessPreReceievedMessage]	内容为:A||

[20160819 10:24:14.704][9][Normal][KGameServer.PlayerConnection.ProcessUserQuickLogin]	快速登录成功:B|t166e#683613|

[20160819 10:24:14.707][16][Normal][KGameServer.ServerInst+<>c__DisplayClass4.<Init>b__3]	OnMessage:message=0|t166e#683613#null|

[20160819 10:24:14.708][9][Normal][KGameServer.PlayerConnectionMap.GetPlayerConnection]	playerConnectionDict key count=1

[20160819 10:24:14.708][9][Normal][KGameServer.PlayerConnection.ProcessUserLogin]	用户登录,用户名:t166e 密码:683613 来源:null

[20160819 10:24:14.708][9][Normal][KGameServer.DBManager.ValidateUser]	ValidateUser username=t166e password=683613 source=null

[20160819 10:24:14.714][9][Normal][KGameServer.DBManager.ValidateUserFromSource_Self]	sql:SELECT id FROM kgame.tbl_user where UserName=?UserName and PWD=?Password and ISNULL(SOURCE)

[20160819 10:24:14.715][9][Normal][KGameServer.DBManager.ValidateUserFromSource_Self]	userid=125

[20160819 10:24:14.716][9][Normal][KGameServer.PlayerConnection.ProcessUserLogin]	useridRet=125

[20160819 10:24:15.721][9][Normal][KGameServer.PlayerConnection.ProcessUserLogin]	发送信息:1|t166e|

[20160819 10:24:15.727][15][Normal][KGameServer.ServerInst+<>c__DisplayClass4.<Init>b__3]	OnMessage:message=3|0|

[20160819 10:24:15.727][9][Normal][KGameServer.PlayerConnectionMap.GetPlayerConnection]	playerConnectionDict key count=1

[20160819 10:24:16.961][9][Normal][KGameServer.MatchMaker.BeginNewMatchForSinglePlayer]	准备开始一场单人游戏:[192.168.16.250:57607][125:t166e]

[20160819 10:24:16.968][9][Normal][KGameServer.Match.Start]	1人局开始: [125:] 

[20160819 10:24:17.836][9][Normal][KGameServer.HisDataMng.RequestHistoryData]	RequestHistoryData 请求

[20160819 10:24:17.837][11][Normal][KGameServer.HisDataMng.MainProcessThread]	hisDataRequestList 出队，hisDataRequestList中个数为:1

[20160819 10:24:17.838][9][Normal][KGameServer.HisDataMng.RequestHistoryData]	入队结束

[20160819 10:24:17.877][11][Normal][KGameServer.HisDataMng.MainProcessThread]	数据库已经打开

[20160819 10:24:17.879][11][Normal][KGameServer.HisDataMng.RefreshCodeInfoList]	mutexForCodeInfoDict Passed

[20160819 10:24:17.887][11][Normal][KGameServer.HisDataMng.RefreshCodeInfoList]	mutexForCodeInfoDict Released

[20160819 10:24:17.887][11][Normal][KGameServer.HisDataMng.MainProcessThread]	RefreshCodeInfoList 已经完成

[20160819 10:24:20.107][11][Normal][KGameServer.HisDataMng.ProcessHisDataRequest]	ProcessHisDataRequest hisDataRequest matchID

[20160819 10:24:21.737][11][Normal][KGameServer.HisDataMng.ProcessHisDataRequest]	获得到了历史数据，开始调用回调函数

[20160819 10:24:21.789][11][Normal][KGameServer.DBManager.AddNewMatchInfo]	New Match added to database match id=109

[20160819 10:24:21.791][11][Normal][KGameServer.HisDataMng.MainProcessThread]	ProcessHisDataRequest 已经结束

[20160819 10:24:21.791][11][Normal][KGameServer.HisDataMng.MainProcessThread]	数据库已经关闭

[20160819 10:24:30.302][15][Normal][KGameServer.ServerInst+<>c__DisplayClass4.<Init>b__3]	OnMessage:message=6|24|

[20160819 10:24:30.303][9][Normal][KGameServer.PlayerConnectionMap.GetPlayerConnection]	playerConnectionDict key count=1

[20160819 10:24:30.410][9][Normal][KGameServer.Util.LogException]	Table 'kgame.tbl_traderecrod' doesn't exist

[20160819 10:24:30.430][9][Normal][KGameServer.Util.LogException]	   在 MySql.Data.MySqlClient.MySqlStream.OpenPacket()
   在 MySql.Data.MySqlClient.NativeDriver.ReadResult(UInt64& affectedRows, Int64& lastInsertId)
   在 MySql.Data.MySqlClient.MySqlDataReader.GetResultSet()
   在 MySql.Data.MySqlClient.MySqlDataReader.NextResult()
   在 MySql.Data.MySqlClient.MySqlCommand.ExecuteReader(CommandBehavior behavior)
   在 MySql.Data.MySqlClient.MySqlCommand.ExecuteReader()
   在 MySql.Data.MySqlClient.MySqlCommand.ExecuteScalar()
   在 KGameServer.DBManager.AddNewTraderecordInfo(PlayerConnection playerConnection, Int32 matchID, Int32 index, Boolean isBuy, Double price) 位置 C:\KGameServer\KGameServer\DBManager.cs:行号 545

[20160819 10:24:30.430][9][Normal][KGameServer.Match.ProcessUserOperation]	由于未能添加用户买卖的信息数据库中，此次对局无法成功启动，返回。。。。。。

[20160819 10:24:31.890][15][Normal][KGameServer.ServerInst+<>c__DisplayClass4.<Init>b__3]	OnMessage:message=7|36|

[20160819 10:24:31.890][9][Normal][KGameServer.PlayerConnectionMap.GetPlayerConnection]	playerConnectionDict key count=1

[20160819 10:24:31.971][9][Normal][KGameServer.Util.LogException]	Table 'kgame.tbl_traderecrod' doesn't exist

[20160819 10:24:31.971][9][Normal][KGameServer.Util.LogException]	   在 MySql.Data.MySqlClient.MySqlStream.OpenPacket()
   在 MySql.Data.MySqlClient.NativeDriver.ReadResult(UInt64& affectedRows, Int64& lastInsertId)
   在 MySql.Data.MySqlClient.MySqlDataReader.GetResultSet()
   在 MySql.Data.MySqlClient.MySqlDataReader.NextResult()
   在 MySql.Data.MySqlClient.MySqlCommand.ExecuteReader(CommandBehavior behavior)
   在 MySql.Data.MySqlClient.MySqlCommand.ExecuteReader()
   在 MySql.Data.MySqlClient.MySqlCommand.ExecuteScalar()
   在 KGameServer.DBManager.AddNewTraderecordInfo(PlayerConnection playerConnection, Int32 matchID, Int32 index, Boolean isBuy, Double price) 位置 C:\KGameServer\KGameServer\DBManager.cs:行号 545

[20160819 10:24:31.972][9][Normal][KGameServer.Match.ProcessUserOperation]	由于未能添加用户买卖的信息数据库中，此次对局无法成功启动，返回。。。。。。

[20160819 10:24:44.968][15][Normal][KGameServer.ServerInst+<>c__DisplayClass4.<Init>b__3]	OnMessage:message=E||

[20160819 10:24:44.968][9][Normal][KGameServer.PlayerConnectionMap.GetPlayerConnection]	playerConnectionDict key count=1

[20160819 10:24:49.319][9][Normal][KGameServer.PlayerConnection.SendMatchEndString]	发送结束对局信息到:t166e，信息内容为:F|1#t166e#9.55#0#000584(深证)#2013-12-24#2014-6-24|

