2016/7/21 星期四 下午 1:27:51 [Info] Server started at ws://192.168.16.250:8484 (actual port 8484) 
[20160721 13:27:57.617][16][Normal][KGameServer.ServerInst+<>c__DisplayClass4.<Init>b__1]	OnOpen

[20160721 13:27:57.619][11][Normal][KGameServer.ServerInst.SocketConnected]	Entered SocketConnected

[20160721 13:27:57.621][11][Normal][KGameServer.ServerInst.SocketConnected]	Connected

[20160721 13:27:57.624][11][Normal][KGameServer.ServerInst.ProcessPreReceievedMessage]	为连接:[192.168.16.250:60037][0:] 处理没有来源的消息

[20160721 13:27:57.624][11][Normal][KGameServer.ServerInst.ProcessPreReceievedMessage]	noResourceMessageDict中，无来源的消息共有0 个来源

[20160721 13:27:57.632][15][Normal][KGameServer.ServerInst+<>c__DisplayClass4.<Init>b__3]	OnMessage:message=A||

[20160721 13:27:57.634][11][Normal][KGameServer.PlayerConnectionMap.GetPlayerConnection]	playerConnectionDict key count=1

[20160721 13:27:57.849][11][Normal][KGameServer.PlayerConnection.ProcessUserQuickLogin]	快速登录成功:B|v109a#312022|

[20160721 13:27:57.857][18][Normal][KGameServer.ServerInst+<>c__DisplayClass4.<Init>b__3]	OnMessage:message=0|v109a#312022#null|

[20160721 13:27:57.857][11][Normal][KGameServer.PlayerConnectionMap.GetPlayerConnection]	playerConnectionDict key count=1

[20160721 13:27:57.859][11][Normal][KGameServer.PlayerConnection.ProcessUserLogin]	用户登录,用户名:v109a 密码:312022 来源:null

[20160721 13:27:57.860][11][Normal][KGameServer.DBManager.ValidateUser]	ValidateUser username=v109a password=312022 source=null

[20160721 13:27:57.867][11][Normal][KGameServer.DBManager.ValidateUserFromSource_Self]	sql:SELECT id FROM kgame.tbl_user where UserName=?UserName and PWD=?Password and ISNULL(SOURCE)

[20160721 13:27:57.870][11][Normal][KGameServer.DBManager.ValidateUserFromSource_Self]	userid=10

[20160721 13:27:57.870][11][Normal][KGameServer.PlayerConnection.ProcessUserLogin]	useridRet=10

[20160721 13:27:57.872][11][Normal][KGameServer.PlayerConnection.ProcessUserLogin]	发送信息:1|v109a|

[20160721 13:27:57.877][15][Normal][KGameServer.ServerInst+<>c__DisplayClass4.<Init>b__3]	OnMessage:message=3|0|

[20160721 13:27:57.877][11][Normal][KGameServer.PlayerConnectionMap.GetPlayerConnection]	playerConnectionDict key count=1

[20160721 13:27:57.879][11][Normal][KGameServer.MatchMaker.BeginNewMatchForSinglePlayer]	准备开始一场单人游戏:[192.168.16.250:60037][10:v109a]

[20160721 13:27:57.882][11][Normal][KGameServer.Match.Start]	1人局开始: [10:] 

[20160721 13:27:57.883][11][Normal][KGameServer.HisDataMng.RequestHistoryData]	RequestHistoryData 请求

[20160721 13:27:57.883][11][Normal][KGameServer.HisDataMng.RequestHistoryData]	入队结束

[20160721 13:27:57.884][13][Normal][KGameServer.HisDataMng.MainProcessThread]	hisDataRequestList 出队，hisDataRequestList中个数为:1

[20160721 13:27:57.911][13][Normal][KGameServer.HisDataMng.MainProcessThread]	数据库已经打开

[20160721 13:27:57.914][13][Normal][KGameServer.HisDataMng.RefreshCodeInfoList]	mutexForCodeInfoDict Passed

[20160721 13:27:57.926][13][Normal][KGameServer.HisDataMng.RefreshCodeInfoList]	mutexForCodeInfoDict Released

[20160721 13:27:57.927][13][Normal][KGameServer.HisDataMng.MainProcessThread]	RefreshCodeInfoList 已经完成

[20160721 13:27:57.934][13][Normal][KGameServer.HisDataMng.ProcessHisDataRequest]	ProcessHisDataRequest hisDataRequest

[20160721 13:27:57.935][13][Normal][KGameServer.HisDataMng.ProcessHisDataRequest]	codeInfoDict.Keys.Count=91

[20160721 13:27:57.935][13][Normal][KGameServer.HisDataMng.ProcessHisDataRequest]	codeInfoIndex=10

[20160721 13:27:57.935][13][Normal][KGameServer.HisDataMng.ProcessHisDataRequest]	totalCandleCount=360

[20160721 13:27:57.935][13][Normal][KGameServer.HisDataMng.ProcessHisDataRequest]	codeInfo=沪铅指数 XSGE

[20160721 13:27:57.935][13][Normal][KGameServer.HisDataMng.ProcessHisDataRequest]	随机数据，codeInfo=沪铅指数 XSGE ,startIndex=136

[20160721 13:27:58.020][13][Normal][KGameServer.HisDataMng.ProcessHisDataRequest]	获得到了历史数据，开始调用回调函数

[20160721 13:27:58.071][13][Normal][KGameServer.DBManager.AddNewMatchInfo]	New Match added to database match id=12

[20160721 13:27:58.074][13][Normal][KGameServer.HisDataMng.MainProcessThread]	ProcessHisDataRequest 已经结束

[20160721 13:27:58.074][13][Normal][KGameServer.HisDataMng.MainProcessThread]	数据库已经关闭

[20160721 13:28:08.398][15][Normal][KGameServer.ServerInst+<>c__DisplayClass4.<Init>b__3]	OnMessage:message=6|32|

[20160721 13:28:08.399][11][Normal][KGameServer.PlayerConnectionMap.GetPlayerConnection]	playerConnectionDict key count=1

[20160721 13:28:09.888][18][Normal][KGameServer.ServerInst+<>c__DisplayClass4.<Init>b__3]	OnMessage:message=7|42|

[20160721 13:28:09.889][11][Normal][KGameServer.PlayerConnectionMap.GetPlayerConnection]	playerConnectionDict key count=1

[20160721 13:28:11.472][15][Normal][KGameServer.ServerInst+<>c__DisplayClass4.<Init>b__3]	OnMessage:message=7|53|

[20160721 13:28:11.472][11][Normal][KGameServer.PlayerConnectionMap.GetPlayerConnection]	playerConnectionDict key count=1

[20160721 13:28:19.209][15][Normal][KGameServer.ServerInst+<>c__DisplayClass4.<Init>b__3]	OnMessage:message=6|99|

[20160721 13:28:19.209][11][Normal][KGameServer.PlayerConnectionMap.GetPlayerConnection]	playerConnectionDict key count=1

[20160721 13:28:21.882][15][Normal][KGameServer.ServerInst+<>c__DisplayClass4.<Init>b__3]	OnMessage:message=7|114|

[20160721 13:28:21.882][11][Normal][KGameServer.PlayerConnectionMap.GetPlayerConnection]	playerConnectionDict key count=1

[20160721 13:28:22.866][18][Normal][KGameServer.ServerInst+<>c__DisplayClass4.<Init>b__3]	OnMessage:message=E||

[20160721 13:28:22.866][11][Normal][KGameServer.PlayerConnectionMap.GetPlayerConnection]	playerConnectionDict key count=1

[20160721 13:28:22.871][11][Normal][KGameServer.PlayerConnection.SendMatchEndString]	发送结束对局信息到:v109a，信息内容为:F|1#v109a#-3.70#0#沪铅指数(上期所)#2015/5/7 星期四#2015/11/2 星期一|

[20160721 13:29:37.167][23][Normal][KGameServer.ServerInst+<>c__DisplayClass4.<Init>b__1]	OnOpen

[20160721 13:29:37.168][11][Normal][KGameServer.ServerInst.SocketConnected]	Entered SocketConnected

[20160721 13:29:37.168][11][Normal][KGameServer.ServerInst.SocketConnected]	Connected

[20160721 13:29:37.168][11][Normal][KGameServer.ServerInst.ProcessPreReceievedMessage]	为连接:[192.168.16.250:60094][0:] 处理没有来源的消息

[20160721 13:29:37.168][11][Normal][KGameServer.ServerInst.ProcessPreReceievedMessage]	noResourceMessageDict中，无来源的消息共有0 个来源

[20160721 13:29:37.172][22][Normal][KGameServer.ServerInst+<>c__DisplayClass4.<Init>b__3]	OnMessage:message=A||

[20160721 13:29:37.172][11][Normal][KGameServer.PlayerConnectionMap.GetPlayerConnection]	playerConnectionDict key count=2

[20160721 13:29:37.200][11][Normal][KGameServer.PlayerConnection.ProcessUserQuickLogin]	快速登录成功:B|v110a#953760|

[20160721 13:29:37.205][22][Normal][KGameServer.ServerInst+<>c__DisplayClass4.<Init>b__3]	OnMessage:message=0|v110a#953760#null|

[20160721 13:29:37.205][11][Normal][KGameServer.PlayerConnectionMap.GetPlayerConnection]	playerConnectionDict key count=2

[20160721 13:29:37.205][11][Normal][KGameServer.PlayerConnection.ProcessUserLogin]	用户登录,用户名:v110a 密码:953760 来源:null

[20160721 13:29:37.205][11][Normal][KGameServer.DBManager.ValidateUser]	ValidateUser username=v110a password=953760 source=null

[20160721 13:29:37.212][11][Normal][KGameServer.DBManager.ValidateUserFromSource_Self]	sql:SELECT id FROM kgame.tbl_user where UserName=?UserName and PWD=?Password and ISNULL(SOURCE)

[20160721 13:29:37.213][11][Normal][KGameServer.DBManager.ValidateUserFromSource_Self]	userid=11

[20160721 13:29:37.213][11][Normal][KGameServer.PlayerConnection.ProcessUserLogin]	useridRet=11

[20160721 13:29:37.213][11][Normal][KGameServer.PlayerConnection.ProcessUserLogin]	发送信息:1|v110a|

[20160721 13:29:37.217][23][Normal][KGameServer.ServerInst+<>c__DisplayClass4.<Init>b__3]	OnMessage:message=3|0|

[20160721 13:29:37.217][11][Normal][KGameServer.PlayerConnectionMap.GetPlayerConnection]	playerConnectionDict key count=2

[20160721 13:29:37.217][11][Normal][KGameServer.MatchMaker.BeginNewMatchForSinglePlayer]	准备开始一场单人游戏:[192.168.16.250:60094][11:v110a]

[20160721 13:29:37.219][11][Normal][KGameServer.Match.Start]	1人局开始: [11:] 

[20160721 13:29:37.220][11][Normal][KGameServer.HisDataMng.RequestHistoryData]	RequestHistoryData 请求

[20160721 13:29:37.220][13][Normal][KGameServer.HisDataMng.MainProcessThread]	hisDataRequestList 出队，hisDataRequestList中个数为:1

[20160721 13:29:37.220][11][Normal][KGameServer.HisDataMng.RequestHistoryData]	入队结束

[20160721 13:29:37.227][13][Normal][KGameServer.HisDataMng.MainProcessThread]	数据库已经打开

[20160721 13:29:37.227][13][Normal][KGameServer.HisDataMng.RefreshCodeInfoList]	mutexForCodeInfoDict Passed

[20160721 13:29:37.233][13][Normal][KGameServer.HisDataMng.RefreshCodeInfoList]	mutexForCodeInfoDict Released

[20160721 13:29:37.233][13][Normal][KGameServer.HisDataMng.MainProcessThread]	RefreshCodeInfoList 已经完成

[20160721 13:29:37.233][13][Normal][KGameServer.HisDataMng.ProcessHisDataRequest]	ProcessHisDataRequest hisDataRequest

[20160721 13:29:37.233][13][Normal][KGameServer.HisDataMng.ProcessHisDataRequest]	codeInfoDict.Keys.Count=91

[20160721 13:29:37.233][13][Normal][KGameServer.HisDataMng.ProcessHisDataRequest]	codeInfoIndex=67

[20160721 13:29:37.233][13][Normal][KGameServer.HisDataMng.ProcessHisDataRequest]	totalCandleCount=360

[20160721 13:29:37.233][13][Normal][KGameServer.HisDataMng.ProcessHisDataRequest]	codeInfo=焦炭主连 XDCE

[20160721 13:29:37.234][13][Normal][KGameServer.HisDataMng.ProcessHisDataRequest]	随机数据，codeInfo=焦炭主连 XDCE ,startIndex=659

[20160721 13:29:37.280][13][Normal][KGameServer.HisDataMng.ProcessHisDataRequest]	获得到了历史数据，开始调用回调函数

[20160721 13:29:37.327][13][Normal][KGameServer.DBManager.AddNewMatchInfo]	New Match added to database match id=13

[20160721 13:29:37.328][13][Normal][KGameServer.HisDataMng.MainProcessThread]	ProcessHisDataRequest 已经结束

[20160721 13:29:37.328][13][Normal][KGameServer.HisDataMng.MainProcessThread]	数据库已经关闭

[20160721 13:29:38.888][11][Normal][KGameServer.PlayerConnectionMap.GetPlayerConnection]	playerConnectionDict key count=2

[20160721 13:29:38.888][11][Normal][KGameServer.ServerInst.ClosePlayerConnection]	ClosePlayerConnection Call

[20160721 13:29:38.890][11][Normal][KGameServer.PlayerConnection.SendMatchEndString]	发送结束对局信息到:v110a，信息内容为:F|1#v110a#0.00#0#焦炭主连(大商所)#2013/3/12 星期二#2013/9/5 星期四|

2016/7/21 星期四 下午 1:29:38 [Warn] Data sent while closing or after close. Ignoring. 
[20160721 13:29:38.893][11][Normal][KGameServer.ServerInst.ClosePlayerConnection]	Closed

[20160721 13:29:41.994][22][Normal][KGameServer.ServerInst+<>c__DisplayClass4.<Init>b__1]	OnOpen

[20160721 13:29:41.994][11][Normal][KGameServer.ServerInst.SocketConnected]	Entered SocketConnected

[20160721 13:29:41.994][11][Normal][KGameServer.ServerInst.SocketConnected]	Connected

[20160721 13:29:41.995][11][Normal][KGameServer.ServerInst.ProcessPreReceievedMessage]	为连接:[192.168.16.250:60103][0:] 处理没有来源的消息

[20160721 13:29:41.995][11][Normal][KGameServer.ServerInst.ProcessPreReceievedMessage]	noResourceMessageDict中，无来源的消息共有0 个来源

[20160721 13:29:42.018][22][Normal][KGameServer.ServerInst+<>c__DisplayClass4.<Init>b__3]	OnMessage:message=A||

[20160721 13:29:42.018][11][Normal][KGameServer.PlayerConnectionMap.GetPlayerConnection]	playerConnectionDict key count=2

[20160721 13:29:42.052][11][Normal][KGameServer.PlayerConnection.ProcessUserQuickLogin]	快速登录成功:B|t111u#779810|

[20160721 13:29:42.055][23][Normal][KGameServer.ServerInst+<>c__DisplayClass4.<Init>b__3]	OnMessage:message=0|t111u#779810#null|

[20160721 13:29:42.055][11][Normal][KGameServer.PlayerConnectionMap.GetPlayerConnection]	playerConnectionDict key count=2

[20160721 13:29:42.055][11][Normal][KGameServer.PlayerConnection.ProcessUserLogin]	用户登录,用户名:t111u 密码:779810 来源:null

[20160721 13:29:42.055][11][Normal][KGameServer.DBManager.ValidateUser]	ValidateUser username=t111u password=779810 source=null

[20160721 13:29:42.062][11][Normal][KGameServer.DBManager.ValidateUserFromSource_Self]	sql:SELECT id FROM kgame.tbl_user where UserName=?UserName and PWD=?Password and ISNULL(SOURCE)

[20160721 13:29:42.062][11][Normal][KGameServer.DBManager.ValidateUserFromSource_Self]	userid=12

[20160721 13:29:42.062][11][Normal][KGameServer.PlayerConnection.ProcessUserLogin]	useridRet=12

[20160721 13:29:42.063][11][Normal][KGameServer.PlayerConnection.ProcessUserLogin]	发送信息:1|t111u|

[20160721 13:29:42.066][22][Normal][KGameServer.ServerInst+<>c__DisplayClass4.<Init>b__3]	OnMessage:message=3|0|

[20160721 13:29:42.066][11][Normal][KGameServer.PlayerConnectionMap.GetPlayerConnection]	playerConnectionDict key count=2

[20160721 13:29:42.067][11][Normal][KGameServer.MatchMaker.BeginNewMatchForSinglePlayer]	准备开始一场单人游戏:[192.168.16.250:60103][12:t111u]

[20160721 13:29:42.067][11][Normal][KGameServer.Match.Start]	1人局开始: [12:] 

[20160721 13:29:42.067][11][Normal][KGameServer.HisDataMng.RequestHistoryData]	RequestHistoryData 请求

[20160721 13:29:42.067][13][Normal][KGameServer.HisDataMng.MainProcessThread]	hisDataRequestList 出队，hisDataRequestList中个数为:1

[20160721 13:29:42.067][11][Normal][KGameServer.HisDataMng.RequestHistoryData]	入队结束

[20160721 13:29:42.073][13][Normal][KGameServer.HisDataMng.MainProcessThread]	数据库已经打开

[20160721 13:29:42.074][13][Normal][KGameServer.HisDataMng.RefreshCodeInfoList]	mutexForCodeInfoDict Passed

[20160721 13:29:42.083][13][Normal][KGameServer.HisDataMng.RefreshCodeInfoList]	mutexForCodeInfoDict Released

[20160721 13:29:42.083][13][Normal][KGameServer.HisDataMng.MainProcessThread]	RefreshCodeInfoList 已经完成

[20160721 13:29:42.083][13][Normal][KGameServer.HisDataMng.ProcessHisDataRequest]	ProcessHisDataRequest hisDataRequest

[20160721 13:29:42.083][13][Normal][KGameServer.HisDataMng.ProcessHisDataRequest]	codeInfoDict.Keys.Count=2833

[20160721 13:29:42.083][13][Normal][KGameServer.HisDataMng.ProcessHisDataRequest]	codeInfoIndex=2827

[20160721 13:29:42.083][13][Normal][KGameServer.HisDataMng.ProcessHisDataRequest]	totalCandleCount=360

[20160721 13:29:42.084][13][Normal][KGameServer.HisDataMng.ProcessHisDataRequest]	codeInfo=603989 XSHG

[20160721 13:29:42.084][13][Normal][KGameServer.HisDataMng.ProcessHisDataRequest]	总个数不够count=207，重新取

[20160721 13:29:42.084][13][Normal][KGameServer.HisDataMng.ProcessHisDataRequest]	codeInfoDict.Keys.Count=2833

[20160721 13:29:42.084][13][Normal][KGameServer.HisDataMng.ProcessHisDataRequest]	codeInfoIndex=1165

[20160721 13:29:42.084][13][Normal][KGameServer.HisDataMng.ProcessHisDataRequest]	totalCandleCount=360

[20160721 13:29:42.084][13][Normal][KGameServer.HisDataMng.ProcessHisDataRequest]	codeInfo=002699 XSHE

[20160721 13:29:42.084][13][Normal][KGameServer.HisDataMng.ProcessHisDataRequest]	随机数据，codeInfo=002699 XSHE ,startIndex=139

[20160721 13:29:42.166][13][Normal][KGameServer.HisDataMng.ProcessHisDataRequest]	获得到了历史数据，开始调用回调函数

[20160721 13:29:42.210][13][Normal][KGameServer.DBManager.AddNewMatchInfo]	New Match added to database match id=14

[20160721 13:29:42.211][13][Normal][KGameServer.HisDataMng.MainProcessThread]	ProcessHisDataRequest 已经结束

[20160721 13:29:42.211][13][Normal][KGameServer.HisDataMng.MainProcessThread]	数据库已经关闭

[20160721 13:29:50.078][22][Normal][KGameServer.ServerInst+<>c__DisplayClass4.<Init>b__3]	OnMessage:message=6|18|

[20160721 13:29:50.079][11][Normal][KGameServer.PlayerConnectionMap.GetPlayerConnection]	playerConnectionDict key count=2

[20160721 13:29:51.894][22][Normal][KGameServer.ServerInst+<>c__DisplayClass4.<Init>b__3]	OnMessage:message=7|30|

[20160721 13:29:51.895][11][Normal][KGameServer.PlayerConnectionMap.GetPlayerConnection]	playerConnectionDict key count=2

[20160721 13:29:53.746][22][Normal][KGameServer.ServerInst+<>c__DisplayClass4.<Init>b__3]	OnMessage:message=7|45|

[20160721 13:29:53.747][11][Normal][KGameServer.PlayerConnectionMap.GetPlayerConnection]	playerConnectionDict key count=2

[20160721 13:29:56.481][22][Normal][KGameServer.ServerInst+<>c__DisplayClass4.<Init>b__3]	OnMessage:message=6|56|

[20160721 13:29:56.481][11][Normal][KGameServer.PlayerConnectionMap.GetPlayerConnection]	playerConnectionDict key count=2

[20160721 13:30:00.581][22][Normal][KGameServer.ServerInst+<>c__DisplayClass4.<Init>b__3]	OnMessage:message=7|80|

[20160721 13:30:00.582][11][Normal][KGameServer.PlayerConnectionMap.GetPlayerConnection]	playerConnectionDict key count=2

[20160721 13:30:06.095][22][Normal][KGameServer.ServerInst+<>c__DisplayClass4.<Init>b__3]	OnMessage:message=6|102|

[20160721 13:30:06.096][11][Normal][KGameServer.PlayerConnectionMap.GetPlayerConnection]	playerConnectionDict key count=2

[20160721 13:30:08.395][22][Normal][KGameServer.ServerInst+<>c__DisplayClass4.<Init>b__3]	OnMessage:message=6|109|

[20160721 13:30:08.396][11][Normal][KGameServer.PlayerConnectionMap.GetPlayerConnection]	playerConnectionDict key count=2

[20160721 13:30:11.329][22][Normal][KGameServer.ServerInst+<>c__DisplayClass4.<Init>b__3]	OnMessage:message=E||

[20160721 13:30:11.329][11][Normal][KGameServer.PlayerConnectionMap.GetPlayerConnection]	playerConnectionDict key count=2

[20160721 13:30:11.329][11][Normal][KGameServer.PlayerConnection.SendMatchEndString]	发送结束对局信息到:t111u，信息内容为:F|1#t111u#-50.21#0#002699(深证)#2014/12/22 星期一#2015/6/18 星期四|

[20160721 13:32:26.393][11][Normal][KGameServer.PlayerConnectionMap.GetPlayerConnection]	playerConnectionDict key count=2

[20160721 13:32:26.394][11][Normal][KGameServer.ServerInst.ClosePlayerConnection]	ClosePlayerConnection Call

[20160721 13:32:26.394][11][Normal][KGameServer.PlayerConnection.SendMatchEndString]	发送结束对局信息到:t111u，信息内容为:F|1#t111u#-50.21#0#002699(深证)#2014/12/22 星期一#2015/6/18 星期四|

2016/7/21 星期四 下午 1:32:26 [Warn] Data sent while closing or after close. Ignoring. 
[20160721 13:32:26.394][11][Normal][KGameServer.ServerInst.ClosePlayerConnection]	Closed

[20160721 13:33:29.375][11][Normal][KGameServer.PlayerConnectionMap.GetPlayerConnection]	playerConnectionDict key count=1

[20160721 13:33:29.376][11][Normal][KGameServer.ServerInst.ClosePlayerConnection]	ClosePlayerConnection Call

[20160721 13:33:29.376][11][Normal][KGameServer.PlayerConnection.SendMatchEndString]	发送结束对局信息到:v109a，信息内容为:F|1#v109a#-3.70#0#沪铅指数(上期所)#2015/5/7 星期四#2015/11/2 星期一|

2016/7/21 星期四 下午 1:33:29 [Warn] Data sent while closing or after close. Ignoring. 
[20160721 13:33:29.377][11][Normal][KGameServer.ServerInst.ClosePlayerConnection]	Closed

[20160721 13:36:55.555][35][Normal][KGameServer.ServerInst+<>c__DisplayClass4.<Init>b__1]	OnOpen

[20160721 13:36:55.555][11][Normal][KGameServer.ServerInst.SocketConnected]	Entered SocketConnected

[20160721 13:36:55.555][11][Normal][KGameServer.ServerInst.SocketConnected]	Connected

[20160721 13:36:55.555][11][Normal][KGameServer.ServerInst.ProcessPreReceievedMessage]	为连接:[192.168.16.250:60245][0:] 处理没有来源的消息

[20160721 13:36:55.556][11][Normal][KGameServer.ServerInst.ProcessPreReceievedMessage]	noResourceMessageDict中，无来源的消息共有0 个来源

[20160721 13:36:55.576][34][Normal][KGameServer.ServerInst+<>c__DisplayClass4.<Init>b__3]	OnMessage:message=A||

[20160721 13:36:55.576][11][Normal][KGameServer.PlayerConnectionMap.GetPlayerConnection]	playerConnectionDict key count=1

[20160721 13:36:55.601][11][Normal][KGameServer.PlayerConnection.ProcessUserQuickLogin]	快速登录成功:B|t112u#116039|

[20160721 13:36:55.605][36][Normal][KGameServer.ServerInst+<>c__DisplayClass4.<Init>b__3]	OnMessage:message=0|t112u#116039#null|

[20160721 13:36:55.605][11][Normal][KGameServer.PlayerConnectionMap.GetPlayerConnection]	playerConnectionDict key count=1

[20160721 13:36:55.605][11][Normal][KGameServer.PlayerConnection.ProcessUserLogin]	用户登录,用户名:t112u 密码:116039 来源:null

[20160721 13:36:55.606][11][Normal][KGameServer.DBManager.ValidateUser]	ValidateUser username=t112u password=116039 source=null

[20160721 13:36:55.611][11][Normal][KGameServer.DBManager.ValidateUserFromSource_Self]	sql:SELECT id FROM kgame.tbl_user where UserName=?UserName and PWD=?Password and ISNULL(SOURCE)

[20160721 13:36:55.612][11][Normal][KGameServer.DBManager.ValidateUserFromSource_Self]	userid=13

[20160721 13:36:55.613][11][Normal][KGameServer.PlayerConnection.ProcessUserLogin]	useridRet=13

[20160721 13:36:55.613][11][Normal][KGameServer.PlayerConnection.ProcessUserLogin]	发送信息:1|t112u|

[20160721 13:36:55.621][37][Normal][KGameServer.ServerInst+<>c__DisplayClass4.<Init>b__3]	OnMessage:message=3|0|

[20160721 13:36:55.622][11][Normal][KGameServer.PlayerConnectionMap.GetPlayerConnection]	playerConnectionDict key count=1

[20160721 13:36:55.622][11][Normal][KGameServer.MatchMaker.BeginNewMatchForSinglePlayer]	准备开始一场单人游戏:[192.168.16.250:60245][13:t112u]

[20160721 13:36:55.622][11][Normal][KGameServer.Match.Start]	1人局开始: [13:] 

[20160721 13:36:55.622][11][Normal][KGameServer.HisDataMng.RequestHistoryData]	RequestHistoryData 请求

[20160721 13:36:55.622][13][Normal][KGameServer.HisDataMng.MainProcessThread]	hisDataRequestList 出队，hisDataRequestList中个数为:1

[20160721 13:36:55.623][11][Normal][KGameServer.HisDataMng.RequestHistoryData]	入队结束

[20160721 13:36:55.632][13][Normal][KGameServer.HisDataMng.MainProcessThread]	数据库已经打开

[20160721 13:36:55.633][13][Normal][KGameServer.HisDataMng.RefreshCodeInfoList]	mutexForCodeInfoDict Passed

[20160721 13:36:55.638][13][Normal][KGameServer.HisDataMng.RefreshCodeInfoList]	mutexForCodeInfoDict Released

[20160721 13:36:55.638][13][Normal][KGameServer.HisDataMng.MainProcessThread]	RefreshCodeInfoList 已经完成

[20160721 13:36:55.638][13][Normal][KGameServer.HisDataMng.ProcessHisDataRequest]	ProcessHisDataRequest hisDataRequest

[20160721 13:36:55.639][13][Normal][KGameServer.HisDataMng.ProcessHisDataRequest]	codeInfoDict.Keys.Count=91

[20160721 13:36:55.639][13][Normal][KGameServer.HisDataMng.ProcessHisDataRequest]	codeInfoIndex=0

[20160721 13:36:55.639][13][Normal][KGameServer.HisDataMng.ProcessHisDataRequest]	totalCandleCount=360

[20160721 13:36:55.639][13][Normal][KGameServer.HisDataMng.ProcessHisDataRequest]	codeInfo=PP指数 XDCE

[20160721 13:36:55.639][13][Normal][KGameServer.HisDataMng.ProcessHisDataRequest]	随机数据，codeInfo=PP指数 XDCE ,startIndex=48

[20160721 13:36:55.701][13][Normal][KGameServer.HisDataMng.ProcessHisDataRequest]	获得到了历史数据，开始调用回调函数

[20160721 13:36:55.750][13][Normal][KGameServer.DBManager.AddNewMatchInfo]	New Match added to database match id=15

[20160721 13:36:55.751][13][Normal][KGameServer.HisDataMng.MainProcessThread]	ProcessHisDataRequest 已经结束

[20160721 13:36:55.751][13][Normal][KGameServer.HisDataMng.MainProcessThread]	数据库已经关闭

[20160721 13:37:04.279][34][Normal][KGameServer.ServerInst+<>c__DisplayClass4.<Init>b__3]	OnMessage:message=6|30|

[20160721 13:37:04.279][11][Normal][KGameServer.PlayerConnectionMap.GetPlayerConnection]	playerConnectionDict key count=1

[20160721 13:37:05.504][36][Normal][KGameServer.ServerInst+<>c__DisplayClass4.<Init>b__3]	OnMessage:message=7|39|

[20160721 13:37:05.505][11][Normal][KGameServer.PlayerConnectionMap.GetPlayerConnection]	playerConnectionDict key count=1

[20160721 13:37:08.755][34][Normal][KGameServer.ServerInst+<>c__DisplayClass4.<Init>b__3]	OnMessage:message=7|61|

[20160721 13:37:08.755][11][Normal][KGameServer.PlayerConnectionMap.GetPlayerConnection]	playerConnectionDict key count=1

[20160721 13:37:11.228][34][Normal][KGameServer.ServerInst+<>c__DisplayClass4.<Init>b__3]	OnMessage:message=6|89|

[20160721 13:37:11.229][11][Normal][KGameServer.PlayerConnectionMap.GetPlayerConnection]	playerConnectionDict key count=1

[20160721 13:37:14.322][34][Normal][KGameServer.ServerInst+<>c__DisplayClass4.<Init>b__3]	OnMessage:message=7|119|

[20160721 13:37:14.323][11][Normal][KGameServer.PlayerConnectionMap.GetPlayerConnection]	playerConnectionDict key count=1

[20160721 13:37:14.359][36][Normal][KGameServer.ServerInst+<>c__DisplayClass4.<Init>b__3]	OnMessage:message=E||

[20160721 13:37:14.359][11][Normal][KGameServer.PlayerConnectionMap.GetPlayerConnection]	playerConnectionDict key count=1

[20160721 13:37:14.360][11][Normal][KGameServer.PlayerConnection.SendMatchEndString]	发送结束对局信息到:t112u，信息内容为:F|1#t112u#-10.80#0#PP指数(大商所)#2015/9/11 星期五#2016/3/11 星期五|

[20160721 13:47:08.254][11][Normal][KGameServer.PlayerConnectionMap.GetPlayerConnection]	playerConnectionDict key count=1

[20160721 13:47:08.254][11][Normal][KGameServer.ServerInst.ClosePlayerConnection]	ClosePlayerConnection Call

[20160721 13:47:08.254][11][Normal][KGameServer.PlayerConnection.SendMatchEndString]	发送结束对局信息到:t112u，信息内容为:F|1#t112u#-10.80#0#PP指数(大商所)#2015/9/11 星期五#2016/3/11 星期五|

2016/7/21 星期四 下午 1:47:08 [Warn] Data sent while closing or after close. Ignoring. 
[20160721 13:47:08.255][11][Normal][KGameServer.ServerInst.ClosePlayerConnection]	Closed

2016/7/21 星期四 下午 1:47:08 [Info] Failed to send. Disconnecting. System.AggregateException: 发生一个或多个错误。 ---> System.ObjectDisposedException: 无法访问已释放的对象。
对象名:“System.Net.Sockets.NetworkStream”。
   在 System.Net.Sockets.NetworkStream.EndWrite(IAsyncResult asyncResult)
   在 System.Threading.Tasks.TaskFactory`1.FromAsyncCoreLogic(IAsyncResult iar, Func`2 endFunction, Action`1 endAction, Task`1 promise, Boolean requiresSynchronization)
   --- 内部异常堆栈跟踪的结尾 ---
---> (内部异常 #0) System.ObjectDisposedException: 无法访问已释放的对象。
对象名:“System.Net.Sockets.NetworkStream”。
   在 System.Net.Sockets.NetworkStream.EndWrite(IAsyncResult asyncResult)
   在 System.Threading.Tasks.TaskFactory`1.FromAsyncCoreLogic(IAsyncResult iar, Func`2 endFunction, Action`1 endAction, Task`1 promise, Boolean requiresSynchronization)<---

[20160721 13:47:08.472][11][Normal][KGameServer.PlayerConnectionMap.GetPlayerConnection]	playerConnectionDict key count=0

[20160721 13:47:08.472][11][Normal][KGameServer.ServerInst.ClosePlayerConnection]	ClosePlayerConnection Call

[20160721 13:47:11.448][29][Normal][KGameServer.ServerInst+<>c__DisplayClass4.<Init>b__1]	OnOpen

[20160721 13:47:11.449][11][Normal][KGameServer.ServerInst.SocketConnected]	Entered SocketConnected

[20160721 13:47:11.449][11][Normal][KGameServer.ServerInst.SocketConnected]	Connected

[20160721 13:47:11.449][11][Normal][KGameServer.ServerInst.ProcessPreReceievedMessage]	为连接:[192.168.16.250:60394][0:] 处理没有来源的消息

[20160721 13:47:11.449][11][Normal][KGameServer.ServerInst.ProcessPreReceievedMessage]	noResourceMessageDict中，无来源的消息共有0 个来源

[20160721 13:47:11.481][26][Normal][KGameServer.ServerInst+<>c__DisplayClass4.<Init>b__3]	OnMessage:message=A||

[20160721 13:47:11.482][11][Normal][KGameServer.PlayerConnectionMap.GetPlayerConnection]	playerConnectionDict key count=1

[20160721 13:47:11.520][11][Normal][KGameServer.PlayerConnection.ProcessUserQuickLogin]	快速登录成功:B|v113e#915556|

[20160721 13:47:11.524][29][Normal][KGameServer.ServerInst+<>c__DisplayClass4.<Init>b__3]	OnMessage:message=0|v113e#915556#null|

[20160721 13:47:11.525][11][Normal][KGameServer.PlayerConnectionMap.GetPlayerConnection]	playerConnectionDict key count=1

[20160721 13:47:11.525][11][Normal][KGameServer.PlayerConnection.ProcessUserLogin]	用户登录,用户名:v113e 密码:915556 来源:null

[20160721 13:47:11.525][11][Normal][KGameServer.DBManager.ValidateUser]	ValidateUser username=v113e password=915556 source=null

[20160721 13:47:11.531][11][Normal][KGameServer.DBManager.ValidateUserFromSource_Self]	sql:SELECT id FROM kgame.tbl_user where UserName=?UserName and PWD=?Password and ISNULL(SOURCE)

[20160721 13:47:11.532][11][Normal][KGameServer.DBManager.ValidateUserFromSource_Self]	userid=14

[20160721 13:47:11.532][11][Normal][KGameServer.PlayerConnection.ProcessUserLogin]	useridRet=14

[20160721 13:47:11.532][11][Normal][KGameServer.PlayerConnection.ProcessUserLogin]	发送信息:1|v113e|

[20160721 13:47:11.538][28][Normal][KGameServer.ServerInst+<>c__DisplayClass4.<Init>b__3]	OnMessage:message=3|0|

[20160721 13:47:11.538][11][Normal][KGameServer.PlayerConnectionMap.GetPlayerConnection]	playerConnectionDict key count=1

[20160721 13:47:11.538][11][Normal][KGameServer.MatchMaker.BeginNewMatchForSinglePlayer]	准备开始一场单人游戏:[192.168.16.250:60394][14:v113e]

[20160721 13:47:11.539][11][Normal][KGameServer.Match.Start]	1人局开始: [14:] 

[20160721 13:47:11.539][11][Normal][KGameServer.HisDataMng.RequestHistoryData]	RequestHistoryData 请求

[20160721 13:47:11.539][13][Normal][KGameServer.HisDataMng.MainProcessThread]	hisDataRequestList 出队，hisDataRequestList中个数为:1

[20160721 13:47:11.539][11][Normal][KGameServer.HisDataMng.RequestHistoryData]	入队结束

[20160721 13:47:11.548][13][Normal][KGameServer.HisDataMng.MainProcessThread]	数据库已经打开

[20160721 13:47:11.549][13][Normal][KGameServer.HisDataMng.RefreshCodeInfoList]	mutexForCodeInfoDict Passed

[20160721 13:47:11.554][13][Normal][KGameServer.HisDataMng.RefreshCodeInfoList]	mutexForCodeInfoDict Released

[20160721 13:47:11.554][13][Normal][KGameServer.HisDataMng.MainProcessThread]	RefreshCodeInfoList 已经完成

[20160721 13:47:11.555][13][Normal][KGameServer.HisDataMng.ProcessHisDataRequest]	ProcessHisDataRequest hisDataRequest

[20160721 13:47:11.555][13][Normal][KGameServer.HisDataMng.ProcessHisDataRequest]	codeInfoDict.Keys.Count=91

[20160721 13:47:11.555][13][Normal][KGameServer.HisDataMng.ProcessHisDataRequest]	codeInfoIndex=87

[20160721 13:47:11.555][13][Normal][KGameServer.HisDataMng.ProcessHisDataRequest]	totalCandleCount=360

[20160721 13:47:11.555][13][Normal][KGameServer.HisDataMng.ProcessHisDataRequest]	codeInfo=郑麦主连 XZCE

[20160721 13:47:11.555][13][Normal][KGameServer.HisDataMng.ProcessHisDataRequest]	随机数据，codeInfo=郑麦主连 XZCE ,startIndex=781

[20160721 13:47:11.590][13][Normal][KGameServer.HisDataMng.ProcessHisDataRequest]	获得到了历史数据，开始调用回调函数

[20160721 13:47:11.638][13][Normal][KGameServer.DBManager.AddNewMatchInfo]	New Match added to database match id=16

[20160721 13:47:11.639][13][Normal][KGameServer.HisDataMng.MainProcessThread]	ProcessHisDataRequest 已经结束

[20160721 13:47:11.639][13][Normal][KGameServer.HisDataMng.MainProcessThread]	数据库已经关闭

[20160721 13:47:19.982][29][Normal][KGameServer.ServerInst+<>c__DisplayClass4.<Init>b__3]	OnMessage:message=6|16|

[20160721 13:47:19.983][11][Normal][KGameServer.PlayerConnectionMap.GetPlayerConnection]	playerConnectionDict key count=1

[20160721 13:47:21.636][29][Normal][KGameServer.ServerInst+<>c__DisplayClass4.<Init>b__3]	OnMessage:message=7|30|

[20160721 13:47:21.637][11][Normal][KGameServer.PlayerConnectionMap.GetPlayerConnection]	playerConnectionDict key count=1

[20160721 13:47:25.475][29][Normal][KGameServer.ServerInst+<>c__DisplayClass4.<Init>b__3]	OnMessage:message=6|60|

[20160721 13:47:25.476][11][Normal][KGameServer.PlayerConnectionMap.GetPlayerConnection]	playerConnectionDict key count=1

[20160721 13:47:27.693][29][Normal][KGameServer.ServerInst+<>c__DisplayClass4.<Init>b__3]	OnMessage:message=7|76|

[20160721 13:47:27.694][11][Normal][KGameServer.PlayerConnectionMap.GetPlayerConnection]	playerConnectionDict key count=1

[20160721 13:47:34.497][29][Normal][KGameServer.ServerInst+<>c__DisplayClass4.<Init>b__3]	OnMessage:message=E||

[20160721 13:47:34.497][11][Normal][KGameServer.PlayerConnectionMap.GetPlayerConnection]	playerConnectionDict key count=1

[20160721 13:47:34.497][11][Normal][KGameServer.PlayerConnection.SendMatchEndString]	发送结束对局信息到:v113e，信息内容为:F|1#v113e#3.20#0#郑麦主连(郑商所)#2012/9/3 星期一#2013/3/6 星期三|

