2016-7-28 上午 8:31:12 [Info] Server started at ws://192.168.16.250:8484 (actual port 8484) 
[20160728 13:45:33.206][16][Normal][KGameServer.ServerInst+<>c__DisplayClass4.<Init>b__3]	OnMessage:message=A||

[20160728 13:45:33.206][15][Normal][KGameServer.ServerInst+<>c__DisplayClass4.<Init>b__1]	OnOpen

[20160728 13:45:33.219][11][Normal][KGameServer.PlayerConnectionMap.GetPlayerConnection]	playerConnectionDict key count=0

[20160728 13:45:33.220][11][Normal][KGameServer.ServerInst.SocketReceievedMsg]	未知来源的消息:A||

[20160728 13:45:33.221][11][Normal][KGameServer.ServerInst.ProcessNoSourceMessages]	开始处理未知来源的消息

[20160728 13:45:33.221][11][Normal][KGameServer.ServerInst.ProcessNoSourceMessages]	共有 0 个未知的来源

[20160728 13:45:33.222][11][Normal][KGameServer.ServerInst.SocketConnected]	Entered SocketConnected

[20160728 13:45:33.224][11][Normal][KGameServer.ServerInst.SocketConnected]	Connected

[20160728 13:45:33.227][11][Normal][KGameServer.ServerInst.ProcessPreReceievedMessage]	为连接:[192.168.16.250:55503][0:] 处理没有来源的消息

[20160728 13:45:33.227][11][Normal][KGameServer.ServerInst.ProcessPreReceievedMessage]	noResourceMessageDict中，无来源的消息共有1 个来源

[20160728 13:45:33.227][11][Normal][KGameServer.ServerInst.ProcessPreReceievedMessage]	开始处理没有来源的消息，该消息的来源已经被发现了

[20160728 13:45:33.228][11][Normal][KGameServer.ServerInst.ProcessPreReceievedMessage]	共有1条没有来源的消息可以处理

[20160728 13:45:33.228][11][Normal][KGameServer.ServerInst.ProcessPreReceievedMessage]	内容为:A||

[20160728 13:45:33.686][11][Normal][KGameServer.PlayerConnection.ProcessUserQuickLogin]	快速登录成功:B|t133a#727580|

[20160728 13:45:33.695][17][Normal][KGameServer.ServerInst+<>c__DisplayClass4.<Init>b__3]	OnMessage:message=0|t133a#727580#null|

[20160728 13:45:33.696][11][Normal][KGameServer.PlayerConnectionMap.GetPlayerConnection]	playerConnectionDict key count=1

[20160728 13:45:33.697][11][Normal][KGameServer.PlayerConnection.ProcessUserLogin]	用户登录,用户名:t133a 密码:727580 来源:null

[20160728 13:45:33.699][11][Normal][KGameServer.DBManager.ValidateUser]	ValidateUser username=t133a password=727580 source=null

[20160728 13:45:33.706][11][Normal][KGameServer.DBManager.ValidateUserFromSource_Self]	sql:SELECT id FROM kgame.tbl_user where UserName=?UserName and PWD=?Password and ISNULL(SOURCE)

[20160728 13:45:33.708][11][Normal][KGameServer.DBManager.ValidateUserFromSource_Self]	userid=34

[20160728 13:45:33.708][11][Normal][KGameServer.PlayerConnection.ProcessUserLogin]	useridRet=34

[20160728 13:45:36.846][11][Normal][KGameServer.PlayerConnection.ProcessUserLogin]	发送信息:1|t133a|

[20160728 13:45:36.850][17][Normal][KGameServer.ServerInst+<>c__DisplayClass4.<Init>b__3]	OnMessage:message=3|0|

[20160728 13:45:36.851][11][Normal][KGameServer.PlayerConnectionMap.GetPlayerConnection]	playerConnectionDict key count=1

[20160728 13:45:36.870][11][Normal][KGameServer.MatchMaker.BeginNewMatchForSinglePlayer]	准备开始一场单人游戏:[192.168.16.250:55503][34:t133a]

[20160728 13:45:36.878][11][Normal][KGameServer.Match.Start]	1人局开始: [34:] 

[20160728 13:45:36.879][11][Normal][KGameServer.HisDataMng.RequestHistoryData]	RequestHistoryData 请求

[20160728 13:45:36.879][11][Normal][KGameServer.HisDataMng.RequestHistoryData]	入队结束

[20160728 13:45:36.879][13][Normal][KGameServer.HisDataMng.MainProcessThread]	hisDataRequestList 出队，hisDataRequestList中个数为:1

[20160728 13:45:36.904][13][Normal][KGameServer.HisDataMng.MainProcessThread]	数据库已经打开

[20160728 13:45:36.907][13][Normal][KGameServer.HisDataMng.RefreshCodeInfoList]	mutexForCodeInfoDict Passed

[20160728 13:45:36.919][13][Normal][KGameServer.HisDataMng.RefreshCodeInfoList]	mutexForCodeInfoDict Released

[20160728 13:45:36.919][13][Normal][KGameServer.HisDataMng.MainProcessThread]	RefreshCodeInfoList 已经完成

[20160728 13:45:36.940][13][Normal][KGameServer.HisDataMng.ProcessHisDataRequest]	ProcessHisDataRequest hisDataRequest

[20160728 13:45:36.940][13][Normal][KGameServer.HisDataMng.ProcessHisDataRequest]	codeInfoDict.Keys.Count=91

[20160728 13:45:36.941][13][Normal][KGameServer.HisDataMng.ProcessHisDataRequest]	codeInfoIndex=89

[20160728 13:45:36.941][13][Normal][KGameServer.HisDataMng.ProcessHisDataRequest]	totalCandleCount=360

[20160728 13:45:36.941][13][Normal][KGameServer.HisDataMng.ProcessHisDataRequest]	codeInfo=锰硅主连 XZCE

[20160728 13:45:36.942][13][Normal][KGameServer.HisDataMng.ProcessHisDataRequest]	总个数不够count=357，重新取

[20160728 13:45:36.942][13][Normal][KGameServer.HisDataMng.ProcessHisDataRequest]	codeInfoDict.Keys.Count=91

[20160728 13:45:36.942][13][Normal][KGameServer.HisDataMng.ProcessHisDataRequest]	codeInfoIndex=29

[20160728 13:45:36.942][13][Normal][KGameServer.HisDataMng.ProcessHisDataRequest]	totalCandleCount=360

[20160728 13:45:36.942][13][Normal][KGameServer.HisDataMng.ProcessHisDataRequest]	codeInfo=胶板指数 XDCE

[20160728 13:45:36.942][13][Normal][KGameServer.HisDataMng.ProcessHisDataRequest]	随机数据，codeInfo=胶板指数 XDCE ,startIndex=6

[20160728 13:45:37.032][13][Normal][KGameServer.HisDataMng.ProcessHisDataRequest]	获得到了历史数据，开始调用回调函数

[20160728 13:45:37.123][13][Normal][KGameServer.DBManager.AddNewMatchInfo]	New Match added to database match id=37

[20160728 13:45:37.126][13][Normal][KGameServer.HisDataMng.MainProcessThread]	ProcessHisDataRequest 已经结束

[20160728 13:45:37.126][13][Normal][KGameServer.HisDataMng.MainProcessThread]	数据库已经关闭

[20160728 13:45:59.836][19][Normal][KGameServer.ServerInst+<>c__DisplayClass4.<Init>b__3]	OnMessage:message=E||

[20160728 13:45:59.859][11][Normal][KGameServer.PlayerConnectionMap.GetPlayerConnection]	playerConnectionDict key count=1

[20160728 13:45:59.879][11][Normal][KGameServer.PlayerConnection.SendMatchEndString]	发送结束对局信息到:t133a，信息内容为:F|1#t133a#0.00#0#胶板指数(大商所)#2015-6-4#2015-12-30|

