2016-8-18 下午 2:34:22 [Info] Server started at ws://192.168.16.250:8484 (actual port 8484) 
[20160818 14:34:28.692][17][Normal][KGameServer.ServerInst+<>c__DisplayClass4.<Init>b__1]	OnOpen

[20160818 14:34:28.694][11][Normal][KGameServer.ServerInst.SocketConnected]	Entered SocketConnected

[20160818 14:34:28.695][11][Normal][KGameServer.ServerInst.SocketConnected]	Connected

[20160818 14:34:28.699][11][Normal][KGameServer.ServerInst.ProcessPreReceievedMessage]	为连接:[192.168.16.250:58058][0:] 处理没有来源的消息

[20160818 14:34:28.699][11][Normal][KGameServer.ServerInst.ProcessPreReceievedMessage]	noResourceMessageDict中，无来源的消息共有0 个来源

[20160818 14:34:28.703][6][Normal][KGameServer.ServerInst+<>c__DisplayClass4.<Init>b__3]	OnMessage:message=A||

[20160818 14:34:28.704][11][Normal][KGameServer.PlayerConnectionMap.GetPlayerConnection]	playerConnectionDict key count=1

[20160818 14:34:28.905][11][Normal][KGameServer.PlayerConnection.ProcessUserQuickLogin]	快速登录成功:B|s135a#859797|

[20160818 14:34:28.914][18][Normal][KGameServer.ServerInst+<>c__DisplayClass4.<Init>b__3]	OnMessage:message=0|s135a#859797#null|

[20160818 14:34:28.914][11][Normal][KGameServer.PlayerConnectionMap.GetPlayerConnection]	playerConnectionDict key count=1

[20160818 14:34:28.915][11][Normal][KGameServer.PlayerConnection.ProcessUserLogin]	用户登录,用户名:s135a 密码:859797 来源:null

[20160818 14:34:28.916][11][Normal][KGameServer.DBManager.ValidateUser]	ValidateUser username=s135a password=859797 source=null

[20160818 14:34:28.924][11][Normal][KGameServer.DBManager.ValidateUserFromSource_Self]	sql:SELECT id FROM kgame.tbl_user where UserName=?UserName and PWD=?Password and ISNULL(SOURCE)

[20160818 14:34:28.926][11][Normal][KGameServer.DBManager.ValidateUserFromSource_Self]	userid=94

[20160818 14:34:28.926][11][Normal][KGameServer.PlayerConnection.ProcessUserLogin]	useridRet=94

[20160818 14:34:31.104][11][Normal][KGameServer.PlayerConnection.ProcessUserLogin]	发送信息:1|s135a|

[20160818 14:34:31.109][18][Normal][KGameServer.ServerInst+<>c__DisplayClass4.<Init>b__3]	OnMessage:message=3|0|

[20160818 14:34:31.110][11][Normal][KGameServer.PlayerConnectionMap.GetPlayerConnection]	playerConnectionDict key count=1

[20160818 14:34:32.283][11][Normal][KGameServer.MatchMaker.BeginNewMatchForSinglePlayer]	准备开始一场单人游戏:[192.168.16.250:58058][94:s135a]

[20160818 14:34:32.289][11][Normal][KGameServer.Match.Start]	1人局开始: [94:] 

[20160818 14:34:32.290][11][Normal][KGameServer.HisDataMng.RequestHistoryData]	RequestHistoryData 请求

[20160818 14:34:32.291][11][Normal][KGameServer.HisDataMng.RequestHistoryData]	入队结束

[20160818 14:34:32.291][13][Normal][KGameServer.HisDataMng.MainProcessThread]	hisDataRequestList 出队，hisDataRequestList中个数为:1

[20160818 14:34:32.323][13][Normal][KGameServer.HisDataMng.MainProcessThread]	数据库已经打开

[20160818 14:34:32.326][13][Normal][KGameServer.HisDataMng.RefreshCodeInfoList]	mutexForCodeInfoDict Passed

[20160818 14:34:32.338][13][Normal][KGameServer.HisDataMng.RefreshCodeInfoList]	mutexForCodeInfoDict Released

[20160818 14:34:32.338][13][Normal][KGameServer.HisDataMng.MainProcessThread]	RefreshCodeInfoList 已经完成

[20160818 14:34:32.347][13][Normal][KGameServer.HisDataMng.ProcessHisDataRequest]	ProcessHisDataRequest hisDataRequest

[20160818 14:34:32.347][13][Normal][KGameServer.HisDataMng.ProcessHisDataRequest]	codeInfoDict.Keys.Count=91

[20160818 14:34:32.347][13][Normal][KGameServer.HisDataMng.ProcessHisDataRequest]	codeInfoIndex=13

[20160818 14:34:32.347][13][Normal][KGameServer.HisDataMng.ProcessHisDataRequest]	totalCandleCount=360

[20160818 14:34:32.347][13][Normal][KGameServer.HisDataMng.ProcessHisDataRequest]	codeInfo=沪银指数 XSGE

[20160818 14:34:32.348][13][Normal][KGameServer.HisDataMng.ProcessHisDataRequest]	随机数据，codeInfo=沪银指数 XSGE ,startIndex=200

[20160818 14:34:32.391][13][Normal][KGameServer.Util.LogException]	无法将类型为“System.DateTime”的对象强制转换为类型“System.String”。

[20160818 14:34:32.392][13][Normal][KGameServer.Util.LogException]	   在 KGameServer.HisDataMng.ProcessHisDataRequest(HisDataRequest hisDataRequest, MySqlConnection mySqlConnection) 位置 C:\KGameServer\KGameServer\HisDataMng.cs:行号 297

[20160818 14:34:32.392][13][Normal][KGameServer.HisDataMng.ProcessHisDataRequest]	获得到了历史数据，开始调用回调函数

[20160818 14:34:32.408][13][Normal][KGameServer.App.CurrentDomain_UnhandledException]	System.NullReferenceException: 未将对象引用设置到对象的实例。
   在 KGameServer.Match.OnReceiveHistoryDataCallBack(List`1 historyDataList, CodeInfo codeInfo) 位置 C:\KGameServer\KGameServer\Match.cs:行号 414
   在 KGameServer.HisDataMng.ProcessHisDataRequest(HisDataRequest hisDataRequest, MySqlConnection mySqlConnection) 位置 C:\KGameServer\KGameServer\HisDataMng.cs:行号 377
   在 KGameServer.HisDataMng.MainProcessThread() 位置 C:\KGameServer\KGameServer\HisDataMng.cs:行号 205
   在 System.Threading.ExecutionContext.RunInternal(ExecutionContext executionContext, ContextCallback callback, Object state, Boolean preserveSyncCtx)
   在 System.Threading.ExecutionContext.Run(ExecutionContext executionContext, ContextCallback callback, Object state, Boolean preserveSyncCtx)
   在 System.Threading.ExecutionContext.Run(ExecutionContext executionContext, ContextCallback callback, Object state)
   在 System.Threading.ThreadHelper.ThreadStart()

