2016/5/27 16:57:45 [Info] Server started at ws://192.168.16.250:8484 (actual port 8484) 
[20160527 16:57:55.621][9][Normal][KGameServer.ServerInst+<>c__DisplayClass4.<Init>b__1]	OnOpen

[20160527 16:57:55.622][3][Normal][KGameServer.ServerInst.SocketConnected]	Entered SocketConnected

[20160527 16:57:55.623][3][Normal][KGameServer.ServerInst.SocketConnected]	Connected

[20160527 16:57:55.626][3][Normal][KGameServer.ServerInst.ProcessPreReceievedMessage]	为连接:[192.168.16.250:52652][0:] 处理没有来源的消息

[20160527 16:57:55.626][3][Normal][KGameServer.ServerInst.ProcessPreReceievedMessage]	noResourceMessageDict中，无来源的消息共有0 个来源

[20160527 16:57:55.628][10][Normal][KGameServer.ServerInst+<>c__DisplayClass4.<Init>b__3]	OnMessage:message=0|v100a#303120#null|

[20160527 16:57:55.629][3][Normal][KGameServer.PlayerConnectionMap.GetPlayerConnection]	playerConnectionDict key count=1

[20160527 16:57:55.633][3][Normal][KGameServer.PlayerConnection.ProcessUserLogin]	用户登录,用户名:v100a 密码:303120 来源:null

[20160527 16:57:55.633][3][Normal][KGameServer.DBManager.ValidateUser]	ValidateUser username=v100a password=303120 source=null

[20160527 16:57:55.790][3][Normal][KGameServer.DBManager.ValidateUserFromSource_Self]	sql:SELECT id FROM kgame.tbl_user where UserName=?UserName and PWD=?Password and ISNULL(SOURCE)

[20160527 16:57:55.795][3][Normal][KGameServer.DBManager.ValidateUserFromSource_Self]	userid=1

[20160527 16:57:55.798][3][Normal][KGameServer.PlayerConnection.ProcessUserLogin]	useridRet=1

[20160527 16:57:55.799][3][Normal][KGameServer.PlayerConnection.ProcessUserLogin]	发送信息:1|v100a|

[20160527 16:57:55.803][9][Normal][KGameServer.ServerInst+<>c__DisplayClass4.<Init>b__3]	OnMessage:message=3|0|

[20160527 16:57:55.803][3][Normal][KGameServer.PlayerConnectionMap.GetPlayerConnection]	playerConnectionDict key count=1

[20160527 16:57:55.804][3][Normal][KGameServer.MatchMaker.BeginNewMatchForSinglePlayer]	准备开始一场单人游戏:[192.168.16.250:52652][1:v100a]

[20160527 16:57:55.807][3][Normal][KGameServer.Match.Start]	1人局开始: [1:] 

[20160527 16:57:55.807][3][Normal][KGameServer.HisDataMng.RequestHistoryData]	RequestHistoryData 请求

[20160527 16:57:55.807][3][Normal][KGameServer.HisDataMng.RequestHistoryData]	入队结束

[20160527 16:57:55.807][5][Normal][KGameServer.HisDataMng.MainProcessThread]	hisDataRequestList 出队，hisDataRequestList中个数为:1

[20160527 16:57:55.825][5][Normal][KGameServer.HisDataMng.MainProcessThread]	数据库已经打开

[20160527 16:57:55.827][5][Normal][KGameServer.HisDataMng.RefreshCodeInfoList]	mutexForCodeInfoDict Passed

[20160527 16:57:55.830][5][Normal][KGameServer.HisDataMng.RefreshCodeInfoList]	mutexForCodeInfoDict Released

[20160527 16:57:55.830][5][Normal][KGameServer.HisDataMng.MainProcessThread]	RefreshCodeInfoList 已经完成

[20160527 16:57:55.834][5][Normal][KGameServer.HisDataMng.ProcessHisDataRequest]	ProcessHisDataRequest hisDataRequest

[20160527 16:57:55.834][5][Normal][KGameServer.HisDataMng.ProcessHisDataRequest]	codeInfoDict.Keys.Count=91

[20160527 16:57:55.834][5][Normal][KGameServer.HisDataMng.ProcessHisDataRequest]	codeInfoIndex=86

[20160527 16:57:55.834][5][Normal][KGameServer.HisDataMng.ProcessHisDataRequest]	totalCandleCount=360

[20160527 16:57:55.834][5][Normal][KGameServer.HisDataMng.ProcessHisDataRequest]	codeInfo=郑醇主连 XZCE

[20160527 16:57:55.835][5][Normal][KGameServer.HisDataMng.ProcessHisDataRequest]	随机数据，codeInfo=郑醇主连 XZCE ,startIndex=110

[20160527 16:57:55.846][5][Normal][KGameServer.HisDataMng.ProcessHisDataRequest]	获得到了历史数据，开始调用回调函数

[20160527 16:57:55.913][5][Normal][KGameServer.DBManager.AddNewMatchInfo]	New Match added to database match id=88

[20160527 16:57:55.914][5][Normal][KGameServer.HisDataMng.MainProcessThread]	ProcessHisDataRequest 已经结束

[20160527 16:57:55.914][5][Normal][KGameServer.HisDataMng.MainProcessThread]	数据库已经关闭

[20160527 16:58:07.413][12][Normal][KGameServer.ServerInst+<>c__DisplayClass4.<Init>b__3]	OnMessage:message=E||

[20160527 16:58:07.413][3][Normal][KGameServer.PlayerConnectionMap.GetPlayerConnection]	playerConnectionDict key count=1

[20160527 16:58:07.417][3][Normal][KGameServer.PlayerConnection.SendMatchEndString]	发送结束对局信息到:v100a，信息内容为:F|1#v100a#0.00#0#郑醇主连(郑商所)#2015/6/15#2015/12/9|

[20160527 16:58:26.399][12][Normal][KGameServer.ServerInst+<>c__DisplayClass4.<Init>b__3]	OnMessage:message=3|0|

[20160527 16:58:26.399][3][Normal][KGameServer.PlayerConnectionMap.GetPlayerConnection]	playerConnectionDict key count=1

[20160527 16:58:26.399][3][Normal][KGameServer.MatchMaker.BeginNewMatchForSinglePlayer]	准备开始一场单人游戏:[192.168.16.250:52652][1:v100a]

[20160527 16:58:26.399][3][Normal][KGameServer.Match.Start]	1人局开始: [1:] 

[20160527 16:58:26.399][3][Normal][KGameServer.HisDataMng.RequestHistoryData]	RequestHistoryData 请求

[20160527 16:58:26.399][3][Normal][KGameServer.HisDataMng.RequestHistoryData]	入队结束

[20160527 16:58:26.399][5][Normal][KGameServer.HisDataMng.MainProcessThread]	hisDataRequestList 出队，hisDataRequestList中个数为:1

[20160527 16:58:26.403][5][Normal][KGameServer.HisDataMng.MainProcessThread]	数据库已经打开

[20160527 16:58:26.403][5][Normal][KGameServer.HisDataMng.RefreshCodeInfoList]	mutexForCodeInfoDict Passed

[20160527 16:58:26.405][5][Normal][KGameServer.HisDataMng.RefreshCodeInfoList]	mutexForCodeInfoDict Released

[20160527 16:58:26.406][5][Normal][KGameServer.HisDataMng.MainProcessThread]	RefreshCodeInfoList 已经完成

[20160527 16:58:26.406][5][Normal][KGameServer.HisDataMng.ProcessHisDataRequest]	ProcessHisDataRequest hisDataRequest

[20160527 16:58:26.406][5][Normal][KGameServer.HisDataMng.ProcessHisDataRequest]	codeInfoDict.Keys.Count=91

[20160527 16:58:26.406][5][Normal][KGameServer.HisDataMng.ProcessHisDataRequest]	codeInfoIndex=65

[20160527 16:58:26.406][5][Normal][KGameServer.HisDataMng.ProcessHisDataRequest]	totalCandleCount=360

[20160527 16:58:26.406][5][Normal][KGameServer.HisDataMng.ProcessHisDataRequest]	codeInfo=淀粉主连 XDCE

[20160527 16:58:26.406][5][Normal][KGameServer.HisDataMng.ProcessHisDataRequest]	总个数不够count=347，重新取

[20160527 16:58:26.406][5][Normal][KGameServer.HisDataMng.ProcessHisDataRequest]	codeInfoDict.Keys.Count=91

[20160527 16:58:26.406][5][Normal][KGameServer.HisDataMng.ProcessHisDataRequest]	codeInfoIndex=54

[20160527 16:58:26.406][5][Normal][KGameServer.HisDataMng.ProcessHisDataRequest]	totalCandleCount=360

[20160527 16:58:26.406][5][Normal][KGameServer.HisDataMng.ProcessHisDataRequest]	codeInfo=棕榈主连 XDCE

[20160527 16:58:26.406][5][Normal][KGameServer.HisDataMng.ProcessHisDataRequest]	随机数据，codeInfo=棕榈主连 XDCE ,startIndex=1716

[20160527 16:58:26.414][5][Normal][KGameServer.HisDataMng.ProcessHisDataRequest]	获得到了历史数据，开始调用回调函数

[20160527 16:58:26.462][5][Normal][KGameServer.DBManager.AddNewMatchInfo]	New Match added to database match id=89

[20160527 16:58:26.463][5][Normal][KGameServer.HisDataMng.MainProcessThread]	ProcessHisDataRequest 已经结束

[20160527 16:58:26.463][5][Normal][KGameServer.HisDataMng.MainProcessThread]	数据库已经关闭

[20160527 17:01:11.629][3][Normal][KGameServer.PlayerConnectionMap.GetPlayerConnection]	playerConnectionDict key count=1

[20160527 17:01:11.629][3][Normal][KGameServer.ServerInst.ClosePlayerConnection]	ClosePlayerConnection Call

[20160527 17:01:11.634][3][Normal][KGameServer.PlayerConnection.SendMatchEndString]	发送结束对局信息到:v100a，信息内容为:F|1#v100a#0.00#0#棕榈主连(大商所)#2008/11/4#2009/4/30|

2016/5/27 17:01:11 [Warn] Data sent while closing or after close. Ignoring. 
[20160527 17:01:11.635][3][Normal][KGameServer.ServerInst.ClosePlayerConnection]	Closed

