2016-8-19 上午 9:57:09 [Info] Server started at ws://192.168.16.250:8484 (actual port 8484) 
[20160819 09:57:17.932][16][Normal][KGameServer.ServerInst+<>c__DisplayClass4.<Init>b__1]	OnOpen

[20160819 09:57:17.934][11][Normal][KGameServer.ServerInst.SocketConnected]	Entered SocketConnected

[20160819 09:57:17.936][11][Normal][KGameServer.ServerInst.SocketConnected]	Connected

[20160819 09:57:17.939][11][Normal][KGameServer.ServerInst.ProcessPreReceievedMessage]	为连接:[192.168.16.250:56596][0:] 处理没有来源的消息

[20160819 09:57:17.939][11][Normal][KGameServer.ServerInst.ProcessPreReceievedMessage]	noResourceMessageDict中，无来源的消息共有0 个来源
[20160819 09:57:17.942][19][Normal][KGameServer.ServerInst+<>c__DisplayClass4.<Init>b__3]	OnMessage:message=A||


[20160819 09:57:17.952][11][Normal][KGameServer.PlayerConnectionMap.GetPlayerConnection]	playerConnectionDict key count=1

[20160819 09:57:18.181][11][Normal][KGameServer.PlayerConnection.ProcessUserQuickLogin]	快速登录成功:B|t160u#928052|

[20160819 09:57:18.190][18][Normal][KGameServer.ServerInst+<>c__DisplayClass4.<Init>b__3]	OnMessage:message=0|t160u#928052#null|

[20160819 09:57:18.190][11][Normal][KGameServer.PlayerConnectionMap.GetPlayerConnection]	playerConnectionDict key count=1

[20160819 09:57:18.192][11][Normal][KGameServer.PlayerConnection.ProcessUserLogin]	用户登录,用户名:t160u 密码:928052 来源:null

[20160819 09:57:18.193][11][Normal][KGameServer.DBManager.ValidateUser]	ValidateUser username=t160u password=928052 source=null

[20160819 09:57:18.200][11][Normal][KGameServer.DBManager.ValidateUserFromSource_Self]	sql:SELECT id FROM kgame.tbl_user where UserName=?UserName and PWD=?Password and ISNULL(SOURCE)

[20160819 09:57:18.202][11][Normal][KGameServer.DBManager.ValidateUserFromSource_Self]	userid=119

[20160819 09:57:18.203][11][Normal][KGameServer.PlayerConnection.ProcessUserLogin]	useridRet=119

[20160819 09:57:20.937][11][Normal][KGameServer.PlayerConnection.ProcessUserLogin]	发送信息:1|t160u|

[20160819 09:57:20.944][18][Normal][KGameServer.ServerInst+<>c__DisplayClass4.<Init>b__3]	OnMessage:message=3|0|

[20160819 09:57:20.944][11][Normal][KGameServer.PlayerConnectionMap.GetPlayerConnection]	playerConnectionDict key count=1

[20160819 09:57:21.582][11][Normal][KGameServer.MatchMaker.BeginNewMatchForSinglePlayer]	准备开始一场单人游戏:[192.168.16.250:56596][119:t160u]

[20160819 09:57:21.587][11][Normal][KGameServer.Match.Start]	1人局开始: [119:] 

[20160819 09:57:22.337][11][Normal][KGameServer.HisDataMng.RequestHistoryData]	RequestHistoryData 请求

[20160819 09:57:22.337][11][Normal][KGameServer.HisDataMng.RequestHistoryData]	入队结束

[20160819 09:57:22.338][13][Normal][KGameServer.HisDataMng.MainProcessThread]	hisDataRequestList 出队，hisDataRequestList中个数为:1

[20160819 09:57:22.363][13][Normal][KGameServer.HisDataMng.MainProcessThread]	数据库已经打开

[20160819 09:57:22.366][13][Normal][KGameServer.HisDataMng.RefreshCodeInfoList]	mutexForCodeInfoDict Passed

[20160819 09:57:22.379][13][Normal][KGameServer.HisDataMng.RefreshCodeInfoList]	mutexForCodeInfoDict Released

[20160819 09:57:22.379][13][Normal][KGameServer.HisDataMng.MainProcessThread]	RefreshCodeInfoList 已经完成

[20160819 09:57:23.130][13][Normal][KGameServer.HisDataMng.ProcessHisDataRequest]	ProcessHisDataRequest hisDataRequest matchID

[20160819 09:57:29.876][13][Normal][KGameServer.HisDataMng.ProcessHisDataRequest]	获得到了历史数据，开始调用回调函数

[20160819 09:57:29.906][13][Normal][KGameServer.App.CurrentDomain_UnhandledException]	System.ArgumentOutOfRangeException: 索引超出范围。必须为非负值并小于集合大小。
参数名: index
   在 System.ThrowHelper.ThrowArgumentOutOfRangeException(ExceptionArgument argument, ExceptionResource resource)
   在 System.Collections.Generic.List`1.get_Item(Int32 index)
   在 KGameServer.Match.OnReceiveHistoryDataCallBack(List`1 historyDataList, CodeInfo codeInfo) 位置 C:\KGameServer\KGameServer\Match.cs:行号 414
   在 KGameServer.HisDataMng.ProcessHisDataRequest(HisDataRequest hisDataRequest, MySqlConnection mySqlConnection, Int32 matchID) 位置 C:\KGameServer\KGameServer\HisDataMng.cs:行号 471
   在 KGameServer.HisDataMng.MainProcessThread() 位置 C:\KGameServer\KGameServer\HisDataMng.cs:行号 206
   在 System.Threading.ExecutionContext.RunInternal(ExecutionContext executionContext, ContextCallback callback, Object state, Boolean preserveSyncCtx)
   在 System.Threading.ExecutionContext.Run(ExecutionContext executionContext, ContextCallback callback, Object state, Boolean preserveSyncCtx)
   在 System.Threading.ExecutionContext.Run(ExecutionContext executionContext, ContextCallback callback, Object state)
   在 System.Threading.ThreadHelper.ThreadStart()

