2016/5/25 13:22:45 [Info] Server started at ws://192.168.16.250:8484 (actual port 8484) 
[20160525 01:22:49.800][17][Normal][KGameServer.ServerInst+<>c__DisplayClass4.<Init>b__1]	OnOpen

[20160525 01:22:49.801][10][Normal][KGameServer.ServerInst.SocketConnected]	Entered SocketConnected

[20160525 01:22:49.802][10][Normal][KGameServer.ServerInst.SocketConnected]	Connected

[20160525 01:22:49.804][10][Normal][KGameServer.ServerInst.ProcessPreReceievedMessage]	为连接:[192.168.16.250:9154][0:] 处理没有来源的消息

[20160525 01:22:49.805][10][Normal][KGameServer.ServerInst.ProcessPreReceievedMessage]	noResourceMessageDict中，无来源的消息共有0 个来源

[20160525 01:22:49.807][19][Normal][KGameServer.ServerInst+<>c__DisplayClass4.<Init>b__3]	OnMessage:message=0|v100a#303120#null|

[20160525 01:22:49.808][10][Normal][KGameServer.PlayerConnectionMap.GetPlayerConnection]	playerConnectionDict key count=1

[20160525 01:22:49.812][10][Normal][KGameServer.PlayerConnection.ProcessUserLogin]	用户登录,用户名:v100a 密码:303120 来源:null

[20160525 01:22:49.812][10][Normal][KGameServer.DBManager.ValidateUser]	ValidateUser username=v100a password=303120 source=null

[20160525 01:22:49.921][10][Normal][KGameServer.DBManager.ValidateUserFromSource_Self]	sql:SELECT id FROM kgame.tbl_user where UserName=?UserName and PWD=?Password and ISNULL(SOURCE)

[20160525 01:22:49.926][10][Normal][KGameServer.DBManager.ValidateUserFromSource_Self]	userid=1

[20160525 01:22:49.928][10][Normal][KGameServer.PlayerConnection.ProcessUserLogin]	useridRet=1

[20160525 01:22:49.930][10][Normal][KGameServer.PlayerConnection.ProcessUserLogin]	发送信息:1|v100a|

[20160525 01:22:49.941][18][Normal][KGameServer.ServerInst+<>c__DisplayClass4.<Init>b__3]	OnMessage:message=3|0|

[20160525 01:22:49.941][10][Normal][KGameServer.PlayerConnectionMap.GetPlayerConnection]	playerConnectionDict key count=1

[20160525 01:22:49.942][10][Normal][KGameServer.MatchMaker.BeginNewMatchForSinglePlayer]	准备开始一场单人游戏:[192.168.16.250:9154][1:v100a]

[20160525 01:22:49.946][10][Normal][KGameServer.Match.Start]	1人局开始: [1:] 

[20160525 01:22:49.946][10][Normal][KGameServer.HisDataMng.RequestHistoryData]	RequestHistoryData 请求

[20160525 01:22:49.947][12][Normal][KGameServer.HisDataMng.MainProcessThread]	hisDataRequestList 出队，hisDataRequestList中个数为:1

[20160525 01:22:49.958][12][Normal][KGameServer.HisDataMng.MainProcessThread]	数据库已经打开

[20160525 01:22:49.960][12][Normal][KGameServer.HisDataMng.RefreshCodeInfoList]	mutexForCodeInfoDict Passed

[20160525 01:22:49.965][12][Normal][KGameServer.HisDataMng.RefreshCodeInfoList]	mutexForCodeInfoDict Released

[20160525 01:22:49.965][12][Normal][KGameServer.HisDataMng.MainProcessThread]	RefreshCodeInfoList 已经完成

[20160525 01:22:49.970][12][Normal][KGameServer.HisDataMng.ProcessHisDataRequest]	ProcessHisDataRequest hisDataRequest

[20160525 01:22:49.970][12][Normal][KGameServer.HisDataMng.ProcessHisDataRequest]	codeInfoDict.Keys.Count=2833

[20160525 01:22:49.970][12][Normal][KGameServer.HisDataMng.ProcessHisDataRequest]	codeInfoIndex=351

[20160525 01:22:49.970][12][Normal][KGameServer.HisDataMng.ProcessHisDataRequest]	totalCandleCount=360

[20160525 01:22:49.970][12][Normal][KGameServer.HisDataMng.ProcessHisDataRequest]	codeInfo=000836 XSHE

[20160525 01:22:49.971][12][Normal][KGameServer.HisDataMng.ProcessHisDataRequest]	随机数据，codeInfo=000836 XSHE ,startIndex=1993

[20160525 01:22:50.045][12][Normal][KGameServer.HisDataMng.ProcessHisDataRequest]	获得到了历史数据，开始调用回调函数

[20160525 01:22:50.145][12][Normal][KGameServer.DBManager.AddNewMatchInfo]	New Match added to database match id=69

[20160525 01:23:07.593][17][Normal][KGameServer.ServerInst+<>c__DisplayClass4.<Init>b__3]	OnMessage:message=E||

[20160525 01:23:07.593][10][Normal][KGameServer.PlayerConnectionMap.GetPlayerConnection]	playerConnectionDict key count=1

[20160525 01:23:07.599][10][Normal][KGameServer.PlayerConnection.SendMatchEndString]	发送结束对局信息到:v100a，信息内容为:F|1#v100a#0.00#0#600459(上证)#2010/3/29#2010/9/28|

