2016-8-19 上午 9:00:03 [Info] Server started at ws://192.168.16.250:8484 (actual port 8484) 
[20160819 09:00:09.682][16][Normal][KGameServer.ServerInst+<>c__DisplayClass4.<Init>b__1]	OnOpen

[20160819 09:00:09.684][10][Normal][KGameServer.ServerInst.SocketConnected]	Entered SocketConnected

[20160819 09:00:09.686][10][Normal][KGameServer.ServerInst.SocketConnected]	Connected

[20160819 09:00:09.689][10][Normal][KGameServer.ServerInst.ProcessPreReceievedMessage]	为连接:[192.168.16.250:54810][0:] 处理没有来源的消息

[20160819 09:00:09.689][10][Normal][KGameServer.ServerInst.ProcessPreReceievedMessage]	noResourceMessageDict中，无来源的消息共有0 个来源

[20160819 09:00:09.691][15][Normal][KGameServer.ServerInst+<>c__DisplayClass4.<Init>b__3]	OnMessage:message=A||

[20160819 09:00:09.692][10][Normal][KGameServer.PlayerConnectionMap.GetPlayerConnection]	playerConnectionDict key count=1

[20160819 09:00:09.907][10][Normal][KGameServer.PlayerConnection.ProcessUserQuickLogin]	快速登录成功:B|c150a#278170|

[20160819 09:00:09.917][17][Normal][KGameServer.ServerInst+<>c__DisplayClass4.<Init>b__3]	OnMessage:message=0|c150a#278170#null|

[20160819 09:00:09.917][10][Normal][KGameServer.PlayerConnectionMap.GetPlayerConnection]	playerConnectionDict key count=1

[20160819 09:00:09.919][10][Normal][KGameServer.PlayerConnection.ProcessUserLogin]	用户登录,用户名:c150a 密码:278170 来源:null

[20160819 09:00:09.919][10][Normal][KGameServer.DBManager.ValidateUser]	ValidateUser username=c150a password=278170 source=null

[20160819 09:00:09.928][10][Normal][KGameServer.DBManager.ValidateUserFromSource_Self]	sql:SELECT id FROM kgame.tbl_user where UserName=?UserName and PWD=?Password and ISNULL(SOURCE)

[20160819 09:00:09.930][10][Normal][KGameServer.DBManager.ValidateUserFromSource_Self]	userid=109

[20160819 09:00:09.930][10][Normal][KGameServer.PlayerConnection.ProcessUserLogin]	useridRet=109

[20160819 09:00:12.162][10][Normal][KGameServer.PlayerConnection.ProcessUserLogin]	发送信息:1|c150a|

[20160819 09:00:12.166][17][Normal][KGameServer.ServerInst+<>c__DisplayClass4.<Init>b__3]	OnMessage:message=3|0|

[20160819 09:00:12.167][10][Normal][KGameServer.PlayerConnectionMap.GetPlayerConnection]	playerConnectionDict key count=1

[20160819 09:00:13.373][10][Normal][KGameServer.MatchMaker.BeginNewMatchForSinglePlayer]	准备开始一场单人游戏:[192.168.16.250:54810][109:c150a]

[20160819 09:00:13.380][10][Normal][KGameServer.Match.Start]	1人局开始: [109:] 

[20160819 09:00:15.563][10][Normal][KGameServer.HisDataMng.RequestHistoryData]	RequestHistoryData 请求

[20160819 09:00:15.565][12][Normal][KGameServer.HisDataMng.MainProcessThread]	hisDataRequestList 出队，hisDataRequestList中个数为:1

[20160819 09:00:15.566][10][Normal][KGameServer.HisDataMng.RequestHistoryData]	入队结束

[20160819 09:00:15.602][12][Normal][KGameServer.HisDataMng.MainProcessThread]	数据库已经打开

[20160819 09:00:19.385][12][Normal][KGameServer.HisDataMng.RefreshCodeInfoList]	mutexForCodeInfoDict Passed

[20160819 09:00:19.403][12][Normal][KGameServer.HisDataMng.RefreshCodeInfoList]	mutexForCodeInfoDict Released

[20160819 09:00:19.403][12][Normal][KGameServer.HisDataMng.MainProcessThread]	RefreshCodeInfoList 已经完成

[20160819 09:00:21.363][12][Normal][KGameServer.HisDataMng.ProcessHisDataRequest]	ProcessHisDataRequest hisDataRequest matchID

