2016-8-18 下午 4:11:25 [Info] Server started at ws://192.168.16.250:8484 (actual port 8484) 
[20160818 16:11:32.417][17][Normal][KGameServer.ServerInst+<>c__DisplayClass4.<Init>b__1]	OnOpen

[20160818 16:11:32.420][10][Normal][KGameServer.ServerInst.SocketConnected]	Entered SocketConnected

[20160818 16:11:32.421][10][Normal][KGameServer.ServerInst.SocketConnected]	Connected

[20160818 16:11:32.425][10][Normal][KGameServer.ServerInst.ProcessPreReceievedMessage]	为连接:[192.168.16.250:59236][0:] 处理没有来源的消息

[20160818 16:11:32.425][10][Normal][KGameServer.ServerInst.ProcessPreReceievedMessage]	noResourceMessageDict中，无来源的消息共有0 个来源

[20160818 16:11:32.435][16][Normal][KGameServer.ServerInst+<>c__DisplayClass4.<Init>b__3]	OnMessage:message=A||

[20160818 16:11:32.437][10][Normal][KGameServer.PlayerConnectionMap.GetPlayerConnection]	playerConnectionDict key count=1

[20160818 16:11:32.646][10][Normal][KGameServer.PlayerConnection.ProcessUserQuickLogin]	快速登录成功:B|t140e#874521|

[20160818 16:11:32.655][18][Normal][KGameServer.ServerInst+<>c__DisplayClass4.<Init>b__3]	OnMessage:message=0|t140e#874521#null|

[20160818 16:11:32.656][10][Normal][KGameServer.PlayerConnectionMap.GetPlayerConnection]	playerConnectionDict key count=1

[20160818 16:11:32.657][10][Normal][KGameServer.PlayerConnection.ProcessUserLogin]	用户登录,用户名:t140e 密码:874521 来源:null

[20160818 16:11:32.658][10][Normal][KGameServer.DBManager.ValidateUser]	ValidateUser username=t140e password=874521 source=null

[20160818 16:11:32.666][10][Normal][KGameServer.DBManager.ValidateUserFromSource_Self]	sql:SELECT id FROM kgame.tbl_user where UserName=?UserName and PWD=?Password and ISNULL(SOURCE)

[20160818 16:11:32.668][10][Normal][KGameServer.DBManager.ValidateUserFromSource_Self]	userid=99

[20160818 16:11:32.668][10][Normal][KGameServer.PlayerConnection.ProcessUserLogin]	useridRet=99

[20160818 16:11:34.660][10][Normal][KGameServer.PlayerConnection.ProcessUserLogin]	发送信息:1|t140e|

[20160818 16:11:34.666][18][Normal][KGameServer.ServerInst+<>c__DisplayClass4.<Init>b__3]	OnMessage:message=3|0|

[20160818 16:11:34.666][10][Normal][KGameServer.PlayerConnectionMap.GetPlayerConnection]	playerConnectionDict key count=1

[20160818 16:11:35.830][10][Normal][KGameServer.MatchMaker.BeginNewMatchForSinglePlayer]	准备开始一场单人游戏:[192.168.16.250:59236][99:t140e]

[20160818 16:11:35.834][10][Normal][KGameServer.Match.Start]	1人局开始: [99:] 

[20160818 16:11:35.835][10][Normal][KGameServer.HisDataMng.RequestHistoryData]	RequestHistoryData 请求

[20160818 16:11:35.836][10][Normal][KGameServer.HisDataMng.RequestHistoryData]	入队结束

[20160818 16:11:35.836][12][Normal][KGameServer.HisDataMng.MainProcessThread]	hisDataRequestList 出队，hisDataRequestList中个数为:1

[20160818 16:11:35.870][12][Normal][KGameServer.HisDataMng.MainProcessThread]	数据库已经打开

[20160818 16:11:36.944][12][Normal][KGameServer.HisDataMng.RefreshCodeInfoList]	mutexForCodeInfoDict Passed

[20160818 16:11:36.961][12][Normal][KGameServer.HisDataMng.RefreshCodeInfoList]	mutexForCodeInfoDict Released

[20160818 16:11:36.961][12][Normal][KGameServer.HisDataMng.MainProcessThread]	RefreshCodeInfoList 已经完成

[20160818 16:11:36.970][12][Normal][KGameServer.HisDataMng.ProcessHisDataRequest]	ProcessHisDataRequest hisDataRequest matchID

[20160818 16:11:37.034][12][Normal][KGameServer.Util.LogException]	Unknown column 'matchID' in 'where clause'

[20160818 16:11:37.045][12][Normal][KGameServer.Util.LogException]	   在 MySql.Data.MySqlClient.MySqlStream.OpenPacket()
   在 MySql.Data.MySqlClient.NativeDriver.ReadResult(UInt64& affectedRows, Int64& lastInsertId)
   在 MySql.Data.MySqlClient.MySqlDataReader.GetResultSet()
   在 MySql.Data.MySqlClient.MySqlDataReader.NextResult()
   在 MySql.Data.MySqlClient.MySqlCommand.ExecuteReader(CommandBehavior behavior)
   在 MySql.Data.MySqlClient.MySqlCommand.ExecuteDbDataReader(CommandBehavior behavior)
   在 System.Data.Common.DbDataAdapter.FillInternal(DataSet dataset, DataTable[] datatables, Int32 startRecord, Int32 maxRecords, String srcTable, IDbCommand command, CommandBehavior behavior)
   在 System.Data.Common.DbDataAdapter.Fill(DataSet dataSet, Int32 startRecord, Int32 maxRecords, String srcTable, IDbCommand command, CommandBehavior behavior)
   在 System.Data.Common.DbDataAdapter.Fill(DataSet dataSet)
   在 KGameServer.HisDataMng.ProcessHisDataRequest(HisDataRequest hisDataRequest, MySqlConnection mySqlConnection, Int32 matchID) 位置 C:\KGameServer\KGameServer\HisDataMng.cs:行号 401

[20160818 16:11:37.046][12][Normal][KGameServer.HisDataMng.ProcessHisDataRequest]	获得到了历史数据，开始调用回调函数

[20160818 16:11:37.062][12][Normal][KGameServer.App.CurrentDomain_UnhandledException]	System.NullReferenceException: 未将对象引用设置到对象的实例。
   在 KGameServer.Match.OnReceiveHistoryDataCallBack(List`1 historyDataList, CodeInfo codeInfo) 位置 C:\KGameServer\KGameServer\Match.cs:行号 414
   在 KGameServer.HisDataMng.ProcessHisDataRequest(HisDataRequest hisDataRequest, MySqlConnection mySqlConnection, Int32 matchID) 位置 C:\KGameServer\KGameServer\HisDataMng.cs:行号 490
   在 KGameServer.HisDataMng.MainProcessThread() 位置 C:\KGameServer\KGameServer\HisDataMng.cs:行号 205
   在 System.Threading.ExecutionContext.RunInternal(ExecutionContext executionContext, ContextCallback callback, Object state, Boolean preserveSyncCtx)
   在 System.Threading.ExecutionContext.Run(ExecutionContext executionContext, ContextCallback callback, Object state, Boolean preserveSyncCtx)
   在 System.Threading.ExecutionContext.Run(ExecutionContext executionContext, ContextCallback callback, Object state)
   在 System.Threading.ThreadHelper.ThreadStart()

