2016-8-17 下午 3:28:16 [Info] Server started at ws://192.168.16.250:8484 (actual port 8484) 
[20160817 15:28:25.967][18][Normal][KGameServer.ServerInst+<>c__DisplayClass4.<Init>b__1]	OnOpen

[20160817 15:28:25.970][11][Normal][KGameServer.ServerInst.SocketConnected]	Entered SocketConnected

[20160817 15:28:25.971][11][Normal][KGameServer.ServerInst.SocketConnected]	Connected

[20160817 15:28:25.975][11][Normal][KGameServer.ServerInst.ProcessPreReceievedMessage]	为连接:[192.168.16.250:64307][0:] 处理没有来源的消息

[20160817 15:28:25.975][11][Normal][KGameServer.ServerInst.ProcessPreReceievedMessage]	noResourceMessageDict中，无来源的消息共有0 个来源

[20160817 15:28:25.981][3][Normal][KGameServer.ServerInst+<>c__DisplayClass4.<Init>b__3]	OnMessage:message=A||

[20160817 15:28:25.982][11][Normal][KGameServer.PlayerConnectionMap.GetPlayerConnection]	playerConnectionDict key count=1

[20160817 15:28:26.201][11][Normal][KGameServer.PlayerConnection.ProcessUserQuickLogin]	快速登录成功:B|s126u#400337|

[20160817 15:28:26.210][3][Normal][KGameServer.ServerInst+<>c__DisplayClass4.<Init>b__3]	OnMessage:message=0|s126u#400337#null|

[20160817 15:28:26.211][11][Normal][KGameServer.PlayerConnectionMap.GetPlayerConnection]	playerConnectionDict key count=1

[20160817 15:28:26.212][11][Normal][KGameServer.PlayerConnection.ProcessUserLogin]	用户登录,用户名:s126u 密码:400337 来源:null

[20160817 15:28:26.213][11][Normal][KGameServer.DBManager.ValidateUser]	ValidateUser username=s126u password=400337 source=null

[20160817 15:28:26.221][11][Normal][KGameServer.DBManager.ValidateUserFromSource_Self]	sql:SELECT id FROM kgame.tbl_user where UserName=?UserName and PWD=?Password and ISNULL(SOURCE)

[20160817 15:28:26.224][11][Normal][KGameServer.DBManager.ValidateUserFromSource_Self]	userid=85

[20160817 15:28:26.224][11][Normal][KGameServer.PlayerConnection.ProcessUserLogin]	useridRet=85

[20160817 15:28:28.100][11][Normal][KGameServer.PlayerConnection.ProcessUserLogin]	发送信息:1|s126u|

[20160817 15:28:28.107][3][Normal][KGameServer.ServerInst+<>c__DisplayClass4.<Init>b__3]	OnMessage:message=3|0|

[20160817 15:28:28.107][11][Normal][KGameServer.PlayerConnectionMap.GetPlayerConnection]	playerConnectionDict key count=1

[20160817 15:28:29.343][11][Normal][KGameServer.MatchMaker.BeginNewMatchForSinglePlayer]	准备开始一场单人游戏:[192.168.16.250:64307][85:s126u]

[20160817 15:28:29.348][11][Normal][KGameServer.Match.Start]	1人局开始: [85:] 

[20160817 15:28:29.349][11][Normal][KGameServer.HisDataMng.RequestHistoryData]	RequestHistoryData 请求

[20160817 15:28:29.349][11][Normal][KGameServer.HisDataMng.RequestHistoryData]	入队结束

[20160817 15:28:29.350][13][Normal][KGameServer.HisDataMng.MainProcessThread]	hisDataRequestList 出队，hisDataRequestList中个数为:1

[20160817 15:28:29.385][13][Normal][KGameServer.HisDataMng.MainProcessThread]	数据库已经打开

[20160817 15:28:29.388][13][Normal][KGameServer.HisDataMng.RefreshCodeInfoList]	mutexForCodeInfoDict Passed

[20160817 15:28:29.400][13][Normal][KGameServer.HisDataMng.RefreshCodeInfoList]	mutexForCodeInfoDict Released

[20160817 15:28:29.400][13][Normal][KGameServer.HisDataMng.MainProcessThread]	RefreshCodeInfoList 已经完成

[20160817 15:28:29.408][13][Normal][KGameServer.HisDataMng.ProcessHisDataRequest]	ProcessHisDataRequest hisDataRequest

[20160817 15:28:29.409][13][Normal][KGameServer.HisDataMng.ProcessHisDataRequest]	codeInfoDict.Keys.Count=91

[20160817 15:28:29.409][13][Normal][KGameServer.HisDataMng.ProcessHisDataRequest]	codeInfoIndex=42

[20160817 15:28:29.409][13][Normal][KGameServer.HisDataMng.ProcessHisDataRequest]	totalCandleCount=360

[20160817 15:28:29.409][13][Normal][KGameServer.HisDataMng.ProcessHisDataRequest]	codeInfo=铁矿指数 XDCE

[20160817 15:28:29.410][13][Normal][KGameServer.HisDataMng.ProcessHisDataRequest]	随机数据，codeInfo=铁矿指数 XDCE ,startIndex=235

[20160817 15:28:29.461][13][Normal][KGameServer.HisDataMng.ProcessHisDataRequest]	获得到了历史数据，开始调用回调函数

[20160817 15:28:29.593][13][Normal][KGameServer.App.CurrentDomain_UnhandledException]	System.ArgumentOutOfRangeException: 索引超出范围。必须为非负值并小于集合大小。
参数名: index
   在 System.ThrowHelper.ThrowArgumentOutOfRangeException(ExceptionArgument argument, ExceptionResource resource)
   在 System.Collections.Generic.List`1.get_Item(Int32 index)
   在 KGameServer.Match.OnReceiveHistoryDataCallBack(List`1 historyDataList, CodeInfo codeInfo) 位置 C:\KGameServer\KGameServer\Match.cs:行号 414
   在 KGameServer.HisDataMng.ProcessHisDataRequest(HisDataRequest hisDataRequest, MySqlConnection mySqlConnection) 位置 C:\KGameServer\KGameServer\HisDataMng.cs:行号 345
   在 KGameServer.HisDataMng.MainProcessThread() 位置 C:\KGameServer\KGameServer\HisDataMng.cs:行号 198
   在 System.Threading.ExecutionContext.RunInternal(ExecutionContext executionContext, ContextCallback callback, Object state, Boolean preserveSyncCtx)
   在 System.Threading.ExecutionContext.Run(ExecutionContext executionContext, ContextCallback callback, Object state, Boolean preserveSyncCtx)
   在 System.Threading.ExecutionContext.Run(ExecutionContext executionContext, ContextCallback callback, Object state)
   在 System.Threading.ThreadHelper.ThreadStart()

