2016-8-12 下午 3:20:08 [Info] Server started at ws://192.168.16.250:8484 (actual port 8484) 
[20160812 15:20:17.563][17][Normal][KGameServer.ServerInst+<>c__DisplayClass4.<Init>b__1]	OnOpen

[20160812 15:20:17.565][10][Normal][KGameServer.ServerInst.SocketConnected]	Entered SocketConnected

[20160812 15:20:17.566][10][Normal][KGameServer.ServerInst.SocketConnected]	Connected

[20160812 15:20:17.569][10][Normal][KGameServer.ServerInst.ProcessPreReceievedMessage]	为连接:[192.168.16.250:53444][0:] 处理没有来源的消息

[20160812 15:20:17.569][10][Normal][KGameServer.ServerInst.ProcessPreReceievedMessage]	noResourceMessageDict中，无来源的消息共有0 个来源

[20160812 15:20:17.573][16][Normal][KGameServer.ServerInst+<>c__DisplayClass4.<Init>b__3]	OnMessage:message=A||

[20160812 15:20:17.575][10][Normal][KGameServer.PlayerConnectionMap.GetPlayerConnection]	playerConnectionDict key count=1

[20160812 15:20:17.781][10][Normal][KGameServer.PlayerConnection.ProcessUserQuickLogin]	快速登录成功:B|v110u#761611|

[20160812 15:20:17.790][18][Normal][KGameServer.ServerInst+<>c__DisplayClass4.<Init>b__3]	OnMessage:message=0|v110u#761611#null|

[20160812 15:20:17.790][10][Normal][KGameServer.PlayerConnectionMap.GetPlayerConnection]	playerConnectionDict key count=1

[20160812 15:20:17.792][10][Normal][KGameServer.PlayerConnection.ProcessUserLogin]	用户登录,用户名:v110u 密码:761611 来源:null

[20160812 15:20:17.793][10][Normal][KGameServer.DBManager.ValidateUser]	ValidateUser username=v110u password=761611 source=null

[20160812 15:20:17.800][10][Normal][KGameServer.DBManager.ValidateUserFromSource_Self]	sql:SELECT id FROM kgame.tbl_user where UserName=?UserName and PWD=?Password and ISNULL(SOURCE)

[20160812 15:20:17.803][10][Normal][KGameServer.DBManager.ValidateUserFromSource_Self]	userid=69

[20160812 15:20:17.803][10][Normal][KGameServer.PlayerConnection.ProcessUserLogin]	useridRet=69

[20160812 15:20:20.416][10][Normal][KGameServer.PlayerConnection.ProcessUserLogin]	发送信息:1|v110u|

[20160812 15:20:20.423][18][Normal][KGameServer.ServerInst+<>c__DisplayClass4.<Init>b__3]	OnMessage:message=3|0|

[20160812 15:20:20.423][10][Normal][KGameServer.PlayerConnectionMap.GetPlayerConnection]	playerConnectionDict key count=1

[20160812 15:20:20.425][10][Normal][KGameServer.MatchMaker.BeginNewMatchForSinglePlayer]	准备开始一场单人游戏:[192.168.16.250:53444][69:v110u]

[20160812 15:20:20.431][10][Normal][KGameServer.Match.Start]	1人局开始: [69:] 

[20160812 15:20:20.432][10][Normal][KGameServer.HisDataMng.RequestHistoryData]	RequestHistoryData 请求

[20160812 15:20:20.433][10][Normal][KGameServer.HisDataMng.RequestHistoryData]	入队结束

[20160812 15:20:20.434][12][Normal][KGameServer.HisDataMng.MainProcessThread]	hisDataRequestList 出队，hisDataRequestList中个数为:1

[20160812 15:20:20.478][12][Normal][KGameServer.HisDataMng.MainProcessThread]	数据库已经打开

[20160812 15:20:20.480][12][Normal][KGameServer.HisDataMng.RefreshCodeInfoList]	mutexForCodeInfoDict Passed

[20160812 15:20:20.492][12][Normal][KGameServer.HisDataMng.RefreshCodeInfoList]	mutexForCodeInfoDict Released

[20160812 15:20:20.493][12][Normal][KGameServer.HisDataMng.MainProcessThread]	RefreshCodeInfoList 已经完成

[20160812 15:20:20.500][12][Normal][KGameServer.HisDataMng.ProcessHisDataRequest]	ProcessHisDataRequest hisDataRequest

[20160812 15:20:20.500][12][Normal][KGameServer.HisDataMng.ProcessHisDataRequest]	codeInfoDict.Keys.Count=2833

[20160812 15:20:20.500][12][Normal][KGameServer.HisDataMng.ProcessHisDataRequest]	codeInfoIndex=2113

[20160812 15:20:20.500][12][Normal][KGameServer.HisDataMng.ProcessHisDataRequest]	totalCandleCount=360

[20160812 15:20:20.500][12][Normal][KGameServer.HisDataMng.ProcessHisDataRequest]	codeInfo=600439 XSHG

[20160812 15:20:20.501][12][Normal][KGameServer.HisDataMng.ProcessHisDataRequest]	随机数据，codeInfo=600439 XSHG ,startIndex=354

[20160812 15:20:20.586][12][Normal][KGameServer.HisDataMng.ProcessHisDataRequest]	获得到了历史数据，开始调用回调函数

[20160812 15:20:20.638][12][Normal][KGameServer.DBManager.AddNewMatchInfo]	New Match added to database match id=78

[20160812 15:20:20.641][12][Normal][KGameServer.HisDataMng.MainProcessThread]	ProcessHisDataRequest 已经结束

[20160812 15:20:20.641][12][Normal][KGameServer.HisDataMng.MainProcessThread]	数据库已经关闭

[20160812 15:20:28.366][16][Normal][KGameServer.ServerInst+<>c__DisplayClass4.<Init>b__3]	OnMessage:message=6|11|

[20160812 15:20:28.366][10][Normal][KGameServer.PlayerConnectionMap.GetPlayerConnection]	playerConnectionDict key count=1

[20160812 15:20:44.508][10][Normal][KGameServer.Util.LogException]	You have an error in your SQL syntax; check the manual that corresponds to your MySQL server version for the right syntax to use near '',11',True',0)' at line 1

[20160812 15:20:44.523][10][Normal][KGameServer.Util.LogException]	   在 MySql.Data.MySqlClient.MySqlStream.OpenPacket()
   在 MySql.Data.MySqlClient.NativeDriver.ReadResult(UInt64& affectedRows, Int64& lastInsertId)
   在 MySql.Data.MySqlClient.MySqlDataReader.GetResultSet()
   在 MySql.Data.MySqlClient.MySqlDataReader.NextResult()
   在 MySql.Data.MySqlClient.MySqlCommand.ExecuteReader(CommandBehavior behavior)
   在 MySql.Data.MySqlClient.MySqlCommand.ExecuteReader()
   在 MySql.Data.MySqlClient.MySqlCommand.ExecuteScalar()
   在 KGameServer.DBManager.AddNewTraderecordInfo(PlayerConnection playerConnection, Int32 matchID, Int32 index, Boolean isBuy) 位置 C:\KGameServer\KGameServer\DBManager.cs:行号 489

[20160812 15:20:45.950][16][Normal][KGameServer.ServerInst+<>c__DisplayClass4.<Init>b__3]	OnMessage:message=E||

[20160812 15:20:51.020][10][Normal][KGameServer.Match.ProcessUserOperation]	由于未能添加用户买卖的信息数据库中，此次对局无法成功启动，返回。。。。。。

[20160812 15:20:53.339][10][Normal][KGameServer.PlayerConnectionMap.GetPlayerConnection]	playerConnectionDict key count=1

[20160812 15:20:53.347][10][Normal][KGameServer.PlayerConnection.SendMatchEndString]	发送结束对局信息到:v110u，信息内容为:F|1#v110u#0.00#0#600439(上证)#2014-5-27#2014-11-19|

