2016/7/20 星期三 下午 4:46:09 [Info] Server started at ws://192.168.16.250:8484 (actual port 8484) 
[20160720 16:46:20.792][16][Normal][KGameServer.ServerInst+<>c__DisplayClass4.<Init>b__1]	OnOpen

[20160720 16:46:20.794][6][Normal][KGameServer.ServerInst+<>c__DisplayClass4.<Init>b__3]	OnMessage:message=A||

[20160720 16:46:20.795][10][Normal][KGameServer.ServerInst.SocketConnected]	Entered SocketConnected

[20160720 16:46:20.796][10][Normal][KGameServer.ServerInst.SocketConnected]	Connected

[20160720 16:46:20.799][10][Normal][KGameServer.ServerInst.ProcessPreReceievedMessage]	为连接:[192.168.16.250:50187][0:] 处理没有来源的消息

[20160720 16:46:20.800][10][Normal][KGameServer.ServerInst.ProcessPreReceievedMessage]	noResourceMessageDict中，无来源的消息共有0 个来源

[20160720 16:46:20.801][10][Normal][KGameServer.PlayerConnectionMap.GetPlayerConnection]	playerConnectionDict key count=1

[20160720 16:46:21.448][10][Normal][KGameServer.PlayerConnection.ProcessUserQuickLogin]	快速登录成功:B|t103u#744933|

[20160720 16:46:21.458][18][Normal][KGameServer.ServerInst+<>c__DisplayClass4.<Init>b__3]	OnMessage:message=0|t103u#744933#null|

[20160720 16:46:21.458][10][Normal][KGameServer.PlayerConnectionMap.GetPlayerConnection]	playerConnectionDict key count=1

[20160720 16:46:21.460][10][Normal][KGameServer.PlayerConnection.ProcessUserLogin]	用户登录,用户名:t103u 密码:744933 来源:null

[20160720 16:46:21.461][10][Normal][KGameServer.DBManager.ValidateUser]	ValidateUser username=t103u password=744933 source=null

[20160720 16:46:21.468][10][Normal][KGameServer.DBManager.ValidateUserFromSource_Self]	sql:SELECT id FROM kgame.tbl_user where UserName=?UserName and PWD=?Password and ISNULL(SOURCE)

[20160720 16:46:21.477][10][Normal][KGameServer.DBManager.ValidateUserFromSource_Self]	userid=4

[20160720 16:46:21.477][10][Normal][KGameServer.PlayerConnection.ProcessUserLogin]	useridRet=4

[20160720 16:46:21.479][10][Normal][KGameServer.PlayerConnection.ProcessUserLogin]	发送信息:1|t103u|

[20160720 16:46:21.483][6][Normal][KGameServer.ServerInst+<>c__DisplayClass4.<Init>b__3]	OnMessage:message=3|0|

[20160720 16:46:21.483][10][Normal][KGameServer.PlayerConnectionMap.GetPlayerConnection]	playerConnectionDict key count=1

[20160720 16:46:21.485][10][Normal][KGameServer.MatchMaker.BeginNewMatchForSinglePlayer]	准备开始一场单人游戏:[192.168.16.250:50187][4:t103u]

[20160720 16:46:21.489][10][Normal][KGameServer.Match.Start]	1人局开始: [4:] 

[20160720 16:46:21.498][10][Normal][KGameServer.HisDataMng.RequestHistoryData]	RequestHistoryData 请求

[20160720 16:46:21.498][10][Normal][KGameServer.HisDataMng.RequestHistoryData]	入队结束

[20160720 16:46:21.499][12][Normal][KGameServer.HisDataMng.MainProcessThread]	hisDataRequestList 出队，hisDataRequestList中个数为:1

[20160720 16:46:21.525][12][Normal][KGameServer.HisDataMng.MainProcessThread]	数据库已经打开

[20160720 16:46:21.528][12][Normal][KGameServer.HisDataMng.RefreshCodeInfoList]	mutexForCodeInfoDict Passed

[20160720 16:46:21.573][12][Normal][KGameServer.HisDataMng.RefreshCodeInfoList]	mutexForCodeInfoDict Released

[20160720 16:46:21.573][12][Normal][KGameServer.HisDataMng.MainProcessThread]	RefreshCodeInfoList 已经完成

[20160720 16:46:21.608][12][Normal][KGameServer.HisDataMng.ProcessHisDataRequest]	ProcessHisDataRequest hisDataRequest

[20160720 16:46:21.608][12][Normal][KGameServer.HisDataMng.ProcessHisDataRequest]	codeInfoDict.Keys.Count=91

[20160720 16:46:21.609][12][Normal][KGameServer.HisDataMng.ProcessHisDataRequest]	codeInfoIndex=46

[20160720 16:46:21.609][12][Normal][KGameServer.HisDataMng.ProcessHisDataRequest]	totalCandleCount=360

[20160720 16:46:21.621][12][Normal][KGameServer.HisDataMng.ProcessHisDataRequest]	codeInfo=IF主连 CCFX

[20160720 16:46:21.621][12][Normal][KGameServer.HisDataMng.ProcessHisDataRequest]	随机数据，codeInfo=IF主连 CCFX ,startIndex=93

[20160720 16:46:21.789][12][Normal][KGameServer.HisDataMng.ProcessHisDataRequest]	获得到了历史数据，开始调用回调函数

[20160720 16:46:21.879][12][Normal][KGameServer.DBManager.AddNewMatchInfo]	New Match added to database match id=4

[20160720 16:46:21.882][12][Normal][KGameServer.HisDataMng.MainProcessThread]	ProcessHisDataRequest 已经结束

[20160720 16:46:21.882][12][Normal][KGameServer.HisDataMng.MainProcessThread]	数据库已经关闭

[20160720 16:46:31.688][6][Normal][KGameServer.ServerInst+<>c__DisplayClass4.<Init>b__3]	OnMessage:message=6|30|

[20160720 16:46:31.688][10][Normal][KGameServer.PlayerConnectionMap.GetPlayerConnection]	playerConnectionDict key count=1

[20160720 16:46:32.928][18][Normal][KGameServer.ServerInst+<>c__DisplayClass4.<Init>b__3]	OnMessage:message=7|39|

[20160720 16:46:32.928][10][Normal][KGameServer.PlayerConnectionMap.GetPlayerConnection]	playerConnectionDict key count=1

[20160720 16:46:33.844][6][Normal][KGameServer.ServerInst+<>c__DisplayClass4.<Init>b__3]	OnMessage:message=7|47|

[20160720 16:46:33.844][10][Normal][KGameServer.PlayerConnectionMap.GetPlayerConnection]	playerConnectionDict key count=1

[20160720 16:46:39.737][6][Normal][KGameServer.ServerInst+<>c__DisplayClass4.<Init>b__3]	OnMessage:message=6|91|

[20160720 16:46:39.739][10][Normal][KGameServer.PlayerConnectionMap.GetPlayerConnection]	playerConnectionDict key count=1

[20160720 16:46:42.752][6][Normal][KGameServer.ServerInst+<>c__DisplayClass4.<Init>b__3]	OnMessage:message=6|112|

[20160720 16:46:42.752][10][Normal][KGameServer.PlayerConnectionMap.GetPlayerConnection]	playerConnectionDict key count=1

[20160720 16:46:43.903][18][Normal][KGameServer.ServerInst+<>c__DisplayClass4.<Init>b__3]	OnMessage:message=E||

[20160720 16:46:43.904][10][Normal][KGameServer.PlayerConnectionMap.GetPlayerConnection]	playerConnectionDict key count=1

[20160720 16:46:43.909][10][Normal][KGameServer.PlayerConnection.SendMatchEndString]	发送结束对局信息到:t103u，信息内容为:F|1#t103u#-43.70#0#IF主连(中金所)#2015/7/9 星期四#2016/1/4 星期一|

[20160720 16:46:46.878][10][Normal][KGameServer.PlayerConnectionMap.GetPlayerConnection]	playerConnectionDict key count=1

[20160720 16:46:46.879][10][Normal][KGameServer.ServerInst.ClosePlayerConnection]	ClosePlayerConnection Call

[20160720 16:46:46.881][10][Normal][KGameServer.PlayerConnection.SendMatchEndString]	发送结束对局信息到:t103u，信息内容为:F|1#t103u#-43.70#0#IF主连(中金所)#2015/7/9 星期四#2016/1/4 星期一|

2016/7/20 星期三 下午 4:46:46 [Warn] Data sent while closing or after close. Ignoring. 
[20160720 16:46:46.882][10][Normal][KGameServer.ServerInst.ClosePlayerConnection]	Closed

[20160720 16:55:45.543][22][Normal][KGameServer.ServerInst+<>c__DisplayClass4.<Init>b__1]	OnOpen

[20160720 16:55:45.544][10][Normal][KGameServer.ServerInst.SocketConnected]	Entered SocketConnected

[20160720 16:55:45.544][10][Normal][KGameServer.ServerInst.SocketConnected]	Connected

[20160720 16:55:45.544][10][Normal][KGameServer.ServerInst.ProcessPreReceievedMessage]	为连接:[192.168.16.250:50600][0:] 处理没有来源的消息

[20160720 16:55:45.544][10][Normal][KGameServer.ServerInst.ProcessPreReceievedMessage]	noResourceMessageDict中，无来源的消息共有0 个来源

[20160720 16:55:45.549][21][Normal][KGameServer.ServerInst+<>c__DisplayClass4.<Init>b__3]	OnMessage:message=A||

[20160720 16:55:45.549][10][Normal][KGameServer.PlayerConnectionMap.GetPlayerConnection]	playerConnectionDict key count=1

[20160720 16:55:45.592][10][Normal][KGameServer.PlayerConnection.ProcessUserQuickLogin]	快速登录成功:B|t104a#741868|

[20160720 16:55:45.596][21][Normal][KGameServer.ServerInst+<>c__DisplayClass4.<Init>b__3]	OnMessage:message=0|t104a#741868#null|

[20160720 16:55:45.596][10][Normal][KGameServer.PlayerConnectionMap.GetPlayerConnection]	playerConnectionDict key count=1

[20160720 16:55:45.596][10][Normal][KGameServer.PlayerConnection.ProcessUserLogin]	用户登录,用户名:t104a 密码:741868 来源:null

[20160720 16:55:45.596][10][Normal][KGameServer.DBManager.ValidateUser]	ValidateUser username=t104a password=741868 source=null

[20160720 16:55:45.603][10][Normal][KGameServer.DBManager.ValidateUserFromSource_Self]	sql:SELECT id FROM kgame.tbl_user where UserName=?UserName and PWD=?Password and ISNULL(SOURCE)

[20160720 16:55:45.604][10][Normal][KGameServer.DBManager.ValidateUserFromSource_Self]	userid=5

[20160720 16:55:45.604][10][Normal][KGameServer.PlayerConnection.ProcessUserLogin]	useridRet=5

[20160720 16:55:45.604][10][Normal][KGameServer.PlayerConnection.ProcessUserLogin]	发送信息:1|t104a|

[20160720 16:55:45.608][21][Normal][KGameServer.ServerInst+<>c__DisplayClass4.<Init>b__3]	OnMessage:message=3|0|

[20160720 16:55:45.608][10][Normal][KGameServer.PlayerConnectionMap.GetPlayerConnection]	playerConnectionDict key count=1

[20160720 16:55:45.609][10][Normal][KGameServer.MatchMaker.BeginNewMatchForSinglePlayer]	准备开始一场单人游戏:[192.168.16.250:50600][5:t104a]

[20160720 16:55:45.609][10][Normal][KGameServer.Match.Start]	1人局开始: [5:] 

[20160720 16:55:45.609][10][Normal][KGameServer.HisDataMng.RequestHistoryData]	RequestHistoryData 请求

[20160720 16:55:45.609][12][Normal][KGameServer.HisDataMng.MainProcessThread]	hisDataRequestList 出队，hisDataRequestList中个数为:1

[20160720 16:55:45.609][10][Normal][KGameServer.HisDataMng.RequestHistoryData]	入队结束

[20160720 16:55:45.616][12][Normal][KGameServer.HisDataMng.MainProcessThread]	数据库已经打开

[20160720 16:55:45.616][12][Normal][KGameServer.HisDataMng.RefreshCodeInfoList]	mutexForCodeInfoDict Passed

[20160720 16:55:45.625][12][Normal][KGameServer.HisDataMng.RefreshCodeInfoList]	mutexForCodeInfoDict Released

[20160720 16:55:45.625][12][Normal][KGameServer.HisDataMng.MainProcessThread]	RefreshCodeInfoList 已经完成

[20160720 16:55:45.625][12][Normal][KGameServer.HisDataMng.ProcessHisDataRequest]	ProcessHisDataRequest hisDataRequest

[20160720 16:55:45.625][12][Normal][KGameServer.HisDataMng.ProcessHisDataRequest]	codeInfoDict.Keys.Count=91

[20160720 16:55:45.625][12][Normal][KGameServer.HisDataMng.ProcessHisDataRequest]	codeInfoIndex=81

[20160720 16:55:45.625][12][Normal][KGameServer.HisDataMng.ProcessHisDataRequest]	totalCandleCount=360

[20160720 16:55:45.625][12][Normal][KGameServer.HisDataMng.ProcessHisDataRequest]	codeInfo=豆油主连 XDCE

[20160720 16:55:45.625][12][Normal][KGameServer.HisDataMng.ProcessHisDataRequest]	随机数据，codeInfo=豆油主连 XDCE ,startIndex=1981

[20160720 16:55:45.695][12][Normal][KGameServer.HisDataMng.ProcessHisDataRequest]	获得到了历史数据，开始调用回调函数

[20160720 16:55:45.745][12][Normal][KGameServer.DBManager.AddNewMatchInfo]	New Match added to database match id=5

[20160720 16:55:45.746][12][Normal][KGameServer.HisDataMng.MainProcessThread]	ProcessHisDataRequest 已经结束

[20160720 16:55:45.746][12][Normal][KGameServer.HisDataMng.MainProcessThread]	数据库已经关闭

[20160720 16:55:58.889][21][Normal][KGameServer.ServerInst+<>c__DisplayClass4.<Init>b__3]	OnMessage:message=6|52|

[20160720 16:55:58.889][10][Normal][KGameServer.PlayerConnectionMap.GetPlayerConnection]	playerConnectionDict key count=1

[20160720 16:56:01.360][21][Normal][KGameServer.ServerInst+<>c__DisplayClass4.<Init>b__3]	OnMessage:message=7|64|

[20160720 16:56:01.362][10][Normal][KGameServer.PlayerConnectionMap.GetPlayerConnection]	playerConnectionDict key count=1

[20160720 16:56:03.214][21][Normal][KGameServer.ServerInst+<>c__DisplayClass4.<Init>b__3]	OnMessage:message=7|72|

[20160720 16:56:03.215][10][Normal][KGameServer.PlayerConnectionMap.GetPlayerConnection]	playerConnectionDict key count=1

[20160720 16:56:06.746][21][Normal][KGameServer.ServerInst+<>c__DisplayClass4.<Init>b__3]	OnMessage:message=6|90|

[20160720 16:56:06.746][10][Normal][KGameServer.PlayerConnectionMap.GetPlayerConnection]	playerConnectionDict key count=1

[20160720 16:56:12.408][21][Normal][KGameServer.ServerInst+<>c__DisplayClass4.<Init>b__3]	OnMessage:message=7|117|

[20160720 16:56:12.411][10][Normal][KGameServer.PlayerConnectionMap.GetPlayerConnection]	playerConnectionDict key count=1

[20160720 16:56:12.797][21][Normal][KGameServer.ServerInst+<>c__DisplayClass4.<Init>b__3]	OnMessage:message=E||

[20160720 16:56:12.798][10][Normal][KGameServer.PlayerConnectionMap.GetPlayerConnection]	playerConnectionDict key count=1

[20160720 16:56:12.799][10][Normal][KGameServer.PlayerConnection.SendMatchEndString]	发送结束对局信息到:t104a，信息内容为:F|1#t104a#-5.80#0#豆油主连(大商所)#2007/9/28 星期五#2008/3/31 星期一|

[20160720 16:56:16.270][22][Normal][KGameServer.ServerInst+<>c__DisplayClass4.<Init>b__3]	OnMessage:message=3|0|

[20160720 16:56:16.271][10][Normal][KGameServer.PlayerConnectionMap.GetPlayerConnection]	playerConnectionDict key count=1

[20160720 16:56:16.272][10][Normal][KGameServer.MatchMaker.BeginNewMatchForSinglePlayer]	准备开始一场单人游戏:[192.168.16.250:50600][5:t104a]

[20160720 16:56:16.272][10][Normal][KGameServer.Match.Start]	1人局开始: [5:] 

[20160720 16:56:16.272][10][Normal][KGameServer.HisDataMng.RequestHistoryData]	RequestHistoryData 请求

[20160720 16:56:16.273][12][Normal][KGameServer.HisDataMng.MainProcessThread]	hisDataRequestList 出队，hisDataRequestList中个数为:1

[20160720 16:56:16.273][10][Normal][KGameServer.HisDataMng.RequestHistoryData]	入队结束

[20160720 16:56:16.279][12][Normal][KGameServer.HisDataMng.MainProcessThread]	数据库已经打开

[20160720 16:56:16.279][12][Normal][KGameServer.HisDataMng.RefreshCodeInfoList]	mutexForCodeInfoDict Passed

[20160720 16:56:16.287][12][Normal][KGameServer.HisDataMng.RefreshCodeInfoList]	mutexForCodeInfoDict Released

[20160720 16:56:16.287][12][Normal][KGameServer.HisDataMng.MainProcessThread]	RefreshCodeInfoList 已经完成

[20160720 16:56:16.287][12][Normal][KGameServer.HisDataMng.ProcessHisDataRequest]	ProcessHisDataRequest hisDataRequest

[20160720 16:56:16.287][12][Normal][KGameServer.HisDataMng.ProcessHisDataRequest]	codeInfoDict.Keys.Count=91

[20160720 16:56:16.287][12][Normal][KGameServer.HisDataMng.ProcessHisDataRequest]	codeInfoIndex=81

[20160720 16:56:16.287][12][Normal][KGameServer.HisDataMng.ProcessHisDataRequest]	totalCandleCount=360

[20160720 16:56:16.287][12][Normal][KGameServer.HisDataMng.ProcessHisDataRequest]	codeInfo=豆油主连 XDCE

[20160720 16:56:16.288][12][Normal][KGameServer.HisDataMng.ProcessHisDataRequest]	随机数据，codeInfo=豆油主连 XDCE ,startIndex=1688

[20160720 16:56:16.306][12][Normal][KGameServer.HisDataMng.ProcessHisDataRequest]	获得到了历史数据，开始调用回调函数

[20160720 16:56:16.350][12][Normal][KGameServer.DBManager.AddNewMatchInfo]	New Match added to database match id=6

[20160720 16:56:16.351][12][Normal][KGameServer.HisDataMng.MainProcessThread]	ProcessHisDataRequest 已经结束

[20160720 16:56:16.351][12][Normal][KGameServer.HisDataMng.MainProcessThread]	数据库已经关闭

[20160720 16:56:25.343][21][Normal][KGameServer.ServerInst+<>c__DisplayClass4.<Init>b__3]	OnMessage:message=6|41|

[20160720 16:56:25.344][10][Normal][KGameServer.PlayerConnectionMap.GetPlayerConnection]	playerConnectionDict key count=1

[20160720 16:56:27.741][21][Normal][KGameServer.ServerInst+<>c__DisplayClass4.<Init>b__3]	OnMessage:message=7|72|

[20160720 16:56:27.741][10][Normal][KGameServer.PlayerConnectionMap.GetPlayerConnection]	playerConnectionDict key count=1

[20160720 16:56:30.727][21][Normal][KGameServer.ServerInst+<>c__DisplayClass4.<Init>b__3]	OnMessage:message=7|93|

[20160720 16:56:30.727][10][Normal][KGameServer.PlayerConnectionMap.GetPlayerConnection]	playerConnectionDict key count=1

[20160720 16:56:32.707][21][Normal][KGameServer.ServerInst+<>c__DisplayClass4.<Init>b__3]	OnMessage:message=6|101|

[20160720 16:56:32.707][10][Normal][KGameServer.PlayerConnectionMap.GetPlayerConnection]	playerConnectionDict key count=1

[20160720 16:56:35.097][21][Normal][KGameServer.ServerInst+<>c__DisplayClass4.<Init>b__3]	OnMessage:message=E||

[20160720 16:56:35.098][10][Normal][KGameServer.PlayerConnectionMap.GetPlayerConnection]	playerConnectionDict key count=1

[20160720 16:56:35.098][10][Normal][KGameServer.PlayerConnection.SendMatchEndString]	发送结束对局信息到:t104a，信息内容为:F|1#t104a#3.69#0#豆油主连(大商所)#2008/12/12 星期五#2009/6/12 星期五|

[20160720 17:01:20.406][10][Normal][KGameServer.PlayerConnectionMap.GetPlayerConnection]	playerConnectionDict key count=1

[20160720 17:01:20.407][10][Normal][KGameServer.ServerInst.ClosePlayerConnection]	ClosePlayerConnection Call

[20160720 17:01:20.407][10][Normal][KGameServer.PlayerConnection.SendMatchEndString]	发送结束对局信息到:t104a，信息内容为:F|1#t104a#3.69#0#豆油主连(大商所)#2008/12/12 星期五#2009/6/12 星期五|

2016/7/20 星期三 下午 5:01:20 [Warn] Data sent while closing or after close. Ignoring. 
[20160720 17:01:20.407][10][Normal][KGameServer.ServerInst.ClosePlayerConnection]	Closed

