2016/5/27 13:06:34 [Info] Server started at ws://192.168.16.250:8484 (actual port 8484) 
[20160527 13:06:38.455][16][Normal][KGameServer.ServerInst+<>c__DisplayClass4.<Init>b__1]	OnOpen

[20160527 13:06:38.457][10][Normal][KGameServer.ServerInst.SocketConnected]	Entered SocketConnected

[20160527 13:06:38.458][10][Normal][KGameServer.ServerInst.SocketConnected]	Connected

[20160527 13:06:38.461][10][Normal][KGameServer.ServerInst.ProcessPreReceievedMessage]	为连接:[192.168.16.250:46250][0:] 处理没有来源的消息

[20160527 13:06:38.461][10][Normal][KGameServer.ServerInst.ProcessPreReceievedMessage]	noResourceMessageDict中，无来源的消息共有0 个来源

[20160527 13:06:38.464][17][Normal][KGameServer.ServerInst+<>c__DisplayClass4.<Init>b__3]	OnMessage:message=0|v100a#303120#null|

[20160527 13:06:38.465][10][Normal][KGameServer.PlayerConnectionMap.GetPlayerConnection]	playerConnectionDict key count=1

[20160527 13:06:38.469][10][Normal][KGameServer.PlayerConnection.ProcessUserLogin]	用户登录,用户名:v100a 密码:303120 来源:null

[20160527 13:06:38.469][10][Normal][KGameServer.DBManager.ValidateUser]	ValidateUser username=v100a password=303120 source=null

[20160527 13:06:38.582][10][Normal][KGameServer.DBManager.ValidateUserFromSource_Self]	sql:SELECT id FROM kgame.tbl_user where UserName=?UserName and PWD=?Password and ISNULL(SOURCE)

[20160527 13:06:38.586][10][Normal][KGameServer.DBManager.ValidateUserFromSource_Self]	userid=1

[20160527 13:06:38.588][10][Normal][KGameServer.PlayerConnection.ProcessUserLogin]	useridRet=1

[20160527 13:06:38.589][10][Normal][KGameServer.PlayerConnection.ProcessUserLogin]	发送信息:1|v100a|

[20160527 13:06:38.595][17][Normal][KGameServer.ServerInst+<>c__DisplayClass4.<Init>b__3]	OnMessage:message=3|0|

[20160527 13:06:38.595][10][Normal][KGameServer.PlayerConnectionMap.GetPlayerConnection]	playerConnectionDict key count=1

[20160527 13:06:38.596][10][Normal][KGameServer.MatchMaker.BeginNewMatchForSinglePlayer]	准备开始一场单人游戏:[192.168.16.250:46250][1:v100a]

[20160527 13:06:38.598][10][Normal][KGameServer.Match.Start]	1人局开始: [1:] 

[20160527 13:06:38.598][10][Normal][KGameServer.HisDataMng.RequestHistoryData]	RequestHistoryData 请求

[20160527 13:06:38.599][10][Normal][KGameServer.HisDataMng.RequestHistoryData]	入队结束

[20160527 13:06:38.599][12][Normal][KGameServer.HisDataMng.MainProcessThread]	hisDataRequestList 出队，hisDataRequestList中个数为:1

[20160527 13:06:38.608][12][Normal][KGameServer.HisDataMng.MainProcessThread]	数据库已经打开

[20160527 13:06:38.610][12][Normal][KGameServer.HisDataMng.RefreshCodeInfoList]	mutexForCodeInfoDict Passed

[20160527 13:06:38.613][12][Normal][KGameServer.HisDataMng.RefreshCodeInfoList]	mutexForCodeInfoDict Released

[20160527 13:06:38.613][12][Normal][KGameServer.HisDataMng.MainProcessThread]	RefreshCodeInfoList 已经完成

[20160527 13:06:38.617][12][Normal][KGameServer.HisDataMng.ProcessHisDataRequest]	ProcessHisDataRequest hisDataRequest

[20160527 13:06:38.617][12][Normal][KGameServer.HisDataMng.ProcessHisDataRequest]	codeInfoDict.Keys.Count=2833

[20160527 13:06:38.617][12][Normal][KGameServer.HisDataMng.ProcessHisDataRequest]	codeInfoIndex=1581

[20160527 13:06:38.617][12][Normal][KGameServer.HisDataMng.ProcessHisDataRequest]	totalCandleCount=360

[20160527 13:06:38.618][12][Normal][KGameServer.HisDataMng.ProcessHisDataRequest]	codeInfo=300334 XSHE

[20160527 13:06:38.618][12][Normal][KGameServer.HisDataMng.ProcessHisDataRequest]	随机数据，codeInfo=300334 XSHE ,startIndex=134

[20160527 13:06:38.669][12][Normal][KGameServer.HisDataMng.ProcessHisDataRequest]	获得到了历史数据，开始调用回调函数

[20160527 13:06:38.715][12][Normal][KGameServer.DBManager.AddNewMatchInfo]	New Match added to database match id=75

[20160527 13:06:38.717][12][Normal][KGameServer.HisDataMng.MainProcessThread]	ProcessHisDataRequest 已经结束

[20160527 13:06:38.717][12][Normal][KGameServer.HisDataMng.MainProcessThread]	数据库已经关闭

