2016-8-19 上午 9:11:19 [Info] Server started at ws://192.168.16.250:8484 (actual port 8484) 
[20160819 09:11:25.493][16][Normal][KGameServer.ServerInst+<>c__DisplayClass4.<Init>b__1]	OnOpen

[20160819 09:11:25.495][9][Normal][KGameServer.ServerInst.SocketConnected]	Entered SocketConnected

[20160819 09:11:25.497][9][Normal][KGameServer.ServerInst.SocketConnected]	Connected

[20160819 09:11:25.501][9][Normal][KGameServer.ServerInst.ProcessPreReceievedMessage]	为连接:[192.168.16.250:55245][0:] 处理没有来源的消息

[20160819 09:11:25.502][9][Normal][KGameServer.ServerInst.ProcessPreReceievedMessage]	noResourceMessageDict中，无来源的消息共有0 个来源

[20160819 09:11:25.502][15][Normal][KGameServer.ServerInst+<>c__DisplayClass4.<Init>b__3]	OnMessage:message=A||

[20160819 09:11:25.504][9][Normal][KGameServer.PlayerConnectionMap.GetPlayerConnection]	playerConnectionDict key count=1

[20160819 09:11:25.719][9][Normal][KGameServer.PlayerConnection.ProcessUserQuickLogin]	快速登录成功:B|t154u#245714|

[20160819 09:11:25.728][17][Normal][KGameServer.ServerInst+<>c__DisplayClass4.<Init>b__3]	OnMessage:message=0|t154u#245714#null|

[20160819 09:11:25.728][9][Normal][KGameServer.PlayerConnectionMap.GetPlayerConnection]	playerConnectionDict key count=1

[20160819 09:11:25.730][9][Normal][KGameServer.PlayerConnection.ProcessUserLogin]	用户登录,用户名:t154u 密码:245714 来源:null

[20160819 09:11:25.731][9][Normal][KGameServer.DBManager.ValidateUser]	ValidateUser username=t154u password=245714 source=null

[20160819 09:11:25.739][9][Normal][KGameServer.DBManager.ValidateUserFromSource_Self]	sql:SELECT id FROM kgame.tbl_user where UserName=?UserName and PWD=?Password and ISNULL(SOURCE)

[20160819 09:11:25.741][9][Normal][KGameServer.DBManager.ValidateUserFromSource_Self]	userid=113

[20160819 09:11:25.741][9][Normal][KGameServer.PlayerConnection.ProcessUserLogin]	useridRet=113

[20160819 09:11:27.663][9][Normal][KGameServer.PlayerConnection.ProcessUserLogin]	发送信息:1|t154u|

[20160819 09:11:27.670][17][Normal][KGameServer.ServerInst+<>c__DisplayClass4.<Init>b__3]	OnMessage:message=3|0|

[20160819 09:11:27.670][9][Normal][KGameServer.PlayerConnectionMap.GetPlayerConnection]	playerConnectionDict key count=1

[20160819 09:11:28.422][9][Normal][KGameServer.MatchMaker.BeginNewMatchForSinglePlayer]	准备开始一场单人游戏:[192.168.16.250:55245][113:t154u]

[20160819 09:11:28.427][9][Normal][KGameServer.Match.Start]	1人局开始: [113:] 

[20160819 09:11:28.971][9][Normal][KGameServer.HisDataMng.RequestHistoryData]	RequestHistoryData 请求

[20160819 09:11:28.972][9][Normal][KGameServer.HisDataMng.RequestHistoryData]	入队结束

[20160819 09:11:28.972][11][Normal][KGameServer.HisDataMng.MainProcessThread]	hisDataRequestList 出队，hisDataRequestList中个数为:1

[20160819 09:11:29.003][11][Normal][KGameServer.HisDataMng.MainProcessThread]	数据库已经打开

[20160819 09:11:29.445][11][Normal][KGameServer.HisDataMng.RefreshCodeInfoList]	mutexForCodeInfoDict Passed

[20160819 09:11:29.463][11][Normal][KGameServer.HisDataMng.RefreshCodeInfoList]	mutexForCodeInfoDict Released

[20160819 09:11:29.463][11][Normal][KGameServer.HisDataMng.MainProcessThread]	RefreshCodeInfoList 已经完成

[20160819 09:11:29.871][11][Normal][KGameServer.HisDataMng.ProcessHisDataRequest]	ProcessHisDataRequest hisDataRequest matchID

[20160819 09:12:08.497][11][Normal][KGameServer.Util.LogException]	值不能为 null。
参数名: key

[20160819 09:12:08.497][11][Normal][KGameServer.Util.LogException]	   在 System.Collections.Generic.Dictionary`2.FindEntry(TKey key)
   在 System.Collections.Generic.Dictionary`2.ContainsKey(TKey key)
   在 KGameServer.HisDataMng.ProcessHisDataRequest(HisDataRequest hisDataRequest, MySqlConnection mySqlConnection, Int32 matchID) 位置 C:\KGameServer\KGameServer\HisDataMng.cs:行号 436

[20160819 09:12:08.498][11][Normal][KGameServer.HisDataMng.ProcessHisDataRequest]	获得到了历史数据，开始调用回调函数

[20160819 09:12:08.521][11][Normal][KGameServer.App.CurrentDomain_UnhandledException]	System.ArgumentOutOfRangeException: 索引超出范围。必须为非负值并小于集合大小。
参数名: index
   在 System.ThrowHelper.ThrowArgumentOutOfRangeException(ExceptionArgument argument, ExceptionResource resource)
   在 System.Collections.Generic.List`1.get_Item(Int32 index)
   在 KGameServer.Match.OnReceiveHistoryDataCallBack(List`1 historyDataList, CodeInfo codeInfo) 位置 C:\KGameServer\KGameServer\Match.cs:行号 414
   在 KGameServer.HisDataMng.ProcessHisDataRequest(HisDataRequest hisDataRequest, MySqlConnection mySqlConnection, Int32 matchID) 位置 C:\KGameServer\KGameServer\HisDataMng.cs:行号 470
   在 KGameServer.HisDataMng.MainProcessThread() 位置 C:\KGameServer\KGameServer\HisDataMng.cs:行号 206
   在 System.Threading.ExecutionContext.RunInternal(ExecutionContext executionContext, ContextCallback callback, Object state, Boolean preserveSyncCtx)
   在 System.Threading.ExecutionContext.Run(ExecutionContext executionContext, ContextCallback callback, Object state, Boolean preserveSyncCtx)
   在 System.Threading.ExecutionContext.Run(ExecutionContext executionContext, ContextCallback callback, Object state)
   在 System.Threading.ThreadHelper.ThreadStart()

