2016/5/6 15:29:43 [Info] Server started at ws://192.168.16.250:8484 (actual port 8484) 
[20160506 03:29:47.902][18][Normal][KGameServer.ServerInst+<>c__DisplayClass4.<Init>b__1]	OnOpen

[20160506 03:29:47.904][11][Normal][KGameServer.ServerInst.SocketConnected]	Entered SocketConnected

[20160506 03:29:47.905][11][Normal][KGameServer.ServerInst.SocketConnected]	Connected

[20160506 03:29:47.908][11][Normal][KGameServer.ServerInst.ProcessPreReceievedMessage]	为连接:[192.168.16.250:31404][0:] 处理没有来源的消息

[20160506 03:29:47.909][11][Normal][KGameServer.ServerInst.ProcessPreReceievedMessage]	noResourceMessageDict中，无来源的消息共有0 个来源

[20160506 03:29:47.913][20][Normal][KGameServer.ServerInst+<>c__DisplayClass4.<Init>b__3]	OnMessage:message=0|v100a#303120#null|

[20160506 03:29:47.914][11][Normal][KGameServer.PlayerConnectionMap.GetPlayerConnection]	playerConnectionDict key count=1

[20160506 03:29:47.917][11][Normal][KGameServer.PlayerConnection.ProcessUserLogin]	用户登录,用户名:v100a 密码:303120 来源:null

[20160506 03:29:47.918][11][Normal][KGameServer.DBManager.ValidateUser]	ValidateUser username=v100a password=303120 source=null

[20160506 03:29:48.028][11][Normal][KGameServer.DBManager.ValidateUserFromSource_Self]	sql:SELECT id FROM kgame.tbl_user where UserName=?UserName and PWD=?Password and ISNULL(SOURCE)

[20160506 03:29:48.033][11][Normal][KGameServer.DBManager.ValidateUserFromSource_Self]	userid=1

[20160506 03:29:48.034][11][Normal][KGameServer.PlayerConnection.ProcessUserLogin]	useridRet=1

[20160506 03:29:48.036][11][Normal][KGameServer.PlayerConnectionMap.AddLoginedPlayer]	错误:用户ID为空

[20160506 03:29:48.036][11][Normal][KGameServer.PlayerConnection.ProcessUserLogin]	发送信息:1|v100a|

[20160506 03:29:48.040][20][Normal][KGameServer.ServerInst+<>c__DisplayClass4.<Init>b__3]	OnMessage:message=3|0|

[20160506 03:29:48.040][11][Normal][KGameServer.PlayerConnectionMap.GetPlayerConnection]	playerConnectionDict key count=1

[20160506 03:29:48.041][11][Normal][KGameServer.MatchMaker.BeginNewMatchForSinglePlayer]	准备开始一场单人游戏:[192.168.16.250:31404][1:v100a]

[20160506 03:29:48.043][11][Normal][KGameServer.Match.Start]	1人局开始: [1:] 

[20160506 03:29:48.066][13][Normal][KGameServer.HisDataMng.ProcessHisDataRequest]	codeInfoDict.Keys.Count=2833

[20160506 03:29:48.066][13][Normal][KGameServer.HisDataMng.ProcessHisDataRequest]	codeInfoIndex=1703

[20160506 03:29:48.066][13][Normal][KGameServer.HisDataMng.ProcessHisDataRequest]	totalCandleCount=360

[20160506 03:29:48.066][13][Normal][KGameServer.HisDataMng.ProcessHisDataRequest]	codeInfo=300458 XSHE

[20160506 03:29:48.067][13][Normal][KGameServer.HisDataMng.ProcessHisDataRequest]	总个数不够count=210，重新取

[20160506 03:29:48.067][13][Normal][KGameServer.HisDataMng.ProcessHisDataRequest]	codeInfoDict.Keys.Count=2833

[20160506 03:29:48.067][13][Normal][KGameServer.HisDataMng.ProcessHisDataRequest]	codeInfoIndex=25

[20160506 03:29:48.067][13][Normal][KGameServer.HisDataMng.ProcessHisDataRequest]	totalCandleCount=360

[20160506 03:29:48.067][13][Normal][KGameServer.HisDataMng.ProcessHisDataRequest]	codeInfo=000029 XSHE

[20160506 03:29:48.067][13][Normal][KGameServer.HisDataMng.ProcessHisDataRequest]	随机数据，codeInfo=000029 XSHE ,startIndex=1206

[20160506 03:29:48.154][13][Normal][KGameServer.DBManager.AddNewMatchInfo]	New Match added to database match id=5

[20160506 03:29:57.311][11][Normal][KGameServer.PlayerConnectionMap.GetPlayerConnection]	playerConnectionDict key count=1

[20160506 03:29:57.311][11][Normal][KGameServer.ServerInst.ClosePlayerConnection]	ClosePlayerConnection Call

[20160506 03:29:57.319][11][Normal][KGameServer.PlayerConnection.SendMatchEndString]	发送结束对局信息到:v100a，信息内容为:F|300222(XSHE)#2013/5/3#2014/2/27|

2016/5/6 15:29:57 [Warn] Data sent while closing or after close. Ignoring. 
[20160506 03:29:57.331][11][Normal][KGameServer.ServerInst.ClosePlayerConnection]	Closed

[20160506 03:29:58.973][18][Normal][KGameServer.ServerInst+<>c__DisplayClass4.<Init>b__1]	OnOpen

[20160506 03:29:58.973][11][Normal][KGameServer.ServerInst.SocketConnected]	Entered SocketConnected

[20160506 03:29:58.973][11][Normal][KGameServer.ServerInst.SocketConnected]	Connected

[20160506 03:29:58.973][11][Normal][KGameServer.ServerInst.ProcessPreReceievedMessage]	为连接:[192.168.16.250:31446][0:] 处理没有来源的消息

[20160506 03:29:58.973][11][Normal][KGameServer.ServerInst.ProcessPreReceievedMessage]	noResourceMessageDict中，无来源的消息共有0 个来源

[20160506 03:29:58.980][19][Normal][KGameServer.ServerInst+<>c__DisplayClass4.<Init>b__3]	OnMessage:message=0|v100a#303120#null|

[20160506 03:29:58.980][11][Normal][KGameServer.PlayerConnectionMap.GetPlayerConnection]	playerConnectionDict key count=1

[20160506 03:29:58.980][11][Normal][KGameServer.PlayerConnection.ProcessUserLogin]	用户登录,用户名:v100a 密码:303120 来源:null

[20160506 03:29:58.980][11][Normal][KGameServer.DBManager.ValidateUser]	ValidateUser username=v100a password=303120 source=null

[20160506 03:29:58.983][11][Normal][KGameServer.DBManager.ValidateUserFromSource_Self]	sql:SELECT id FROM kgame.tbl_user where UserName=?UserName and PWD=?Password and ISNULL(SOURCE)

[20160506 03:29:58.983][11][Normal][KGameServer.DBManager.ValidateUserFromSource_Self]	userid=1

[20160506 03:29:58.983][11][Normal][KGameServer.PlayerConnection.ProcessUserLogin]	useridRet=1

[20160506 03:29:58.983][11][Normal][KGameServer.PlayerConnectionMap.AddLoginedPlayer]	错误:用户ID为空

[20160506 03:29:58.983][11][Normal][KGameServer.PlayerConnection.ProcessUserLogin]	发送信息:1|v100a|

[20160506 03:29:58.986][20][Normal][KGameServer.ServerInst+<>c__DisplayClass4.<Init>b__3]	OnMessage:message=3|0|

[20160506 03:29:58.986][11][Normal][KGameServer.PlayerConnectionMap.GetPlayerConnection]	playerConnectionDict key count=1

[20160506 03:29:58.986][11][Normal][KGameServer.MatchMaker.BeginNewMatchForSinglePlayer]	准备开始一场单人游戏:[192.168.16.250:31446][1:v100a]

[20160506 03:29:58.986][11][Normal][KGameServer.Match.Start]	1人局开始: [1:] 

[20160506 03:29:58.991][13][Normal][KGameServer.HisDataMng.ProcessHisDataRequest]	codeInfoDict.Keys.Count=2833

[20160506 03:29:58.991][13][Normal][KGameServer.HisDataMng.ProcessHisDataRequest]	codeInfoIndex=499

[20160506 03:29:58.991][13][Normal][KGameServer.HisDataMng.ProcessHisDataRequest]	totalCandleCount=360

[20160506 03:29:58.991][13][Normal][KGameServer.HisDataMng.ProcessHisDataRequest]	codeInfo=002031 XSHE

[20160506 03:29:58.991][13][Normal][KGameServer.HisDataMng.ProcessHisDataRequest]	随机数据，codeInfo=002031 XSHE ,startIndex=2316

[20160506 03:29:59.099][13][Normal][KGameServer.DBManager.AddNewMatchInfo]	New Match added to database match id=6

[20160506 03:41:26.700][11][Normal][KGameServer.PlayerConnectionMap.GetPlayerConnection]	playerConnectionDict key count=1

[20160506 03:41:26.703][11][Normal][KGameServer.ServerInst.ClosePlayerConnection]	ClosePlayerConnection Call

[20160506 03:41:26.703][11][Normal][KGameServer.PlayerConnection.SendMatchEndString]	发送结束对局信息到:v100a，信息内容为:F|300222(XSHE)#2013/5/3#2014/2/27|

2016/5/6 15:41:26 [Warn] Data sent while closing or after close. Ignoring. 
[20160506 03:41:26.703][11][Normal][KGameServer.ServerInst.ClosePlayerConnection]	Closed

[20160506 03:41:28.404][24][Normal][KGameServer.ServerInst+<>c__DisplayClass4.<Init>b__1]	OnOpen

[20160506 03:41:28.404][11][Normal][KGameServer.ServerInst.SocketConnected]	Entered SocketConnected

[20160506 03:41:28.404][11][Normal][KGameServer.ServerInst.SocketConnected]	Connected

[20160506 03:41:28.405][11][Normal][KGameServer.ServerInst.ProcessPreReceievedMessage]	为连接:[192.168.16.250:31551][0:] 处理没有来源的消息

[20160506 03:41:28.405][11][Normal][KGameServer.ServerInst.ProcessPreReceievedMessage]	noResourceMessageDict中，无来源的消息共有0 个来源

[20160506 03:41:28.405][3][Normal][KGameServer.ServerInst+<>c__DisplayClass4.<Init>b__3]	OnMessage:message=0|v100a#303120#null|

[20160506 03:41:28.405][11][Normal][KGameServer.PlayerConnectionMap.GetPlayerConnection]	playerConnectionDict key count=1

[20160506 03:41:28.405][11][Normal][KGameServer.PlayerConnection.ProcessUserLogin]	用户登录,用户名:v100a 密码:303120 来源:null

[20160506 03:41:28.406][11][Normal][KGameServer.DBManager.ValidateUser]	ValidateUser username=v100a password=303120 source=null

[20160506 03:41:28.409][11][Normal][KGameServer.DBManager.ValidateUserFromSource_Self]	sql:SELECT id FROM kgame.tbl_user where UserName=?UserName and PWD=?Password and ISNULL(SOURCE)

[20160506 03:41:28.409][11][Normal][KGameServer.DBManager.ValidateUserFromSource_Self]	userid=1

[20160506 03:41:28.409][11][Normal][KGameServer.PlayerConnection.ProcessUserLogin]	useridRet=1

[20160506 03:41:28.409][11][Normal][KGameServer.PlayerConnectionMap.AddLoginedPlayer]	错误:用户ID为空

[20160506 03:41:28.409][11][Normal][KGameServer.PlayerConnection.ProcessUserLogin]	发送信息:1|v100a|

[20160506 03:41:28.412][22][Normal][KGameServer.ServerInst+<>c__DisplayClass4.<Init>b__3]	OnMessage:message=3|0|

[20160506 03:41:28.412][11][Normal][KGameServer.PlayerConnectionMap.GetPlayerConnection]	playerConnectionDict key count=1

[20160506 03:41:28.412][11][Normal][KGameServer.MatchMaker.BeginNewMatchForSinglePlayer]	准备开始一场单人游戏:[192.168.16.250:31551][1:v100a]

[20160506 03:41:28.412][11][Normal][KGameServer.Match.Start]	1人局开始: [1:] 

[20160506 03:41:28.419][13][Normal][KGameServer.HisDataMng.ProcessHisDataRequest]	codeInfoDict.Keys.Count=2833

[20160506 03:41:28.419][13][Normal][KGameServer.HisDataMng.ProcessHisDataRequest]	codeInfoIndex=731

[20160506 03:41:28.419][13][Normal][KGameServer.HisDataMng.ProcessHisDataRequest]	totalCandleCount=360

[20160506 03:41:28.419][13][Normal][KGameServer.HisDataMng.ProcessHisDataRequest]	codeInfo=002264 XSHE

[20160506 03:41:28.419][13][Normal][KGameServer.HisDataMng.ProcessHisDataRequest]	随机数据，codeInfo=002264 XSHE ,startIndex=1317

[20160506 03:41:28.489][13][Normal][KGameServer.DBManager.AddNewMatchInfo]	New Match added to database match id=7

[20160506 03:41:38.466][11][Normal][KGameServer.PlayerConnectionMap.GetPlayerConnection]	playerConnectionDict key count=1

[20160506 03:41:38.466][11][Normal][KGameServer.ServerInst.ClosePlayerConnection]	ClosePlayerConnection Call

[20160506 03:41:38.466][11][Normal][KGameServer.PlayerConnection.SendMatchEndString]	发送结束对局信息到:v100a，信息内容为:F|300222(XSHE)#2013/5/3#2014/2/27|

2016/5/6 15:41:38 [Warn] Data sent while closing or after close. Ignoring. 
[20160506 03:41:38.467][11][Normal][KGameServer.ServerInst.ClosePlayerConnection]	Closed

[20160506 03:41:40.137][22][Normal][KGameServer.ServerInst+<>c__DisplayClass4.<Init>b__1]	OnOpen

[20160506 03:41:40.137][11][Normal][KGameServer.ServerInst.SocketConnected]	Entered SocketConnected

[20160506 03:41:40.137][11][Normal][KGameServer.ServerInst.SocketConnected]	Connected

[20160506 03:41:40.137][11][Normal][KGameServer.ServerInst.ProcessPreReceievedMessage]	为连接:[192.168.16.250:31553][0:] 处理没有来源的消息

[20160506 03:41:40.137][11][Normal][KGameServer.ServerInst.ProcessPreReceievedMessage]	noResourceMessageDict中，无来源的消息共有0 个来源

[20160506 03:41:40.143][23][Normal][KGameServer.ServerInst+<>c__DisplayClass4.<Init>b__3]	OnMessage:message=0|v100a#303120#null|

[20160506 03:41:40.144][11][Normal][KGameServer.PlayerConnectionMap.GetPlayerConnection]	playerConnectionDict key count=1

[20160506 03:41:40.144][11][Normal][KGameServer.PlayerConnection.ProcessUserLogin]	用户登录,用户名:v100a 密码:303120 来源:null

[20160506 03:41:40.144][11][Normal][KGameServer.DBManager.ValidateUser]	ValidateUser username=v100a password=303120 source=null

[20160506 03:41:40.147][11][Normal][KGameServer.DBManager.ValidateUserFromSource_Self]	sql:SELECT id FROM kgame.tbl_user where UserName=?UserName and PWD=?Password and ISNULL(SOURCE)

[20160506 03:41:40.147][11][Normal][KGameServer.DBManager.ValidateUserFromSource_Self]	userid=1

[20160506 03:41:40.147][11][Normal][KGameServer.PlayerConnection.ProcessUserLogin]	useridRet=1

[20160506 03:41:40.147][11][Normal][KGameServer.PlayerConnectionMap.AddLoginedPlayer]	错误:用户ID为空

[20160506 03:41:40.147][11][Normal][KGameServer.PlayerConnection.ProcessUserLogin]	发送信息:1|v100a|

[20160506 03:41:40.150][3][Normal][KGameServer.ServerInst+<>c__DisplayClass4.<Init>b__3]	OnMessage:message=3|0|

[20160506 03:41:40.150][11][Normal][KGameServer.PlayerConnectionMap.GetPlayerConnection]	playerConnectionDict key count=1

[20160506 03:41:40.150][11][Normal][KGameServer.MatchMaker.BeginNewMatchForSinglePlayer]	准备开始一场单人游戏:[192.168.16.250:31553][1:v100a]

[20160506 03:41:40.150][11][Normal][KGameServer.Match.Start]	1人局开始: [1:] 

[20160506 03:41:40.157][13][Normal][KGameServer.HisDataMng.ProcessHisDataRequest]	codeInfoDict.Keys.Count=2833

[20160506 03:41:40.157][13][Normal][KGameServer.HisDataMng.ProcessHisDataRequest]	codeInfoIndex=2488

[20160506 03:41:40.157][13][Normal][KGameServer.HisDataMng.ProcessHisDataRequest]	totalCandleCount=360

[20160506 03:41:40.157][13][Normal][KGameServer.HisDataMng.ProcessHisDataRequest]	codeInfo=600869 XSHG

[20160506 03:41:40.157][13][Normal][KGameServer.HisDataMng.ProcessHisDataRequest]	随机数据，codeInfo=600869 XSHG ,startIndex=2823

[20160506 03:41:40.222][13][Normal][KGameServer.DBManager.AddNewMatchInfo]	New Match added to database match id=8

[20160506 03:43:46.202][26][Normal][KGameServer.ServerInst+<>c__DisplayClass4.<Init>b__3]	OnMessage:message=E||

[20160506 03:43:46.202][11][Normal][KGameServer.PlayerConnectionMap.GetPlayerConnection]	playerConnectionDict key count=1

[20160506 03:43:46.203][11][Normal][KGameServer.PlayerConnection.SendMatchEndString]	发送结束对局信息到:v100a，信息内容为:F|300222(XSHE)#2013/5/3#2014/2/27|

