2016-8-23 下午 3:17:37 [Info] Server started at ws://192.168.16.250:8484 (actual port 8484) 
[20160823 15:17:46.139][17][Normal][KGameServer.ServerInst+<>c__DisplayClass4.<Init>b__1]	OnOpen

[20160823 15:17:46.152][10][Normal][KGameServer.ServerInst.SocketConnected]	Entered SocketConnected

[20160823 15:17:46.153][10][Normal][KGameServer.ServerInst.SocketConnected]	Connected

[20160823 15:17:46.157][10][Normal][KGameServer.ServerInst.ProcessPreReceievedMessage]	为连接:[192.168.16.250:51087][0:] 处理没有来源的消息

[20160823 15:17:46.157][10][Normal][KGameServer.ServerInst.ProcessPreReceievedMessage]	noResourceMessageDict中，无来源的消息共有0 个来源

[20160823 15:17:46.167][16][Normal][KGameServer.ServerInst+<>c__DisplayClass4.<Init>b__3]	OnMessage:message=A||

[20160823 15:17:46.168][10][Normal][KGameServer.PlayerConnectionMap.GetPlayerConnection]	playerConnectionDict key count=1

[20160823 15:17:46.398][10][Normal][KGameServer.PlayerConnection.ProcessUserQuickLogin]	快速登录成功:B|v197a#826781|

[20160823 15:17:46.403][18][Normal][KGameServer.ServerInst+<>c__DisplayClass4.<Init>b__3]	OnMessage:message=0|v197a#826781#null|

[20160823 15:17:46.403][10][Normal][KGameServer.PlayerConnectionMap.GetPlayerConnection]	playerConnectionDict key count=1

[20160823 15:17:46.405][10][Normal][KGameServer.PlayerConnection.ProcessUserLogin]	用户登录,用户名:v197a 密码:826781 来源:null

[20160823 15:17:46.406][10][Normal][KGameServer.DBManager.ValidateUser]	ValidateUser username=v197a password=826781 source=null

[20160823 15:17:46.413][10][Normal][KGameServer.DBManager.ValidateUserFromSource_Self]	sql:SELECT id FROM kgame.tbl_user where UserName=?UserName and PWD=?Password and ISNULL(SOURCE)

[20160823 15:17:46.416][10][Normal][KGameServer.DBManager.ValidateUserFromSource_Self]	userid=156

[20160823 15:17:46.416][10][Normal][KGameServer.PlayerConnection.ProcessUserLogin]	useridRet=156

[20160823 15:17:46.418][10][Normal][KGameServer.PlayerConnection.ProcessUserLogin]	发送信息:1|v197a|

[20160823 15:17:46.423][18][Normal][KGameServer.ServerInst+<>c__DisplayClass4.<Init>b__3]	OnMessage:message=3|0|

[20160823 15:17:46.423][10][Normal][KGameServer.PlayerConnectionMap.GetPlayerConnection]	playerConnectionDict key count=1

[20160823 15:17:46.425][10][Normal][KGameServer.MatchMaker.BeginNewMatchForSinglePlayer]	准备开始一场单人游戏:[192.168.16.250:51087][156:v197a]

[20160823 15:17:51.057][10][Normal][KGameServer.Match.Start]	1人局开始: [156:] 

[20160823 15:17:51.058][10][Normal][KGameServer.HisDataMng.RequestHistoryData]	RequestHistoryData 请求

[20160823 15:17:51.058][12][Normal][KGameServer.HisDataMng.MainProcessThread]	hisDataRequestList 出队，hisDataRequestList中个数为:1

[20160823 15:17:51.060][10][Normal][KGameServer.HisDataMng.RequestHistoryData]	入队结束

[20160823 15:17:51.100][12][Normal][KGameServer.HisDataMng.MainProcessThread]	数据库已经打开

[20160823 15:17:51.103][12][Normal][KGameServer.HisDataMng.RefreshCodeInfoList]	mutexForCodeInfoDict Passed

[20160823 15:17:51.115][12][Normal][KGameServer.HisDataMng.RefreshCodeInfoList]	mutexForCodeInfoDict Released

[20160823 15:17:51.115][12][Normal][KGameServer.HisDataMng.MainProcessThread]	RefreshCodeInfoList 已经完成

[20160823 15:17:51.122][12][Normal][KGameServer.HisDataMng.ProcessHisDataRequest]	ProcessHisDataRequest hisDataRequest matchID

[20160823 15:17:51.156][12][Normal][KGameServer.HisDataMng.ProcessHisDataRequest]	获得到了历史数据，开始调用回调函数

[20160823 15:17:51.212][12][Normal][KGameServer.DBManager.AddNewMatchInfo]	New Match added to database match id=140

[20160823 15:17:51.215][12][Normal][KGameServer.HisDataMng.MainProcessThread]	ProcessHisDataRequest 已经结束

[20160823 15:17:51.215][12][Normal][KGameServer.HisDataMng.MainProcessThread]	数据库已经关闭

[20160823 15:18:00.115][16][Normal][KGameServer.ServerInst+<>c__DisplayClass4.<Init>b__3]	OnMessage:message=6|13|

[20160823 15:18:00.115][10][Normal][KGameServer.PlayerConnectionMap.GetPlayerConnection]	playerConnectionDict key count=1

[20160823 15:18:00.223][10][Normal][KGameServer.Util.LogException]	Table 'kgame.tbl_traderecrod' doesn't exist

[20160823 15:18:00.245][10][Normal][KGameServer.Util.LogException]	   在 MySql.Data.MySqlClient.MySqlStream.OpenPacket()
   在 MySql.Data.MySqlClient.NativeDriver.ReadResult(UInt64& affectedRows, Int64& lastInsertId)
   在 MySql.Data.MySqlClient.MySqlDataReader.GetResultSet()
   在 MySql.Data.MySqlClient.MySqlDataReader.NextResult()
   在 MySql.Data.MySqlClient.MySqlCommand.ExecuteReader(CommandBehavior behavior)
   在 MySql.Data.MySqlClient.MySqlCommand.ExecuteReader()
   在 MySql.Data.MySqlClient.MySqlCommand.ExecuteScalar()
   在 KGameServer.DBManager.AddNewTraderecordInfo(PlayerConnection playerConnection, Int32 matchID, Int32 index, Boolean isBuy, Double price) 位置 C:\MyWork-master\MyWork-maste\KGameServer\KGameServer\DBManager.cs:行号 615

[20160823 15:18:00.245][10][Normal][KGameServer.Match.ProcessUserOperation]	由于未能添加用户买卖的信息数据库中，此次对局无法成功启动，返回。。。。。。

[20160823 15:18:01.445][16][Normal][KGameServer.ServerInst+<>c__DisplayClass4.<Init>b__3]	OnMessage:message=7|24|

[20160823 15:18:01.445][10][Normal][KGameServer.PlayerConnectionMap.GetPlayerConnection]	playerConnectionDict key count=1

[20160823 15:18:01.557][10][Normal][KGameServer.Util.LogException]	Table 'kgame.tbl_traderecrod' doesn't exist

[20160823 15:18:01.557][10][Normal][KGameServer.Util.LogException]	   在 MySql.Data.MySqlClient.MySqlStream.OpenPacket()
   在 MySql.Data.MySqlClient.NativeDriver.ReadResult(UInt64& affectedRows, Int64& lastInsertId)
   在 MySql.Data.MySqlClient.MySqlDataReader.GetResultSet()
   在 MySql.Data.MySqlClient.MySqlDataReader.NextResult()
   在 MySql.Data.MySqlClient.MySqlCommand.ExecuteReader(CommandBehavior behavior)
   在 MySql.Data.MySqlClient.MySqlCommand.ExecuteReader()
   在 MySql.Data.MySqlClient.MySqlCommand.ExecuteScalar()
   在 KGameServer.DBManager.AddNewTraderecordInfo(PlayerConnection playerConnection, Int32 matchID, Int32 index, Boolean isBuy, Double price) 位置 C:\MyWork-master\MyWork-maste\KGameServer\KGameServer\DBManager.cs:行号 615

[20160823 15:18:01.557][10][Normal][KGameServer.Match.ProcessUserOperation]	由于未能添加用户买卖的信息数据库中，此次对局无法成功启动，返回。。。。。。

[20160823 15:18:02.704][16][Normal][KGameServer.ServerInst+<>c__DisplayClass4.<Init>b__3]	OnMessage:message=6|34|

[20160823 15:18:02.704][10][Normal][KGameServer.PlayerConnectionMap.GetPlayerConnection]	playerConnectionDict key count=1

[20160823 15:18:02.878][10][Normal][KGameServer.Util.LogException]	Table 'kgame.tbl_traderecrod' doesn't exist

[20160823 15:18:02.878][10][Normal][KGameServer.Util.LogException]	   在 MySql.Data.MySqlClient.MySqlStream.OpenPacket()
   在 MySql.Data.MySqlClient.NativeDriver.ReadResult(UInt64& affectedRows, Int64& lastInsertId)
   在 MySql.Data.MySqlClient.MySqlDataReader.GetResultSet()
   在 MySql.Data.MySqlClient.MySqlDataReader.NextResult()
   在 MySql.Data.MySqlClient.MySqlCommand.ExecuteReader(CommandBehavior behavior)
   在 MySql.Data.MySqlClient.MySqlCommand.ExecuteReader()
   在 MySql.Data.MySqlClient.MySqlCommand.ExecuteScalar()
   在 KGameServer.DBManager.AddNewTraderecordInfo(PlayerConnection playerConnection, Int32 matchID, Int32 index, Boolean isBuy, Double price) 位置 C:\MyWork-master\MyWork-maste\KGameServer\KGameServer\DBManager.cs:行号 615

[20160823 15:18:02.878][10][Normal][KGameServer.Match.ProcessUserOperation]	由于未能添加用户买卖的信息数据库中，此次对局无法成功启动，返回。。。。。。

[20160823 15:18:04.382][16][Normal][KGameServer.ServerInst+<>c__DisplayClass4.<Init>b__3]	OnMessage:message=7|47|

[20160823 15:18:04.382][10][Normal][KGameServer.PlayerConnectionMap.GetPlayerConnection]	playerConnectionDict key count=1

[20160823 15:18:04.523][10][Normal][KGameServer.Util.LogException]	Table 'kgame.tbl_traderecrod' doesn't exist

[20160823 15:18:04.523][10][Normal][KGameServer.Util.LogException]	   在 MySql.Data.MySqlClient.MySqlStream.OpenPacket()
   在 MySql.Data.MySqlClient.NativeDriver.ReadResult(UInt64& affectedRows, Int64& lastInsertId)
   在 MySql.Data.MySqlClient.MySqlDataReader.GetResultSet()
   在 MySql.Data.MySqlClient.MySqlDataReader.NextResult()
   在 MySql.Data.MySqlClient.MySqlCommand.ExecuteReader(CommandBehavior behavior)
   在 MySql.Data.MySqlClient.MySqlCommand.ExecuteReader()
   在 MySql.Data.MySqlClient.MySqlCommand.ExecuteScalar()
   在 KGameServer.DBManager.AddNewTraderecordInfo(PlayerConnection playerConnection, Int32 matchID, Int32 index, Boolean isBuy, Double price) 位置 C:\MyWork-master\MyWork-maste\KGameServer\KGameServer\DBManager.cs:行号 615

[20160823 15:18:04.523][10][Normal][KGameServer.Match.ProcessUserOperation]	由于未能添加用户买卖的信息数据库中，此次对局无法成功启动，返回。。。。。。

[20160823 15:18:06.987][16][Normal][KGameServer.ServerInst+<>c__DisplayClass4.<Init>b__3]	OnMessage:message=6|61|

[20160823 15:18:06.987][10][Normal][KGameServer.PlayerConnectionMap.GetPlayerConnection]	playerConnectionDict key count=1

[20160823 15:18:07.077][10][Normal][KGameServer.Util.LogException]	Table 'kgame.tbl_traderecrod' doesn't exist

[20160823 15:18:07.078][10][Normal][KGameServer.Util.LogException]	   在 MySql.Data.MySqlClient.MySqlStream.OpenPacket()
   在 MySql.Data.MySqlClient.NativeDriver.ReadResult(UInt64& affectedRows, Int64& lastInsertId)
   在 MySql.Data.MySqlClient.MySqlDataReader.GetResultSet()
   在 MySql.Data.MySqlClient.MySqlDataReader.NextResult()
   在 MySql.Data.MySqlClient.MySqlCommand.ExecuteReader(CommandBehavior behavior)
   在 MySql.Data.MySqlClient.MySqlCommand.ExecuteReader()
   在 MySql.Data.MySqlClient.MySqlCommand.ExecuteScalar()
   在 KGameServer.DBManager.AddNewTraderecordInfo(PlayerConnection playerConnection, Int32 matchID, Int32 index, Boolean isBuy, Double price) 位置 C:\MyWork-master\MyWork-maste\KGameServer\KGameServer\DBManager.cs:行号 615

[20160823 15:18:07.078][10][Normal][KGameServer.Match.ProcessUserOperation]	由于未能添加用户买卖的信息数据库中，此次对局无法成功启动，返回。。。。。。

[20160823 15:18:08.634][16][Normal][KGameServer.ServerInst+<>c__DisplayClass4.<Init>b__3]	OnMessage:message=7|73|

[20160823 15:18:08.634][10][Normal][KGameServer.PlayerConnectionMap.GetPlayerConnection]	playerConnectionDict key count=1

[20160823 15:18:08.727][10][Normal][KGameServer.Util.LogException]	Table 'kgame.tbl_traderecrod' doesn't exist

[20160823 15:18:08.727][10][Normal][KGameServer.Util.LogException]	   在 MySql.Data.MySqlClient.MySqlStream.OpenPacket()
   在 MySql.Data.MySqlClient.NativeDriver.ReadResult(UInt64& affectedRows, Int64& lastInsertId)
   在 MySql.Data.MySqlClient.MySqlDataReader.GetResultSet()
   在 MySql.Data.MySqlClient.MySqlDataReader.NextResult()
   在 MySql.Data.MySqlClient.MySqlCommand.ExecuteReader(CommandBehavior behavior)
   在 MySql.Data.MySqlClient.MySqlCommand.ExecuteReader()
   在 MySql.Data.MySqlClient.MySqlCommand.ExecuteScalar()
   在 KGameServer.DBManager.AddNewTraderecordInfo(PlayerConnection playerConnection, Int32 matchID, Int32 index, Boolean isBuy, Double price) 位置 C:\MyWork-master\MyWork-maste\KGameServer\KGameServer\DBManager.cs:行号 615

[20160823 15:18:08.727][10][Normal][KGameServer.Match.ProcessUserOperation]	由于未能添加用户买卖的信息数据库中，此次对局无法成功启动，返回。。。。。。

[20160823 15:18:10.176][16][Normal][KGameServer.ServerInst+<>c__DisplayClass4.<Init>b__3]	OnMessage:message=7|83|

[20160823 15:18:10.177][10][Normal][KGameServer.PlayerConnectionMap.GetPlayerConnection]	playerConnectionDict key count=1

[20160823 15:18:10.296][10][Normal][KGameServer.Util.LogException]	Table 'kgame.tbl_traderecrod' doesn't exist

[20160823 15:18:10.296][10][Normal][KGameServer.Util.LogException]	   在 MySql.Data.MySqlClient.MySqlStream.OpenPacket()
   在 MySql.Data.MySqlClient.NativeDriver.ReadResult(UInt64& affectedRows, Int64& lastInsertId)
   在 MySql.Data.MySqlClient.MySqlDataReader.GetResultSet()
   在 MySql.Data.MySqlClient.MySqlDataReader.NextResult()
   在 MySql.Data.MySqlClient.MySqlCommand.ExecuteReader(CommandBehavior behavior)
   在 MySql.Data.MySqlClient.MySqlCommand.ExecuteReader()
   在 MySql.Data.MySqlClient.MySqlCommand.ExecuteScalar()
   在 KGameServer.DBManager.AddNewTraderecordInfo(PlayerConnection playerConnection, Int32 matchID, Int32 index, Boolean isBuy, Double price) 位置 C:\MyWork-master\MyWork-maste\KGameServer\KGameServer\DBManager.cs:行号 615

[20160823 15:18:10.297][10][Normal][KGameServer.Match.ProcessUserOperation]	由于未能添加用户买卖的信息数据库中，此次对局无法成功启动，返回。。。。。。

[20160823 15:18:12.115][16][Normal][KGameServer.ServerInst+<>c__DisplayClass4.<Init>b__3]	OnMessage:message=6|91|

[20160823 15:18:12.116][10][Normal][KGameServer.PlayerConnectionMap.GetPlayerConnection]	playerConnectionDict key count=1

[20160823 15:18:12.220][10][Normal][KGameServer.Util.LogException]	Table 'kgame.tbl_traderecrod' doesn't exist

[20160823 15:18:12.222][10][Normal][KGameServer.Util.LogException]	   在 MySql.Data.MySqlClient.MySqlStream.OpenPacket()
   在 MySql.Data.MySqlClient.NativeDriver.ReadResult(UInt64& affectedRows, Int64& lastInsertId)
   在 MySql.Data.MySqlClient.MySqlDataReader.GetResultSet()
   在 MySql.Data.MySqlClient.MySqlDataReader.NextResult()
   在 MySql.Data.MySqlClient.MySqlCommand.ExecuteReader(CommandBehavior behavior)
   在 MySql.Data.MySqlClient.MySqlCommand.ExecuteReader()
   在 MySql.Data.MySqlClient.MySqlCommand.ExecuteScalar()
   在 KGameServer.DBManager.AddNewTraderecordInfo(PlayerConnection playerConnection, Int32 matchID, Int32 index, Boolean isBuy, Double price) 位置 C:\MyWork-master\MyWork-maste\KGameServer\KGameServer\DBManager.cs:行号 615

[20160823 15:18:12.222][10][Normal][KGameServer.Match.ProcessUserOperation]	由于未能添加用户买卖的信息数据库中，此次对局无法成功启动，返回。。。。。。

[20160823 15:18:16.463][16][Normal][KGameServer.ServerInst+<>c__DisplayClass4.<Init>b__3]	OnMessage:message=7|113|

[20160823 15:18:16.463][10][Normal][KGameServer.PlayerConnectionMap.GetPlayerConnection]	playerConnectionDict key count=1

[20160823 15:18:16.557][10][Normal][KGameServer.Util.LogException]	Table 'kgame.tbl_traderecrod' doesn't exist

[20160823 15:18:16.557][10][Normal][KGameServer.Util.LogException]	   在 MySql.Data.MySqlClient.MySqlStream.OpenPacket()
   在 MySql.Data.MySqlClient.NativeDriver.ReadResult(UInt64& affectedRows, Int64& lastInsertId)
   在 MySql.Data.MySqlClient.MySqlDataReader.GetResultSet()
   在 MySql.Data.MySqlClient.MySqlDataReader.NextResult()
   在 MySql.Data.MySqlClient.MySqlCommand.ExecuteReader(CommandBehavior behavior)
   在 MySql.Data.MySqlClient.MySqlCommand.ExecuteReader()
   在 MySql.Data.MySqlClient.MySqlCommand.ExecuteScalar()
   在 KGameServer.DBManager.AddNewTraderecordInfo(PlayerConnection playerConnection, Int32 matchID, Int32 index, Boolean isBuy, Double price) 位置 C:\MyWork-master\MyWork-maste\KGameServer\KGameServer\DBManager.cs:行号 615

[20160823 15:18:16.557][10][Normal][KGameServer.Match.ProcessUserOperation]	由于未能添加用户买卖的信息数据库中，此次对局无法成功启动，返回。。。。。。

[20160823 15:18:17.576][16][Normal][KGameServer.ServerInst+<>c__DisplayClass4.<Init>b__3]	OnMessage:message=E||

[20160823 15:18:17.576][10][Normal][KGameServer.PlayerConnectionMap.GetPlayerConnection]	playerConnectionDict key count=1

[20160823 15:18:17.581][10][Normal][KGameServer.PlayerConnection.SendMatchEndString]	发送结束对局信息到:v197a，信息内容为:F|1#v197a#1.48#0#沪银指数(上期所)#2015-3-4#2015-8-21|

[20160823 15:18:23.702][16][Normal][KGameServer.ServerInst+<>c__DisplayClass4.<Init>b__3]	OnMessage:message=S||

[20160823 15:18:23.702][10][Normal][KGameServer.PlayerConnectionMap.GetPlayerConnection]	playerConnectionDict key count=1

[20160823 15:18:23.784][10][Normal][KGameServer.Util.LogException]	You have an error in your SQL syntax; check the manual that corresponds to your MySQL server version for the right syntax to use near 'MATCH_ID =140' at line 1

[20160823 15:18:23.785][10][Normal][KGameServer.Util.LogException]	   在 MySql.Data.MySqlClient.MySqlStream.OpenPacket()
   在 MySql.Data.MySqlClient.NativeDriver.ReadResult(UInt64& affectedRows, Int64& lastInsertId)
   在 MySql.Data.MySqlClient.MySqlDataReader.GetResultSet()
   在 MySql.Data.MySqlClient.MySqlDataReader.NextResult()
   在 MySql.Data.MySqlClient.MySqlCommand.ExecuteReader(CommandBehavior behavior)
   在 MySql.Data.MySqlClient.MySqlCommand.ExecuteDbDataReader(CommandBehavior behavior)
   在 System.Data.Common.DbDataAdapter.FillInternal(DataSet dataset, DataTable[] datatables, Int32 startRecord, Int32 maxRecords, String srcTable, IDbCommand command, CommandBehavior behavior)
   在 System.Data.Common.DbDataAdapter.Fill(DataSet dataSet, Int32 startRecord, Int32 maxRecords, String srcTable, IDbCommand command, CommandBehavior behavior)
   在 System.Data.Common.DbDataAdapter.Fill(DataSet dataSet)
   在 KGameServer.DBManager.GetBusinessData(Int32 userID, Int32 matchID) 位置 C:\MyWork-master\MyWork-maste\KGameServer\KGameServer\DBManager.cs:行号 657

[20160823 15:18:23.807][10][Normal][KGameServer.ServerInst.ThreadProc]	消息处理时发生错误...

[20160823 15:18:23.808][10][Normal][KGameServer.Util.LogException]	未将对象引用设置到对象的实例。

[20160823 15:18:23.808][10][Normal][KGameServer.Util.LogException]	   在 KGameServer.Match.PlayerShare(PlayerConnection playerConnection) 位置 C:\MyWork-master\MyWork-maste\KGameServer\KGameServer\Match.cs:行号 408
   在 KGameServer.PlayerConnection.ProcessUserOperationShare() 位置 C:\MyWork-master\MyWork-maste\KGameServer\KGameServer\PlayerConnection.cs:行号 181
   在 KGameServer.PlayerConnection.ProcessPacket(Packet p) 位置 C:\MyWork-master\MyWork-maste\KGameServer\KGameServer\PlayerConnection.cs:行号 158
   在 KGameServer.PlayerConnection.ProcessMessage(String msg) 位置 C:\MyWork-master\MyWork-maste\KGameServer\KGameServer\PlayerConnection.cs:行号 116
   在 KGameServer.ServerInst.SocketReceievedMsg(IWebSocketConnection clientConnection, String msg) 位置 C:\MyWork-master\MyWork-maste\KGameServer\KGameServer\ServerInst.cs:行号 241
   在 KGameServer.ServerInst.ThreadProc() 位置 C:\MyWork-master\MyWork-maste\KGameServer\KGameServer\ServerInst.cs:行号 126

[20160823 15:18:30.177][16][Normal][KGameServer.ServerInst+<>c__DisplayClass4.<Init>b__3]	OnMessage:message=S||

[20160823 15:18:30.177][10][Normal][KGameServer.PlayerConnectionMap.GetPlayerConnection]	playerConnectionDict key count=1

[20160823 15:18:30.252][10][Normal][KGameServer.Util.LogException]	You have an error in your SQL syntax; check the manual that corresponds to your MySQL server version for the right syntax to use near 'MATCH_ID =140' at line 1

[20160823 15:18:30.252][10][Normal][KGameServer.Util.LogException]	   在 MySql.Data.MySqlClient.MySqlStream.OpenPacket()
   在 MySql.Data.MySqlClient.NativeDriver.ReadResult(UInt64& affectedRows, Int64& lastInsertId)
   在 MySql.Data.MySqlClient.MySqlDataReader.GetResultSet()
   在 MySql.Data.MySqlClient.MySqlDataReader.NextResult()
   在 MySql.Data.MySqlClient.MySqlCommand.ExecuteReader(CommandBehavior behavior)
   在 MySql.Data.MySqlClient.MySqlCommand.ExecuteDbDataReader(CommandBehavior behavior)
   在 System.Data.Common.DbDataAdapter.FillInternal(DataSet dataset, DataTable[] datatables, Int32 startRecord, Int32 maxRecords, String srcTable, IDbCommand command, CommandBehavior behavior)
   在 System.Data.Common.DbDataAdapter.Fill(DataSet dataSet, Int32 startRecord, Int32 maxRecords, String srcTable, IDbCommand command, CommandBehavior behavior)
   在 System.Data.Common.DbDataAdapter.Fill(DataSet dataSet)
   在 KGameServer.DBManager.GetBusinessData(Int32 userID, Int32 matchID) 位置 C:\MyWork-master\MyWork-maste\KGameServer\KGameServer\DBManager.cs:行号 657

[20160823 15:18:30.271][10][Normal][KGameServer.ServerInst.ThreadProc]	消息处理时发生错误...

[20160823 15:18:30.271][10][Normal][KGameServer.Util.LogException]	未将对象引用设置到对象的实例。

[20160823 15:18:30.271][10][Normal][KGameServer.Util.LogException]	   在 KGameServer.Match.PlayerShare(PlayerConnection playerConnection) 位置 C:\MyWork-master\MyWork-maste\KGameServer\KGameServer\Match.cs:行号 408
   在 KGameServer.PlayerConnection.ProcessUserOperationShare() 位置 C:\MyWork-master\MyWork-maste\KGameServer\KGameServer\PlayerConnection.cs:行号 181
   在 KGameServer.PlayerConnection.ProcessPacket(Packet p) 位置 C:\MyWork-master\MyWork-maste\KGameServer\KGameServer\PlayerConnection.cs:行号 158
   在 KGameServer.PlayerConnection.ProcessMessage(String msg) 位置 C:\MyWork-master\MyWork-maste\KGameServer\KGameServer\PlayerConnection.cs:行号 116
   在 KGameServer.ServerInst.SocketReceievedMsg(IWebSocketConnection clientConnection, String msg) 位置 C:\MyWork-master\MyWork-maste\KGameServer\KGameServer\ServerInst.cs:行号 241
   在 KGameServer.ServerInst.ThreadProc() 位置 C:\MyWork-master\MyWork-maste\KGameServer\KGameServer\ServerInst.cs:行号 126

[20160823 15:23:36.798][10][Normal][KGameServer.PlayerConnectionMap.GetPlayerConnection]	playerConnectionDict key count=1

[20160823 15:23:36.799][10][Normal][KGameServer.ServerInst.ClosePlayerConnection]	ClosePlayerConnection Call

[20160823 15:23:36.801][10][Normal][KGameServer.PlayerConnection.SendMatchEndString]	发送结束对局信息到:v197a，信息内容为:F|1#v197a#1.48#0#沪银指数(上期所)#2015-3-4#2015-8-21|

2016-8-23 下午 3:23:36 [Warn] Data sent while closing or after close. Ignoring. 
[20160823 15:23:36.825][10][Normal][KGameServer.ServerInst.ClosePlayerConnection]	Closed

[20160823 15:23:40.595][24][Normal][KGameServer.ServerInst+<>c__DisplayClass4.<Init>b__1]	OnOpen

[20160823 15:23:40.595][10][Normal][KGameServer.ServerInst.SocketConnected]	Entered SocketConnected

[20160823 15:23:40.595][10][Normal][KGameServer.ServerInst.SocketConnected]	Connected

[20160823 15:23:40.595][10][Normal][KGameServer.ServerInst.ProcessPreReceievedMessage]	为连接:[192.168.16.250:51172][0:] 处理没有来源的消息

[20160823 15:23:40.595][10][Normal][KGameServer.ServerInst.ProcessPreReceievedMessage]	noResourceMessageDict中，无来源的消息共有0 个来源

[20160823 15:23:40.631][25][Normal][KGameServer.ServerInst+<>c__DisplayClass4.<Init>b__3]	OnMessage:message=A||

[20160823 15:23:40.633][10][Normal][KGameServer.PlayerConnectionMap.GetPlayerConnection]	playerConnectionDict key count=1

[20160823 15:23:40.662][10][Normal][KGameServer.PlayerConnection.ProcessUserQuickLogin]	快速登录成功:B|s198a#934084|

[20160823 15:23:40.670][24][Normal][KGameServer.ServerInst+<>c__DisplayClass4.<Init>b__3]	OnMessage:message=0|s198a#934084#null|

[20160823 15:23:40.670][10][Normal][KGameServer.PlayerConnectionMap.GetPlayerConnection]	playerConnectionDict key count=1

[20160823 15:23:40.670][10][Normal][KGameServer.PlayerConnection.ProcessUserLogin]	用户登录,用户名:s198a 密码:934084 来源:null

[20160823 15:23:40.670][10][Normal][KGameServer.DBManager.ValidateUser]	ValidateUser username=s198a password=934084 source=null

[20160823 15:23:40.676][10][Normal][KGameServer.DBManager.ValidateUserFromSource_Self]	sql:SELECT id FROM kgame.tbl_user where UserName=?UserName and PWD=?Password and ISNULL(SOURCE)

[20160823 15:23:40.677][10][Normal][KGameServer.DBManager.ValidateUserFromSource_Self]	userid=157

[20160823 15:23:40.677][10][Normal][KGameServer.PlayerConnection.ProcessUserLogin]	useridRet=157

[20160823 15:23:40.677][10][Normal][KGameServer.PlayerConnection.ProcessUserLogin]	发送信息:1|s198a|

[20160823 15:23:40.682][25][Normal][KGameServer.ServerInst+<>c__DisplayClass4.<Init>b__3]	OnMessage:message=3|0|

[20160823 15:23:40.683][10][Normal][KGameServer.PlayerConnectionMap.GetPlayerConnection]	playerConnectionDict key count=1

[20160823 15:23:40.683][10][Normal][KGameServer.MatchMaker.BeginNewMatchForSinglePlayer]	准备开始一场单人游戏:[192.168.16.250:51172][157:s198a]

[20160823 15:23:45.317][10][Normal][KGameServer.Match.Start]	1人局开始: [157:] 

[20160823 15:23:45.317][10][Normal][KGameServer.HisDataMng.RequestHistoryData]	RequestHistoryData 请求

[20160823 15:23:45.317][12][Normal][KGameServer.HisDataMng.MainProcessThread]	hisDataRequestList 出队，hisDataRequestList中个数为:1

[20160823 15:23:45.317][10][Normal][KGameServer.HisDataMng.RequestHistoryData]	入队结束

[20160823 15:23:45.324][12][Normal][KGameServer.HisDataMng.MainProcessThread]	数据库已经打开

[20160823 15:23:45.324][12][Normal][KGameServer.HisDataMng.RefreshCodeInfoList]	mutexForCodeInfoDict Passed

[20160823 15:23:45.330][12][Normal][KGameServer.HisDataMng.RefreshCodeInfoList]	mutexForCodeInfoDict Released

[20160823 15:23:45.330][12][Normal][KGameServer.HisDataMng.MainProcessThread]	RefreshCodeInfoList 已经完成

[20160823 15:23:45.330][12][Normal][KGameServer.HisDataMng.ProcessHisDataRequest]	ProcessHisDataRequest hisDataRequest matchID

[20160823 15:23:45.350][12][Normal][KGameServer.HisDataMng.ProcessHisDataRequest]	获得到了历史数据，开始调用回调函数

[20160823 15:23:45.396][12][Normal][KGameServer.DBManager.AddNewMatchInfo]	New Match added to database match id=141

[20160823 15:23:45.396][12][Normal][KGameServer.HisDataMng.MainProcessThread]	ProcessHisDataRequest 已经结束

[20160823 15:23:45.396][12][Normal][KGameServer.HisDataMng.MainProcessThread]	数据库已经关闭

[20160823 15:23:54.281][24][Normal][KGameServer.ServerInst+<>c__DisplayClass4.<Init>b__3]	OnMessage:message=6|13|

[20160823 15:23:54.281][10][Normal][KGameServer.PlayerConnectionMap.GetPlayerConnection]	playerConnectionDict key count=1

[20160823 15:23:54.391][10][Normal][KGameServer.Util.LogException]	Table 'kgame.tbl_traderecrod' doesn't exist

[20160823 15:23:54.392][10][Normal][KGameServer.Util.LogException]	   在 MySql.Data.MySqlClient.MySqlStream.OpenPacket()
   在 MySql.Data.MySqlClient.NativeDriver.ReadResult(UInt64& affectedRows, Int64& lastInsertId)
   在 MySql.Data.MySqlClient.MySqlDataReader.GetResultSet()
   在 MySql.Data.MySqlClient.MySqlDataReader.NextResult()
   在 MySql.Data.MySqlClient.MySqlCommand.ExecuteReader(CommandBehavior behavior)
   在 MySql.Data.MySqlClient.MySqlCommand.ExecuteReader()
   在 MySql.Data.MySqlClient.MySqlCommand.ExecuteScalar()
   在 KGameServer.DBManager.AddNewTraderecordInfo(PlayerConnection playerConnection, Int32 matchID, Int32 index, Boolean isBuy, Double price) 位置 C:\MyWork-master\MyWork-maste\KGameServer\KGameServer\DBManager.cs:行号 615

[20160823 15:23:54.392][10][Normal][KGameServer.Match.ProcessUserOperation]	由于未能添加用户买卖的信息数据库中，此次对局无法成功启动，返回。。。。。。

[20160823 15:23:55.588][24][Normal][KGameServer.ServerInst+<>c__DisplayClass4.<Init>b__3]	OnMessage:message=7|23|

[20160823 15:23:55.588][10][Normal][KGameServer.PlayerConnectionMap.GetPlayerConnection]	playerConnectionDict key count=1

[20160823 15:23:55.696][10][Normal][KGameServer.Util.LogException]	Table 'kgame.tbl_traderecrod' doesn't exist

[20160823 15:23:55.697][10][Normal][KGameServer.Util.LogException]	   在 MySql.Data.MySqlClient.MySqlStream.OpenPacket()
   在 MySql.Data.MySqlClient.NativeDriver.ReadResult(UInt64& affectedRows, Int64& lastInsertId)
   在 MySql.Data.MySqlClient.MySqlDataReader.GetResultSet()
   在 MySql.Data.MySqlClient.MySqlDataReader.NextResult()
   在 MySql.Data.MySqlClient.MySqlCommand.ExecuteReader(CommandBehavior behavior)
   在 MySql.Data.MySqlClient.MySqlCommand.ExecuteReader()
   在 MySql.Data.MySqlClient.MySqlCommand.ExecuteScalar()
   在 KGameServer.DBManager.AddNewTraderecordInfo(PlayerConnection playerConnection, Int32 matchID, Int32 index, Boolean isBuy, Double price) 位置 C:\MyWork-master\MyWork-maste\KGameServer\KGameServer\DBManager.cs:行号 615

[20160823 15:23:55.697][10][Normal][KGameServer.Match.ProcessUserOperation]	由于未能添加用户买卖的信息数据库中，此次对局无法成功启动，返回。。。。。。

[20160823 15:23:57.119][24][Normal][KGameServer.ServerInst+<>c__DisplayClass4.<Init>b__3]	OnMessage:message=6|36|

[20160823 15:23:57.119][10][Normal][KGameServer.PlayerConnectionMap.GetPlayerConnection]	playerConnectionDict key count=1

[20160823 15:23:57.237][10][Normal][KGameServer.Util.LogException]	Table 'kgame.tbl_traderecrod' doesn't exist

[20160823 15:23:57.238][10][Normal][KGameServer.Util.LogException]	   在 MySql.Data.MySqlClient.MySqlStream.OpenPacket()
   在 MySql.Data.MySqlClient.NativeDriver.ReadResult(UInt64& affectedRows, Int64& lastInsertId)
   在 MySql.Data.MySqlClient.MySqlDataReader.GetResultSet()
   在 MySql.Data.MySqlClient.MySqlDataReader.NextResult()
   在 MySql.Data.MySqlClient.MySqlCommand.ExecuteReader(CommandBehavior behavior)
   在 MySql.Data.MySqlClient.MySqlCommand.ExecuteReader()
   在 MySql.Data.MySqlClient.MySqlCommand.ExecuteScalar()
   在 KGameServer.DBManager.AddNewTraderecordInfo(PlayerConnection playerConnection, Int32 matchID, Int32 index, Boolean isBuy, Double price) 位置 C:\MyWork-master\MyWork-maste\KGameServer\KGameServer\DBManager.cs:行号 615

[20160823 15:23:57.238][10][Normal][KGameServer.Match.ProcessUserOperation]	由于未能添加用户买卖的信息数据库中，此次对局无法成功启动，返回。。。。。。

[20160823 15:23:58.581][24][Normal][KGameServer.ServerInst+<>c__DisplayClass4.<Init>b__3]	OnMessage:message=7|46|

[20160823 15:23:58.581][10][Normal][KGameServer.PlayerConnectionMap.GetPlayerConnection]	playerConnectionDict key count=1

[20160823 15:23:58.728][10][Normal][KGameServer.Util.LogException]	Table 'kgame.tbl_traderecrod' doesn't exist

[20160823 15:23:58.729][10][Normal][KGameServer.Util.LogException]	   在 MySql.Data.MySqlClient.MySqlStream.OpenPacket()
   在 MySql.Data.MySqlClient.NativeDriver.ReadResult(UInt64& affectedRows, Int64& lastInsertId)
   在 MySql.Data.MySqlClient.MySqlDataReader.GetResultSet()
   在 MySql.Data.MySqlClient.MySqlDataReader.NextResult()
   在 MySql.Data.MySqlClient.MySqlCommand.ExecuteReader(CommandBehavior behavior)
   在 MySql.Data.MySqlClient.MySqlCommand.ExecuteReader()
   在 MySql.Data.MySqlClient.MySqlCommand.ExecuteScalar()
   在 KGameServer.DBManager.AddNewTraderecordInfo(PlayerConnection playerConnection, Int32 matchID, Int32 index, Boolean isBuy, Double price) 位置 C:\MyWork-master\MyWork-maste\KGameServer\KGameServer\DBManager.cs:行号 615

[20160823 15:23:58.729][10][Normal][KGameServer.Match.ProcessUserOperation]	由于未能添加用户买卖的信息数据库中，此次对局无法成功启动，返回。。。。。。

[20160823 15:24:00.125][24][Normal][KGameServer.ServerInst+<>c__DisplayClass4.<Init>b__3]	OnMessage:message=6|53|

[20160823 15:24:00.126][10][Normal][KGameServer.PlayerConnectionMap.GetPlayerConnection]	playerConnectionDict key count=1

[20160823 15:24:00.264][10][Normal][KGameServer.Util.LogException]	Table 'kgame.tbl_traderecrod' doesn't exist

[20160823 15:24:00.265][10][Normal][KGameServer.Util.LogException]	   在 MySql.Data.MySqlClient.MySqlStream.OpenPacket()
   在 MySql.Data.MySqlClient.NativeDriver.ReadResult(UInt64& affectedRows, Int64& lastInsertId)
   在 MySql.Data.MySqlClient.MySqlDataReader.GetResultSet()
   在 MySql.Data.MySqlClient.MySqlDataReader.NextResult()
   在 MySql.Data.MySqlClient.MySqlCommand.ExecuteReader(CommandBehavior behavior)
   在 MySql.Data.MySqlClient.MySqlCommand.ExecuteReader()
   在 MySql.Data.MySqlClient.MySqlCommand.ExecuteScalar()
   在 KGameServer.DBManager.AddNewTraderecordInfo(PlayerConnection playerConnection, Int32 matchID, Int32 index, Boolean isBuy, Double price) 位置 C:\MyWork-master\MyWork-maste\KGameServer\KGameServer\DBManager.cs:行号 615

[20160823 15:24:00.265][10][Normal][KGameServer.Match.ProcessUserOperation]	由于未能添加用户买卖的信息数据库中，此次对局无法成功启动，返回。。。。。。

[20160823 15:24:01.471][24][Normal][KGameServer.ServerInst+<>c__DisplayClass4.<Init>b__3]	OnMessage:message=7|63|

[20160823 15:24:01.471][10][Normal][KGameServer.PlayerConnectionMap.GetPlayerConnection]	playerConnectionDict key count=1

[20160823 15:24:01.547][10][Normal][KGameServer.Util.LogException]	Table 'kgame.tbl_traderecrod' doesn't exist

[20160823 15:24:01.547][10][Normal][KGameServer.Util.LogException]	   在 MySql.Data.MySqlClient.MySqlStream.OpenPacket()
   在 MySql.Data.MySqlClient.NativeDriver.ReadResult(UInt64& affectedRows, Int64& lastInsertId)
   在 MySql.Data.MySqlClient.MySqlDataReader.GetResultSet()
   在 MySql.Data.MySqlClient.MySqlDataReader.NextResult()
   在 MySql.Data.MySqlClient.MySqlCommand.ExecuteReader(CommandBehavior behavior)
   在 MySql.Data.MySqlClient.MySqlCommand.ExecuteReader()
   在 MySql.Data.MySqlClient.MySqlCommand.ExecuteScalar()
   在 KGameServer.DBManager.AddNewTraderecordInfo(PlayerConnection playerConnection, Int32 matchID, Int32 index, Boolean isBuy, Double price) 位置 C:\MyWork-master\MyWork-maste\KGameServer\KGameServer\DBManager.cs:行号 615

[20160823 15:24:01.548][10][Normal][KGameServer.Match.ProcessUserOperation]	由于未能添加用户买卖的信息数据库中，此次对局无法成功启动，返回。。。。。。

[20160823 15:24:02.795][24][Normal][KGameServer.ServerInst+<>c__DisplayClass4.<Init>b__3]	OnMessage:message=6|71|

[20160823 15:24:02.796][10][Normal][KGameServer.PlayerConnectionMap.GetPlayerConnection]	playerConnectionDict key count=1

[20160823 15:24:03.020][10][Normal][KGameServer.Util.LogException]	Table 'kgame.tbl_traderecrod' doesn't exist

[20160823 15:24:03.020][10][Normal][KGameServer.Util.LogException]	   在 MySql.Data.MySqlClient.MySqlStream.OpenPacket()
   在 MySql.Data.MySqlClient.NativeDriver.ReadResult(UInt64& affectedRows, Int64& lastInsertId)
   在 MySql.Data.MySqlClient.MySqlDataReader.GetResultSet()
   在 MySql.Data.MySqlClient.MySqlDataReader.NextResult()
   在 MySql.Data.MySqlClient.MySqlCommand.ExecuteReader(CommandBehavior behavior)
   在 MySql.Data.MySqlClient.MySqlCommand.ExecuteReader()
   在 MySql.Data.MySqlClient.MySqlCommand.ExecuteScalar()
   在 KGameServer.DBManager.AddNewTraderecordInfo(PlayerConnection playerConnection, Int32 matchID, Int32 index, Boolean isBuy, Double price) 位置 C:\MyWork-master\MyWork-maste\KGameServer\KGameServer\DBManager.cs:行号 615

[20160823 15:24:03.020][10][Normal][KGameServer.Match.ProcessUserOperation]	由于未能添加用户买卖的信息数据库中，此次对局无法成功启动，返回。。。。。。

[20160823 15:24:04.080][25][Normal][KGameServer.ServerInst+<>c__DisplayClass4.<Init>b__3]	OnMessage:message=7|80|

[20160823 15:24:04.080][10][Normal][KGameServer.PlayerConnectionMap.GetPlayerConnection]	playerConnectionDict key count=1

[20160823 15:24:04.289][10][Normal][KGameServer.Util.LogException]	Table 'kgame.tbl_traderecrod' doesn't exist

[20160823 15:24:04.289][10][Normal][KGameServer.Util.LogException]	   在 MySql.Data.MySqlClient.MySqlStream.OpenPacket()
   在 MySql.Data.MySqlClient.NativeDriver.ReadResult(UInt64& affectedRows, Int64& lastInsertId)
   在 MySql.Data.MySqlClient.MySqlDataReader.GetResultSet()
   在 MySql.Data.MySqlClient.MySqlDataReader.NextResult()
   在 MySql.Data.MySqlClient.MySqlCommand.ExecuteReader(CommandBehavior behavior)
   在 MySql.Data.MySqlClient.MySqlCommand.ExecuteReader()
   在 MySql.Data.MySqlClient.MySqlCommand.ExecuteScalar()
   在 KGameServer.DBManager.AddNewTraderecordInfo(PlayerConnection playerConnection, Int32 matchID, Int32 index, Boolean isBuy, Double price) 位置 C:\MyWork-master\MyWork-maste\KGameServer\KGameServer\DBManager.cs:行号 615

[20160823 15:24:04.289][10][Normal][KGameServer.Match.ProcessUserOperation]	由于未能添加用户买卖的信息数据库中，此次对局无法成功启动，返回。。。。。。

[20160823 15:24:11.536][25][Normal][KGameServer.ServerInst+<>c__DisplayClass4.<Init>b__3]	OnMessage:message=E||

[20160823 15:24:11.539][10][Normal][KGameServer.PlayerConnectionMap.GetPlayerConnection]	playerConnectionDict key count=1

[20160823 15:24:11.540][10][Normal][KGameServer.PlayerConnection.SendMatchEndString]	发送结束对局信息到:s198a，信息内容为:F|1#s198a#0.61#0#沪银指数(上期所)#2015-3-4#2015-8-21|

[20160823 15:24:16.597][24][Normal][KGameServer.ServerInst+<>c__DisplayClass4.<Init>b__3]	OnMessage:message=S||

[20160823 15:24:16.597][10][Normal][KGameServer.PlayerConnectionMap.GetPlayerConnection]	playerConnectionDict key count=1

[20160823 15:24:16.670][10][Normal][KGameServer.Util.LogException]	You have an error in your SQL syntax; check the manual that corresponds to your MySQL server version for the right syntax to use near 'MATCH_ID =141' at line 1

[20160823 15:24:16.671][10][Normal][KGameServer.Util.LogException]	   在 MySql.Data.MySqlClient.MySqlStream.OpenPacket()
   在 MySql.Data.MySqlClient.NativeDriver.ReadResult(UInt64& affectedRows, Int64& lastInsertId)
   在 MySql.Data.MySqlClient.MySqlDataReader.GetResultSet()
   在 MySql.Data.MySqlClient.MySqlDataReader.NextResult()
   在 MySql.Data.MySqlClient.MySqlCommand.ExecuteReader(CommandBehavior behavior)
   在 MySql.Data.MySqlClient.MySqlCommand.ExecuteDbDataReader(CommandBehavior behavior)
   在 System.Data.Common.DbDataAdapter.FillInternal(DataSet dataset, DataTable[] datatables, Int32 startRecord, Int32 maxRecords, String srcTable, IDbCommand command, CommandBehavior behavior)
   在 System.Data.Common.DbDataAdapter.Fill(DataSet dataSet, Int32 startRecord, Int32 maxRecords, String srcTable, IDbCommand command, CommandBehavior behavior)
   在 System.Data.Common.DbDataAdapter.Fill(DataSet dataSet)
   在 KGameServer.DBManager.GetBusinessData(Int32 userID, Int32 matchID) 位置 C:\MyWork-master\MyWork-maste\KGameServer\KGameServer\DBManager.cs:行号 657

[20160823 15:24:16.689][10][Normal][KGameServer.ServerInst.ThreadProc]	消息处理时发生错误...

[20160823 15:24:16.689][10][Normal][KGameServer.Util.LogException]	未将对象引用设置到对象的实例。

[20160823 15:24:16.689][10][Normal][KGameServer.Util.LogException]	   在 KGameServer.Match.PlayerShare(PlayerConnection playerConnection) 位置 C:\MyWork-master\MyWork-maste\KGameServer\KGameServer\Match.cs:行号 408
   在 KGameServer.PlayerConnection.ProcessUserOperationShare() 位置 C:\MyWork-master\MyWork-maste\KGameServer\KGameServer\PlayerConnection.cs:行号 181
   在 KGameServer.PlayerConnection.ProcessPacket(Packet p) 位置 C:\MyWork-master\MyWork-maste\KGameServer\KGameServer\PlayerConnection.cs:行号 158
   在 KGameServer.PlayerConnection.ProcessMessage(String msg) 位置 C:\MyWork-master\MyWork-maste\KGameServer\KGameServer\PlayerConnection.cs:行号 116
   在 KGameServer.ServerInst.SocketReceievedMsg(IWebSocketConnection clientConnection, String msg) 位置 C:\MyWork-master\MyWork-maste\KGameServer\KGameServer\ServerInst.cs:行号 241
   在 KGameServer.ServerInst.ThreadProc() 位置 C:\MyWork-master\MyWork-maste\KGameServer\KGameServer\ServerInst.cs:行号 126

[20160823 15:24:24.562][24][Normal][KGameServer.ServerInst+<>c__DisplayClass4.<Init>b__3]	OnMessage:message=S||

[20160823 15:24:24.562][10][Normal][KGameServer.PlayerConnectionMap.GetPlayerConnection]	playerConnectionDict key count=1

[20160823 15:24:24.628][24][Normal][KGameServer.ServerInst+<>c__DisplayClass4.<Init>b__3]	OnMessage:message=S||

[20160823 15:24:24.638][10][Normal][KGameServer.Util.LogException]	You have an error in your SQL syntax; check the manual that corresponds to your MySQL server version for the right syntax to use near 'MATCH_ID =141' at line 1

[20160823 15:24:24.640][10][Normal][KGameServer.Util.LogException]	   在 MySql.Data.MySqlClient.MySqlStream.OpenPacket()
   在 MySql.Data.MySqlClient.NativeDriver.ReadResult(UInt64& affectedRows, Int64& lastInsertId)
   在 MySql.Data.MySqlClient.MySqlDataReader.GetResultSet()
   在 MySql.Data.MySqlClient.MySqlDataReader.NextResult()
   在 MySql.Data.MySqlClient.MySqlCommand.ExecuteReader(CommandBehavior behavior)
   在 MySql.Data.MySqlClient.MySqlCommand.ExecuteDbDataReader(CommandBehavior behavior)
   在 System.Data.Common.DbDataAdapter.FillInternal(DataSet dataset, DataTable[] datatables, Int32 startRecord, Int32 maxRecords, String srcTable, IDbCommand command, CommandBehavior behavior)
   在 System.Data.Common.DbDataAdapter.Fill(DataSet dataSet, Int32 startRecord, Int32 maxRecords, String srcTable, IDbCommand command, CommandBehavior behavior)
   在 System.Data.Common.DbDataAdapter.Fill(DataSet dataSet)
   在 KGameServer.DBManager.GetBusinessData(Int32 userID, Int32 matchID) 位置 C:\MyWork-master\MyWork-maste\KGameServer\KGameServer\DBManager.cs:行号 657

[20160823 15:24:24.664][10][Normal][KGameServer.ServerInst.ThreadProc]	消息处理时发生错误...

[20160823 15:24:24.664][10][Normal][KGameServer.Util.LogException]	未将对象引用设置到对象的实例。

[20160823 15:24:24.665][10][Normal][KGameServer.Util.LogException]	   在 KGameServer.Match.PlayerShare(PlayerConnection playerConnection) 位置 C:\MyWork-master\MyWork-maste\KGameServer\KGameServer\Match.cs:行号 408
   在 KGameServer.PlayerConnection.ProcessUserOperationShare() 位置 C:\MyWork-master\MyWork-maste\KGameServer\KGameServer\PlayerConnection.cs:行号 181
   在 KGameServer.PlayerConnection.ProcessPacket(Packet p) 位置 C:\MyWork-master\MyWork-maste\KGameServer\KGameServer\PlayerConnection.cs:行号 158
   在 KGameServer.PlayerConnection.ProcessMessage(String msg) 位置 C:\MyWork-master\MyWork-maste\KGameServer\KGameServer\PlayerConnection.cs:行号 116
   在 KGameServer.ServerInst.SocketReceievedMsg(IWebSocketConnection clientConnection, String msg) 位置 C:\MyWork-master\MyWork-maste\KGameServer\KGameServer\ServerInst.cs:行号 241
   在 KGameServer.ServerInst.ThreadProc() 位置 C:\MyWork-master\MyWork-maste\KGameServer\KGameServer\ServerInst.cs:行号 126

[20160823 15:24:24.665][10][Normal][KGameServer.PlayerConnectionMap.GetPlayerConnection]	playerConnectionDict key count=1

[20160823 15:24:24.729][10][Normal][KGameServer.Util.LogException]	You have an error in your SQL syntax; check the manual that corresponds to your MySQL server version for the right syntax to use near 'MATCH_ID =141' at line 1

[20160823 15:24:24.730][10][Normal][KGameServer.Util.LogException]	   在 MySql.Data.MySqlClient.MySqlStream.OpenPacket()
   在 MySql.Data.MySqlClient.NativeDriver.ReadResult(UInt64& affectedRows, Int64& lastInsertId)
   在 MySql.Data.MySqlClient.MySqlDataReader.GetResultSet()
   在 MySql.Data.MySqlClient.MySqlDataReader.NextResult()
   在 MySql.Data.MySqlClient.MySqlCommand.ExecuteReader(CommandBehavior behavior)
   在 MySql.Data.MySqlClient.MySqlCommand.ExecuteDbDataReader(CommandBehavior behavior)
   在 System.Data.Common.DbDataAdapter.FillInternal(DataSet dataset, DataTable[] datatables, Int32 startRecord, Int32 maxRecords, String srcTable, IDbCommand command, CommandBehavior behavior)
   在 System.Data.Common.DbDataAdapter.Fill(DataSet dataSet, Int32 startRecord, Int32 maxRecords, String srcTable, IDbCommand command, CommandBehavior behavior)
   在 System.Data.Common.DbDataAdapter.Fill(DataSet dataSet)
   在 KGameServer.DBManager.GetBusinessData(Int32 userID, Int32 matchID) 位置 C:\MyWork-master\MyWork-maste\KGameServer\KGameServer\DBManager.cs:行号 657

[20160823 15:24:24.748][10][Normal][KGameServer.ServerInst.ThreadProc]	消息处理时发生错误...

[20160823 15:24:24.748][10][Normal][KGameServer.Util.LogException]	未将对象引用设置到对象的实例。

[20160823 15:24:24.749][10][Normal][KGameServer.Util.LogException]	   在 KGameServer.Match.PlayerShare(PlayerConnection playerConnection) 位置 C:\MyWork-master\MyWork-maste\KGameServer\KGameServer\Match.cs:行号 408
   在 KGameServer.PlayerConnection.ProcessUserOperationShare() 位置 C:\MyWork-master\MyWork-maste\KGameServer\KGameServer\PlayerConnection.cs:行号 181
   在 KGameServer.PlayerConnection.ProcessPacket(Packet p) 位置 C:\MyWork-master\MyWork-maste\KGameServer\KGameServer\PlayerConnection.cs:行号 158
   在 KGameServer.PlayerConnection.ProcessMessage(String msg) 位置 C:\MyWork-master\MyWork-maste\KGameServer\KGameServer\PlayerConnection.cs:行号 116
   在 KGameServer.ServerInst.SocketReceievedMsg(IWebSocketConnection clientConnection, String msg) 位置 C:\MyWork-master\MyWork-maste\KGameServer\KGameServer\ServerInst.cs:行号 241
   在 KGameServer.ServerInst.ThreadProc() 位置 C:\MyWork-master\MyWork-maste\KGameServer\KGameServer\ServerInst.cs:行号 126

[20160823 15:24:47.898][27][Normal][KGameServer.ServerInst+<>c__DisplayClass4.<Init>b__3]	OnMessage:message=S||

[20160823 15:24:47.899][10][Normal][KGameServer.PlayerConnectionMap.GetPlayerConnection]	playerConnectionDict key count=1

[20160823 15:24:47.963][10][Normal][KGameServer.Util.LogException]	You have an error in your SQL syntax; check the manual that corresponds to your MySQL server version for the right syntax to use near 'MATCH_ID =141' at line 1

[20160823 15:24:47.964][10][Normal][KGameServer.Util.LogException]	   在 MySql.Data.MySqlClient.MySqlStream.OpenPacket()
   在 MySql.Data.MySqlClient.NativeDriver.ReadResult(UInt64& affectedRows, Int64& lastInsertId)
   在 MySql.Data.MySqlClient.MySqlDataReader.GetResultSet()
   在 MySql.Data.MySqlClient.MySqlDataReader.NextResult()
   在 MySql.Data.MySqlClient.MySqlCommand.ExecuteReader(CommandBehavior behavior)
   在 MySql.Data.MySqlClient.MySqlCommand.ExecuteDbDataReader(CommandBehavior behavior)
   在 System.Data.Common.DbDataAdapter.FillInternal(DataSet dataset, DataTable[] datatables, Int32 startRecord, Int32 maxRecords, String srcTable, IDbCommand command, CommandBehavior behavior)
   在 System.Data.Common.DbDataAdapter.Fill(DataSet dataSet, Int32 startRecord, Int32 maxRecords, String srcTable, IDbCommand command, CommandBehavior behavior)
   在 System.Data.Common.DbDataAdapter.Fill(DataSet dataSet)
   在 KGameServer.DBManager.GetBusinessData(Int32 userID, Int32 matchID) 位置 C:\MyWork-master\MyWork-maste\KGameServer\KGameServer\DBManager.cs:行号 657

[20160823 15:24:47.982][10][Normal][KGameServer.ServerInst.ThreadProc]	消息处理时发生错误...

[20160823 15:24:47.982][10][Normal][KGameServer.Util.LogException]	未将对象引用设置到对象的实例。

[20160823 15:24:47.983][10][Normal][KGameServer.Util.LogException]	   在 KGameServer.Match.PlayerShare(PlayerConnection playerConnection) 位置 C:\MyWork-master\MyWork-maste\KGameServer\KGameServer\Match.cs:行号 408
   在 KGameServer.PlayerConnection.ProcessUserOperationShare() 位置 C:\MyWork-master\MyWork-maste\KGameServer\KGameServer\PlayerConnection.cs:行号 181
   在 KGameServer.PlayerConnection.ProcessPacket(Packet p) 位置 C:\MyWork-master\MyWork-maste\KGameServer\KGameServer\PlayerConnection.cs:行号 158
   在 KGameServer.PlayerConnection.ProcessMessage(String msg) 位置 C:\MyWork-master\MyWork-maste\KGameServer\KGameServer\PlayerConnection.cs:行号 116
   在 KGameServer.ServerInst.SocketReceievedMsg(IWebSocketConnection clientConnection, String msg) 位置 C:\MyWork-master\MyWork-maste\KGameServer\KGameServer\ServerInst.cs:行号 241
   在 KGameServer.ServerInst.ThreadProc() 位置 C:\MyWork-master\MyWork-maste\KGameServer\KGameServer\ServerInst.cs:行号 126

[20160823 15:27:54.023][29][Normal][KGameServer.ServerInst+<>c__DisplayClass4.<Init>b__3]	OnMessage:message=S||

[20160823 15:27:54.026][10][Normal][KGameServer.PlayerConnectionMap.GetPlayerConnection]	playerConnectionDict key count=1

[20160823 15:27:54.094][10][Normal][KGameServer.Util.LogException]	You have an error in your SQL syntax; check the manual that corresponds to your MySQL server version for the right syntax to use near 'MATCH_ID =141' at line 1

[20160823 15:27:54.095][10][Normal][KGameServer.Util.LogException]	   在 MySql.Data.MySqlClient.MySqlStream.OpenPacket()
   在 MySql.Data.MySqlClient.NativeDriver.ReadResult(UInt64& affectedRows, Int64& lastInsertId)
   在 MySql.Data.MySqlClient.MySqlDataReader.GetResultSet()
   在 MySql.Data.MySqlClient.MySqlDataReader.NextResult()
   在 MySql.Data.MySqlClient.MySqlCommand.ExecuteReader(CommandBehavior behavior)
   在 MySql.Data.MySqlClient.MySqlCommand.ExecuteDbDataReader(CommandBehavior behavior)
   在 System.Data.Common.DbDataAdapter.FillInternal(DataSet dataset, DataTable[] datatables, Int32 startRecord, Int32 maxRecords, String srcTable, IDbCommand command, CommandBehavior behavior)
   在 System.Data.Common.DbDataAdapter.Fill(DataSet dataSet, Int32 startRecord, Int32 maxRecords, String srcTable, IDbCommand command, CommandBehavior behavior)
   在 System.Data.Common.DbDataAdapter.Fill(DataSet dataSet)
   在 KGameServer.DBManager.GetBusinessData(Int32 userID, Int32 matchID) 位置 C:\MyWork-master\MyWork-maste\KGameServer\KGameServer\DBManager.cs:行号 657

[20160823 15:27:54.113][10][Normal][KGameServer.ServerInst.ThreadProc]	消息处理时发生错误...

[20160823 15:27:54.113][10][Normal][KGameServer.Util.LogException]	未将对象引用设置到对象的实例。

[20160823 15:27:54.114][10][Normal][KGameServer.Util.LogException]	   在 KGameServer.Match.PlayerShare(PlayerConnection playerConnection) 位置 C:\MyWork-master\MyWork-maste\KGameServer\KGameServer\Match.cs:行号 408
   在 KGameServer.PlayerConnection.ProcessUserOperationShare() 位置 C:\MyWork-master\MyWork-maste\KGameServer\KGameServer\PlayerConnection.cs:行号 181
   在 KGameServer.PlayerConnection.ProcessPacket(Packet p) 位置 C:\MyWork-master\MyWork-maste\KGameServer\KGameServer\PlayerConnection.cs:行号 158
   在 KGameServer.PlayerConnection.ProcessMessage(String msg) 位置 C:\MyWork-master\MyWork-maste\KGameServer\KGameServer\PlayerConnection.cs:行号 116
   在 KGameServer.ServerInst.SocketReceievedMsg(IWebSocketConnection clientConnection, String msg) 位置 C:\MyWork-master\MyWork-maste\KGameServer\KGameServer\ServerInst.cs:行号 241
   在 KGameServer.ServerInst.ThreadProc() 位置 C:\MyWork-master\MyWork-maste\KGameServer\KGameServer\ServerInst.cs:行号 126

[20160823 15:27:55.351][29][Normal][KGameServer.ServerInst+<>c__DisplayClass4.<Init>b__3]	OnMessage:message=S||

[20160823 15:27:55.351][10][Normal][KGameServer.PlayerConnectionMap.GetPlayerConnection]	playerConnectionDict key count=1

[20160823 15:27:55.424][10][Normal][KGameServer.Util.LogException]	You have an error in your SQL syntax; check the manual that corresponds to your MySQL server version for the right syntax to use near 'MATCH_ID =141' at line 1

[20160823 15:27:55.424][10][Normal][KGameServer.Util.LogException]	   在 MySql.Data.MySqlClient.MySqlStream.OpenPacket()
   在 MySql.Data.MySqlClient.NativeDriver.ReadResult(UInt64& affectedRows, Int64& lastInsertId)
   在 MySql.Data.MySqlClient.MySqlDataReader.GetResultSet()
   在 MySql.Data.MySqlClient.MySqlDataReader.NextResult()
   在 MySql.Data.MySqlClient.MySqlCommand.ExecuteReader(CommandBehavior behavior)
   在 MySql.Data.MySqlClient.MySqlCommand.ExecuteDbDataReader(CommandBehavior behavior)
   在 System.Data.Common.DbDataAdapter.FillInternal(DataSet dataset, DataTable[] datatables, Int32 startRecord, Int32 maxRecords, String srcTable, IDbCommand command, CommandBehavior behavior)
   在 System.Data.Common.DbDataAdapter.Fill(DataSet dataSet, Int32 startRecord, Int32 maxRecords, String srcTable, IDbCommand command, CommandBehavior behavior)
   在 System.Data.Common.DbDataAdapter.Fill(DataSet dataSet)
   在 KGameServer.DBManager.GetBusinessData(Int32 userID, Int32 matchID) 位置 C:\MyWork-master\MyWork-maste\KGameServer\KGameServer\DBManager.cs:行号 657

[20160823 15:27:55.442][10][Normal][KGameServer.ServerInst.ThreadProc]	消息处理时发生错误...

[20160823 15:27:55.442][10][Normal][KGameServer.Util.LogException]	未将对象引用设置到对象的实例。

[20160823 15:27:55.442][10][Normal][KGameServer.Util.LogException]	   在 KGameServer.Match.PlayerShare(PlayerConnection playerConnection) 位置 C:\MyWork-master\MyWork-maste\KGameServer\KGameServer\Match.cs:行号 408
   在 KGameServer.PlayerConnection.ProcessUserOperationShare() 位置 C:\MyWork-master\MyWork-maste\KGameServer\KGameServer\PlayerConnection.cs:行号 181
   在 KGameServer.PlayerConnection.ProcessPacket(Packet p) 位置 C:\MyWork-master\MyWork-maste\KGameServer\KGameServer\PlayerConnection.cs:行号 158
   在 KGameServer.PlayerConnection.ProcessMessage(String msg) 位置 C:\MyWork-master\MyWork-maste\KGameServer\KGameServer\PlayerConnection.cs:行号 116
   在 KGameServer.ServerInst.SocketReceievedMsg(IWebSocketConnection clientConnection, String msg) 位置 C:\MyWork-master\MyWork-maste\KGameServer\KGameServer\ServerInst.cs:行号 241
   在 KGameServer.ServerInst.ThreadProc() 位置 C:\MyWork-master\MyWork-maste\KGameServer\KGameServer\ServerInst.cs:行号 126

[20160823 15:28:16.623][31][Normal][KGameServer.ServerInst+<>c__DisplayClass4.<Init>b__3]	OnMessage:message=S||

[20160823 15:28:16.624][10][Normal][KGameServer.PlayerConnectionMap.GetPlayerConnection]	playerConnectionDict key count=1

[20160823 15:28:16.692][10][Normal][KGameServer.Util.LogException]	You have an error in your SQL syntax; check the manual that corresponds to your MySQL server version for the right syntax to use near 'MATCH_ID =141' at line 1

[20160823 15:28:16.692][10][Normal][KGameServer.Util.LogException]	   在 MySql.Data.MySqlClient.MySqlStream.OpenPacket()
   在 MySql.Data.MySqlClient.NativeDriver.ReadResult(UInt64& affectedRows, Int64& lastInsertId)
   在 MySql.Data.MySqlClient.MySqlDataReader.GetResultSet()
   在 MySql.Data.MySqlClient.MySqlDataReader.NextResult()
   在 MySql.Data.MySqlClient.MySqlCommand.ExecuteReader(CommandBehavior behavior)
   在 MySql.Data.MySqlClient.MySqlCommand.ExecuteDbDataReader(CommandBehavior behavior)
   在 System.Data.Common.DbDataAdapter.FillInternal(DataSet dataset, DataTable[] datatables, Int32 startRecord, Int32 maxRecords, String srcTable, IDbCommand command, CommandBehavior behavior)
   在 System.Data.Common.DbDataAdapter.Fill(DataSet dataSet, Int32 startRecord, Int32 maxRecords, String srcTable, IDbCommand command, CommandBehavior behavior)
   在 System.Data.Common.DbDataAdapter.Fill(DataSet dataSet)
   在 KGameServer.DBManager.GetBusinessData(Int32 userID, Int32 matchID) 位置 C:\MyWork-master\MyWork-maste\KGameServer\KGameServer\DBManager.cs:行号 657

[20160823 15:28:16.711][10][Normal][KGameServer.ServerInst.ThreadProc]	消息处理时发生错误...

[20160823 15:28:16.712][10][Normal][KGameServer.Util.LogException]	未将对象引用设置到对象的实例。

[20160823 15:28:16.712][10][Normal][KGameServer.Util.LogException]	   在 KGameServer.Match.PlayerShare(PlayerConnection playerConnection) 位置 C:\MyWork-master\MyWork-maste\KGameServer\KGameServer\Match.cs:行号 408
   在 KGameServer.PlayerConnection.ProcessUserOperationShare() 位置 C:\MyWork-master\MyWork-maste\KGameServer\KGameServer\PlayerConnection.cs:行号 181
   在 KGameServer.PlayerConnection.ProcessPacket(Packet p) 位置 C:\MyWork-master\MyWork-maste\KGameServer\KGameServer\PlayerConnection.cs:行号 158
   在 KGameServer.PlayerConnection.ProcessMessage(String msg) 位置 C:\MyWork-master\MyWork-maste\KGameServer\KGameServer\PlayerConnection.cs:行号 116
   在 KGameServer.ServerInst.SocketReceievedMsg(IWebSocketConnection clientConnection, String msg) 位置 C:\MyWork-master\MyWork-maste\KGameServer\KGameServer\ServerInst.cs:行号 241
   在 KGameServer.ServerInst.ThreadProc() 位置 C:\MyWork-master\MyWork-maste\KGameServer\KGameServer\ServerInst.cs:行号 126

[20160823 15:30:43.785][33][Normal][KGameServer.ServerInst+<>c__DisplayClass4.<Init>b__3]	OnMessage:message=S||

[20160823 15:30:43.788][10][Normal][KGameServer.PlayerConnectionMap.GetPlayerConnection]	playerConnectionDict key count=1

[20160823 15:31:11.992][10][Normal][KGameServer.Util.LogException]	You have an error in your SQL syntax; check the manual that corresponds to your MySQL server version for the right syntax to use near 'MATCH_ID =141' at line 1

[20160823 15:31:11.992][10][Normal][KGameServer.Util.LogException]	   在 MySql.Data.MySqlClient.MySqlStream.OpenPacket()
   在 MySql.Data.MySqlClient.NativeDriver.ReadResult(UInt64& affectedRows, Int64& lastInsertId)
   在 MySql.Data.MySqlClient.MySqlDataReader.GetResultSet()
   在 MySql.Data.MySqlClient.MySqlDataReader.NextResult()
   在 MySql.Data.MySqlClient.MySqlCommand.ExecuteReader(CommandBehavior behavior)
   在 MySql.Data.MySqlClient.MySqlCommand.ExecuteDbDataReader(CommandBehavior behavior)
   在 System.Data.Common.DbDataAdapter.FillInternal(DataSet dataset, DataTable[] datatables, Int32 startRecord, Int32 maxRecords, String srcTable, IDbCommand command, CommandBehavior behavior)
   在 System.Data.Common.DbDataAdapter.Fill(DataSet dataSet, Int32 startRecord, Int32 maxRecords, String srcTable, IDbCommand command, CommandBehavior behavior)
   在 System.Data.Common.DbDataAdapter.Fill(DataSet dataSet)
   在 KGameServer.DBManager.GetBusinessData(Int32 userID, Int32 matchID) 位置 C:\MyWork-master\MyWork-maste\KGameServer\KGameServer\DBManager.cs:行号 657

[20160823 15:32:19.023][10][Normal][KGameServer.ServerInst.ThreadProc]	消息处理时发生错误...

[20160823 15:32:19.023][10][Normal][KGameServer.Util.LogException]	未将对象引用设置到对象的实例。

[20160823 15:32:19.023][10][Normal][KGameServer.Util.LogException]	   在 KGameServer.Match.PlayerShare(PlayerConnection playerConnection) 位置 C:\MyWork-master\MyWork-maste\KGameServer\KGameServer\Match.cs:行号 408
   在 KGameServer.PlayerConnection.ProcessUserOperationShare() 位置 C:\MyWork-master\MyWork-maste\KGameServer\KGameServer\PlayerConnection.cs:行号 181
   在 KGameServer.PlayerConnection.ProcessPacket(Packet p) 位置 C:\MyWork-master\MyWork-maste\KGameServer\KGameServer\PlayerConnection.cs:行号 158
   在 KGameServer.PlayerConnection.ProcessMessage(String msg) 位置 C:\MyWork-master\MyWork-maste\KGameServer\KGameServer\PlayerConnection.cs:行号 116
   在 KGameServer.ServerInst.SocketReceievedMsg(IWebSocketConnection clientConnection, String msg) 位置 C:\MyWork-master\MyWork-maste\KGameServer\KGameServer\ServerInst.cs:行号 241
   在 KGameServer.ServerInst.ThreadProc() 位置 C:\MyWork-master\MyWork-maste\KGameServer\KGameServer\ServerInst.cs:行号 126

