2016-8-18 下午 4:27:55 [Info] Server started at ws://192.168.16.250:8484 (actual port 8484) 
[20160818 16:28:02.874][17][Normal][KGameServer.ServerInst+<>c__DisplayClass4.<Init>b__1]	OnOpen

[20160818 16:28:02.876][10][Normal][KGameServer.ServerInst.SocketConnected]	Entered SocketConnected

[20160818 16:28:02.877][10][Normal][KGameServer.ServerInst.SocketConnected]	Connected

[20160818 16:28:02.880][10][Normal][KGameServer.ServerInst.ProcessPreReceievedMessage]	为连接:[192.168.16.250:59805][0:] 处理没有来源的消息

[20160818 16:28:02.880][10][Normal][KGameServer.ServerInst.ProcessPreReceievedMessage]	noResourceMessageDict中，无来源的消息共有0 个来源

[20160818 16:28:02.884][18][Normal][KGameServer.ServerInst+<>c__DisplayClass4.<Init>b__3]	OnMessage:message=A||

[20160818 16:28:02.886][10][Normal][KGameServer.PlayerConnectionMap.GetPlayerConnection]	playerConnectionDict key count=1

[20160818 16:28:03.093][10][Normal][KGameServer.PlayerConnection.ProcessUserQuickLogin]	快速登录成功:B|t143a#670019|

[20160818 16:28:03.102][18][Normal][KGameServer.ServerInst+<>c__DisplayClass4.<Init>b__3]	OnMessage:message=0|t143a#670019#null|

[20160818 16:28:03.102][10][Normal][KGameServer.PlayerConnectionMap.GetPlayerConnection]	playerConnectionDict key count=1

[20160818 16:28:03.104][10][Normal][KGameServer.PlayerConnection.ProcessUserLogin]	用户登录,用户名:t143a 密码:670019 来源:null

[20160818 16:28:03.105][10][Normal][KGameServer.DBManager.ValidateUser]	ValidateUser username=t143a password=670019 source=null

[20160818 16:28:03.112][10][Normal][KGameServer.DBManager.ValidateUserFromSource_Self]	sql:SELECT id FROM kgame.tbl_user where UserName=?UserName and PWD=?Password and ISNULL(SOURCE)

[20160818 16:28:03.114][10][Normal][KGameServer.DBManager.ValidateUserFromSource_Self]	userid=102

[20160818 16:28:03.114][10][Normal][KGameServer.PlayerConnection.ProcessUserLogin]	useridRet=102

[20160818 16:28:04.955][10][Normal][KGameServer.PlayerConnection.ProcessUserLogin]	发送信息:1|t143a|

[20160818 16:28:04.961][18][Normal][KGameServer.ServerInst+<>c__DisplayClass4.<Init>b__3]	OnMessage:message=3|0|

[20160818 16:28:04.961][10][Normal][KGameServer.PlayerConnectionMap.GetPlayerConnection]	playerConnectionDict key count=1

[20160818 16:28:05.690][10][Normal][KGameServer.MatchMaker.BeginNewMatchForSinglePlayer]	准备开始一场单人游戏:[192.168.16.250:59805][102:t143a]

[20160818 16:28:05.694][10][Normal][KGameServer.Match.Start]	1人局开始: [102:] 

[20160818 16:28:06.902][10][Normal][KGameServer.HisDataMng.RequestHistoryData]	RequestHistoryData 请求

[20160818 16:28:06.904][12][Normal][KGameServer.HisDataMng.MainProcessThread]	hisDataRequestList 出队，hisDataRequestList中个数为:1

[20160818 16:28:06.905][10][Normal][KGameServer.HisDataMng.RequestHistoryData]	入队结束

[20160818 16:28:06.931][12][Normal][KGameServer.HisDataMng.MainProcessThread]	数据库已经打开

[20160818 16:28:10.777][12][Normal][KGameServer.HisDataMng.RefreshCodeInfoList]	mutexForCodeInfoDict Passed

[20160818 16:28:10.794][12][Normal][KGameServer.HisDataMng.RefreshCodeInfoList]	mutexForCodeInfoDict Released

[20160818 16:28:10.794][12][Normal][KGameServer.HisDataMng.MainProcessThread]	RefreshCodeInfoList 已经完成

[20160818 16:28:20.588][12][Normal][KGameServer.HisDataMng.ProcessHisDataRequest]	ProcessHisDataRequest hisDataRequest matchID

