2016-7-27 上午 8:36:43 [Info] Server started at ws://192.168.16.250:8484 (actual port 8484) 
[20160727 08:37:05.609][16][Normal][KGameServer.ServerInst+<>c__DisplayClass4.<Init>b__1]	OnOpen

[20160727 08:37:05.611][15][Normal][KGameServer.ServerInst+<>c__DisplayClass4.<Init>b__3]	OnMessage:message=A||

[20160727 08:37:05.611][9][Normal][KGameServer.ServerInst.SocketConnected]	Entered SocketConnected

[20160727 08:37:05.612][9][Normal][KGameServer.ServerInst.SocketConnected]	Connected

[20160727 08:37:05.616][9][Normal][KGameServer.ServerInst.ProcessPreReceievedMessage]	为连接:[192.168.16.250:50086][0:] 处理没有来源的消息

[20160727 08:37:05.617][9][Normal][KGameServer.ServerInst.ProcessPreReceievedMessage]	noResourceMessageDict中，无来源的消息共有0 个来源

[20160727 08:37:05.618][9][Normal][KGameServer.PlayerConnectionMap.GetPlayerConnection]	playerConnectionDict key count=1

[20160727 08:37:05.903][9][Normal][KGameServer.PlayerConnection.ProcessUserQuickLogin]	快速登录成功:B|c131e#342739|

[20160727 08:37:05.913][17][Normal][KGameServer.ServerInst+<>c__DisplayClass4.<Init>b__3]	OnMessage:message=0|c131e#342739#null|

[20160727 08:37:05.913][9][Normal][KGameServer.PlayerConnectionMap.GetPlayerConnection]	playerConnectionDict key count=1

[20160727 08:37:05.914][9][Normal][KGameServer.PlayerConnection.ProcessUserLogin]	用户登录,用户名:c131e 密码:342739 来源:null

[20160727 08:37:05.915][9][Normal][KGameServer.DBManager.ValidateUser]	ValidateUser username=c131e password=342739 source=null

[20160727 08:37:05.923][9][Normal][KGameServer.DBManager.ValidateUserFromSource_Self]	sql:SELECT id FROM kgame.tbl_user where UserName=?UserName and PWD=?Password and ISNULL(SOURCE)

[20160727 08:37:05.926][9][Normal][KGameServer.DBManager.ValidateUserFromSource_Self]	userid=32

[20160727 08:37:05.926][9][Normal][KGameServer.PlayerConnection.ProcessUserLogin]	useridRet=32

[20160727 08:37:05.927][9][Normal][KGameServer.PlayerConnection.ProcessUserLogin]	发送信息:1|c131e|

[20160727 08:37:05.932][15][Normal][KGameServer.ServerInst+<>c__DisplayClass4.<Init>b__3]	OnMessage:message=3|0|

[20160727 08:37:05.932][9][Normal][KGameServer.PlayerConnectionMap.GetPlayerConnection]	playerConnectionDict key count=1

[20160727 08:37:05.934][9][Normal][KGameServer.MatchMaker.BeginNewMatchForSinglePlayer]	准备开始一场单人游戏:[192.168.16.250:50086][32:c131e]

[20160727 08:37:05.937][9][Normal][KGameServer.Match.Start]	1人局开始: [32:] 

[20160727 08:37:05.938][9][Normal][KGameServer.HisDataMng.RequestHistoryData]	RequestHistoryData 请求

[20160727 08:37:05.938][9][Normal][KGameServer.HisDataMng.RequestHistoryData]	入队结束

[20160727 08:37:05.938][11][Normal][KGameServer.HisDataMng.MainProcessThread]	hisDataRequestList 出队，hisDataRequestList中个数为:1

[20160727 08:37:05.963][11][Normal][KGameServer.HisDataMng.MainProcessThread]	数据库已经打开

[20160727 08:37:05.965][11][Normal][KGameServer.HisDataMng.RefreshCodeInfoList]	mutexForCodeInfoDict Passed

[20160727 08:37:05.974][11][Normal][KGameServer.HisDataMng.RefreshCodeInfoList]	mutexForCodeInfoDict Released

[20160727 08:37:05.974][11][Normal][KGameServer.HisDataMng.MainProcessThread]	RefreshCodeInfoList 已经完成

[20160727 08:37:05.981][11][Normal][KGameServer.HisDataMng.ProcessHisDataRequest]	ProcessHisDataRequest hisDataRequest

[20160727 08:37:05.982][11][Normal][KGameServer.HisDataMng.ProcessHisDataRequest]	codeInfoDict.Keys.Count=91

[20160727 08:37:05.982][11][Normal][KGameServer.HisDataMng.ProcessHisDataRequest]	codeInfoIndex=51

[20160727 08:37:05.982][11][Normal][KGameServer.HisDataMng.ProcessHisDataRequest]	totalCandleCount=360

[20160727 08:37:05.982][11][Normal][KGameServer.HisDataMng.ProcessHisDataRequest]	codeInfo=塑料主连 XDCE

[20160727 08:37:05.983][11][Normal][KGameServer.HisDataMng.ProcessHisDataRequest]	随机数据，codeInfo=塑料主连 XDCE ,startIndex=101

[20160727 08:37:06.116][11][Normal][KGameServer.HisDataMng.ProcessHisDataRequest]	获得到了历史数据，开始调用回调函数

[20160727 08:37:06.209][11][Normal][KGameServer.DBManager.AddNewMatchInfo]	New Match added to database match id=35

[20160727 08:37:06.212][11][Normal][KGameServer.HisDataMng.MainProcessThread]	ProcessHisDataRequest 已经结束

[20160727 08:37:06.212][11][Normal][KGameServer.HisDataMng.MainProcessThread]	数据库已经关闭

[20160727 08:37:30.628][20][Normal][KGameServer.ServerInst+<>c__DisplayClass4.<Init>b__3]	OnMessage:message=E||

[20160727 08:37:30.628][9][Normal][KGameServer.PlayerConnectionMap.GetPlayerConnection]	playerConnectionDict key count=1

[20160727 08:37:30.633][9][Normal][KGameServer.PlayerConnection.SendMatchEndString]	发送结束对局信息到:c131e，信息内容为:F|1#c131e#0.00#0#塑料主连(大商所)#2015-6-29#2015-12-22|

[20160727 10:38:14.475][9][Normal][KGameServer.PlayerConnectionMap.GetPlayerConnection]	playerConnectionDict key count=1

[20160727 10:38:14.476][9][Normal][KGameServer.ServerInst.ClosePlayerConnection]	ClosePlayerConnection Call

[20160727 10:38:14.478][9][Normal][KGameServer.PlayerConnection.SendMatchEndString]	发送结束对局信息到:c131e，信息内容为:F|1#c131e#0.00#0#塑料主连(大商所)#2015-6-29#2015-12-22|

2016-7-27 上午 10:38:14 [Warn] Data sent while closing or after close. Ignoring. 
[20160727 10:38:14.480][9][Normal][KGameServer.ServerInst.ClosePlayerConnection]	Closed

[20160727 10:38:17.594][23][Normal][KGameServer.ServerInst+<>c__DisplayClass4.<Init>b__1]	OnOpen

[20160727 10:38:17.594][9][Normal][KGameServer.ServerInst.SocketConnected]	Entered SocketConnected

[20160727 10:38:17.595][9][Normal][KGameServer.ServerInst.SocketConnected]	Connected

[20160727 10:38:17.595][9][Normal][KGameServer.ServerInst.ProcessPreReceievedMessage]	为连接:[192.168.16.250:56955][0:] 处理没有来源的消息

[20160727 10:38:17.595][9][Normal][KGameServer.ServerInst.ProcessPreReceievedMessage]	noResourceMessageDict中，无来源的消息共有0 个来源

[20160727 10:38:17.617][24][Normal][KGameServer.ServerInst+<>c__DisplayClass4.<Init>b__3]	OnMessage:message=A||

[20160727 10:38:17.617][9][Normal][KGameServer.PlayerConnectionMap.GetPlayerConnection]	playerConnectionDict key count=1

[20160727 10:41:26.610][9][Normal][KGameServer.PlayerConnection.ProcessUserQuickLogin]	快速登录成功:B|t132e#807084|

[20160727 10:41:39.702][28][Normal][KGameServer.ServerInst+<>c__DisplayClass4.<Init>b__3]	OnMessage:message=0|t132e#807084#null|

[20160727 10:42:13.280][9][Normal][KGameServer.PlayerConnectionMap.GetPlayerConnection]	playerConnectionDict key count=1

[20160727 10:42:13.472][9][Normal][KGameServer.PlayerConnection.ProcessUserLogin]	用户登录,用户名:t132e 密码:807084 来源:null

[20160727 10:42:13.472][9][Normal][KGameServer.DBManager.ValidateUser]	ValidateUser username=t132e password=807084 source=null

[20160727 10:42:13.479][9][Normal][KGameServer.DBManager.ValidateUserFromSource_Self]	sql:SELECT id FROM kgame.tbl_user where UserName=?UserName and PWD=?Password and ISNULL(SOURCE)

[20160727 10:42:13.479][9][Normal][KGameServer.DBManager.ValidateUserFromSource_Self]	userid=33

[20160727 10:42:13.479][9][Normal][KGameServer.PlayerConnection.ProcessUserLogin]	useridRet=33

[20160727 10:42:13.480][9][Normal][KGameServer.PlayerConnection.ProcessUserLogin]	发送信息:1|t132e|

[20160727 10:42:13.518][27][Normal][KGameServer.ServerInst+<>c__DisplayClass4.<Init>b__3]	OnMessage:message=3|0|

[20160727 10:42:14.499][9][Normal][KGameServer.PlayerConnectionMap.GetPlayerConnection]	playerConnectionDict key count=1

[20160727 10:42:14.667][9][Normal][KGameServer.MatchMaker.BeginNewMatchForSinglePlayer]	准备开始一场单人游戏:[192.168.16.250:56955][33:t132e]

[20160727 10:42:14.667][9][Normal][KGameServer.Match.Start]	1人局开始: [33:] 

[20160727 10:42:14.668][9][Normal][KGameServer.HisDataMng.RequestHistoryData]	RequestHistoryData 请求

[20160727 10:42:14.668][11][Normal][KGameServer.HisDataMng.MainProcessThread]	hisDataRequestList 出队，hisDataRequestList中个数为:1

[20160727 10:42:14.668][9][Normal][KGameServer.HisDataMng.RequestHistoryData]	入队结束

[20160727 10:42:15.028][11][Normal][KGameServer.HisDataMng.MainProcessThread]	数据库已经打开

[20160727 10:42:15.028][11][Normal][KGameServer.HisDataMng.RefreshCodeInfoList]	mutexForCodeInfoDict Passed

[20160727 10:42:15.246][11][Normal][KGameServer.HisDataMng.RefreshCodeInfoList]	mutexForCodeInfoDict Released

[20160727 10:42:15.246][11][Normal][KGameServer.HisDataMng.MainProcessThread]	RefreshCodeInfoList 已经完成

[20160727 10:42:15.251][11][Normal][KGameServer.HisDataMng.ProcessHisDataRequest]	ProcessHisDataRequest hisDataRequest

[20160727 10:42:15.288][11][Normal][KGameServer.HisDataMng.ProcessHisDataRequest]	codeInfoDict.Keys.Count=91

[20160727 10:42:15.313][11][Normal][KGameServer.HisDataMng.ProcessHisDataRequest]	codeInfoIndex=66

[20160727 10:42:15.318][11][Normal][KGameServer.HisDataMng.ProcessHisDataRequest]	totalCandleCount=360

[20160727 10:42:15.318][11][Normal][KGameServer.HisDataMng.ProcessHisDataRequest]	codeInfo=热卷主连 XSGE

[20160727 10:42:15.318][11][Normal][KGameServer.HisDataMng.ProcessHisDataRequest]	总个数不够count=354，重新取

[20160727 10:42:15.318][11][Normal][KGameServer.HisDataMng.ProcessHisDataRequest]	codeInfoDict.Keys.Count=91

[20160727 10:42:15.318][11][Normal][KGameServer.HisDataMng.ProcessHisDataRequest]	codeInfoIndex=82

[20160727 10:42:15.318][11][Normal][KGameServer.HisDataMng.ProcessHisDataRequest]	totalCandleCount=360

[20160727 10:42:15.319][11][Normal][KGameServer.HisDataMng.ProcessHisDataRequest]	codeInfo=豆粕主连 XDCE

[20160727 10:42:15.319][11][Normal][KGameServer.HisDataMng.ProcessHisDataRequest]	随机数据，codeInfo=豆粕主连 XDCE ,startIndex=3356

[20160727 10:42:15.373][11][Normal][KGameServer.HisDataMng.ProcessHisDataRequest]	获得到了历史数据，开始调用回调函数

[20160727 10:42:15.417][11][Normal][KGameServer.DBManager.AddNewMatchInfo]	New Match added to database match id=36

[20160727 10:42:15.423][11][Normal][KGameServer.HisDataMng.MainProcessThread]	ProcessHisDataRequest 已经结束

[20160727 10:42:15.423][11][Normal][KGameServer.HisDataMng.MainProcessThread]	数据库已经关闭

[20160727 10:42:39.095][25][Normal][KGameServer.ServerInst+<>c__DisplayClass4.<Init>b__3]	OnMessage:message=E||

[20160727 10:42:44.240][9][Normal][KGameServer.PlayerConnectionMap.GetPlayerConnection]	playerConnectionDict key count=1

[20160727 10:42:44.944][9][Normal][KGameServer.PlayerConnection.SendMatchEndString]	发送结束对局信息到:t132e，信息内容为:F|1#t132e#0.00#0#豆粕主连(大商所)#2002-1-29#2002-7-30|

