2016-8-19 上午 10:26:36 [Info] Server started at ws://192.168.16.250:8484 (actual port 8484) 
[20160819 10:26:48.083][16][Normal][KGameServer.ServerInst+<>c__DisplayClass4.<Init>b__1]	OnOpen

[20160819 10:26:48.090][10][Normal][KGameServer.ServerInst.SocketConnected]	Entered SocketConnected

[20160819 10:26:48.091][10][Normal][KGameServer.ServerInst.SocketConnected]	Connected

[20160819 10:26:48.093][17][Normal][KGameServer.ServerInst+<>c__DisplayClass4.<Init>b__3]	OnMessage:message=A||

[20160819 10:26:48.094][10][Normal][KGameServer.ServerInst.ProcessPreReceievedMessage]	为连接:[192.168.16.250:57718][0:] 处理没有来源的消息

[20160819 10:26:48.095][10][Normal][KGameServer.ServerInst.ProcessPreReceievedMessage]	noResourceMessageDict中，无来源的消息共有0 个来源

[20160819 10:26:48.097][10][Normal][KGameServer.PlayerConnectionMap.GetPlayerConnection]	playerConnectionDict key count=1

[20160819 10:26:48.329][10][Normal][KGameServer.PlayerConnection.ProcessUserQuickLogin]	快速登录成功:B|t167a#768869|

[20160819 10:26:48.338][18][Normal][KGameServer.ServerInst+<>c__DisplayClass4.<Init>b__3]	OnMessage:message=0|t167a#768869#null|

[20160819 10:26:48.338][10][Normal][KGameServer.PlayerConnectionMap.GetPlayerConnection]	playerConnectionDict key count=1

[20160819 10:26:48.340][10][Normal][KGameServer.PlayerConnection.ProcessUserLogin]	用户登录,用户名:t167a 密码:768869 来源:null

[20160819 10:26:48.341][10][Normal][KGameServer.DBManager.ValidateUser]	ValidateUser username=t167a password=768869 source=null

[20160819 10:26:48.348][10][Normal][KGameServer.DBManager.ValidateUserFromSource_Self]	sql:SELECT id FROM kgame.tbl_user where UserName=?UserName and PWD=?Password and ISNULL(SOURCE)

[20160819 10:26:48.350][10][Normal][KGameServer.DBManager.ValidateUserFromSource_Self]	userid=126

[20160819 10:26:48.350][10][Normal][KGameServer.PlayerConnection.ProcessUserLogin]	useridRet=126

[20160819 10:26:50.305][10][Normal][KGameServer.PlayerConnection.ProcessUserLogin]	发送信息:1|t167a|

[20160819 10:26:50.308][18][Normal][KGameServer.ServerInst+<>c__DisplayClass4.<Init>b__3]	OnMessage:message=3|0|

[20160819 10:26:50.309][10][Normal][KGameServer.PlayerConnectionMap.GetPlayerConnection]	playerConnectionDict key count=1

[20160819 10:26:51.025][10][Normal][KGameServer.MatchMaker.BeginNewMatchForSinglePlayer]	准备开始一场单人游戏:[192.168.16.250:57718][126:t167a]

[20160819 10:26:51.031][10][Normal][KGameServer.Match.Start]	1人局开始: [126:] 

[20160819 10:26:51.560][10][Normal][KGameServer.HisDataMng.RequestHistoryData]	RequestHistoryData 请求

[20160819 10:26:51.561][12][Normal][KGameServer.HisDataMng.MainProcessThread]	hisDataRequestList 出队，hisDataRequestList中个数为:1

[20160819 10:26:51.562][10][Normal][KGameServer.HisDataMng.RequestHistoryData]	入队结束

[20160819 10:26:51.593][12][Normal][KGameServer.HisDataMng.MainProcessThread]	数据库已经打开

[20160819 10:26:51.596][12][Normal][KGameServer.HisDataMng.RefreshCodeInfoList]	mutexForCodeInfoDict Passed

[20160819 10:26:51.609][12][Normal][KGameServer.HisDataMng.RefreshCodeInfoList]	mutexForCodeInfoDict Released

[20160819 10:26:51.609][12][Normal][KGameServer.HisDataMng.MainProcessThread]	RefreshCodeInfoList 已经完成

[20160819 10:26:52.232][12][Normal][KGameServer.HisDataMng.ProcessHisDataRequest]	ProcessHisDataRequest hisDataRequest matchID

[20160819 10:26:53.401][12][Normal][KGameServer.HisDataMng.ProcessHisDataRequest]	获得到了历史数据，开始调用回调函数

[20160819 10:26:53.460][12][Normal][KGameServer.DBManager.AddNewMatchInfo]	New Match added to database match id=110

[20160819 10:26:53.463][12][Normal][KGameServer.HisDataMng.MainProcessThread]	ProcessHisDataRequest 已经结束

[20160819 10:26:53.463][12][Normal][KGameServer.HisDataMng.MainProcessThread]	数据库已经关闭

[20160819 10:27:16.461][21][Normal][KGameServer.ServerInst+<>c__DisplayClass4.<Init>b__3]	OnMessage:message=E||

[20160819 10:27:16.461][10][Normal][KGameServer.PlayerConnectionMap.GetPlayerConnection]	playerConnectionDict key count=1

[20160819 10:27:18.691][10][Normal][KGameServer.PlayerConnection.SendMatchEndString]	发送结束对局信息到:t167a，信息内容为:F|1#t167a#0.00#0#沪银指数(上期所)#2015-3-4#2015-8-21|

