2016-8-23 下午 3:44:35 [Info] Server started at ws://192.168.16.250:8484 (actual port 8484) 
[20160823 15:44:43.553][17][Normal][KGameServer.ServerInst+<>c__DisplayClass4.<Init>b__1]	OnOpen

[20160823 15:44:43.555][10][Normal][KGameServer.ServerInst.SocketConnected]	Entered SocketConnected

[20160823 15:44:43.556][10][Normal][KGameServer.ServerInst.SocketConnected]	Connected

[20160823 15:44:43.558][16][Normal][KGameServer.ServerInst+<>c__DisplayClass4.<Init>b__3]	OnMessage:message=A||

[20160823 15:44:43.559][10][Normal][KGameServer.ServerInst.ProcessPreReceievedMessage]	为连接:[192.168.16.250:51367][0:] 处理没有来源的消息

[20160823 15:44:43.560][10][Normal][KGameServer.ServerInst.ProcessPreReceievedMessage]	noResourceMessageDict中，无来源的消息共有0 个来源

[20160823 15:44:43.561][10][Normal][KGameServer.PlayerConnectionMap.GetPlayerConnection]	playerConnectionDict key count=1

[20160823 15:44:43.772][10][Normal][KGameServer.PlayerConnection.ProcessUserQuickLogin]	快速登录成功:B|c201u#139294|

[20160823 15:44:43.781][18][Normal][KGameServer.ServerInst+<>c__DisplayClass4.<Init>b__3]	OnMessage:message=0|c201u#139294#null|

[20160823 15:44:43.781][10][Normal][KGameServer.PlayerConnectionMap.GetPlayerConnection]	playerConnectionDict key count=1

[20160823 15:44:43.783][10][Normal][KGameServer.PlayerConnection.ProcessUserLogin]	用户登录,用户名:c201u 密码:139294 来源:null

[20160823 15:44:43.784][10][Normal][KGameServer.DBManager.ValidateUser]	ValidateUser username=c201u password=139294 source=null

[20160823 15:44:43.791][10][Normal][KGameServer.DBManager.ValidateUserFromSource_Self]	sql:SELECT id FROM kgame.tbl_user where UserName=?UserName and PWD=?Password and ISNULL(SOURCE)

[20160823 15:44:43.794][10][Normal][KGameServer.DBManager.ValidateUserFromSource_Self]	userid=160

[20160823 15:44:43.794][10][Normal][KGameServer.PlayerConnection.ProcessUserLogin]	useridRet=160

[20160823 15:44:43.796][10][Normal][KGameServer.PlayerConnection.ProcessUserLogin]	发送信息:1|c201u|

[20160823 15:44:43.801][16][Normal][KGameServer.ServerInst+<>c__DisplayClass4.<Init>b__3]	OnMessage:message=3|0|

[20160823 15:44:43.801][10][Normal][KGameServer.PlayerConnectionMap.GetPlayerConnection]	playerConnectionDict key count=1

[20160823 15:44:43.803][10][Normal][KGameServer.MatchMaker.BeginNewMatchForSinglePlayer]	准备开始一场单人游戏:[192.168.16.250:51367][160:c201u]

[20160823 15:44:43.806][10][Normal][KGameServer.Match.Start]	1人局开始: [160:] 

[20160823 15:44:43.807][10][Normal][KGameServer.HisDataMng.RequestHistoryData]	RequestHistoryData 请求

[20160823 15:44:43.807][10][Normal][KGameServer.HisDataMng.RequestHistoryData]	入队结束

[20160823 15:44:43.808][12][Normal][KGameServer.HisDataMng.MainProcessThread]	hisDataRequestList 出队，hisDataRequestList中个数为:1

[20160823 15:44:43.836][12][Normal][KGameServer.HisDataMng.MainProcessThread]	数据库已经打开

[20160823 15:44:43.839][12][Normal][KGameServer.HisDataMng.RefreshCodeInfoList]	mutexForCodeInfoDict Passed

[20160823 15:44:43.846][12][Normal][KGameServer.HisDataMng.RefreshCodeInfoList]	mutexForCodeInfoDict Released

[20160823 15:44:43.847][12][Normal][KGameServer.HisDataMng.MainProcessThread]	RefreshCodeInfoList 已经完成

[20160823 15:44:43.853][12][Normal][KGameServer.HisDataMng.ProcessHisDataRequest]	ProcessHisDataRequest hisDataRequest matchID

[20160823 15:44:43.887][12][Normal][KGameServer.HisDataMng.ProcessHisDataRequest]	获得到了历史数据，开始调用回调函数

[20160823 15:44:43.945][12][Normal][KGameServer.DBManager.AddNewMatchInfo]	New Match added to database match id=144

[20160823 15:44:43.947][12][Normal][KGameServer.HisDataMng.MainProcessThread]	ProcessHisDataRequest 已经结束

[20160823 15:44:43.947][12][Normal][KGameServer.HisDataMng.MainProcessThread]	数据库已经关闭

[20160823 15:45:02.755][16][Normal][KGameServer.ServerInst+<>c__DisplayClass4.<Init>b__3]	OnMessage:message=6|92|

[20160823 15:45:02.755][10][Normal][KGameServer.PlayerConnectionMap.GetPlayerConnection]	playerConnectionDict key count=1

[20160823 15:45:02.862][10][Normal][KGameServer.Util.LogException]	Table 'kgame.tbl_traderecrod' doesn't exist

[20160823 15:45:02.879][10][Normal][KGameServer.Util.LogException]	   在 MySql.Data.MySqlClient.MySqlStream.OpenPacket()
   在 MySql.Data.MySqlClient.NativeDriver.ReadResult(UInt64& affectedRows, Int64& lastInsertId)
   在 MySql.Data.MySqlClient.MySqlDataReader.GetResultSet()
   在 MySql.Data.MySqlClient.MySqlDataReader.NextResult()
   在 MySql.Data.MySqlClient.MySqlCommand.ExecuteReader(CommandBehavior behavior)
   在 MySql.Data.MySqlClient.MySqlCommand.ExecuteReader()
   在 MySql.Data.MySqlClient.MySqlCommand.ExecuteScalar()
   在 KGameServer.DBManager.AddNewTraderecordInfo(PlayerConnection playerConnection, Int32 matchID, Int32 index, Boolean isBuy, Double price) 位置 C:\MyWork-master\MyWork-maste\KGameServer\KGameServer\DBManager.cs:行号 615

[20160823 15:45:02.879][10][Normal][KGameServer.Match.ProcessUserOperation]	由于未能添加用户买卖的信息数据库中，此次对局无法成功启动，返回。。。。。。

[20160823 15:45:04.330][16][Normal][KGameServer.ServerInst+<>c__DisplayClass4.<Init>b__3]	OnMessage:message=7|100|

[20160823 15:45:04.330][10][Normal][KGameServer.PlayerConnectionMap.GetPlayerConnection]	playerConnectionDict key count=1

[20160823 15:45:04.458][10][Normal][KGameServer.Util.LogException]	Table 'kgame.tbl_traderecrod' doesn't exist

[20160823 15:45:04.458][10][Normal][KGameServer.Util.LogException]	   在 MySql.Data.MySqlClient.MySqlStream.OpenPacket()
   在 MySql.Data.MySqlClient.NativeDriver.ReadResult(UInt64& affectedRows, Int64& lastInsertId)
   在 MySql.Data.MySqlClient.MySqlDataReader.GetResultSet()
   在 MySql.Data.MySqlClient.MySqlDataReader.NextResult()
   在 MySql.Data.MySqlClient.MySqlCommand.ExecuteReader(CommandBehavior behavior)
   在 MySql.Data.MySqlClient.MySqlCommand.ExecuteReader()
   在 MySql.Data.MySqlClient.MySqlCommand.ExecuteScalar()
   在 KGameServer.DBManager.AddNewTraderecordInfo(PlayerConnection playerConnection, Int32 matchID, Int32 index, Boolean isBuy, Double price) 位置 C:\MyWork-master\MyWork-maste\KGameServer\KGameServer\DBManager.cs:行号 615

[20160823 15:45:04.459][10][Normal][KGameServer.Match.ProcessUserOperation]	由于未能添加用户买卖的信息数据库中，此次对局无法成功启动，返回。。。。。。

[20160823 15:45:05.586][16][Normal][KGameServer.ServerInst+<>c__DisplayClass4.<Init>b__3]	OnMessage:message=7|108|

[20160823 15:45:05.586][10][Normal][KGameServer.PlayerConnectionMap.GetPlayerConnection]	playerConnectionDict key count=1

[20160823 15:45:05.668][10][Normal][KGameServer.Util.LogException]	Table 'kgame.tbl_traderecrod' doesn't exist

[20160823 15:45:05.668][10][Normal][KGameServer.Util.LogException]	   在 MySql.Data.MySqlClient.MySqlStream.OpenPacket()
   在 MySql.Data.MySqlClient.NativeDriver.ReadResult(UInt64& affectedRows, Int64& lastInsertId)
   在 MySql.Data.MySqlClient.MySqlDataReader.GetResultSet()
   在 MySql.Data.MySqlClient.MySqlDataReader.NextResult()
   在 MySql.Data.MySqlClient.MySqlCommand.ExecuteReader(CommandBehavior behavior)
   在 MySql.Data.MySqlClient.MySqlCommand.ExecuteReader()
   在 MySql.Data.MySqlClient.MySqlCommand.ExecuteScalar()
   在 KGameServer.DBManager.AddNewTraderecordInfo(PlayerConnection playerConnection, Int32 matchID, Int32 index, Boolean isBuy, Double price) 位置 C:\MyWork-master\MyWork-maste\KGameServer\KGameServer\DBManager.cs:行号 615

[20160823 15:45:05.668][10][Normal][KGameServer.Match.ProcessUserOperation]	由于未能添加用户买卖的信息数据库中，此次对局无法成功启动，返回。。。。。。

[20160823 15:45:07.041][16][Normal][KGameServer.ServerInst+<>c__DisplayClass4.<Init>b__3]	OnMessage:message=6|118|

[20160823 15:45:07.041][10][Normal][KGameServer.PlayerConnectionMap.GetPlayerConnection]	playerConnectionDict key count=1

[20160823 15:45:07.126][10][Normal][KGameServer.Util.LogException]	Table 'kgame.tbl_traderecrod' doesn't exist

[20160823 15:45:07.128][10][Normal][KGameServer.Util.LogException]	   在 MySql.Data.MySqlClient.MySqlStream.OpenPacket()
   在 MySql.Data.MySqlClient.NativeDriver.ReadResult(UInt64& affectedRows, Int64& lastInsertId)
   在 MySql.Data.MySqlClient.MySqlDataReader.GetResultSet()
   在 MySql.Data.MySqlClient.MySqlDataReader.NextResult()
   在 MySql.Data.MySqlClient.MySqlCommand.ExecuteReader(CommandBehavior behavior)
   在 MySql.Data.MySqlClient.MySqlCommand.ExecuteReader()
   在 MySql.Data.MySqlClient.MySqlCommand.ExecuteScalar()
   在 KGameServer.DBManager.AddNewTraderecordInfo(PlayerConnection playerConnection, Int32 matchID, Int32 index, Boolean isBuy, Double price) 位置 C:\MyWork-master\MyWork-maste\KGameServer\KGameServer\DBManager.cs:行号 615

[20160823 15:45:07.129][10][Normal][KGameServer.Match.ProcessUserOperation]	由于未能添加用户买卖的信息数据库中，此次对局无法成功启动，返回。。。。。。

[20160823 15:45:07.238][16][Normal][KGameServer.ServerInst+<>c__DisplayClass4.<Init>b__3]	OnMessage:message=E||

[20160823 15:45:07.239][10][Normal][KGameServer.PlayerConnectionMap.GetPlayerConnection]	playerConnectionDict key count=1

[20160823 15:45:07.244][10][Normal][KGameServer.PlayerConnection.SendMatchEndString]	发送结束对局信息到:c201u，信息内容为:F|1#c201u#-10.79#0#沪银指数(上期所)#2015-3-4#2015-8-21|

[20160823 15:45:11.379][16][Normal][KGameServer.ServerInst+<>c__DisplayClass4.<Init>b__3]	OnMessage:message=S||

[20160823 15:45:11.380][10][Normal][KGameServer.PlayerConnectionMap.GetPlayerConnection]	playerConnectionDict key count=1

[20160823 15:47:16.527][10][Normal][KGameServer.Util.LogException]	指定的转换无效。

[20160823 15:47:16.528][10][Normal][KGameServer.Util.LogException]	   在 KGameServer.DBManager.GetBusinessData(Int32 userID, Int32 matchID) 位置 C:\MyWork-master\MyWork-maste\KGameServer\KGameServer\DBManager.cs:行号 663

[20160823 15:47:16.529][10][Normal][KGameServer.PlayerConnection.SendShareString]	发送分享对局信息到:c201u，信息内容为:S|160#{"data":[]}|

[20160823 15:48:50.019][19][Normal][KGameServer.ServerInst+<>c__DisplayClass4.<Init>b__3]	OnMessage:message=S||

[20160823 15:48:50.019][10][Normal][KGameServer.PlayerConnectionMap.GetPlayerConnection]	playerConnectionDict key count=1

