2016-7-25 下午 5:00:28 [Info] Server started at ws://192.168.16.250:8484 (actual port 8484) 
[20160725 17:00:34.332][16][Normal][KGameServer.ServerInst+<>c__DisplayClass4.<Init>b__1]	OnOpen

[20160725 17:00:34.335][10][Normal][KGameServer.ServerInst.SocketConnected]	Entered SocketConnected

[20160725 17:00:34.336][10][Normal][KGameServer.ServerInst.SocketConnected]	Connected

[20160725 17:00:34.339][10][Normal][KGameServer.ServerInst.ProcessPreReceievedMessage]	为连接:[192.168.16.250:57922][0:] 处理没有来源的消息

[20160725 17:00:34.340][10][Normal][KGameServer.ServerInst.ProcessPreReceievedMessage]	noResourceMessageDict中，无来源的消息共有0 个来源

[20160725 17:00:34.343][6][Normal][KGameServer.ServerInst+<>c__DisplayClass4.<Init>b__3]	OnMessage:message=A||

[20160725 17:00:34.345][10][Normal][KGameServer.PlayerConnectionMap.GetPlayerConnection]	playerConnectionDict key count=1

[20160725 17:00:34.581][10][Normal][KGameServer.PlayerConnection.ProcessUserQuickLogin]	快速登录成功:B|s123u#638691|

[20160725 17:00:34.587][17][Normal][KGameServer.ServerInst+<>c__DisplayClass4.<Init>b__3]	OnMessage:message=0|s123u#638691#null|

[20160725 17:00:34.588][10][Normal][KGameServer.PlayerConnectionMap.GetPlayerConnection]	playerConnectionDict key count=1

[20160725 17:00:34.589][10][Normal][KGameServer.PlayerConnection.ProcessUserLogin]	用户登录,用户名:s123u 密码:638691 来源:null

[20160725 17:00:34.590][10][Normal][KGameServer.DBManager.ValidateUser]	ValidateUser username=s123u password=638691 source=null

[20160725 17:00:34.597][10][Normal][KGameServer.DBManager.ValidateUserFromSource_Self]	sql:SELECT id FROM kgame.tbl_user where UserName=?UserName and PWD=?Password and ISNULL(SOURCE)

[20160725 17:00:34.600][10][Normal][KGameServer.DBManager.ValidateUserFromSource_Self]	userid=24

[20160725 17:00:34.600][10][Normal][KGameServer.PlayerConnection.ProcessUserLogin]	useridRet=24

[20160725 17:00:34.602][10][Normal][KGameServer.PlayerConnection.ProcessUserLogin]	发送信息:1|s123u|

[20160725 17:00:34.606][17][Normal][KGameServer.ServerInst+<>c__DisplayClass4.<Init>b__3]	OnMessage:message=3|0|

[20160725 17:00:34.607][10][Normal][KGameServer.PlayerConnectionMap.GetPlayerConnection]	playerConnectionDict key count=1

[20160725 17:00:34.608][10][Normal][KGameServer.MatchMaker.BeginNewMatchForSinglePlayer]	准备开始一场单人游戏:[192.168.16.250:57922][24:s123u]

[20160725 17:00:34.612][10][Normal][KGameServer.Match.Start]	1人局开始: [24:] 

[20160725 17:00:34.612][10][Normal][KGameServer.HisDataMng.RequestHistoryData]	RequestHistoryData 请求

[20160725 17:00:34.613][10][Normal][KGameServer.HisDataMng.RequestHistoryData]	入队结束

[20160725 17:00:34.613][12][Normal][KGameServer.HisDataMng.MainProcessThread]	hisDataRequestList 出队，hisDataRequestList中个数为:1

[20160725 17:00:34.647][12][Normal][KGameServer.HisDataMng.MainProcessThread]	数据库已经打开

[20160725 17:00:34.650][12][Normal][KGameServer.HisDataMng.RefreshCodeInfoList]	mutexForCodeInfoDict Passed

[20160725 17:00:34.657][12][Normal][KGameServer.HisDataMng.RefreshCodeInfoList]	mutexForCodeInfoDict Released

[20160725 17:00:34.657][12][Normal][KGameServer.HisDataMng.MainProcessThread]	RefreshCodeInfoList 已经完成

[20160725 17:00:34.664][12][Normal][KGameServer.HisDataMng.ProcessHisDataRequest]	ProcessHisDataRequest hisDataRequest

[20160725 17:00:34.664][12][Normal][KGameServer.HisDataMng.ProcessHisDataRequest]	codeInfoDict.Keys.Count=91

[20160725 17:00:34.664][12][Normal][KGameServer.HisDataMng.ProcessHisDataRequest]	codeInfoIndex=31

[20160725 17:00:34.664][12][Normal][KGameServer.HisDataMng.ProcessHisDataRequest]	totalCandleCount=360

[20160725 17:00:34.664][12][Normal][KGameServer.HisDataMng.ProcessHisDataRequest]	codeInfo=菜粕指数 XZCE

[20160725 17:00:34.665][12][Normal][KGameServer.HisDataMng.ProcessHisDataRequest]	随机数据，codeInfo=菜粕指数 XZCE ,startIndex=313

[20160725 17:00:34.713][12][Normal][KGameServer.HisDataMng.ProcessHisDataRequest]	获得到了历史数据，开始调用回调函数

[20160725 17:00:34.778][12][Normal][KGameServer.DBManager.AddNewMatchInfo]	New Match added to database match id=27

[20160725 17:00:34.781][12][Normal][KGameServer.HisDataMng.MainProcessThread]	ProcessHisDataRequest 已经结束

[20160725 17:00:34.781][12][Normal][KGameServer.HisDataMng.MainProcessThread]	数据库已经关闭

[20160725 17:00:54.021][6][Normal][KGameServer.ServerInst+<>c__DisplayClass4.<Init>b__3]	OnMessage:message=E||

[20160725 17:00:54.021][10][Normal][KGameServer.PlayerConnectionMap.GetPlayerConnection]	playerConnectionDict key count=1

[20160725 17:00:54.032][10][Normal][KGameServer.PlayerConnection.SendMatchEndString]	发送结束对局信息到:s123u，信息内容为:F|1#s123u#0.00#0#菜粕指数(郑商所)#2014-8-12#2015-2-5|

