2016/7/21 星期四 上午 8:51:07 [Info] Server started at ws://192.168.16.250:8484 (actual port 8484) 
[20160721 08:51:17.536][16][Normal][KGameServer.ServerInst+<>c__DisplayClass4.<Init>b__1]	OnOpen

[20160721 08:51:17.538][9][Normal][KGameServer.ServerInst.SocketConnected]	Entered SocketConnected

[20160721 08:51:17.539][9][Normal][KGameServer.ServerInst.SocketConnected]	Connected

[20160721 08:51:17.543][9][Normal][KGameServer.ServerInst.ProcessPreReceievedMessage]	为连接:[192.168.16.250:51532][0:] 处理没有来源的消息

[20160721 08:51:17.543][9][Normal][KGameServer.ServerInst.ProcessPreReceievedMessage]	noResourceMessageDict中，无来源的消息共有0 个来源

[20160721 08:51:17.594][17][Normal][KGameServer.ServerInst+<>c__DisplayClass4.<Init>b__3]	OnMessage:message=A||

[20160721 08:51:17.596][9][Normal][KGameServer.PlayerConnectionMap.GetPlayerConnection]	playerConnectionDict key count=1

[20160721 08:51:18.125][9][Normal][KGameServer.PlayerConnection.ProcessUserQuickLogin]	快速登录成功:B|t105e#921863|

[20160721 08:51:18.134][18][Normal][KGameServer.ServerInst+<>c__DisplayClass4.<Init>b__3]	OnMessage:message=0|t105e#921863#null|

[20160721 08:51:18.135][9][Normal][KGameServer.PlayerConnectionMap.GetPlayerConnection]	playerConnectionDict key count=1

[20160721 08:51:18.136][9][Normal][KGameServer.PlayerConnection.ProcessUserLogin]	用户登录,用户名:t105e 密码:921863 来源:null

[20160721 08:51:18.137][9][Normal][KGameServer.DBManager.ValidateUser]	ValidateUser username=t105e password=921863 source=null

[20160721 08:51:18.144][9][Normal][KGameServer.DBManager.ValidateUserFromSource_Self]	sql:SELECT id FROM kgame.tbl_user where UserName=?UserName and PWD=?Password and ISNULL(SOURCE)

[20160721 08:51:18.147][9][Normal][KGameServer.DBManager.ValidateUserFromSource_Self]	userid=6

[20160721 08:51:18.147][9][Normal][KGameServer.PlayerConnection.ProcessUserLogin]	useridRet=6

[20160721 08:51:18.149][9][Normal][KGameServer.PlayerConnection.ProcessUserLogin]	发送信息:1|t105e|

[20160721 08:51:18.154][15][Normal][KGameServer.ServerInst+<>c__DisplayClass4.<Init>b__3]	OnMessage:message=3|0|

[20160721 08:51:18.154][9][Normal][KGameServer.PlayerConnectionMap.GetPlayerConnection]	playerConnectionDict key count=1

[20160721 08:51:18.156][9][Normal][KGameServer.MatchMaker.BeginNewMatchForSinglePlayer]	准备开始一场单人游戏:[192.168.16.250:51532][6:t105e]

[20160721 08:51:18.159][9][Normal][KGameServer.Match.Start]	1人局开始: [6:] 

[20160721 08:51:18.160][9][Normal][KGameServer.HisDataMng.RequestHistoryData]	RequestHistoryData 请求

[20160721 08:51:18.160][9][Normal][KGameServer.HisDataMng.RequestHistoryData]	入队结束

[20160721 08:51:18.160][11][Normal][KGameServer.HisDataMng.MainProcessThread]	hisDataRequestList 出队，hisDataRequestList中个数为:1

[20160721 08:51:18.186][11][Normal][KGameServer.HisDataMng.MainProcessThread]	数据库已经打开

[20160721 08:51:18.188][11][Normal][KGameServer.HisDataMng.RefreshCodeInfoList]	mutexForCodeInfoDict Passed

[20160721 08:51:18.207][11][Normal][KGameServer.HisDataMng.RefreshCodeInfoList]	mutexForCodeInfoDict Released

[20160721 08:51:18.207][11][Normal][KGameServer.HisDataMng.MainProcessThread]	RefreshCodeInfoList 已经完成

[20160721 08:51:18.236][11][Normal][KGameServer.HisDataMng.ProcessHisDataRequest]	ProcessHisDataRequest hisDataRequest

[20160721 08:51:18.236][11][Normal][KGameServer.HisDataMng.ProcessHisDataRequest]	codeInfoDict.Keys.Count=2833

[20160721 08:51:18.236][11][Normal][KGameServer.HisDataMng.ProcessHisDataRequest]	codeInfoIndex=274

[20160721 08:51:18.236][11][Normal][KGameServer.HisDataMng.ProcessHisDataRequest]	totalCandleCount=360

[20160721 08:51:18.236][11][Normal][KGameServer.HisDataMng.ProcessHisDataRequest]	codeInfo=000723 XSHE

[20160721 08:51:18.237][11][Normal][KGameServer.HisDataMng.ProcessHisDataRequest]	随机数据，codeInfo=000723 XSHE ,startIndex=1826

[20160721 08:51:18.608][11][Normal][KGameServer.HisDataMng.ProcessHisDataRequest]	获得到了历史数据，开始调用回调函数

[20160721 08:51:18.727][11][Normal][KGameServer.DBManager.AddNewMatchInfo]	New Match added to database match id=7

[20160721 08:51:18.729][11][Normal][KGameServer.HisDataMng.MainProcessThread]	ProcessHisDataRequest 已经结束

[20160721 08:51:18.729][11][Normal][KGameServer.HisDataMng.MainProcessThread]	数据库已经关闭

[20160721 08:51:19.432][9][Normal][KGameServer.PlayerConnectionMap.GetPlayerConnection]	playerConnectionDict key count=1

[20160721 08:51:19.433][9][Normal][KGameServer.ServerInst.ClosePlayerConnection]	ClosePlayerConnection Call

[20160721 08:51:19.439][9][Normal][KGameServer.PlayerConnection.SendMatchEndString]	发送结束对局信息到:t105e，信息内容为:F|1#t105e#0.00#0#000723(深证)#2006/9/26 星期二#2007/11/6 星期二|

2016/7/21 星期四 上午 8:51:19 [Warn] Data sent while closing or after close. Ignoring. 
[20160721 08:51:19.441][9][Normal][KGameServer.ServerInst.ClosePlayerConnection]	Closed

[20160721 08:51:22.245][17][Normal][KGameServer.ServerInst+<>c__DisplayClass4.<Init>b__1]	OnOpen

[20160721 08:51:22.245][9][Normal][KGameServer.ServerInst.SocketConnected]	Entered SocketConnected

[20160721 08:51:22.245][9][Normal][KGameServer.ServerInst.SocketConnected]	Connected

[20160721 08:51:22.246][9][Normal][KGameServer.ServerInst.ProcessPreReceievedMessage]	为连接:[192.168.16.250:51578][0:] 处理没有来源的消息

[20160721 08:51:22.246][9][Normal][KGameServer.ServerInst.ProcessPreReceievedMessage]	noResourceMessageDict中，无来源的消息共有0 个来源

[20160721 08:51:22.246][15][Normal][KGameServer.ServerInst+<>c__DisplayClass4.<Init>b__3]	OnMessage:message=A||

[20160721 08:51:22.247][9][Normal][KGameServer.PlayerConnectionMap.GetPlayerConnection]	playerConnectionDict key count=1

[20160721 08:51:22.289][9][Normal][KGameServer.PlayerConnection.ProcessUserQuickLogin]	快速登录成功:B|v106a#861084|

[20160721 08:51:22.291][18][Normal][KGameServer.ServerInst+<>c__DisplayClass4.<Init>b__3]	OnMessage:message=0|v106a#861084#null|

[20160721 08:51:22.292][9][Normal][KGameServer.PlayerConnectionMap.GetPlayerConnection]	playerConnectionDict key count=1

[20160721 08:51:22.292][9][Normal][KGameServer.PlayerConnection.ProcessUserLogin]	用户登录,用户名:v106a 密码:861084 来源:null

[20160721 08:51:22.292][9][Normal][KGameServer.DBManager.ValidateUser]	ValidateUser username=v106a password=861084 source=null

[20160721 08:51:22.300][9][Normal][KGameServer.DBManager.ValidateUserFromSource_Self]	sql:SELECT id FROM kgame.tbl_user where UserName=?UserName and PWD=?Password and ISNULL(SOURCE)

[20160721 08:51:22.301][9][Normal][KGameServer.DBManager.ValidateUserFromSource_Self]	userid=7

[20160721 08:51:22.302][9][Normal][KGameServer.PlayerConnection.ProcessUserLogin]	useridRet=7

[20160721 08:51:22.302][9][Normal][KGameServer.PlayerConnection.ProcessUserLogin]	发送信息:1|v106a|

[20160721 08:51:22.305][15][Normal][KGameServer.ServerInst+<>c__DisplayClass4.<Init>b__3]	OnMessage:message=3|0|

[20160721 08:51:22.305][9][Normal][KGameServer.PlayerConnectionMap.GetPlayerConnection]	playerConnectionDict key count=1

[20160721 08:51:22.306][9][Normal][KGameServer.MatchMaker.BeginNewMatchForSinglePlayer]	准备开始一场单人游戏:[192.168.16.250:51578][7:v106a]

[20160721 08:51:22.306][9][Normal][KGameServer.Match.Start]	1人局开始: [7:] 

[20160721 08:51:22.306][9][Normal][KGameServer.HisDataMng.RequestHistoryData]	RequestHistoryData 请求

[20160721 08:51:22.306][11][Normal][KGameServer.HisDataMng.MainProcessThread]	hisDataRequestList 出队，hisDataRequestList中个数为:1

[20160721 08:51:22.306][9][Normal][KGameServer.HisDataMng.RequestHistoryData]	入队结束

[20160721 08:51:22.313][11][Normal][KGameServer.HisDataMng.MainProcessThread]	数据库已经打开

[20160721 08:51:22.313][11][Normal][KGameServer.HisDataMng.RefreshCodeInfoList]	mutexForCodeInfoDict Passed

[20160721 08:51:22.319][11][Normal][KGameServer.HisDataMng.RefreshCodeInfoList]	mutexForCodeInfoDict Released

[20160721 08:51:22.319][11][Normal][KGameServer.HisDataMng.MainProcessThread]	RefreshCodeInfoList 已经完成

[20160721 08:51:22.319][11][Normal][KGameServer.HisDataMng.ProcessHisDataRequest]	ProcessHisDataRequest hisDataRequest

[20160721 08:51:22.319][11][Normal][KGameServer.HisDataMng.ProcessHisDataRequest]	codeInfoDict.Keys.Count=91

[20160721 08:51:22.319][11][Normal][KGameServer.HisDataMng.ProcessHisDataRequest]	codeInfoIndex=82

[20160721 08:51:22.319][11][Normal][KGameServer.HisDataMng.ProcessHisDataRequest]	totalCandleCount=360

[20160721 08:51:22.319][11][Normal][KGameServer.HisDataMng.ProcessHisDataRequest]	codeInfo=豆粕主连 XDCE

[20160721 08:51:22.320][11][Normal][KGameServer.HisDataMng.ProcessHisDataRequest]	随机数据，codeInfo=豆粕主连 XDCE ,startIndex=822

[20160721 08:51:22.442][11][Normal][KGameServer.HisDataMng.ProcessHisDataRequest]	获得到了历史数据，开始调用回调函数

[20160721 08:51:22.492][11][Normal][KGameServer.DBManager.AddNewMatchInfo]	New Match added to database match id=8

[20160721 08:51:22.492][11][Normal][KGameServer.HisDataMng.MainProcessThread]	ProcessHisDataRequest 已经结束

[20160721 08:51:22.493][11][Normal][KGameServer.HisDataMng.MainProcessThread]	数据库已经关闭

[20160721 08:51:45.238][21][Normal][KGameServer.ServerInst+<>c__DisplayClass4.<Init>b__3]	OnMessage:message=E||

[20160721 08:51:45.238][9][Normal][KGameServer.PlayerConnectionMap.GetPlayerConnection]	playerConnectionDict key count=1

[20160721 08:51:45.239][9][Normal][KGameServer.PlayerConnection.SendMatchEndString]	发送结束对局信息到:v106a，信息内容为:F|1#v106a#0.00#0#豆粕主连(大商所)#2012/7/9 星期一#2012/12/28 星期五|

[20160721 08:52:57.557][24][Normal][KGameServer.ServerInst+<>c__DisplayClass4.<Init>b__1]	OnOpen

[20160721 08:52:57.557][9][Normal][KGameServer.ServerInst.SocketConnected]	Entered SocketConnected

[20160721 08:52:57.557][9][Normal][KGameServer.ServerInst.SocketConnected]	Connected

[20160721 08:52:57.558][9][Normal][KGameServer.ServerInst.ProcessPreReceievedMessage]	为连接:[192.168.16.250:51641][0:] 处理没有来源的消息

[20160721 08:52:57.558][9][Normal][KGameServer.ServerInst.ProcessPreReceievedMessage]	noResourceMessageDict中，无来源的消息共有0 个来源

[20160721 08:52:57.560][23][Normal][KGameServer.ServerInst+<>c__DisplayClass4.<Init>b__3]	OnMessage:message=A||

[20160721 08:52:57.560][9][Normal][KGameServer.PlayerConnectionMap.GetPlayerConnection]	playerConnectionDict key count=2

[20160721 08:52:57.589][9][Normal][KGameServer.PlayerConnection.ProcessUserQuickLogin]	快速登录成功:B|v107a#735275|

[20160721 08:52:57.593][24][Normal][KGameServer.ServerInst+<>c__DisplayClass4.<Init>b__3]	OnMessage:message=0|v107a#735275#null|

[20160721 08:52:57.594][9][Normal][KGameServer.PlayerConnectionMap.GetPlayerConnection]	playerConnectionDict key count=2

[20160721 08:52:57.594][9][Normal][KGameServer.PlayerConnection.ProcessUserLogin]	用户登录,用户名:v107a 密码:735275 来源:null

[20160721 08:52:57.594][9][Normal][KGameServer.DBManager.ValidateUser]	ValidateUser username=v107a password=735275 source=null

[20160721 08:52:57.600][9][Normal][KGameServer.DBManager.ValidateUserFromSource_Self]	sql:SELECT id FROM kgame.tbl_user where UserName=?UserName and PWD=?Password and ISNULL(SOURCE)

[20160721 08:52:57.601][9][Normal][KGameServer.DBManager.ValidateUserFromSource_Self]	userid=8

[20160721 08:52:57.601][9][Normal][KGameServer.PlayerConnection.ProcessUserLogin]	useridRet=8

[20160721 08:52:57.602][9][Normal][KGameServer.PlayerConnection.ProcessUserLogin]	发送信息:1|v107a|

[20160721 08:52:57.607][23][Normal][KGameServer.ServerInst+<>c__DisplayClass4.<Init>b__3]	OnMessage:message=3|0|

[20160721 08:52:57.610][9][Normal][KGameServer.PlayerConnectionMap.GetPlayerConnection]	playerConnectionDict key count=2

[20160721 08:52:57.610][9][Normal][KGameServer.MatchMaker.BeginNewMatchForSinglePlayer]	准备开始一场单人游戏:[192.168.16.250:51641][8:v107a]

[20160721 08:52:57.610][9][Normal][KGameServer.Match.Start]	1人局开始: [8:] 

[20160721 08:52:57.611][9][Normal][KGameServer.HisDataMng.RequestHistoryData]	RequestHistoryData 请求

[20160721 08:52:57.611][11][Normal][KGameServer.HisDataMng.MainProcessThread]	hisDataRequestList 出队，hisDataRequestList中个数为:1

[20160721 08:52:57.611][9][Normal][KGameServer.HisDataMng.RequestHistoryData]	入队结束

[20160721 08:52:57.617][11][Normal][KGameServer.HisDataMng.MainProcessThread]	数据库已经打开

[20160721 08:52:57.617][11][Normal][KGameServer.HisDataMng.RefreshCodeInfoList]	mutexForCodeInfoDict Passed

[20160721 08:52:57.626][11][Normal][KGameServer.HisDataMng.RefreshCodeInfoList]	mutexForCodeInfoDict Released

[20160721 08:52:57.626][11][Normal][KGameServer.HisDataMng.MainProcessThread]	RefreshCodeInfoList 已经完成

[20160721 08:52:57.626][11][Normal][KGameServer.HisDataMng.ProcessHisDataRequest]	ProcessHisDataRequest hisDataRequest

[20160721 08:52:57.627][11][Normal][KGameServer.HisDataMng.ProcessHisDataRequest]	codeInfoDict.Keys.Count=91

[20160721 08:52:57.627][11][Normal][KGameServer.HisDataMng.ProcessHisDataRequest]	codeInfoIndex=2

[20160721 08:52:57.627][11][Normal][KGameServer.HisDataMng.ProcessHisDataRequest]	totalCandleCount=360

[20160721 08:52:57.627][11][Normal][KGameServer.HisDataMng.ProcessHisDataRequest]	codeInfo=PVC指数 XDCE

[20160721 08:52:57.627][11][Normal][KGameServer.HisDataMng.ProcessHisDataRequest]	随机数据，codeInfo=PVC指数 XDCE ,startIndex=691

[20160721 08:52:57.691][11][Normal][KGameServer.HisDataMng.ProcessHisDataRequest]	获得到了历史数据，开始调用回调函数

[20160721 08:52:57.747][11][Normal][KGameServer.DBManager.AddNewMatchInfo]	New Match added to database match id=9

[20160721 08:52:57.749][11][Normal][KGameServer.HisDataMng.MainProcessThread]	ProcessHisDataRequest 已经结束

[20160721 08:52:57.749][11][Normal][KGameServer.HisDataMng.MainProcessThread]	数据库已经关闭

[20160721 08:52:59.492][9][Normal][KGameServer.PlayerConnectionMap.GetPlayerConnection]	playerConnectionDict key count=2

[20160721 08:52:59.492][9][Normal][KGameServer.ServerInst.ClosePlayerConnection]	ClosePlayerConnection Call

[20160721 08:52:59.492][9][Normal][KGameServer.PlayerConnection.SendMatchEndString]	发送结束对局信息到:v107a，信息内容为:F|1#v107a#0.00#0#PVC指数(大商所)#2013/1/17 星期四#2013/7/22 星期一|

2016/7/21 星期四 上午 8:52:59 [Warn] Data sent while closing or after close. Ignoring. 
[20160721 08:52:59.492][9][Normal][KGameServer.ServerInst.ClosePlayerConnection]	Closed

[20160721 08:53:02.812][24][Normal][KGameServer.ServerInst+<>c__DisplayClass4.<Init>b__1]	OnOpen

[20160721 08:53:02.812][9][Normal][KGameServer.ServerInst.SocketConnected]	Entered SocketConnected

[20160721 08:53:02.812][9][Normal][KGameServer.ServerInst.SocketConnected]	Connected

[20160721 08:53:02.812][9][Normal][KGameServer.ServerInst.ProcessPreReceievedMessage]	为连接:[192.168.16.250:51660][0:] 处理没有来源的消息

[20160721 08:53:02.812][9][Normal][KGameServer.ServerInst.ProcessPreReceievedMessage]	noResourceMessageDict中，无来源的消息共有0 个来源

[20160721 08:53:02.833][23][Normal][KGameServer.ServerInst+<>c__DisplayClass4.<Init>b__3]	OnMessage:message=A||

[20160721 08:53:02.833][9][Normal][KGameServer.PlayerConnectionMap.GetPlayerConnection]	playerConnectionDict key count=2

[20160721 08:53:02.881][9][Normal][KGameServer.PlayerConnection.ProcessUserQuickLogin]	快速登录成功:B|s108e#705043|

[20160721 08:53:02.883][26][Normal][KGameServer.ServerInst+<>c__DisplayClass4.<Init>b__3]	OnMessage:message=0|s108e#705043#null|

[20160721 08:53:02.884][9][Normal][KGameServer.PlayerConnectionMap.GetPlayerConnection]	playerConnectionDict key count=2

[20160721 08:53:02.884][9][Normal][KGameServer.PlayerConnection.ProcessUserLogin]	用户登录,用户名:s108e 密码:705043 来源:null

[20160721 08:53:02.884][9][Normal][KGameServer.DBManager.ValidateUser]	ValidateUser username=s108e password=705043 source=null

[20160721 08:53:02.890][9][Normal][KGameServer.DBManager.ValidateUserFromSource_Self]	sql:SELECT id FROM kgame.tbl_user where UserName=?UserName and PWD=?Password and ISNULL(SOURCE)

[20160721 08:53:02.891][9][Normal][KGameServer.DBManager.ValidateUserFromSource_Self]	userid=9

[20160721 08:53:02.891][9][Normal][KGameServer.PlayerConnection.ProcessUserLogin]	useridRet=9

[20160721 08:53:02.891][9][Normal][KGameServer.PlayerConnection.ProcessUserLogin]	发送信息:1|s108e|

[20160721 08:53:02.895][23][Normal][KGameServer.ServerInst+<>c__DisplayClass4.<Init>b__3]	OnMessage:message=3|0|

[20160721 08:53:02.895][9][Normal][KGameServer.PlayerConnectionMap.GetPlayerConnection]	playerConnectionDict key count=2

[20160721 08:53:02.896][9][Normal][KGameServer.MatchMaker.BeginNewMatchForSinglePlayer]	准备开始一场单人游戏:[192.168.16.250:51660][9:s108e]

[20160721 08:53:02.896][9][Normal][KGameServer.Match.Start]	1人局开始: [9:] 

[20160721 08:53:02.896][9][Normal][KGameServer.HisDataMng.RequestHistoryData]	RequestHistoryData 请求

[20160721 08:53:02.896][11][Normal][KGameServer.HisDataMng.MainProcessThread]	hisDataRequestList 出队，hisDataRequestList中个数为:1

[20160721 08:53:02.896][9][Normal][KGameServer.HisDataMng.RequestHistoryData]	入队结束

[20160721 08:53:02.903][11][Normal][KGameServer.HisDataMng.MainProcessThread]	数据库已经打开

[20160721 08:53:02.903][11][Normal][KGameServer.HisDataMng.RefreshCodeInfoList]	mutexForCodeInfoDict Passed

[20160721 08:53:02.908][11][Normal][KGameServer.HisDataMng.RefreshCodeInfoList]	mutexForCodeInfoDict Released

[20160721 08:53:02.908][11][Normal][KGameServer.HisDataMng.MainProcessThread]	RefreshCodeInfoList 已经完成

[20160721 08:53:02.908][11][Normal][KGameServer.HisDataMng.ProcessHisDataRequest]	ProcessHisDataRequest hisDataRequest

[20160721 08:53:02.909][11][Normal][KGameServer.HisDataMng.ProcessHisDataRequest]	codeInfoDict.Keys.Count=91

[20160721 08:53:02.909][11][Normal][KGameServer.HisDataMng.ProcessHisDataRequest]	codeInfoIndex=64

[20160721 08:53:02.909][11][Normal][KGameServer.HisDataMng.ProcessHisDataRequest]	totalCandleCount=360

[20160721 08:53:02.909][11][Normal][KGameServer.HisDataMng.ProcessHisDataRequest]	codeInfo=沪镍主连 XSGE

[20160721 08:53:02.909][11][Normal][KGameServer.HisDataMng.ProcessHisDataRequest]	总个数不够count=284，重新取

[20160721 08:53:02.913][11][Normal][KGameServer.HisDataMng.ProcessHisDataRequest]	codeInfoDict.Keys.Count=91

[20160721 08:53:02.913][11][Normal][KGameServer.HisDataMng.ProcessHisDataRequest]	codeInfoIndex=30

[20160721 08:53:02.913][11][Normal][KGameServer.HisDataMng.ProcessHisDataRequest]	totalCandleCount=360

[20160721 08:53:02.913][11][Normal][KGameServer.HisDataMng.ProcessHisDataRequest]	codeInfo=菜籽指数 XZCE

[20160721 08:53:02.913][11][Normal][KGameServer.HisDataMng.ProcessHisDataRequest]	随机数据，codeInfo=菜籽指数 XZCE ,startIndex=218

[20160721 08:53:03.089][11][Normal][KGameServer.HisDataMng.ProcessHisDataRequest]	获得到了历史数据，开始调用回调函数

[20160721 08:53:03.157][11][Normal][KGameServer.DBManager.AddNewMatchInfo]	New Match added to database match id=10

[20160721 08:53:03.157][11][Normal][KGameServer.HisDataMng.MainProcessThread]	ProcessHisDataRequest 已经结束

[20160721 08:53:03.157][11][Normal][KGameServer.HisDataMng.MainProcessThread]	数据库已经关闭

[20160721 08:53:16.919][23][Normal][KGameServer.ServerInst+<>c__DisplayClass4.<Init>b__3]	OnMessage:message=6|48|

[20160721 08:53:16.919][9][Normal][KGameServer.PlayerConnectionMap.GetPlayerConnection]	playerConnectionDict key count=2

[20160721 08:53:28.233][24][Normal][KGameServer.ServerInst+<>c__DisplayClass4.<Init>b__3]	OnMessage:message=7|115|

[20160721 08:53:28.235][9][Normal][KGameServer.PlayerConnectionMap.GetPlayerConnection]	playerConnectionDict key count=2

[20160721 08:53:29.059][23][Normal][KGameServer.ServerInst+<>c__DisplayClass4.<Init>b__3]	OnMessage:message=E||

[20160721 08:53:29.059][9][Normal][KGameServer.PlayerConnectionMap.GetPlayerConnection]	playerConnectionDict key count=2

[20160721 08:53:29.060][9][Normal][KGameServer.PlayerConnection.SendMatchEndString]	发送结束对局信息到:s108e，信息内容为:F|1#s108e#12.17#0#菜籽指数(郑商所)#2014/7/21 星期一#2015/4/7 星期二|

[20160721 09:04:42.131][29][Normal][KGameServer.ServerInst+<>c__DisplayClass4.<Init>b__3]	OnMessage:message=3|0|

[20160721 09:04:42.131][9][Normal][KGameServer.PlayerConnectionMap.GetPlayerConnection]	playerConnectionDict key count=2

[20160721 09:04:42.131][9][Normal][KGameServer.MatchMaker.BeginNewMatchForSinglePlayer]	准备开始一场单人游戏:[192.168.16.250:51578][7:v106a]

[20160721 09:04:42.131][9][Normal][KGameServer.Match.Start]	1人局开始: [7:] 

[20160721 09:04:42.132][9][Normal][KGameServer.HisDataMng.RequestHistoryData]	RequestHistoryData 请求

[20160721 09:04:42.132][11][Normal][KGameServer.HisDataMng.MainProcessThread]	hisDataRequestList 出队，hisDataRequestList中个数为:1

[20160721 09:04:42.132][9][Normal][KGameServer.HisDataMng.RequestHistoryData]	入队结束

[20160721 09:04:42.139][11][Normal][KGameServer.HisDataMng.MainProcessThread]	数据库已经打开

[20160721 09:04:42.139][11][Normal][KGameServer.HisDataMng.RefreshCodeInfoList]	mutexForCodeInfoDict Passed

[20160721 09:04:42.148][11][Normal][KGameServer.HisDataMng.RefreshCodeInfoList]	mutexForCodeInfoDict Released

[20160721 09:04:42.148][11][Normal][KGameServer.HisDataMng.MainProcessThread]	RefreshCodeInfoList 已经完成

[20160721 09:04:42.148][11][Normal][KGameServer.HisDataMng.ProcessHisDataRequest]	ProcessHisDataRequest hisDataRequest

[20160721 09:04:42.148][11][Normal][KGameServer.HisDataMng.ProcessHisDataRequest]	codeInfoDict.Keys.Count=91

[20160721 09:04:42.148][11][Normal][KGameServer.HisDataMng.ProcessHisDataRequest]	codeInfoIndex=89

[20160721 09:04:42.148][11][Normal][KGameServer.HisDataMng.ProcessHisDataRequest]	totalCandleCount=360

[20160721 09:04:42.149][11][Normal][KGameServer.HisDataMng.ProcessHisDataRequest]	codeInfo=锰硅主连 XZCE

[20160721 09:04:42.149][11][Normal][KGameServer.HisDataMng.ProcessHisDataRequest]	总个数不够count=357，重新取

[20160721 09:04:42.149][11][Normal][KGameServer.HisDataMng.ProcessHisDataRequest]	codeInfoDict.Keys.Count=91

[20160721 09:04:42.149][11][Normal][KGameServer.HisDataMng.ProcessHisDataRequest]	codeInfoIndex=11

[20160721 09:04:42.149][11][Normal][KGameServer.HisDataMng.ProcessHisDataRequest]	totalCandleCount=360

[20160721 09:04:42.149][11][Normal][KGameServer.HisDataMng.ProcessHisDataRequest]	codeInfo=沪铜指数 XSGE

[20160721 09:04:42.149][11][Normal][KGameServer.HisDataMng.ProcessHisDataRequest]	随机数据，codeInfo=沪铜指数 XSGE ,startIndex=205

[20160721 09:04:42.224][11][Normal][KGameServer.HisDataMng.ProcessHisDataRequest]	获得到了历史数据，开始调用回调函数

[20160721 09:04:42.266][11][Normal][KGameServer.DBManager.AddNewMatchInfo]	New Match added to database match id=11

[20160721 09:04:42.270][11][Normal][KGameServer.HisDataMng.MainProcessThread]	ProcessHisDataRequest 已经结束

[20160721 09:04:42.270][11][Normal][KGameServer.HisDataMng.MainProcessThread]	数据库已经关闭

[20160721 09:04:51.310][29][Normal][KGameServer.ServerInst+<>c__DisplayClass4.<Init>b__3]	OnMessage:message=6|18|

[20160721 09:04:51.310][9][Normal][KGameServer.PlayerConnectionMap.GetPlayerConnection]	playerConnectionDict key count=2

[20160721 09:04:53.216][29][Normal][KGameServer.ServerInst+<>c__DisplayClass4.<Init>b__3]	OnMessage:message=7|35|

[20160721 09:04:53.216][9][Normal][KGameServer.PlayerConnectionMap.GetPlayerConnection]	playerConnectionDict key count=2

[20160721 09:04:55.536][29][Normal][KGameServer.ServerInst+<>c__DisplayClass4.<Init>b__3]	OnMessage:message=7|51|

[20160721 09:04:55.537][9][Normal][KGameServer.PlayerConnectionMap.GetPlayerConnection]	playerConnectionDict key count=2

[20160721 09:04:59.036][29][Normal][KGameServer.ServerInst+<>c__DisplayClass4.<Init>b__3]	OnMessage:message=6|71|

[20160721 09:04:59.037][9][Normal][KGameServer.PlayerConnectionMap.GetPlayerConnection]	playerConnectionDict key count=2

[20160721 09:05:03.146][29][Normal][KGameServer.ServerInst+<>c__DisplayClass4.<Init>b__3]	OnMessage:message=6|97|

[20160721 09:05:03.146][9][Normal][KGameServer.PlayerConnectionMap.GetPlayerConnection]	playerConnectionDict key count=2

[20160721 09:05:07.263][29][Normal][KGameServer.ServerInst+<>c__DisplayClass4.<Init>b__3]	OnMessage:message=E||

[20160721 09:05:07.264][9][Normal][KGameServer.PlayerConnectionMap.GetPlayerConnection]	playerConnectionDict key count=2

[20160721 09:05:07.264][9][Normal][KGameServer.PlayerConnection.SendMatchEndString]	发送结束对局信息到:v106a，信息内容为:F|1#v106a#-10.94#0#沪铜指数(上期所)#2015/1/21 星期三#2015/7/17 星期五|

