2016-8-8 下午 3:14:35 [Info] Server started at ws://192.168.16.250:8484 (actual port 8484) 
[20160808 15:15:03.676][17][Normal][KGameServer.ServerInst+<>c__DisplayClass4.<Init>b__1]	OnOpen

[20160808 15:15:03.678][10][Normal][KGameServer.ServerInst.SocketConnected]	Entered SocketConnected

[20160808 15:15:03.680][10][Normal][KGameServer.ServerInst.SocketConnected]	Connected

[20160808 15:15:03.683][10][Normal][KGameServer.ServerInst.ProcessPreReceievedMessage]	为连接:[192.168.16.250:56352][0:] 处理没有来源的消息

[20160808 15:15:03.683][10][Normal][KGameServer.ServerInst.ProcessPreReceievedMessage]	noResourceMessageDict中，无来源的消息共有0 个来源

[20160808 15:15:03.689][18][Normal][KGameServer.ServerInst+<>c__DisplayClass4.<Init>b__3]	OnMessage:message=A||

[20160808 15:15:03.690][10][Normal][KGameServer.PlayerConnectionMap.GetPlayerConnection]	playerConnectionDict key count=1

[20160808 15:15:03.903][10][Normal][KGameServer.PlayerConnection.ProcessUserQuickLogin]	快速登录成功:B|t104a#446924|

[20160808 15:15:03.913][19][Normal][KGameServer.ServerInst+<>c__DisplayClass4.<Init>b__3]	OnMessage:message=0|t104a#446924#null|

[20160808 15:15:03.913][10][Normal][KGameServer.PlayerConnectionMap.GetPlayerConnection]	playerConnectionDict key count=1

[20160808 15:15:03.915][10][Normal][KGameServer.PlayerConnection.ProcessUserLogin]	用户登录,用户名:t104a 密码:446924 来源:null

[20160808 15:15:03.915][10][Normal][KGameServer.DBManager.ValidateUser]	ValidateUser username=t104a password=446924 source=null

[20160808 15:15:03.923][10][Normal][KGameServer.DBManager.ValidateUserFromSource_Self]	sql:SELECT id FROM kgame.tbl_user where UserName=?UserName and PWD=?Password and ISNULL(SOURCE)

[20160808 15:15:03.926][10][Normal][KGameServer.DBManager.ValidateUserFromSource_Self]	userid=56

[20160808 15:15:03.926][10][Normal][KGameServer.PlayerConnection.ProcessUserLogin]	useridRet=56

[20160808 15:15:03.927][10][Normal][KGameServer.PlayerConnection.ProcessUserLogin]	发送信息:1|t104a|

[20160808 15:15:03.932][16][Normal][KGameServer.ServerInst+<>c__DisplayClass4.<Init>b__3]	OnMessage:message=3|0|

[20160808 15:15:03.932][10][Normal][KGameServer.PlayerConnectionMap.GetPlayerConnection]	playerConnectionDict key count=1

[20160808 15:15:03.933][10][Normal][KGameServer.MatchMaker.BeginNewMatchForSinglePlayer]	准备开始一场单人游戏:[192.168.16.250:56352][56:t104a]

[20160808 15:15:03.937][10][Normal][KGameServer.Match.Start]	1人局开始: [56:] 

[20160808 15:15:03.938][10][Normal][KGameServer.HisDataMng.RequestHistoryData]	RequestHistoryData 请求

[20160808 15:15:03.938][10][Normal][KGameServer.HisDataMng.RequestHistoryData]	入队结束

[20160808 15:15:03.938][12][Normal][KGameServer.HisDataMng.MainProcessThread]	hisDataRequestList 出队，hisDataRequestList中个数为:1

[20160808 15:15:03.966][12][Normal][KGameServer.HisDataMng.MainProcessThread]	数据库已经打开

[20160808 15:15:03.968][12][Normal][KGameServer.HisDataMng.RefreshCodeInfoList]	mutexForCodeInfoDict Passed

[20160808 15:15:03.975][12][Normal][KGameServer.HisDataMng.RefreshCodeInfoList]	mutexForCodeInfoDict Released

[20160808 15:15:03.976][12][Normal][KGameServer.HisDataMng.MainProcessThread]	RefreshCodeInfoList 已经完成

[20160808 15:15:03.983][12][Normal][KGameServer.HisDataMng.ProcessHisDataRequest]	ProcessHisDataRequest hisDataRequest

[20160808 15:15:03.983][12][Normal][KGameServer.HisDataMng.ProcessHisDataRequest]	codeInfoDict.Keys.Count=91

[20160808 15:15:03.983][12][Normal][KGameServer.HisDataMng.ProcessHisDataRequest]	codeInfoIndex=39

[20160808 15:15:03.984][12][Normal][KGameServer.HisDataMng.ProcessHisDataRequest]	totalCandleCount=360

[20160808 15:15:03.984][12][Normal][KGameServer.HisDataMng.ProcessHisDataRequest]	codeInfo=郑煤指数 XZCE

[20160808 15:15:03.984][12][Normal][KGameServer.HisDataMng.ProcessHisDataRequest]	随机数据，codeInfo=郑煤指数 XZCE ,startIndex=233

[20160808 15:15:04.045][12][Normal][KGameServer.HisDataMng.ProcessHisDataRequest]	获得到了历史数据，开始调用回调函数

[20160808 15:15:04.110][12][Normal][KGameServer.DBManager.AddNewMatchInfo]	New Match added to database match id=63

[20160808 15:15:04.112][12][Normal][KGameServer.HisDataMng.MainProcessThread]	ProcessHisDataRequest 已经结束

[20160808 15:15:04.112][12][Normal][KGameServer.HisDataMng.MainProcessThread]	数据库已经关闭

[20160808 15:15:15.967][16][Normal][KGameServer.ServerInst+<>c__DisplayClass4.<Init>b__3]	OnMessage:message=6|9|

[20160808 15:15:15.967][10][Normal][KGameServer.PlayerConnectionMap.GetPlayerConnection]	playerConnectionDict key count=1

[20160808 15:15:17.833][16][Normal][KGameServer.ServerInst+<>c__DisplayClass4.<Init>b__3]	OnMessage:message=7|25|

[20160808 15:15:17.833][10][Normal][KGameServer.PlayerConnectionMap.GetPlayerConnection]	playerConnectionDict key count=1

[20160808 15:15:19.318][16][Normal][KGameServer.ServerInst+<>c__DisplayClass4.<Init>b__3]	OnMessage:message=6|37|

[20160808 15:15:19.321][10][Normal][KGameServer.PlayerConnectionMap.GetPlayerConnection]	playerConnectionDict key count=1

[20160808 15:15:20.974][16][Normal][KGameServer.ServerInst+<>c__DisplayClass4.<Init>b__3]	OnMessage:message=7|48|

[20160808 15:15:20.974][10][Normal][KGameServer.PlayerConnectionMap.GetPlayerConnection]	playerConnectionDict key count=1

[20160808 15:15:22.717][16][Normal][KGameServer.ServerInst+<>c__DisplayClass4.<Init>b__3]	OnMessage:message=6|58|

[20160808 15:15:22.717][10][Normal][KGameServer.PlayerConnectionMap.GetPlayerConnection]	playerConnectionDict key count=1

[20160808 15:15:24.205][16][Normal][KGameServer.ServerInst+<>c__DisplayClass4.<Init>b__3]	OnMessage:message=7|66|

[20160808 15:15:24.206][10][Normal][KGameServer.PlayerConnectionMap.GetPlayerConnection]	playerConnectionDict key count=1

[20160808 15:15:25.672][16][Normal][KGameServer.ServerInst+<>c__DisplayClass4.<Init>b__3]	OnMessage:message=6|72|

[20160808 15:15:25.672][10][Normal][KGameServer.PlayerConnectionMap.GetPlayerConnection]	playerConnectionDict key count=1

[20160808 15:15:27.366][16][Normal][KGameServer.ServerInst+<>c__DisplayClass4.<Init>b__3]	OnMessage:message=7|78|

[20160808 15:15:27.367][10][Normal][KGameServer.PlayerConnectionMap.GetPlayerConnection]	playerConnectionDict key count=1

[20160808 15:15:29.413][16][Normal][KGameServer.ServerInst+<>c__DisplayClass4.<Init>b__3]	OnMessage:message=6|91|

[20160808 15:15:29.413][10][Normal][KGameServer.PlayerConnectionMap.GetPlayerConnection]	playerConnectionDict key count=1

[20160808 15:15:30.734][16][Normal][KGameServer.ServerInst+<>c__DisplayClass4.<Init>b__3]	OnMessage:message=7|100|

[20160808 15:15:30.735][10][Normal][KGameServer.PlayerConnectionMap.GetPlayerConnection]	playerConnectionDict key count=1

[20160808 15:15:31.941][16][Normal][KGameServer.ServerInst+<>c__DisplayClass4.<Init>b__3]	OnMessage:message=7|107|

[20160808 15:15:31.942][10][Normal][KGameServer.PlayerConnectionMap.GetPlayerConnection]	playerConnectionDict key count=1

[20160808 15:15:33.126][17][Normal][KGameServer.ServerInst+<>c__DisplayClass4.<Init>b__3]	OnMessage:message=6|115|

[20160808 15:15:33.127][10][Normal][KGameServer.PlayerConnectionMap.GetPlayerConnection]	playerConnectionDict key count=1

[20160808 15:15:33.809][17][Normal][KGameServer.ServerInst+<>c__DisplayClass4.<Init>b__3]	OnMessage:message=E||

[20160808 15:15:33.810][10][Normal][KGameServer.PlayerConnectionMap.GetPlayerConnection]	playerConnectionDict key count=1

[20160808 15:17:45.231][10][Normal][KGameServer.PlayerConnection.SendMatchEndString]	发送结束对局信息到:t104a，信息内容为:F|1#t104a#-6.67#0#郑煤指数(郑商所)#2014-12-10#2015-6-8|

