2016-8-19 上午 9:16:37 [Info] Server started at ws://192.168.16.250:8484 (actual port 8484) 
[20160819 09:16:44.132][15][Normal][KGameServer.ServerInst+<>c__DisplayClass4.<Init>b__1]	OnOpen

[20160819 09:16:44.134][9][Normal][KGameServer.ServerInst.SocketConnected]	Entered SocketConnected

[20160819 09:16:44.135][9][Normal][KGameServer.ServerInst.SocketConnected]	Connected

[20160819 09:16:44.139][9][Normal][KGameServer.ServerInst.ProcessPreReceievedMessage]	为连接:[192.168.16.250:55393][0:] 处理没有来源的消息

[20160819 09:16:44.139][9][Normal][KGameServer.ServerInst.ProcessPreReceievedMessage]	noResourceMessageDict中，无来源的消息共有0 个来源

[20160819 09:16:44.144][16][Normal][KGameServer.ServerInst+<>c__DisplayClass4.<Init>b__3]	OnMessage:message=A||

[20160819 09:16:44.145][9][Normal][KGameServer.PlayerConnectionMap.GetPlayerConnection]	playerConnectionDict key count=1

[20160819 09:16:44.354][9][Normal][KGameServer.PlayerConnection.ProcessUserQuickLogin]	快速登录成功:B|v155e#685590|

[20160819 09:16:44.364][17][Normal][KGameServer.ServerInst+<>c__DisplayClass4.<Init>b__3]	OnMessage:message=0|v155e#685590#null|

[20160819 09:16:44.364][9][Normal][KGameServer.PlayerConnectionMap.GetPlayerConnection]	playerConnectionDict key count=1

[20160819 09:16:44.365][9][Normal][KGameServer.PlayerConnection.ProcessUserLogin]	用户登录,用户名:v155e 密码:685590 来源:null

[20160819 09:16:44.366][9][Normal][KGameServer.DBManager.ValidateUser]	ValidateUser username=v155e password=685590 source=null

[20160819 09:16:44.374][9][Normal][KGameServer.DBManager.ValidateUserFromSource_Self]	sql:SELECT id FROM kgame.tbl_user where UserName=?UserName and PWD=?Password and ISNULL(SOURCE)

[20160819 09:16:44.376][9][Normal][KGameServer.DBManager.ValidateUserFromSource_Self]	userid=114

[20160819 09:16:44.376][9][Normal][KGameServer.PlayerConnection.ProcessUserLogin]	useridRet=114

[20160819 09:16:46.364][9][Normal][KGameServer.PlayerConnection.ProcessUserLogin]	发送信息:1|v155e|

[20160819 09:16:46.369][17][Normal][KGameServer.ServerInst+<>c__DisplayClass4.<Init>b__3]	OnMessage:message=3|0|

[20160819 09:16:46.370][9][Normal][KGameServer.PlayerConnectionMap.GetPlayerConnection]	playerConnectionDict key count=1

[20160819 09:16:47.303][9][Normal][KGameServer.MatchMaker.BeginNewMatchForSinglePlayer]	准备开始一场单人游戏:[192.168.16.250:55393][114:v155e]

[20160819 09:16:47.308][9][Normal][KGameServer.Match.Start]	1人局开始: [114:] 

[20160819 09:16:48.674][9][Normal][KGameServer.HisDataMng.RequestHistoryData]	RequestHistoryData 请求

[20160819 09:16:48.675][9][Normal][KGameServer.HisDataMng.RequestHistoryData]	入队结束

[20160819 09:16:48.675][11][Normal][KGameServer.HisDataMng.MainProcessThread]	hisDataRequestList 出队，hisDataRequestList中个数为:1

[20160819 09:16:48.707][11][Normal][KGameServer.HisDataMng.MainProcessThread]	数据库已经打开

[20160819 09:16:54.210][11][Normal][KGameServer.HisDataMng.RefreshCodeInfoList]	mutexForCodeInfoDict Passed

[20160819 09:16:54.227][11][Normal][KGameServer.HisDataMng.RefreshCodeInfoList]	mutexForCodeInfoDict Released

[20160819 09:16:54.228][11][Normal][KGameServer.HisDataMng.MainProcessThread]	RefreshCodeInfoList 已经完成

[20160819 09:16:58.084][11][Normal][KGameServer.HisDataMng.ProcessHisDataRequest]	ProcessHisDataRequest hisDataRequest matchID

[20160819 09:17:24.558][11][Normal][KGameServer.HisDataMng.ProcessHisDataRequest]	获得到了历史数据，开始调用回调函数

[20160819 09:17:24.587][11][Normal][KGameServer.App.CurrentDomain_UnhandledException]	System.ArgumentOutOfRangeException: 索引超出范围。必须为非负值并小于集合大小。
参数名: index
   在 System.ThrowHelper.ThrowArgumentOutOfRangeException(ExceptionArgument argument, ExceptionResource resource)
   在 System.Collections.Generic.List`1.get_Item(Int32 index)
   在 KGameServer.Match.OnReceiveHistoryDataCallBack(List`1 historyDataList, CodeInfo codeInfo) 位置 C:\KGameServer\KGameServer\Match.cs:行号 414
   在 KGameServer.HisDataMng.ProcessHisDataRequest(HisDataRequest hisDataRequest, MySqlConnection mySqlConnection, Int32 matchID) 位置 C:\KGameServer\KGameServer\HisDataMng.cs:行号 471
   在 KGameServer.HisDataMng.MainProcessThread() 位置 C:\KGameServer\KGameServer\HisDataMng.cs:行号 206
   在 System.Threading.ExecutionContext.RunInternal(ExecutionContext executionContext, ContextCallback callback, Object state, Boolean preserveSyncCtx)
   在 System.Threading.ExecutionContext.Run(ExecutionContext executionContext, ContextCallback callback, Object state, Boolean preserveSyncCtx)
   在 System.Threading.ExecutionContext.Run(ExecutionContext executionContext, ContextCallback callback, Object state)
   在 System.Threading.ThreadHelper.ThreadStart()

