2016-8-10 上午 8:33:11 [Info] Server started at ws://192.168.16.250:8484 (actual port 8484) 
[20160810 08:33:26.027][15][Normal][KGameServer.ServerInst+<>c__DisplayClass4.<Init>b__1]	OnOpen

[20160810 08:33:26.030][10][Normal][KGameServer.ServerInst.SocketConnected]	Entered SocketConnected

[20160810 08:33:26.031][10][Normal][KGameServer.ServerInst.SocketConnected]	Connected

[20160810 08:33:26.034][10][Normal][KGameServer.ServerInst.ProcessPreReceievedMessage]	为连接:[192.168.16.250:50974][0:] 处理没有来源的消息

[20160810 08:33:26.034][10][Normal][KGameServer.ServerInst.ProcessPreReceievedMessage]	noResourceMessageDict中，无来源的消息共有0 个来源

[20160810 08:33:26.045][16][Normal][KGameServer.ServerInst+<>c__DisplayClass4.<Init>b__3]	OnMessage:message=A||

[20160810 08:33:26.046][10][Normal][KGameServer.PlayerConnectionMap.GetPlayerConnection]	playerConnectionDict key count=1

[20160810 08:33:26.351][10][Normal][KGameServer.PlayerConnection.ProcessUserQuickLogin]	快速登录成功:B|v103a#869310|

[20160810 08:33:26.360][17][Normal][KGameServer.ServerInst+<>c__DisplayClass4.<Init>b__3]	OnMessage:message=0|v103a#869310#null|

[20160810 08:33:26.360][10][Normal][KGameServer.PlayerConnectionMap.GetPlayerConnection]	playerConnectionDict key count=1

[20160810 08:33:26.362][10][Normal][KGameServer.PlayerConnection.ProcessUserLogin]	用户登录,用户名:v103a 密码:869310 来源:null

[20160810 08:33:26.363][10][Normal][KGameServer.DBManager.ValidateUser]	ValidateUser username=v103a password=869310 source=null

[20160810 08:33:26.371][10][Normal][KGameServer.DBManager.ValidateUserFromSource_Self]	sql:SELECT id FROM kgame.tbl_user where UserName=?UserName and PWD=?Password and ISNULL(SOURCE)

[20160810 08:33:26.373][10][Normal][KGameServer.DBManager.ValidateUserFromSource_Self]	userid=62

[20160810 08:33:26.373][10][Normal][KGameServer.PlayerConnection.ProcessUserLogin]	useridRet=62

[20160810 08:33:32.650][10][Normal][KGameServer.PlayerConnection.ProcessUserLogin]	发送信息:1|v103a|

[20160810 08:33:32.653][16][Normal][KGameServer.ServerInst+<>c__DisplayClass4.<Init>b__3]	OnMessage:message=3|0|

[20160810 08:33:32.654][10][Normal][KGameServer.PlayerConnectionMap.GetPlayerConnection]	playerConnectionDict key count=1

[20160810 08:33:32.655][10][Normal][KGameServer.MatchMaker.BeginNewMatchForSinglePlayer]	准备开始一场单人游戏:[192.168.16.250:50974][62:v103a]

[20160810 08:33:32.659][10][Normal][KGameServer.Match.Start]	1人局开始: [62:] 

[20160810 08:33:32.660][10][Normal][KGameServer.HisDataMng.RequestHistoryData]	RequestHistoryData 请求

[20160810 08:33:32.660][10][Normal][KGameServer.HisDataMng.RequestHistoryData]	入队结束

[20160810 08:33:32.660][12][Normal][KGameServer.HisDataMng.MainProcessThread]	hisDataRequestList 出队，hisDataRequestList中个数为:1

[20160810 08:33:32.686][12][Normal][KGameServer.HisDataMng.MainProcessThread]	数据库已经打开

[20160810 08:33:32.702][12][Normal][KGameServer.HisDataMng.RefreshCodeInfoList]	mutexForCodeInfoDict Passed

[20160810 08:33:32.734][12][Normal][KGameServer.HisDataMng.RefreshCodeInfoList]	mutexForCodeInfoDict Released

[20160810 08:33:32.735][12][Normal][KGameServer.HisDataMng.MainProcessThread]	RefreshCodeInfoList 已经完成

[20160810 08:33:32.754][12][Normal][KGameServer.HisDataMng.ProcessHisDataRequest]	ProcessHisDataRequest hisDataRequest

[20160810 08:33:32.754][12][Normal][KGameServer.HisDataMng.ProcessHisDataRequest]	codeInfoDict.Keys.Count=2833

[20160810 08:33:32.754][12][Normal][KGameServer.HisDataMng.ProcessHisDataRequest]	codeInfoIndex=1730

[20160810 08:33:32.754][12][Normal][KGameServer.HisDataMng.ProcessHisDataRequest]	totalCandleCount=360

[20160810 08:33:32.754][12][Normal][KGameServer.HisDataMng.ProcessHisDataRequest]	codeInfo=300486 XSHE

[20160810 08:33:32.755][12][Normal][KGameServer.HisDataMng.ProcessHisDataRequest]	总个数不够count=179，重新取

[20160810 08:33:32.755][12][Normal][KGameServer.HisDataMng.ProcessHisDataRequest]	codeInfoDict.Keys.Count=2833

[20160810 08:33:32.755][12][Normal][KGameServer.HisDataMng.ProcessHisDataRequest]	codeInfoIndex=1078

[20160810 08:33:32.755][12][Normal][KGameServer.HisDataMng.ProcessHisDataRequest]	totalCandleCount=360

[20160810 08:33:32.755][12][Normal][KGameServer.HisDataMng.ProcessHisDataRequest]	codeInfo=002612 XSHE

[20160810 08:33:32.756][12][Normal][KGameServer.HisDataMng.ProcessHisDataRequest]	随机数据，codeInfo=002612 XSHE ,startIndex=394

[20160810 08:33:33.113][12][Normal][KGameServer.HisDataMng.ProcessHisDataRequest]	获得到了历史数据，开始调用回调函数

[20160810 08:33:33.167][12][Normal][KGameServer.DBManager.AddNewMatchInfo]	New Match added to database match id=69

[20160810 08:33:33.169][12][Normal][KGameServer.HisDataMng.MainProcessThread]	ProcessHisDataRequest 已经结束

[20160810 08:33:33.169][12][Normal][KGameServer.HisDataMng.MainProcessThread]	数据库已经关闭

[20160810 08:34:13.813][10][Normal][KGameServer.PlayerConnectionMap.GetPlayerConnection]	playerConnectionDict key count=1

[20160810 08:34:13.813][10][Normal][KGameServer.ServerInst.ClosePlayerConnection]	ClosePlayerConnection Call

[20160810 08:34:13.826][10][Normal][KGameServer.PlayerConnection.SendMatchEndString]	发送结束对局信息到:v103a，信息内容为:F|1#v103a#0.00#0#002612(深证)#2013-7-18#2014-1-13|

2016-8-10 上午 8:34:13 [Warn] Data sent while closing or after close. Ignoring. 
[20160810 08:34:13.834][10][Normal][KGameServer.ServerInst.ClosePlayerConnection]	Closed

[20160810 08:34:16.874][18][Normal][KGameServer.ServerInst+<>c__DisplayClass4.<Init>b__1]	OnOpen

[20160810 08:34:16.874][10][Normal][KGameServer.ServerInst.SocketConnected]	Entered SocketConnected

[20160810 08:34:16.875][10][Normal][KGameServer.ServerInst.SocketConnected]	Connected

[20160810 08:34:16.875][10][Normal][KGameServer.ServerInst.ProcessPreReceievedMessage]	为连接:[192.168.16.250:51053][0:] 处理没有来源的消息

[20160810 08:34:16.875][10][Normal][KGameServer.ServerInst.ProcessPreReceievedMessage]	noResourceMessageDict中，无来源的消息共有0 个来源

[20160810 08:34:16.877][18][Normal][KGameServer.ServerInst+<>c__DisplayClass4.<Init>b__3]	OnMessage:message=A||

[20160810 08:34:16.877][10][Normal][KGameServer.PlayerConnectionMap.GetPlayerConnection]	playerConnectionDict key count=1

[20160810 08:34:16.914][10][Normal][KGameServer.PlayerConnection.ProcessUserQuickLogin]	快速登录成功:B|v104u#991874|

[20160810 08:34:16.921][20][Normal][KGameServer.ServerInst+<>c__DisplayClass4.<Init>b__3]	OnMessage:message=0|v104u#991874#null|

[20160810 08:34:16.922][10][Normal][KGameServer.PlayerConnectionMap.GetPlayerConnection]	playerConnectionDict key count=1

[20160810 08:34:16.922][10][Normal][KGameServer.PlayerConnection.ProcessUserLogin]	用户登录,用户名:v104u 密码:991874 来源:null

[20160810 08:34:16.922][10][Normal][KGameServer.DBManager.ValidateUser]	ValidateUser username=v104u password=991874 source=null

[20160810 08:34:16.929][10][Normal][KGameServer.DBManager.ValidateUserFromSource_Self]	sql:SELECT id FROM kgame.tbl_user where UserName=?UserName and PWD=?Password and ISNULL(SOURCE)

[20160810 08:34:16.929][10][Normal][KGameServer.DBManager.ValidateUserFromSource_Self]	userid=63

[20160810 08:34:16.930][10][Normal][KGameServer.PlayerConnection.ProcessUserLogin]	useridRet=63

[20160810 08:34:22.313][10][Normal][KGameServer.PlayerConnection.ProcessUserLogin]	发送信息:1|v104u|

[20160810 08:34:22.317][23][Normal][KGameServer.ServerInst+<>c__DisplayClass4.<Init>b__3]	OnMessage:message=3|0|

[20160810 08:34:22.318][10][Normal][KGameServer.PlayerConnectionMap.GetPlayerConnection]	playerConnectionDict key count=1

[20160810 08:34:22.318][10][Normal][KGameServer.MatchMaker.BeginNewMatchForSinglePlayer]	准备开始一场单人游戏:[192.168.16.250:51053][63:v104u]

[20160810 08:34:22.318][10][Normal][KGameServer.Match.Start]	1人局开始: [63:] 

[20160810 08:34:22.319][10][Normal][KGameServer.HisDataMng.RequestHistoryData]	RequestHistoryData 请求

[20160810 08:34:22.319][10][Normal][KGameServer.HisDataMng.RequestHistoryData]	入队结束

[20160810 08:34:22.320][12][Normal][KGameServer.HisDataMng.MainProcessThread]	hisDataRequestList 出队，hisDataRequestList中个数为:1

[20160810 08:34:22.329][12][Normal][KGameServer.HisDataMng.MainProcessThread]	数据库已经打开

[20160810 08:34:22.329][12][Normal][KGameServer.HisDataMng.RefreshCodeInfoList]	mutexForCodeInfoDict Passed

[20160810 08:34:22.340][12][Normal][KGameServer.HisDataMng.RefreshCodeInfoList]	mutexForCodeInfoDict Released

[20160810 08:34:22.340][12][Normal][KGameServer.HisDataMng.MainProcessThread]	RefreshCodeInfoList 已经完成

[20160810 08:34:22.340][12][Normal][KGameServer.HisDataMng.ProcessHisDataRequest]	ProcessHisDataRequest hisDataRequest

[20160810 08:34:22.340][12][Normal][KGameServer.HisDataMng.ProcessHisDataRequest]	codeInfoDict.Keys.Count=91

[20160810 08:34:22.340][12][Normal][KGameServer.HisDataMng.ProcessHisDataRequest]	codeInfoIndex=66

[20160810 08:34:22.341][12][Normal][KGameServer.HisDataMng.ProcessHisDataRequest]	totalCandleCount=360

[20160810 08:34:22.341][12][Normal][KGameServer.HisDataMng.ProcessHisDataRequest]	codeInfo=热卷主连 XSGE

[20160810 08:34:22.341][12][Normal][KGameServer.HisDataMng.ProcessHisDataRequest]	总个数不够count=354，重新取

[20160810 08:34:22.341][12][Normal][KGameServer.HisDataMng.ProcessHisDataRequest]	codeInfoDict.Keys.Count=91

[20160810 08:34:22.341][12][Normal][KGameServer.HisDataMng.ProcessHisDataRequest]	codeInfoIndex=22

[20160810 08:34:22.341][12][Normal][KGameServer.HisDataMng.ProcessHisDataRequest]	totalCandleCount=360

[20160810 08:34:22.342][12][Normal][KGameServer.HisDataMng.ProcessHisDataRequest]	codeInfo=玉米指数 XDCE

[20160810 08:34:22.342][12][Normal][KGameServer.HisDataMng.ProcessHisDataRequest]	随机数据，codeInfo=玉米指数 XDCE ,startIndex=832

[20160810 08:34:22.439][12][Normal][KGameServer.HisDataMng.ProcessHisDataRequest]	获得到了历史数据，开始调用回调函数

[20160810 08:34:22.500][12][Normal][KGameServer.DBManager.AddNewMatchInfo]	New Match added to database match id=70

[20160810 08:34:22.501][12][Normal][KGameServer.HisDataMng.MainProcessThread]	ProcessHisDataRequest 已经结束

[20160810 08:34:22.501][12][Normal][KGameServer.HisDataMng.MainProcessThread]	数据库已经关闭

[20160810 08:34:56.601][22][Normal][KGameServer.ServerInst+<>c__DisplayClass4.<Init>b__3]	OnMessage:message=E||

[20160810 08:34:56.601][10][Normal][KGameServer.PlayerConnectionMap.GetPlayerConnection]	playerConnectionDict key count=1

[20160810 08:34:56.603][10][Normal][KGameServer.PlayerConnection.SendMatchEndString]	发送结束对局信息到:v104u，信息内容为:F|1#v104u#0.00#0#玉米指数(大商所)#2012-6-21#2012-12-13|

[20160810 08:35:06.406][22][Normal][KGameServer.ServerInst+<>c__DisplayClass4.<Init>b__3]	OnMessage:message=3|0|

[20160810 08:35:06.407][10][Normal][KGameServer.PlayerConnectionMap.GetPlayerConnection]	playerConnectionDict key count=1

[20160810 08:35:06.407][10][Normal][KGameServer.MatchMaker.BeginNewMatchForSinglePlayer]	准备开始一场单人游戏:[192.168.16.250:51053][63:v104u]

[20160810 08:35:06.407][10][Normal][KGameServer.Match.Start]	1人局开始: [63:] 

[20160810 08:35:06.407][10][Normal][KGameServer.HisDataMng.RequestHistoryData]	RequestHistoryData 请求

[20160810 08:35:06.408][12][Normal][KGameServer.HisDataMng.MainProcessThread]	hisDataRequestList 出队，hisDataRequestList中个数为:1

[20160810 08:35:06.408][10][Normal][KGameServer.HisDataMng.RequestHistoryData]	入队结束

[20160810 08:35:06.415][12][Normal][KGameServer.HisDataMng.MainProcessThread]	数据库已经打开

[20160810 08:35:06.415][12][Normal][KGameServer.HisDataMng.RefreshCodeInfoList]	mutexForCodeInfoDict Passed

[20160810 08:35:06.422][12][Normal][KGameServer.HisDataMng.RefreshCodeInfoList]	mutexForCodeInfoDict Released

[20160810 08:35:06.422][12][Normal][KGameServer.HisDataMng.MainProcessThread]	RefreshCodeInfoList 已经完成

[20160810 08:35:06.422][12][Normal][KGameServer.HisDataMng.ProcessHisDataRequest]	ProcessHisDataRequest hisDataRequest

[20160810 08:35:06.422][12][Normal][KGameServer.HisDataMng.ProcessHisDataRequest]	codeInfoDict.Keys.Count=91

[20160810 08:35:06.423][12][Normal][KGameServer.HisDataMng.ProcessHisDataRequest]	codeInfoIndex=56

[20160810 08:35:06.423][12][Normal][KGameServer.HisDataMng.ProcessHisDataRequest]	totalCandleCount=360

[20160810 08:35:06.423][12][Normal][KGameServer.HisDataMng.ProcessHisDataRequest]	codeInfo=沪胶主连 XSGE

[20160810 08:35:06.423][12][Normal][KGameServer.HisDataMng.ProcessHisDataRequest]	随机数据，codeInfo=沪胶主连 XSGE ,startIndex=2639

[20160810 08:35:06.474][12][Normal][KGameServer.HisDataMng.ProcessHisDataRequest]	获得到了历史数据，开始调用回调函数

[20160810 08:35:06.514][12][Normal][KGameServer.DBManager.AddNewMatchInfo]	New Match added to database match id=71

[20160810 08:35:06.514][12][Normal][KGameServer.HisDataMng.MainProcessThread]	ProcessHisDataRequest 已经结束

[20160810 08:35:06.514][12][Normal][KGameServer.HisDataMng.MainProcessThread]	数据库已经关闭

[20160810 08:35:17.954][22][Normal][KGameServer.ServerInst+<>c__DisplayClass4.<Init>b__3]	OnMessage:message=6|11|

[20160810 08:35:17.955][10][Normal][KGameServer.PlayerConnectionMap.GetPlayerConnection]	playerConnectionDict key count=1

[20160810 08:35:19.340][22][Normal][KGameServer.ServerInst+<>c__DisplayClass4.<Init>b__3]	OnMessage:message=7|22|

[20160810 08:35:19.340][10][Normal][KGameServer.PlayerConnectionMap.GetPlayerConnection]	playerConnectionDict key count=1

[20160810 08:35:20.725][22][Normal][KGameServer.ServerInst+<>c__DisplayClass4.<Init>b__3]	OnMessage:message=6|33|

[20160810 08:35:20.726][10][Normal][KGameServer.PlayerConnectionMap.GetPlayerConnection]	playerConnectionDict key count=1

[20160810 08:35:22.540][22][Normal][KGameServer.ServerInst+<>c__DisplayClass4.<Init>b__3]	OnMessage:message=7|46|

[20160810 08:35:22.541][10][Normal][KGameServer.PlayerConnectionMap.GetPlayerConnection]	playerConnectionDict key count=1

[20160810 08:35:25.737][22][Normal][KGameServer.ServerInst+<>c__DisplayClass4.<Init>b__3]	OnMessage:message=6|71|

[20160810 08:35:25.738][10][Normal][KGameServer.PlayerConnectionMap.GetPlayerConnection]	playerConnectionDict key count=1

[20160810 08:35:27.970][22][Normal][KGameServer.ServerInst+<>c__DisplayClass4.<Init>b__3]	OnMessage:message=7|88|

[20160810 08:35:27.970][10][Normal][KGameServer.PlayerConnectionMap.GetPlayerConnection]	playerConnectionDict key count=1

[20160810 08:35:34.966][22][Normal][KGameServer.ServerInst+<>c__DisplayClass4.<Init>b__3]	OnMessage:message=E||

[20160810 08:35:34.966][10][Normal][KGameServer.PlayerConnectionMap.GetPlayerConnection]	playerConnectionDict key count=1

[20160810 08:35:34.966][10][Normal][KGameServer.PlayerConnection.SendMatchEndString]	发送结束对局信息到:v104u，信息内容为:F|1#v104u#12.57#0#沪胶主连(上期所)#2005-1-12#2005-7-14|

