2016/5/27 8:50:26 [Info] Server started at ws://192.168.16.250:8484 (actual port 8484) 
[20160527 08:50:43.247][17][Normal][KGameServer.ServerInst+<>c__DisplayClass4.<Init>b__1]	OnOpen

[20160527 08:50:43.249][10][Normal][KGameServer.ServerInst.SocketConnected]	Entered SocketConnected

[20160527 08:50:43.250][10][Normal][KGameServer.ServerInst.SocketConnected]	Connected

[20160527 08:50:43.252][10][Normal][KGameServer.ServerInst.ProcessPreReceievedMessage]	为连接:[192.168.16.250:41873][0:] 处理没有来源的消息

[20160527 08:50:43.252][10][Normal][KGameServer.ServerInst.ProcessPreReceievedMessage]	noResourceMessageDict中，无来源的消息共有0 个来源

[20160527 08:50:43.255][16][Normal][KGameServer.ServerInst+<>c__DisplayClass4.<Init>b__3]	OnMessage:message=0|v100a#303120#null|

[20160527 08:50:43.256][10][Normal][KGameServer.PlayerConnectionMap.GetPlayerConnection]	playerConnectionDict key count=1

[20160527 08:50:43.260][10][Normal][KGameServer.PlayerConnection.ProcessUserLogin]	用户登录,用户名:v100a 密码:303120 来源:null

[20160527 08:50:43.260][10][Normal][KGameServer.DBManager.ValidateUser]	ValidateUser username=v100a password=303120 source=null

[20160527 08:50:43.372][10][Normal][KGameServer.DBManager.ValidateUserFromSource_Self]	sql:SELECT id FROM kgame.tbl_user where UserName=?UserName and PWD=?Password and ISNULL(SOURCE)

[20160527 08:50:43.376][10][Normal][KGameServer.DBManager.ValidateUserFromSource_Self]	userid=1

[20160527 08:50:43.379][10][Normal][KGameServer.PlayerConnection.ProcessUserLogin]	useridRet=1

[20160527 08:50:43.380][10][Normal][KGameServer.PlayerConnection.ProcessUserLogin]	发送信息:1|v100a|

[20160527 08:50:43.387][19][Normal][KGameServer.ServerInst+<>c__DisplayClass4.<Init>b__3]	OnMessage:message=3|0|

[20160527 08:50:43.387][10][Normal][KGameServer.PlayerConnectionMap.GetPlayerConnection]	playerConnectionDict key count=1

[20160527 08:50:43.388][10][Normal][KGameServer.MatchMaker.BeginNewMatchForSinglePlayer]	准备开始一场单人游戏:[192.168.16.250:41873][1:v100a]

[20160527 08:50:43.390][10][Normal][KGameServer.Match.Start]	1人局开始: [1:] 

[20160527 08:50:43.390][10][Normal][KGameServer.HisDataMng.RequestHistoryData]	RequestHistoryData 请求

[20160527 08:50:43.391][10][Normal][KGameServer.HisDataMng.RequestHistoryData]	入队结束

[20160527 08:50:43.391][12][Normal][KGameServer.HisDataMng.MainProcessThread]	hisDataRequestList 出队，hisDataRequestList中个数为:1

[20160527 08:50:43.401][12][Normal][KGameServer.HisDataMng.MainProcessThread]	数据库已经打开

[20160527 08:50:43.403][12][Normal][KGameServer.HisDataMng.RefreshCodeInfoList]	mutexForCodeInfoDict Passed

[20160527 08:50:43.406][12][Normal][KGameServer.HisDataMng.RefreshCodeInfoList]	mutexForCodeInfoDict Released

[20160527 08:50:43.406][12][Normal][KGameServer.HisDataMng.MainProcessThread]	RefreshCodeInfoList 已经完成

[20160527 08:50:43.411][12][Normal][KGameServer.HisDataMng.ProcessHisDataRequest]	ProcessHisDataRequest hisDataRequest

[20160527 08:50:43.411][12][Normal][KGameServer.HisDataMng.ProcessHisDataRequest]	codeInfoDict.Keys.Count=2833

[20160527 08:50:43.411][12][Normal][KGameServer.HisDataMng.ProcessHisDataRequest]	codeInfoIndex=2357

[20160527 08:50:43.411][12][Normal][KGameServer.HisDataMng.ProcessHisDataRequest]	totalCandleCount=360

[20160527 08:50:43.411][12][Normal][KGameServer.HisDataMng.ProcessHisDataRequest]	codeInfo=600727 XSHG

[20160527 08:50:43.412][12][Normal][KGameServer.HisDataMng.ProcessHisDataRequest]	随机数据，codeInfo=600727 XSHG ,startIndex=1797

[20160527 08:50:43.471][12][Normal][KGameServer.HisDataMng.ProcessHisDataRequest]	获得到了历史数据，开始调用回调函数

[20160527 08:50:43.527][12][Normal][KGameServer.DBManager.AddNewMatchInfo]	New Match added to database match id=72

[20160527 08:50:43.529][12][Normal][KGameServer.HisDataMng.MainProcessThread]	ProcessHisDataRequest 已经结束

[20160527 08:50:43.529][12][Normal][KGameServer.HisDataMng.MainProcessThread]	数据库已经关闭

[20160527 08:50:55.838][10][Normal][KGameServer.PlayerConnectionMap.GetPlayerConnection]	playerConnectionDict key count=1

[20160527 08:50:55.839][10][Normal][KGameServer.ServerInst.ClosePlayerConnection]	ClosePlayerConnection Call

[20160527 08:50:55.844][10][Normal][KGameServer.PlayerConnection.SendMatchEndString]	发送结束对局信息到:v100a，信息内容为:F|1#v100a#0.00#0#600727(上证)#2006/6/7#2007/1/8|

2016/5/27 8:50:55 [Warn] Data sent while closing or after close. Ignoring. 
[20160527 08:50:55.850][10][Normal][KGameServer.ServerInst.ClosePlayerConnection]	Closed

[20160527 08:50:56.396][19][Normal][KGameServer.ServerInst+<>c__DisplayClass4.<Init>b__1]	OnOpen

[20160527 08:50:56.396][10][Normal][KGameServer.ServerInst.SocketConnected]	Entered SocketConnected

[20160527 08:50:56.396][10][Normal][KGameServer.ServerInst.SocketConnected]	Connected

[20160527 08:50:56.396][10][Normal][KGameServer.ServerInst.ProcessPreReceievedMessage]	为连接:[192.168.16.250:41914][0:] 处理没有来源的消息

[20160527 08:50:56.396][10][Normal][KGameServer.ServerInst.ProcessPreReceievedMessage]	noResourceMessageDict中，无来源的消息共有0 个来源

[20160527 08:50:56.397][16][Normal][KGameServer.ServerInst+<>c__DisplayClass4.<Init>b__3]	OnMessage:message=0|v100a#303120#null|

[20160527 08:50:56.397][10][Normal][KGameServer.PlayerConnectionMap.GetPlayerConnection]	playerConnectionDict key count=1

[20160527 08:50:56.397][10][Normal][KGameServer.PlayerConnection.ProcessUserLogin]	用户登录,用户名:v100a 密码:303120 来源:null

[20160527 08:50:56.397][10][Normal][KGameServer.DBManager.ValidateUser]	ValidateUser username=v100a password=303120 source=null

[20160527 08:50:56.400][10][Normal][KGameServer.DBManager.ValidateUserFromSource_Self]	sql:SELECT id FROM kgame.tbl_user where UserName=?UserName and PWD=?Password and ISNULL(SOURCE)

[20160527 08:50:56.400][10][Normal][KGameServer.DBManager.ValidateUserFromSource_Self]	userid=1

[20160527 08:50:56.400][10][Normal][KGameServer.PlayerConnection.ProcessUserLogin]	useridRet=1

[20160527 08:50:56.401][10][Normal][KGameServer.PlayerConnection.ProcessUserLogin]	发送信息:1|v100a|

[20160527 08:50:56.402][16][Normal][KGameServer.ServerInst+<>c__DisplayClass4.<Init>b__3]	OnMessage:message=3|0|

[20160527 08:50:56.402][10][Normal][KGameServer.PlayerConnectionMap.GetPlayerConnection]	playerConnectionDict key count=1

[20160527 08:50:56.402][10][Normal][KGameServer.MatchMaker.BeginNewMatchForSinglePlayer]	准备开始一场单人游戏:[192.168.16.250:41914][1:v100a]

[20160527 08:50:56.402][10][Normal][KGameServer.Match.Start]	1人局开始: [1:] 

[20160527 08:50:56.403][10][Normal][KGameServer.HisDataMng.RequestHistoryData]	RequestHistoryData 请求

[20160527 08:50:56.403][12][Normal][KGameServer.HisDataMng.MainProcessThread]	hisDataRequestList 出队，hisDataRequestList中个数为:1

[20160527 08:50:56.403][10][Normal][KGameServer.HisDataMng.RequestHistoryData]	入队结束

[20160527 08:50:56.406][12][Normal][KGameServer.HisDataMng.MainProcessThread]	数据库已经打开

[20160527 08:50:56.406][12][Normal][KGameServer.HisDataMng.RefreshCodeInfoList]	mutexForCodeInfoDict Passed

[20160527 08:50:56.409][12][Normal][KGameServer.HisDataMng.RefreshCodeInfoList]	mutexForCodeInfoDict Released

[20160527 08:50:56.409][12][Normal][KGameServer.HisDataMng.MainProcessThread]	RefreshCodeInfoList 已经完成

[20160527 08:50:56.409][12][Normal][KGameServer.HisDataMng.ProcessHisDataRequest]	ProcessHisDataRequest hisDataRequest

[20160527 08:50:56.410][12][Normal][KGameServer.HisDataMng.ProcessHisDataRequest]	codeInfoDict.Keys.Count=2833

[20160527 08:50:56.410][12][Normal][KGameServer.HisDataMng.ProcessHisDataRequest]	codeInfoIndex=2715

[20160527 08:50:56.410][12][Normal][KGameServer.HisDataMng.ProcessHisDataRequest]	totalCandleCount=360

[20160527 08:50:56.410][12][Normal][KGameServer.HisDataMng.ProcessHisDataRequest]	codeInfo=603022 XSHG

[20160527 08:50:56.410][12][Normal][KGameServer.HisDataMng.ProcessHisDataRequest]	总个数不够count=207，重新取

[20160527 08:50:56.410][12][Normal][KGameServer.HisDataMng.ProcessHisDataRequest]	codeInfoDict.Keys.Count=2833

[20160527 08:50:56.410][12][Normal][KGameServer.HisDataMng.ProcessHisDataRequest]	codeInfoIndex=250

[20160527 08:50:56.410][12][Normal][KGameServer.HisDataMng.ProcessHisDataRequest]	totalCandleCount=360

[20160527 08:50:56.410][12][Normal][KGameServer.HisDataMng.ProcessHisDataRequest]	codeInfo=000693 XSHE

[20160527 08:50:56.410][12][Normal][KGameServer.HisDataMng.ProcessHisDataRequest]	随机数据，codeInfo=000693 XSHE ,startIndex=1519

[20160527 08:50:56.465][12][Normal][KGameServer.HisDataMng.ProcessHisDataRequest]	获得到了历史数据，开始调用回调函数

[20160527 08:50:56.513][12][Normal][KGameServer.DBManager.AddNewMatchInfo]	New Match added to database match id=73

[20160527 08:50:56.513][12][Normal][KGameServer.HisDataMng.MainProcessThread]	ProcessHisDataRequest 已经结束

[20160527 08:50:56.513][12][Normal][KGameServer.HisDataMng.MainProcessThread]	数据库已经关闭

[20160527 08:51:13.884][17][Normal][KGameServer.ServerInst+<>c__DisplayClass4.<Init>b__3]	OnMessage:message=E||

[20160527 08:51:13.884][10][Normal][KGameServer.PlayerConnectionMap.GetPlayerConnection]	playerConnectionDict key count=1

[20160527 08:51:13.885][10][Normal][KGameServer.PlayerConnection.SendMatchEndString]	发送结束对局信息到:v100a，信息内容为:F|1#v100a#0.00#0#000693(深证)#2002/4/22#2002/10/23|

[20160527 08:51:16.536][18][Normal][KGameServer.ServerInst+<>c__DisplayClass4.<Init>b__3]	OnMessage:message=3|0|

[20160527 08:51:16.536][10][Normal][KGameServer.PlayerConnectionMap.GetPlayerConnection]	playerConnectionDict key count=1

[20160527 08:51:16.536][10][Normal][KGameServer.MatchMaker.BeginNewMatchForSinglePlayer]	准备开始一场单人游戏:[192.168.16.250:41914][1:v100a]

[20160527 08:51:16.536][10][Normal][KGameServer.Match.Start]	1人局开始: [1:] 

[20160527 08:51:16.536][10][Normal][KGameServer.HisDataMng.RequestHistoryData]	RequestHistoryData 请求

[20160527 08:51:16.536][10][Normal][KGameServer.HisDataMng.RequestHistoryData]	入队结束

[20160527 08:51:16.536][12][Normal][KGameServer.HisDataMng.MainProcessThread]	hisDataRequestList 出队，hisDataRequestList中个数为:1

[20160527 08:51:16.540][12][Normal][KGameServer.HisDataMng.MainProcessThread]	数据库已经打开

[20160527 08:51:16.540][12][Normal][KGameServer.HisDataMng.RefreshCodeInfoList]	mutexForCodeInfoDict Passed

[20160527 08:51:16.543][12][Normal][KGameServer.HisDataMng.RefreshCodeInfoList]	mutexForCodeInfoDict Released

[20160527 08:51:16.543][12][Normal][KGameServer.HisDataMng.MainProcessThread]	RefreshCodeInfoList 已经完成

[20160527 08:51:16.543][12][Normal][KGameServer.HisDataMng.ProcessHisDataRequest]	ProcessHisDataRequest hisDataRequest

[20160527 08:51:16.543][12][Normal][KGameServer.HisDataMng.ProcessHisDataRequest]	codeInfoDict.Keys.Count=2833

[20160527 08:51:16.543][12][Normal][KGameServer.HisDataMng.ProcessHisDataRequest]	codeInfoIndex=2032

[20160527 08:51:16.543][12][Normal][KGameServer.HisDataMng.ProcessHisDataRequest]	totalCandleCount=360

[20160527 08:51:16.543][12][Normal][KGameServer.HisDataMng.ProcessHisDataRequest]	codeInfo=600333 XSHG

[20160527 08:51:16.543][12][Normal][KGameServer.HisDataMng.ProcessHisDataRequest]	随机数据，codeInfo=600333 XSHG ,startIndex=1800

[20160527 08:51:16.604][12][Normal][KGameServer.HisDataMng.ProcessHisDataRequest]	获得到了历史数据，开始调用回调函数

[20160527 08:51:16.641][12][Normal][KGameServer.DBManager.AddNewMatchInfo]	New Match added to database match id=74

[20160527 08:51:16.641][12][Normal][KGameServer.HisDataMng.MainProcessThread]	ProcessHisDataRequest 已经结束

[20160527 08:51:16.641][12][Normal][KGameServer.HisDataMng.MainProcessThread]	数据库已经关闭

[20160527 08:51:18.548][10][Normal][KGameServer.PlayerConnectionMap.GetPlayerConnection]	playerConnectionDict key count=1

[20160527 08:51:18.548][10][Normal][KGameServer.ServerInst.ClosePlayerConnection]	ClosePlayerConnection Call

[20160527 08:51:18.549][10][Normal][KGameServer.PlayerConnection.SendMatchEndString]	发送结束对局信息到:v100a，信息内容为:F|1#v100a#0.00#0#600333(上证)#2008/4/3#2008/9/25|

2016/5/27 8:51:18 [Warn] Data sent while closing or after close. Ignoring. 
[20160527 08:51:18.549][10][Normal][KGameServer.ServerInst.ClosePlayerConnection]	Closed

