2016-8-16 下午 2:04:33 [Info] Server started at ws://192.168.16.250:8484 (actual port 8484) 
[20160816 14:04:43.763][17][Normal][KGameServer.ServerInst+<>c__DisplayClass4.<Init>b__1]	OnOpen

[20160816 14:04:43.766][10][Normal][KGameServer.ServerInst.SocketConnected]	Entered SocketConnected

[20160816 14:04:43.767][10][Normal][KGameServer.ServerInst.SocketConnected]	Connected

[20160816 14:04:43.770][10][Normal][KGameServer.ServerInst.ProcessPreReceievedMessage]	为连接:[192.168.16.250:50743][0:] 处理没有来源的消息

[20160816 14:04:43.770][10][Normal][KGameServer.ServerInst.ProcessPreReceievedMessage]	noResourceMessageDict中，无来源的消息共有0 个来源

[20160816 14:04:43.775][16][Normal][KGameServer.ServerInst+<>c__DisplayClass4.<Init>b__3]	OnMessage:message=A||

[20160816 14:04:43.776][10][Normal][KGameServer.PlayerConnectionMap.GetPlayerConnection]	playerConnectionDict key count=1

[20160816 14:04:43.989][10][Normal][KGameServer.PlayerConnection.ProcessUserQuickLogin]	快速登录成功:B|s121e#651461|

[20160816 14:04:43.994][18][Normal][KGameServer.ServerInst+<>c__DisplayClass4.<Init>b__3]	OnMessage:message=0|s121e#651461#null|

[20160816 14:04:43.994][10][Normal][KGameServer.PlayerConnectionMap.GetPlayerConnection]	playerConnectionDict key count=1

[20160816 14:04:43.996][10][Normal][KGameServer.PlayerConnection.ProcessUserLogin]	用户登录,用户名:s121e 密码:651461 来源:null

[20160816 14:04:43.996][10][Normal][KGameServer.DBManager.ValidateUser]	ValidateUser username=s121e password=651461 source=null

[20160816 14:04:44.004][10][Normal][KGameServer.DBManager.ValidateUserFromSource_Self]	sql:SELECT id FROM kgame.tbl_user where UserName=?UserName and PWD=?Password and ISNULL(SOURCE)

[20160816 14:04:44.007][10][Normal][KGameServer.DBManager.ValidateUserFromSource_Self]	userid=80

[20160816 14:04:44.007][10][Normal][KGameServer.PlayerConnection.ProcessUserLogin]	useridRet=80

[20160816 14:04:45.798][10][Normal][KGameServer.PlayerConnection.ProcessUserLogin]	发送信息:1|s121e|

[20160816 14:04:45.804][18][Normal][KGameServer.ServerInst+<>c__DisplayClass4.<Init>b__3]	OnMessage:message=3|0|

[20160816 14:04:45.804][10][Normal][KGameServer.PlayerConnectionMap.GetPlayerConnection]	playerConnectionDict key count=1

[20160816 14:04:45.806][10][Normal][KGameServer.MatchMaker.BeginNewMatchForSinglePlayer]	准备开始一场单人游戏:[192.168.16.250:50743][80:s121e]

[20160816 14:04:45.811][10][Normal][KGameServer.Match.Start]	1人局开始: [80:] 

[20160816 14:04:45.812][10][Normal][KGameServer.HisDataMng.RequestHistoryData]	RequestHistoryData 请求

[20160816 14:04:45.813][10][Normal][KGameServer.HisDataMng.RequestHistoryData]	入队结束

[20160816 14:04:45.814][12][Normal][KGameServer.HisDataMng.MainProcessThread]	hisDataRequestList 出队，hisDataRequestList中个数为:1

[20160816 14:04:45.863][12][Normal][KGameServer.HisDataMng.MainProcessThread]	数据库已经打开

[20160816 14:04:45.866][12][Normal][KGameServer.HisDataMng.RefreshCodeInfoList]	mutexForCodeInfoDict Passed

[20160816 14:04:45.879][12][Normal][KGameServer.HisDataMng.RefreshCodeInfoList]	mutexForCodeInfoDict Released

[20160816 14:04:45.879][12][Normal][KGameServer.HisDataMng.MainProcessThread]	RefreshCodeInfoList 已经完成

[20160816 14:04:45.887][12][Normal][KGameServer.HisDataMng.ProcessHisDataRequest]	ProcessHisDataRequest hisDataRequest

[20160816 14:04:45.887][12][Normal][KGameServer.HisDataMng.ProcessHisDataRequest]	codeInfoDict.Keys.Count=91

[20160816 14:04:45.887][12][Normal][KGameServer.HisDataMng.ProcessHisDataRequest]	codeInfoIndex=76

[20160816 14:04:45.887][12][Normal][KGameServer.HisDataMng.ProcessHisDataRequest]	totalCandleCount=360

[20160816 14:04:45.888][12][Normal][KGameServer.HisDataMng.ProcessHisDataRequest]	codeInfo=胶板主连 XDCE

[20160816 14:04:45.888][12][Normal][KGameServer.HisDataMng.ProcessHisDataRequest]	随机数据，codeInfo=胶板主连 XDCE ,startIndex=46

[20160816 14:04:45.925][12][Normal][KGameServer.HisDataMng.ProcessHisDataRequest]	获得到了历史数据，开始调用回调函数

[20160816 14:04:46.011][12][Normal][KGameServer.DBManager.AddNewMatchInfo]	New Match added to database match id=94

[20160816 14:04:46.014][12][Normal][KGameServer.HisDataMng.MainProcessThread]	ProcessHisDataRequest 已经结束

[20160816 14:04:46.014][12][Normal][KGameServer.HisDataMng.MainProcessThread]	数据库已经关闭

[20160816 14:04:53.951][16][Normal][KGameServer.ServerInst+<>c__DisplayClass4.<Init>b__3]	OnMessage:message=6|12|

[20160816 14:04:53.952][10][Normal][KGameServer.PlayerConnectionMap.GetPlayerConnection]	playerConnectionDict key count=1

[20160816 14:04:54.049][10][Normal][KGameServer.Util.LogException]	Table 'kgame.tbl_traderecrod' doesn't exist

[20160816 14:04:54.061][10][Normal][KGameServer.Util.LogException]	   在 MySql.Data.MySqlClient.MySqlStream.OpenPacket()
   在 MySql.Data.MySqlClient.NativeDriver.ReadResult(UInt64& affectedRows, Int64& lastInsertId)
   在 MySql.Data.MySqlClient.MySqlDataReader.GetResultSet()
   在 MySql.Data.MySqlClient.MySqlDataReader.NextResult()
   在 MySql.Data.MySqlClient.MySqlCommand.ExecuteReader(CommandBehavior behavior)
   在 MySql.Data.MySqlClient.MySqlCommand.ExecuteReader()
   在 MySql.Data.MySqlClient.MySqlCommand.ExecuteScalar()
   在 KGameServer.DBManager.AddNewTraderecordInfo(PlayerConnection playerConnection, Int32 matchID, Int32 index, Boolean isBuy) 位置 C:\KGameServer\KGameServer\DBManager.cs:行号 493

[20160816 14:04:54.062][10][Normal][KGameServer.Match.ProcessUserOperation]	由于未能添加用户买卖的信息数据库中，此次对局无法成功启动，返回。。。。。。

[20160816 14:04:54.066][10][Normal][KGameServer.PlayerConnection.SendMatchEndString]	发送结束对局信息到:s121e，信息内容为:F|1#s121e#0.00#0#胶板主连(大商所)#2015-4-1#2015-9-25|

[20160816 14:05:10.499][16][Normal][KGameServer.ServerInst+<>c__DisplayClass4.<Init>b__3]	OnMessage:message=E||

[20160816 14:05:10.500][10][Normal][KGameServer.PlayerConnectionMap.GetPlayerConnection]	playerConnectionDict key count=1

[20160816 14:05:18.214][10][Normal][KGameServer.PlayerConnection.SendMatchEndString]	发送结束对局信息到:s121e，信息内容为:F|1#s121e#0.00#0#胶板主连(大商所)#2015-4-1#2015-9-25|

