2016/5/11 15:43:44 [Info] Server started at ws://192.168.16.250:8484 (actual port 8484) 
[20160511 03:43:57.344][10][Normal][KGameServer.ServerInst+<>c__DisplayClass4.<Init>b__3]	OnMessage:message=0|v100a#303120#null|

[20160511 03:43:57.344][9][Normal][KGameServer.ServerInst+<>c__DisplayClass4.<Init>b__1]	OnOpen

[20160511 03:43:57.350][3][Normal][KGameServer.PlayerConnectionMap.GetPlayerConnection]	playerConnectionDict key count=0

[20160511 03:43:57.350][3][Normal][KGameServer.ServerInst.SocketReceievedMsg]	未知来源的消息:0|v100a#303120#null|

[20160511 03:43:57.351][3][Normal][KGameServer.ServerInst.ProcessNoSourceMessages]	开始处理未知来源的消息

[20160511 03:43:57.351][3][Normal][KGameServer.ServerInst.ProcessNoSourceMessages]	共有 0 个未知的来源

[20160511 03:43:57.351][3][Normal][KGameServer.ServerInst.SocketConnected]	Entered SocketConnected

[20160511 03:43:57.353][3][Normal][KGameServer.ServerInst.SocketConnected]	Connected

[20160511 03:43:57.355][3][Normal][KGameServer.ServerInst.ProcessPreReceievedMessage]	为连接:[192.168.16.250:42845][0:] 处理没有来源的消息

[20160511 03:43:57.355][3][Normal][KGameServer.ServerInst.ProcessPreReceievedMessage]	noResourceMessageDict中，无来源的消息共有1 个来源

[20160511 03:43:57.355][3][Normal][KGameServer.ServerInst.ProcessPreReceievedMessage]	开始处理没有来源的消息，该消息的来源已经被发现了

[20160511 03:43:57.355][3][Normal][KGameServer.ServerInst.ProcessPreReceievedMessage]	共有1条没有来源的消息可以处理

[20160511 03:43:57.355][3][Normal][KGameServer.ServerInst.ProcessPreReceievedMessage]	内容为:0|v100a#303120#null|

[20160511 03:43:57.359][3][Normal][KGameServer.PlayerConnection.ProcessUserLogin]	用户登录,用户名:v100a 密码:303120 来源:null

[20160511 03:43:57.360][3][Normal][KGameServer.DBManager.ValidateUser]	ValidateUser username=v100a password=303120 source=null

[20160511 03:43:57.628][3][Normal][KGameServer.DBManager.ValidateUserFromSource_Self]	sql:SELECT id FROM kgame.tbl_user where UserName=?UserName and PWD=?Password and ISNULL(SOURCE)

[20160511 03:43:57.730][3][Normal][KGameServer.DBManager.ValidateUserFromSource_Self]	userid=1

[20160511 03:43:57.741][3][Normal][KGameServer.PlayerConnection.ProcessUserLogin]	useridRet=1

[20160511 03:43:57.745][3][Normal][KGameServer.PlayerConnectionMap.AddLoginedPlayer]	错误:用户ID为空

[20160511 03:43:57.745][3][Normal][KGameServer.PlayerConnection.ProcessUserLogin]	发送信息:1|v100a|

[20160511 03:43:57.755][10][Normal][KGameServer.ServerInst+<>c__DisplayClass4.<Init>b__3]	OnMessage:message=3|0|

[20160511 03:43:57.756][3][Normal][KGameServer.PlayerConnectionMap.GetPlayerConnection]	playerConnectionDict key count=1

[20160511 03:43:57.757][3][Normal][KGameServer.MatchMaker.BeginNewMatchForSinglePlayer]	准备开始一场单人游戏:[192.168.16.250:42845][1:v100a]

[20160511 03:43:57.761][3][Normal][KGameServer.Match.Start]	1人局开始: [1:] 

[20160511 03:43:57.795][5][Normal][KGameServer.HisDataMng.ProcessHisDataRequest]	codeInfoDict.Keys.Count=2833

[20160511 03:43:57.795][5][Normal][KGameServer.HisDataMng.ProcessHisDataRequest]	codeInfoIndex=1151

[20160511 03:43:57.795][5][Normal][KGameServer.HisDataMng.ProcessHisDataRequest]	totalCandleCount=360

[20160511 03:43:57.796][5][Normal][KGameServer.HisDataMng.ProcessHisDataRequest]	codeInfo=002685 XSHE

[20160511 03:43:57.797][5][Normal][KGameServer.HisDataMng.ProcessHisDataRequest]	随机数据，codeInfo=002685 XSHE ,startIndex=435

[20160511 03:43:58.081][5][Normal][KGameServer.DBManager.AddNewMatchInfo]	New Match added to database match id=18

[20160511 03:48:04.806][13][Normal][KGameServer.ServerInst+<>c__DisplayClass4.<Init>b__3]	OnMessage:message=E||

[20160511 03:48:04.806][3][Normal][KGameServer.PlayerConnectionMap.GetPlayerConnection]	playerConnectionDict key count=1

[20160511 03:48:04.818][3][Normal][KGameServer.PlayerConnection.SendMatchEndString]	发送结束对局信息到:v100a，信息内容为:F|002685(XSHE)#2014/1/3#2014/7/2|

