2016-8-22 上午 11:10:22 [Info] Server started at ws://192.168.16.250:8484 (actual port 8484) 
[20160822 11:10:29.122][16][Normal][KGameServer.ServerInst+<>c__DisplayClass4.<Init>b__1]	OnOpen

[20160822 11:10:29.125][9][Normal][KGameServer.ServerInst.SocketConnected]	Entered SocketConnected

[20160822 11:10:29.126][9][Normal][KGameServer.ServerInst.SocketConnected]	Connected

[20160822 11:10:29.129][9][Normal][KGameServer.ServerInst.ProcessPreReceievedMessage]	为连接:[192.168.16.250:53308][0:] 处理没有来源的消息

[20160822 11:10:29.130][9][Normal][KGameServer.ServerInst.ProcessPreReceievedMessage]	noResourceMessageDict中，无来源的消息共有0 个来源

[20160822 11:10:29.135][15][Normal][KGameServer.ServerInst+<>c__DisplayClass4.<Init>b__3]	OnMessage:message=A||

[20160822 11:10:29.136][9][Normal][KGameServer.PlayerConnectionMap.GetPlayerConnection]	playerConnectionDict key count=1

[20160822 11:10:29.365][9][Normal][KGameServer.PlayerConnection.ProcessUserQuickLogin]	快速登录成功:B|t179a#351123|

[20160822 11:10:29.376][18][Normal][KGameServer.ServerInst+<>c__DisplayClass4.<Init>b__3]	OnMessage:message=0|t179a#351123#null|

[20160822 11:10:29.376][9][Normal][KGameServer.PlayerConnectionMap.GetPlayerConnection]	playerConnectionDict key count=1

[20160822 11:10:29.378][9][Normal][KGameServer.PlayerConnection.ProcessUserLogin]	用户登录,用户名:t179a 密码:351123 来源:null

[20160822 11:10:29.379][9][Normal][KGameServer.DBManager.ValidateUser]	ValidateUser username=t179a password=351123 source=null

[20160822 11:10:29.387][9][Normal][KGameServer.DBManager.ValidateUserFromSource_Self]	sql:SELECT id FROM kgame.tbl_user where UserName=?UserName and PWD=?Password and ISNULL(SOURCE)

[20160822 11:10:29.389][9][Normal][KGameServer.DBManager.ValidateUserFromSource_Self]	userid=138

[20160822 11:10:29.389][9][Normal][KGameServer.PlayerConnection.ProcessUserLogin]	useridRet=138

[20160822 11:10:29.392][9][Normal][KGameServer.PlayerConnection.ProcessUserLogin]	发送信息:1|t179a|

[20160822 11:10:29.397][15][Normal][KGameServer.ServerInst+<>c__DisplayClass4.<Init>b__3]	OnMessage:message=3|0|

[20160822 11:10:29.397][9][Normal][KGameServer.PlayerConnectionMap.GetPlayerConnection]	playerConnectionDict key count=1

[20160822 11:10:29.399][9][Normal][KGameServer.MatchMaker.BeginNewMatchForSinglePlayer]	准备开始一场单人游戏:[192.168.16.250:53308][138:t179a]

[20160822 11:10:29.402][9][Normal][KGameServer.Match.Start]	1人局开始: [138:] 

[20160822 11:10:29.403][9][Normal][KGameServer.HisDataMng.RequestHistoryData]	RequestHistoryData 请求

[20160822 11:10:29.403][9][Normal][KGameServer.HisDataMng.RequestHistoryData]	入队结束

[20160822 11:10:29.403][11][Normal][KGameServer.HisDataMng.MainProcessThread]	hisDataRequestList 出队，hisDataRequestList中个数为:1

[20160822 11:10:29.439][11][Normal][KGameServer.HisDataMng.MainProcessThread]	数据库已经打开

[20160822 11:10:29.442][11][Normal][KGameServer.HisDataMng.RefreshCodeInfoList]	mutexForCodeInfoDict Passed

[20160822 11:10:29.449][11][Normal][KGameServer.HisDataMng.RefreshCodeInfoList]	mutexForCodeInfoDict Released

[20160822 11:10:29.449][11][Normal][KGameServer.HisDataMng.MainProcessThread]	RefreshCodeInfoList 已经完成

[20160822 11:10:29.456][11][Normal][KGameServer.HisDataMng.ProcessHisDataRequest]	ProcessHisDataRequest hisDataRequest matchID

[20160822 11:10:29.491][11][Normal][KGameServer.HisDataMng.ProcessHisDataRequest]	获得到了历史数据，开始调用回调函数

[20160822 11:10:29.547][11][Normal][KGameServer.DBManager.AddNewMatchInfo]	New Match added to database match id=123

[20160822 11:10:29.549][11][Normal][KGameServer.HisDataMng.MainProcessThread]	ProcessHisDataRequest 已经结束

[20160822 11:10:29.549][11][Normal][KGameServer.HisDataMng.MainProcessThread]	数据库已经关闭

[20160822 11:10:37.449][15][Normal][KGameServer.ServerInst+<>c__DisplayClass4.<Init>b__3]	OnMessage:message=6|13|

[20160822 11:10:37.450][9][Normal][KGameServer.PlayerConnectionMap.GetPlayerConnection]	playerConnectionDict key count=1

[20160822 11:10:37.549][9][Normal][KGameServer.Util.LogException]	Table 'kgame.tbl_traderecrod' doesn't exist

[20160822 11:10:37.560][9][Normal][KGameServer.Util.LogException]	   在 MySql.Data.MySqlClient.MySqlStream.OpenPacket()
   在 MySql.Data.MySqlClient.NativeDriver.ReadResult(UInt64& affectedRows, Int64& lastInsertId)
   在 MySql.Data.MySqlClient.MySqlDataReader.GetResultSet()
   在 MySql.Data.MySqlClient.MySqlDataReader.NextResult()
   在 MySql.Data.MySqlClient.MySqlCommand.ExecuteReader(CommandBehavior behavior)
   在 MySql.Data.MySqlClient.MySqlCommand.ExecuteReader()
   在 MySql.Data.MySqlClient.MySqlCommand.ExecuteScalar()
   在 KGameServer.DBManager.AddNewTraderecordInfo(PlayerConnection playerConnection, Int32 matchID, Int32 index, Boolean isBuy, Double price) 位置 C:\MyWork-master\MyWork-maste\KGameServer\KGameServer\DBManager.cs:行号 545

[20160822 11:10:37.563][9][Normal][KGameServer.Match.ProcessUserOperation]	由于未能添加用户买卖的信息数据库中，此次对局无法成功启动，返回。。。。。。

[20160822 11:10:39.153][15][Normal][KGameServer.ServerInst+<>c__DisplayClass4.<Init>b__3]	OnMessage:message=7|28|

[20160822 11:10:39.154][9][Normal][KGameServer.PlayerConnectionMap.GetPlayerConnection]	playerConnectionDict key count=1

[20160822 11:10:39.241][9][Normal][KGameServer.Util.LogException]	Table 'kgame.tbl_traderecrod' doesn't exist

[20160822 11:10:39.241][9][Normal][KGameServer.Util.LogException]	   在 MySql.Data.MySqlClient.MySqlStream.OpenPacket()
   在 MySql.Data.MySqlClient.NativeDriver.ReadResult(UInt64& affectedRows, Int64& lastInsertId)
   在 MySql.Data.MySqlClient.MySqlDataReader.GetResultSet()
   在 MySql.Data.MySqlClient.MySqlDataReader.NextResult()
   在 MySql.Data.MySqlClient.MySqlCommand.ExecuteReader(CommandBehavior behavior)
   在 MySql.Data.MySqlClient.MySqlCommand.ExecuteReader()
   在 MySql.Data.MySqlClient.MySqlCommand.ExecuteScalar()
   在 KGameServer.DBManager.AddNewTraderecordInfo(PlayerConnection playerConnection, Int32 matchID, Int32 index, Boolean isBuy, Double price) 位置 C:\MyWork-master\MyWork-maste\KGameServer\KGameServer\DBManager.cs:行号 545

[20160822 11:10:39.242][9][Normal][KGameServer.Match.ProcessUserOperation]	由于未能添加用户买卖的信息数据库中，此次对局无法成功启动，返回。。。。。。

[20160822 11:10:41.034][15][Normal][KGameServer.ServerInst+<>c__DisplayClass4.<Init>b__3]	OnMessage:message=6|44|

[20160822 11:10:41.034][9][Normal][KGameServer.PlayerConnectionMap.GetPlayerConnection]	playerConnectionDict key count=1

[20160822 11:10:41.115][9][Normal][KGameServer.Util.LogException]	Table 'kgame.tbl_traderecrod' doesn't exist

[20160822 11:10:41.115][9][Normal][KGameServer.Util.LogException]	   在 MySql.Data.MySqlClient.MySqlStream.OpenPacket()
   在 MySql.Data.MySqlClient.NativeDriver.ReadResult(UInt64& affectedRows, Int64& lastInsertId)
   在 MySql.Data.MySqlClient.MySqlDataReader.GetResultSet()
   在 MySql.Data.MySqlClient.MySqlDataReader.NextResult()
   在 MySql.Data.MySqlClient.MySqlCommand.ExecuteReader(CommandBehavior behavior)
   在 MySql.Data.MySqlClient.MySqlCommand.ExecuteReader()
   在 MySql.Data.MySqlClient.MySqlCommand.ExecuteScalar()
   在 KGameServer.DBManager.AddNewTraderecordInfo(PlayerConnection playerConnection, Int32 matchID, Int32 index, Boolean isBuy, Double price) 位置 C:\MyWork-master\MyWork-maste\KGameServer\KGameServer\DBManager.cs:行号 545

[20160822 11:10:41.116][9][Normal][KGameServer.Match.ProcessUserOperation]	由于未能添加用户买卖的信息数据库中，此次对局无法成功启动，返回。。。。。。

[20160822 11:10:43.015][15][Normal][KGameServer.ServerInst+<>c__DisplayClass4.<Init>b__3]	OnMessage:message=7|55|

[20160822 11:10:43.016][9][Normal][KGameServer.PlayerConnectionMap.GetPlayerConnection]	playerConnectionDict key count=1

[20160822 11:10:43.102][9][Normal][KGameServer.Util.LogException]	Table 'kgame.tbl_traderecrod' doesn't exist

[20160822 11:10:43.106][9][Normal][KGameServer.Util.LogException]	   在 MySql.Data.MySqlClient.MySqlStream.OpenPacket()
   在 MySql.Data.MySqlClient.NativeDriver.ReadResult(UInt64& affectedRows, Int64& lastInsertId)
   在 MySql.Data.MySqlClient.MySqlDataReader.GetResultSet()
   在 MySql.Data.MySqlClient.MySqlDataReader.NextResult()
   在 MySql.Data.MySqlClient.MySqlCommand.ExecuteReader(CommandBehavior behavior)
   在 MySql.Data.MySqlClient.MySqlCommand.ExecuteReader()
   在 MySql.Data.MySqlClient.MySqlCommand.ExecuteScalar()
   在 KGameServer.DBManager.AddNewTraderecordInfo(PlayerConnection playerConnection, Int32 matchID, Int32 index, Boolean isBuy, Double price) 位置 C:\MyWork-master\MyWork-maste\KGameServer\KGameServer\DBManager.cs:行号 545

[20160822 11:10:43.106][9][Normal][KGameServer.Match.ProcessUserOperation]	由于未能添加用户买卖的信息数据库中，此次对局无法成功启动，返回。。。。。。

[20160822 11:10:44.851][15][Normal][KGameServer.ServerInst+<>c__DisplayClass4.<Init>b__3]	OnMessage:message=7|69|

[20160822 11:10:44.852][9][Normal][KGameServer.PlayerConnectionMap.GetPlayerConnection]	playerConnectionDict key count=1

[20160822 11:10:44.938][9][Normal][KGameServer.Util.LogException]	Table 'kgame.tbl_traderecrod' doesn't exist

[20160822 11:10:44.938][9][Normal][KGameServer.Util.LogException]	   在 MySql.Data.MySqlClient.MySqlStream.OpenPacket()
   在 MySql.Data.MySqlClient.NativeDriver.ReadResult(UInt64& affectedRows, Int64& lastInsertId)
   在 MySql.Data.MySqlClient.MySqlDataReader.GetResultSet()
   在 MySql.Data.MySqlClient.MySqlDataReader.NextResult()
   在 MySql.Data.MySqlClient.MySqlCommand.ExecuteReader(CommandBehavior behavior)
   在 MySql.Data.MySqlClient.MySqlCommand.ExecuteReader()
   在 MySql.Data.MySqlClient.MySqlCommand.ExecuteScalar()
   在 KGameServer.DBManager.AddNewTraderecordInfo(PlayerConnection playerConnection, Int32 matchID, Int32 index, Boolean isBuy, Double price) 位置 C:\MyWork-master\MyWork-maste\KGameServer\KGameServer\DBManager.cs:行号 545

[20160822 11:10:44.939][9][Normal][KGameServer.Match.ProcessUserOperation]	由于未能添加用户买卖的信息数据库中，此次对局无法成功启动，返回。。。。。。

[20160822 11:10:46.559][15][Normal][KGameServer.ServerInst+<>c__DisplayClass4.<Init>b__3]	OnMessage:message=6|81|

[20160822 11:10:46.559][9][Normal][KGameServer.PlayerConnectionMap.GetPlayerConnection]	playerConnectionDict key count=1

[20160822 11:10:46.635][9][Normal][KGameServer.Util.LogException]	Table 'kgame.tbl_traderecrod' doesn't exist

[20160822 11:10:46.635][9][Normal][KGameServer.Util.LogException]	   在 MySql.Data.MySqlClient.MySqlStream.OpenPacket()
   在 MySql.Data.MySqlClient.NativeDriver.ReadResult(UInt64& affectedRows, Int64& lastInsertId)
   在 MySql.Data.MySqlClient.MySqlDataReader.GetResultSet()
   在 MySql.Data.MySqlClient.MySqlDataReader.NextResult()
   在 MySql.Data.MySqlClient.MySqlCommand.ExecuteReader(CommandBehavior behavior)
   在 MySql.Data.MySqlClient.MySqlCommand.ExecuteReader()
   在 MySql.Data.MySqlClient.MySqlCommand.ExecuteScalar()
   在 KGameServer.DBManager.AddNewTraderecordInfo(PlayerConnection playerConnection, Int32 matchID, Int32 index, Boolean isBuy, Double price) 位置 C:\MyWork-master\MyWork-maste\KGameServer\KGameServer\DBManager.cs:行号 545

[20160822 11:10:46.635][9][Normal][KGameServer.Match.ProcessUserOperation]	由于未能添加用户买卖的信息数据库中，此次对局无法成功启动，返回。。。。。。

[20160822 11:10:50.123][15][Normal][KGameServer.ServerInst+<>c__DisplayClass4.<Init>b__3]	OnMessage:message=7|100|

[20160822 11:10:50.123][9][Normal][KGameServer.PlayerConnectionMap.GetPlayerConnection]	playerConnectionDict key count=1

[20160822 11:10:50.201][9][Normal][KGameServer.Util.LogException]	Table 'kgame.tbl_traderecrod' doesn't exist

[20160822 11:10:50.202][9][Normal][KGameServer.Util.LogException]	   在 MySql.Data.MySqlClient.MySqlStream.OpenPacket()
   在 MySql.Data.MySqlClient.NativeDriver.ReadResult(UInt64& affectedRows, Int64& lastInsertId)
   在 MySql.Data.MySqlClient.MySqlDataReader.GetResultSet()
   在 MySql.Data.MySqlClient.MySqlDataReader.NextResult()
   在 MySql.Data.MySqlClient.MySqlCommand.ExecuteReader(CommandBehavior behavior)
   在 MySql.Data.MySqlClient.MySqlCommand.ExecuteReader()
   在 MySql.Data.MySqlClient.MySqlCommand.ExecuteScalar()
   在 KGameServer.DBManager.AddNewTraderecordInfo(PlayerConnection playerConnection, Int32 matchID, Int32 index, Boolean isBuy, Double price) 位置 C:\MyWork-master\MyWork-maste\KGameServer\KGameServer\DBManager.cs:行号 545

[20160822 11:10:50.202][9][Normal][KGameServer.Match.ProcessUserOperation]	由于未能添加用户买卖的信息数据库中，此次对局无法成功启动，返回。。。。。。

[20160822 11:10:51.977][15][Normal][KGameServer.ServerInst+<>c__DisplayClass4.<Init>b__3]	OnMessage:message=6|112|

[20160822 11:10:51.978][9][Normal][KGameServer.PlayerConnectionMap.GetPlayerConnection]	playerConnectionDict key count=1

[20160822 11:10:52.059][9][Normal][KGameServer.Util.LogException]	Table 'kgame.tbl_traderecrod' doesn't exist

[20160822 11:10:52.060][9][Normal][KGameServer.Util.LogException]	   在 MySql.Data.MySqlClient.MySqlStream.OpenPacket()
   在 MySql.Data.MySqlClient.NativeDriver.ReadResult(UInt64& affectedRows, Int64& lastInsertId)
   在 MySql.Data.MySqlClient.MySqlDataReader.GetResultSet()
   在 MySql.Data.MySqlClient.MySqlDataReader.NextResult()
   在 MySql.Data.MySqlClient.MySqlCommand.ExecuteReader(CommandBehavior behavior)
   在 MySql.Data.MySqlClient.MySqlCommand.ExecuteReader()
   在 MySql.Data.MySqlClient.MySqlCommand.ExecuteScalar()
   在 KGameServer.DBManager.AddNewTraderecordInfo(PlayerConnection playerConnection, Int32 matchID, Int32 index, Boolean isBuy, Double price) 位置 C:\MyWork-master\MyWork-maste\KGameServer\KGameServer\DBManager.cs:行号 545

[20160822 11:10:52.060][9][Normal][KGameServer.Match.ProcessUserOperation]	由于未能添加用户买卖的信息数据库中，此次对局无法成功启动，返回。。。。。。

[20160822 11:10:53.077][15][Normal][KGameServer.ServerInst+<>c__DisplayClass4.<Init>b__3]	OnMessage:message=E||

[20160822 11:10:53.078][9][Normal][KGameServer.PlayerConnectionMap.GetPlayerConnection]	playerConnectionDict key count=1

[20160822 11:10:53.084][9][Normal][KGameServer.PlayerConnection.SendMatchEndString]	发送结束对局信息到:t179a，信息内容为:F|1#t179a#-5.38#0#沪银指数(上期所)#2015-3-4#2015-8-21|

[20160822 11:10:57.157][15][Normal][KGameServer.ServerInst+<>c__DisplayClass4.<Init>b__3]	OnMessage:message=S||

[20160822 11:10:57.158][9][Normal][KGameServer.PlayerConnectionMap.GetPlayerConnection]	playerConnectionDict key count=1

[20160822 11:11:06.972][9][Normal][KGameServer.PlayerConnection.SendShareString]	发送分享对局信息到:t179a，信息内容为:S|userID=138&matchID=#123|

