2016/5/9 13:13:59 [Info] Server started at ws://192.168.16.250:8484 (actual port 8484) 
[20160509 01:14:02.357][10][Normal][KGameServer.ServerInst+<>c__DisplayClass4.<Init>b__1]	OnOpen

[20160509 01:14:02.358][3][Normal][KGameServer.ServerInst.SocketConnected]	Entered SocketConnected

[20160509 01:14:02.359][3][Normal][KGameServer.ServerInst.SocketConnected]	Connected

[20160509 01:14:02.361][3][Normal][KGameServer.ServerInst.ProcessPreReceievedMessage]	为连接:[192.168.16.250:13379][0:] 处理没有来源的消息

[20160509 01:14:02.361][3][Normal][KGameServer.ServerInst.ProcessPreReceievedMessage]	noResourceMessageDict中，无来源的消息共有0 个来源

[20160509 01:14:02.366][9][Normal][KGameServer.ServerInst+<>c__DisplayClass4.<Init>b__3]	OnMessage:message=0|v100a#303120#null|

[20160509 01:14:02.367][3][Normal][KGameServer.PlayerConnectionMap.GetPlayerConnection]	playerConnectionDict key count=1

[20160509 01:14:02.370][3][Normal][KGameServer.PlayerConnection.ProcessUserLogin]	用户登录,用户名:v100a 密码:303120 来源:null

[20160509 01:14:02.370][3][Normal][KGameServer.DBManager.ValidateUser]	ValidateUser username=v100a password=303120 source=null

[20160509 01:14:02.500][3][Normal][KGameServer.DBManager.ValidateUserFromSource_Self]	sql:SELECT id FROM kgame.tbl_user where UserName=?UserName and PWD=?Password and ISNULL(SOURCE)

[20160509 01:14:02.522][3][Normal][KGameServer.DBManager.ValidateUserFromSource_Self]	userid=1

[20160509 01:14:02.524][3][Normal][KGameServer.PlayerConnection.ProcessUserLogin]	useridRet=1

[20160509 01:14:02.526][3][Normal][KGameServer.PlayerConnectionMap.AddLoginedPlayer]	错误:用户ID为空

[20160509 01:14:02.526][3][Normal][KGameServer.PlayerConnection.ProcessUserLogin]	发送信息:1|v100a|

[20160509 01:14:02.529][9][Normal][KGameServer.ServerInst+<>c__DisplayClass4.<Init>b__3]	OnMessage:message=3|0|

[20160509 01:14:02.529][3][Normal][KGameServer.PlayerConnectionMap.GetPlayerConnection]	playerConnectionDict key count=1

[20160509 01:14:02.530][3][Normal][KGameServer.MatchMaker.BeginNewMatchForSinglePlayer]	准备开始一场单人游戏:[192.168.16.250:13379][1:v100a]

[20160509 01:14:02.532][3][Normal][KGameServer.Match.Start]	1人局开始: [1:] 

[20160509 01:14:02.553][5][Normal][KGameServer.HisDataMng.ProcessHisDataRequest]	codeInfoDict.Keys.Count=2833

[20160509 01:14:02.554][5][Normal][KGameServer.HisDataMng.ProcessHisDataRequest]	codeInfoIndex=1078

[20160509 01:14:02.554][5][Normal][KGameServer.HisDataMng.ProcessHisDataRequest]	totalCandleCount=360

[20160509 01:14:02.554][5][Normal][KGameServer.HisDataMng.ProcessHisDataRequest]	codeInfo=002612 XSHE

[20160509 01:14:02.554][5][Normal][KGameServer.HisDataMng.ProcessHisDataRequest]	随机数据，codeInfo=002612 XSHE ,startIndex=471

[20160509 01:14:02.665][5][Normal][KGameServer.DBManager.AddNewMatchInfo]	New Match added to database match id=17

[20160509 01:14:11.826][3][Normal][KGameServer.PlayerConnectionMap.GetPlayerConnection]	playerConnectionDict key count=1

[20160509 01:14:11.828][3][Normal][KGameServer.ServerInst.ClosePlayerConnection]	ClosePlayerConnection Call

[20160509 01:14:11.836][3][Normal][KGameServer.PlayerConnection.SendMatchEndString]	发送结束对局信息到:v100a，信息内容为:F|002612(XSHE)#2013/3/21#2013/9/16|

2016/5/9 13:14:11 [Warn] Data sent while closing or after close. Ignoring. 
[20160509 01:14:11.838][3][Normal][KGameServer.ServerInst.ClosePlayerConnection]	Closed

