2016-8-12 下午 3:09:11 [Info] Server started at ws://192.168.16.250:8484 (actual port 8484) 
[20160812 15:09:31.833][18][Normal][KGameServer.ServerInst+<>c__DisplayClass4.<Init>b__1]	OnOpen

[20160812 15:09:31.835][15][Normal][KGameServer.ServerInst+<>c__DisplayClass4.<Init>b__3]	OnMessage:message=A||

[20160812 15:09:31.836][11][Normal][KGameServer.ServerInst.SocketConnected]	Entered SocketConnected

[20160812 15:09:31.927][11][Normal][KGameServer.ServerInst.SocketConnected]	Connected

[20160812 15:09:31.930][11][Normal][KGameServer.ServerInst.ProcessPreReceievedMessage]	为连接:[192.168.16.250:53230][0:] 处理没有来源的消息

[20160812 15:09:31.935][11][Normal][KGameServer.ServerInst.ProcessPreReceievedMessage]	noResourceMessageDict中，无来源的消息共有0 个来源

[20160812 15:09:31.936][11][Normal][KGameServer.PlayerConnectionMap.GetPlayerConnection]	playerConnectionDict key count=1

[20160812 15:09:32.307][11][Normal][KGameServer.PlayerConnection.ProcessUserQuickLogin]	快速登录成功:B|r106u#584311|

[20160812 15:09:32.317][20][Normal][KGameServer.ServerInst+<>c__DisplayClass4.<Init>b__3]	OnMessage:message=0|r106u#584311#null|

[20160812 15:09:32.318][11][Normal][KGameServer.PlayerConnectionMap.GetPlayerConnection]	playerConnectionDict key count=1

[20160812 15:09:32.319][11][Normal][KGameServer.PlayerConnection.ProcessUserLogin]	用户登录,用户名:r106u 密码:584311 来源:null

[20160812 15:09:32.324][11][Normal][KGameServer.DBManager.ValidateUser]	ValidateUser username=r106u password=584311 source=null

[20160812 15:09:32.333][11][Normal][KGameServer.DBManager.ValidateUserFromSource_Self]	sql:SELECT id FROM kgame.tbl_user where UserName=?UserName and PWD=?Password and ISNULL(SOURCE)

[20160812 15:09:32.336][11][Normal][KGameServer.DBManager.ValidateUserFromSource_Self]	userid=65

[20160812 15:09:32.336][11][Normal][KGameServer.PlayerConnection.ProcessUserLogin]	useridRet=65

[20160812 15:09:36.974][11][Normal][KGameServer.PlayerConnection.ProcessUserLogin]	发送信息:1|r106u|

[20160812 15:09:36.978][20][Normal][KGameServer.ServerInst+<>c__DisplayClass4.<Init>b__3]	OnMessage:message=3|0|

[20160812 15:09:36.978][11][Normal][KGameServer.PlayerConnectionMap.GetPlayerConnection]	playerConnectionDict key count=1

[20160812 15:09:37.041][11][Normal][KGameServer.MatchMaker.BeginNewMatchForSinglePlayer]	准备开始一场单人游戏:[192.168.16.250:53230][65:r106u]

[20160812 15:09:37.044][11][Normal][KGameServer.Match.Start]	1人局开始: [65:] 

[20160812 15:09:37.079][11][Normal][KGameServer.HisDataMng.RequestHistoryData]	RequestHistoryData 请求

[20160812 15:09:37.080][11][Normal][KGameServer.HisDataMng.RequestHistoryData]	入队结束

[20160812 15:09:37.080][13][Normal][KGameServer.HisDataMng.MainProcessThread]	hisDataRequestList 出队，hisDataRequestList中个数为:1

[20160812 15:09:37.107][13][Normal][KGameServer.HisDataMng.MainProcessThread]	数据库已经打开

[20160812 15:09:37.109][13][Normal][KGameServer.HisDataMng.RefreshCodeInfoList]	mutexForCodeInfoDict Passed

[20160812 15:09:37.120][13][Normal][KGameServer.HisDataMng.RefreshCodeInfoList]	mutexForCodeInfoDict Released

[20160812 15:09:37.120][13][Normal][KGameServer.HisDataMng.MainProcessThread]	RefreshCodeInfoList 已经完成

[20160812 15:09:37.133][13][Normal][KGameServer.HisDataMng.ProcessHisDataRequest]	ProcessHisDataRequest hisDataRequest

[20160812 15:09:37.134][13][Normal][KGameServer.HisDataMng.ProcessHisDataRequest]	codeInfoDict.Keys.Count=91

[20160812 15:09:37.134][13][Normal][KGameServer.HisDataMng.ProcessHisDataRequest]	codeInfoIndex=53

[20160812 15:09:37.134][13][Normal][KGameServer.HisDataMng.ProcessHisDataRequest]	totalCandleCount=360

[20160812 15:09:37.134][13][Normal][KGameServer.HisDataMng.ProcessHisDataRequest]	codeInfo=晚稻主连 XZCE

[20160812 15:09:37.135][13][Normal][KGameServer.HisDataMng.ProcessHisDataRequest]	总个数不够count=194，重新取

[20160812 15:09:37.135][13][Normal][KGameServer.HisDataMng.ProcessHisDataRequest]	codeInfoDict.Keys.Count=91

[20160812 15:09:37.135][13][Normal][KGameServer.HisDataMng.ProcessHisDataRequest]	codeInfoIndex=26

[20160812 15:09:37.135][13][Normal][KGameServer.HisDataMng.ProcessHisDataRequest]	totalCandleCount=360

[20160812 15:09:37.135][13][Normal][KGameServer.HisDataMng.ProcessHisDataRequest]	codeInfo=粳稻指数 XZCE

[20160812 15:09:37.135][13][Normal][KGameServer.HisDataMng.ProcessHisDataRequest]	总个数不够count=204，重新取

[20160812 15:09:37.135][13][Normal][KGameServer.HisDataMng.ProcessHisDataRequest]	codeInfoDict.Keys.Count=91

[20160812 15:09:37.136][13][Normal][KGameServer.HisDataMng.ProcessHisDataRequest]	codeInfoIndex=21

[20160812 15:09:37.136][13][Normal][KGameServer.HisDataMng.ProcessHisDataRequest]	totalCandleCount=360

[20160812 15:09:37.136][13][Normal][KGameServer.HisDataMng.ProcessHisDataRequest]	codeInfo=燃油指数 XSGE

[20160812 15:09:37.136][13][Normal][KGameServer.HisDataMng.ProcessHisDataRequest]	随机数据，codeInfo=燃油指数 XSGE ,startIndex=472

[20160812 15:09:37.214][13][Normal][KGameServer.HisDataMng.ProcessHisDataRequest]	获得到了历史数据，开始调用回调函数

[20160812 15:09:37.275][13][Normal][KGameServer.DBManager.AddNewMatchInfo]	New Match added to database match id=74

[20160812 15:09:37.278][13][Normal][KGameServer.HisDataMng.MainProcessThread]	ProcessHisDataRequest 已经结束

[20160812 15:09:37.278][13][Normal][KGameServer.HisDataMng.MainProcessThread]	数据库已经关闭

[20160812 15:09:51.176][15][Normal][KGameServer.ServerInst+<>c__DisplayClass4.<Init>b__3]	OnMessage:message=6|14|

[20160812 15:09:51.176][11][Normal][KGameServer.PlayerConnectionMap.GetPlayerConnection]	playerConnectionDict key count=1

[20160812 15:09:58.343][11][Normal][KGameServer.Util.LogException]	You have an error in your SQL syntax; check the manual that corresponds to your MySQL server version for the right syntax to use near '',14',True',0)' at line 1

[20160812 15:09:58.401][11][Normal][KGameServer.Util.LogException]	   在 MySql.Data.MySqlClient.MySqlStream.OpenPacket()
   在 MySql.Data.MySqlClient.NativeDriver.ReadResult(UInt64& affectedRows, Int64& lastInsertId)
   在 MySql.Data.MySqlClient.MySqlDataReader.GetResultSet()
   在 MySql.Data.MySqlClient.MySqlDataReader.NextResult()
   在 MySql.Data.MySqlClient.MySqlCommand.ExecuteReader(CommandBehavior behavior)
   在 MySql.Data.MySqlClient.MySqlCommand.ExecuteReader()
   在 MySql.Data.MySqlClient.MySqlCommand.ExecuteScalar()
   在 KGameServer.DBManager.AddNewTraderecordInfo(PlayerConnection playerConnection, Int32 matchID, Int32 index, Boolean isBuy) 位置 C:\KGameServer\KGameServer\DBManager.cs:行号 489

[20160812 15:09:58.402][11][Normal][KGameServer.Match.ProcessUserOperation]	由于未能添加用户买卖的信息数据库中，此次对局无法成功启动，返回。。。。。。

[20160812 15:09:58.408][11][Normal][KGameServer.PlayerConnection.SendMatchEndString]	发送结束对局信息到:r106u，信息内容为:F|1#r106u#0.00#0#燃油指数(上期所)#2012-5-17#2012-11-13|

[20160812 15:10:14.656][15][Normal][KGameServer.ServerInst+<>c__DisplayClass4.<Init>b__3]	OnMessage:message=E||

[20160812 15:10:14.657][11][Normal][KGameServer.PlayerConnectionMap.GetPlayerConnection]	playerConnectionDict key count=1

[20160812 15:10:14.658][11][Normal][KGameServer.PlayerConnection.SendMatchEndString]	发送结束对局信息到:r106u，信息内容为:F|1#r106u#0.00#0#燃油指数(上期所)#2012-5-17#2012-11-13|

