2016-8-19 上午 8:44:35 [Info] Server started at ws://192.168.16.250:8484 (actual port 8484) 
[20160819 08:44:57.517][17][Normal][KGameServer.ServerInst+<>c__DisplayClass4.<Init>b__1]	OnOpen

[20160819 08:44:57.519][3][Normal][KGameServer.ServerInst.SocketConnected]	Entered SocketConnected

[20160819 08:44:57.520][3][Normal][KGameServer.ServerInst.SocketConnected]	Connected

[20160819 08:44:57.524][3][Normal][KGameServer.ServerInst.ProcessPreReceievedMessage]	为连接:[192.168.16.250:54031][0:] 处理没有来源的消息

[20160819 08:44:57.524][3][Normal][KGameServer.ServerInst.ProcessPreReceievedMessage]	noResourceMessageDict中，无来源的消息共有0 个来源

[20160819 08:44:57.525][16][Normal][KGameServer.ServerInst+<>c__DisplayClass4.<Init>b__3]	OnMessage:message=A||

[20160819 08:44:57.526][3][Normal][KGameServer.PlayerConnectionMap.GetPlayerConnection]	playerConnectionDict key count=1

[20160819 08:44:57.743][3][Normal][KGameServer.PlayerConnection.ProcessUserQuickLogin]	快速登录成功:B|c145e#479097|

[20160819 08:44:57.752][19][Normal][KGameServer.ServerInst+<>c__DisplayClass4.<Init>b__3]	OnMessage:message=0|c145e#479097#null|

[20160819 08:44:57.752][3][Normal][KGameServer.PlayerConnectionMap.GetPlayerConnection]	playerConnectionDict key count=1

[20160819 08:44:57.754][3][Normal][KGameServer.PlayerConnection.ProcessUserLogin]	用户登录,用户名:c145e 密码:479097 来源:null

[20160819 08:44:57.755][3][Normal][KGameServer.DBManager.ValidateUser]	ValidateUser username=c145e password=479097 source=null

[20160819 08:44:57.763][3][Normal][KGameServer.DBManager.ValidateUserFromSource_Self]	sql:SELECT id FROM kgame.tbl_user where UserName=?UserName and PWD=?Password and ISNULL(SOURCE)

[20160819 08:44:57.765][3][Normal][KGameServer.DBManager.ValidateUserFromSource_Self]	userid=104

[20160819 08:44:57.765][3][Normal][KGameServer.PlayerConnection.ProcessUserLogin]	useridRet=104

[20160819 08:45:02.923][3][Normal][KGameServer.PlayerConnection.ProcessUserLogin]	发送信息:1|c145e|

[20160819 08:45:02.927][18][Normal][KGameServer.ServerInst+<>c__DisplayClass4.<Init>b__3]	OnMessage:message=3|0|

[20160819 08:45:02.927][3][Normal][KGameServer.PlayerConnectionMap.GetPlayerConnection]	playerConnectionDict key count=1

[20160819 08:45:04.774][3][Normal][KGameServer.MatchMaker.BeginNewMatchForSinglePlayer]	准备开始一场单人游戏:[192.168.16.250:54031][104:c145e]

[20160819 08:45:04.786][3][Normal][KGameServer.Match.Start]	1人局开始: [104:] 

[20160819 08:45:09.844][3][Normal][KGameServer.HisDataMng.RequestHistoryData]	RequestHistoryData 请求

[20160819 08:45:09.845][3][Normal][KGameServer.HisDataMng.RequestHistoryData]	入队结束

[20160819 08:45:09.845][12][Normal][KGameServer.HisDataMng.MainProcessThread]	hisDataRequestList 出队，hisDataRequestList中个数为:1

[20160819 08:45:09.883][12][Normal][KGameServer.HisDataMng.MainProcessThread]	数据库已经打开

[20160819 08:45:14.978][12][Normal][KGameServer.HisDataMng.RefreshCodeInfoList]	mutexForCodeInfoDict Passed

[20160819 08:45:14.998][12][Normal][KGameServer.HisDataMng.RefreshCodeInfoList]	mutexForCodeInfoDict Released

[20160819 08:45:14.999][12][Normal][KGameServer.HisDataMng.MainProcessThread]	RefreshCodeInfoList 已经完成

[20160819 08:45:18.382][12][Normal][KGameServer.HisDataMng.ProcessHisDataRequest]	ProcessHisDataRequest hisDataRequest matchID

[20160819 08:45:18.552][12][Normal][KGameServer.Util.LogException]	列“DATE”不属于表 Table。

[20160819 08:45:18.565][12][Normal][KGameServer.Util.LogException]	   在 System.Data.DataRow.GetDataColumn(String columnName)
   在 System.Data.DataRow.get_Item(String columnName)
   在 KGameServer.DBManager.GetMatchID(Int32 matchID) 位置 C:\KGameServer\KGameServer\DBManager.cs:行号 454

[20160819 08:45:18.580][12][Normal][KGameServer.Util.LogException]	未将对象引用设置到对象的实例。

[20160819 08:45:18.581][12][Normal][KGameServer.Util.LogException]	   在 KGameServer.HisDataMng.ProcessHisDataRequest(HisDataRequest hisDataRequest, MySqlConnection mySqlConnection, Int32 matchID) 位置 C:\KGameServer\KGameServer\HisDataMng.cs:行号 398

[20160819 08:45:18.581][12][Normal][KGameServer.HisDataMng.ProcessHisDataRequest]	获得到了历史数据，开始调用回调函数

[20160819 08:45:18.598][12][Normal][KGameServer.App.CurrentDomain_UnhandledException]	System.NullReferenceException: 未将对象引用设置到对象的实例。
   在 KGameServer.Match.OnReceiveHistoryDataCallBack(List`1 historyDataList, CodeInfo codeInfo) 位置 C:\KGameServer\KGameServer\Match.cs:行号 414
   在 KGameServer.HisDataMng.ProcessHisDataRequest(HisDataRequest hisDataRequest, MySqlConnection mySqlConnection, Int32 matchID) 位置 C:\KGameServer\KGameServer\HisDataMng.cs:行号 470
   在 KGameServer.HisDataMng.MainProcessThread() 位置 C:\KGameServer\KGameServer\HisDataMng.cs:行号 206
   在 System.Threading.ExecutionContext.RunInternal(ExecutionContext executionContext, ContextCallback callback, Object state, Boolean preserveSyncCtx)
   在 System.Threading.ExecutionContext.Run(ExecutionContext executionContext, ContextCallback callback, Object state, Boolean preserveSyncCtx)
   在 System.Threading.ExecutionContext.Run(ExecutionContext executionContext, ContextCallback callback, Object state)
   在 System.Threading.ThreadHelper.ThreadStart()

